<?xml version="1.0" encoding="utf-8"?>
<TestRun id="3276af83-e09a-4180-9648-ed0a7b48505c" name="@cursor 2025-07-04 17:19:16" xmlns="http://microsoft.com/schemas/VisualStudio/TeamTest/2010">
  <Times creation="2025-07-04T17:19:16.2284906+00:00" queuing="2025-07-04T17:19:16.2284906+00:00" start="2025-07-04T17:19:15.5948025+00:00" finish="2025-07-04T17:19:17.9055392+00:00" />
  <TestSettings name="default" id="9ac43bfc-6f27-4635-a518-43be1b3bc1d7">
    <Deployment runDeploymentRoot="_cursor_2025-07-04_17_19_16" />
  </TestSettings>
  <Results>
    <UnitTestResult executionId="adea141f-bf31-4a23-adf5-f8f05cd97477" testId="1f4f2efb-76ac-0df0-4616-bcaedde445b7" testName="ShouldConvert_ShouldOnly_Support_TCX(False,True,True)" computerName="cursor" duration="00:00:00.0000470" startTime="2025-07-04T17:19:17.4724010+00:00" endTime="2025-07-04T17:19:17.4724483+00:00" testType="13cdc9d9-ddb5-4fa4-a97d-d965ccfc6d4b" outcome="Passed" testListId="8c84fa94-04c1-424b-9868-57a2d4851a1d" relativeResultsDirectory="adea141f-bf31-4a23-adf5-f8f05cd97477" />
    <UnitTestResult executionId="7985cc47-d121-4a18-b1e5-f60d1c7983f4" testId="b4818bdb-9721-29a3-8561-8e9504a3d80a" testName="Constructor_ShouldInitializeCorrectly" computerName="cursor" duration="00:00:00.0004670" startTime="2025-07-04T17:19:17.6869529+00:00" endTime="2025-07-04T17:19:17.6874194+00:00" testType="13cdc9d9-ddb5-4fa4-a97d-d965ccfc6d4b" outcome="Passed" testListId="8c84fa94-04c1-424b-9868-57a2d4851a1d" relativeResultsDirectory="7985cc47-d121-4a18-b1e5-f60d1c7983f4" />
    <UnitTestResult executionId="c63c6ed4-c45f-42d4-8bd1-21d6272888dd" testId="1b490480-fb95-34e0-b8f3-6d49e41cd490" testName="GetAvgSpeedMetersPerSecond_MaxSpeed_Is_Converted(&quot;m&quot;)" computerName="cursor" duration="00:00:00.0000280" startTime="2025-07-04T17:19:16.5070757+00:00" endTime="2025-07-04T17:19:16.5071035+00:00" testType="13cdc9d9-ddb5-4fa4-a97d-d965ccfc6d4b" outcome="Passed" testListId="8c84fa94-04c1-424b-9868-57a2d4851a1d" relativeResultsDirectory="c63c6ed4-c45f-42d4-8bd1-21d6272888dd" />
    <UnitTestResult executionId="932d7c2d-e852-463f-a014-0df103a622b8" testId="565ea594-4a42-bf6a-d49f-4c5ca7b4f7af" testName="Converter_Should_Provide_Formt_of_TCX" computerName="cursor" duration="00:00:00.0004520" startTime="2025-07-04T17:19:17.4687381+00:00" endTime="2025-07-04T17:19:17.4691902+00:00" testType="13cdc9d9-ddb5-4fa4-a97d-d965ccfc6d4b" outcome="Passed" testListId="8c84fa94-04c1-424b-9868-57a2d4851a1d" relativeResultsDirectory="932d7c2d-e852-463f-a014-0df103a622b8" />
    <UnitTestResult executionId="3e164196-137d-4226-b234-352a8050ccc4" testId="51ee4b4c-dd8d-e42d-eca5-b25bb54e0d3a" testName="GetWorkoutDetailsAsync_Should_Only_Enrich_ValidRideIds(&quot;00000000000000000000000000000000&quot;)" computerName="cursor" duration="00:00:00.0002380" startTime="2025-07-04T17:19:17.7372549+00:00" endTime="2025-07-04T17:19:17.7374932+00:00" testType="13cdc9d9-ddb5-4fa4-a97d-d965ccfc6d4b" outcome="Passed" testListId="8c84fa94-04c1-424b-9868-57a2d4851a1d" relativeResultsDirectory="3e164196-137d-4226-b234-352a8050ccc4" />
    <UnitTestResult executionId="93708c8f-9878-4556-ae95-50bf55cde7cc" testId="299f546a-84bb-aad8-e7a0-66ce90d400fc" testName="GetCustomDeviceInfoAsync_Choose_CorrectDevice_For_WorkoutType(Stretching)" computerName="cursor" duration="00:00:00.0003160" startTime="2025-07-04T17:19:16.3846556+00:00" endTime="2025-07-04T17:19:16.3849711+00:00" testType="13cdc9d9-ddb5-4fa4-a97d-d965ccfc6d4b" outcome="Passed" testListId="8c84fa94-04c1-424b-9868-57a2d4851a1d" relativeResultsDirectory="93708c8f-9878-4556-ae95-50bf55cde7cc" />
    <UnitTestResult executionId="4af49503-d5f4-4df0-8fd2-fd703d2ca9f4" testId="2f7de2c0-2199-52d5-03cd-31fe9d35742e" testName="GetCustomDeviceInfoAsync_Choose_CorrectDevice_For_WorkoutType(Meditation)" computerName="cursor" duration="00:00:00.0004390" startTime="2025-07-04T17:19:16.3853759+00:00" endTime="2025-07-04T17:19:16.3858143+00:00" testType="13cdc9d9-ddb5-4fa4-a97d-d965ccfc6d4b" outcome="Passed" testListId="8c84fa94-04c1-424b-9868-57a2d4851a1d" relativeResultsDirectory="4af49503-d5f4-4df0-8fd2-fd703d2ca9f4" />
    <UnitTestResult executionId="2bfae124-8e32-42dc-9627-43b44a6b8f77" testId="ae69910e-29f6-c558-816f-f6c28287e89d" testName="GetMaxSpeedMetersPerSecond_MaxSpeed_Is_Converted(&quot;km&quot;)" computerName="cursor" duration="00:00:00.0000250" startTime="2025-07-04T17:19:16.5160333+00:00" endTime="2025-07-04T17:19:16.5160583+00:00" testType="13cdc9d9-ddb5-4fa4-a97d-d965ccfc6d4b" outcome="Passed" testListId="8c84fa94-04c1-424b-9868-57a2d4851a1d" relativeResultsDirectory="2bfae124-8e32-42dc-9627-43b44a6b8f77" />
    <UnitTestResult executionId="7a351826-f736-49a7-b8f8-005457a02a96" testId="bd5aa7b1-246c-6dab-cbdf-cfe9b0823566" testName="Fit_Converter_Builds_Valid_DeviceInfoMesg(5,3)" computerName="cursor" duration="00:00:00.0000690" startTime="2025-07-04T17:19:16.5450284+00:00" endTime="2025-07-04T17:19:16.5450978+00:00" testType="13cdc9d9-ddb5-4fa4-a97d-d965ccfc6d4b" outcome="Passed" testListId="8c84fa94-04c1-424b-9868-57a2d4851a1d" relativeResultsDirectory="7a351826-f736-49a7-b8f8-005457a02a96" />
    <UnitTestResult executionId="b0422064-59c9-41c9-b769-4c89ce8fbf99" testId="26cb9a0c-9732-0e98-cfef-fd3942afbd88" testName="GetAvgSpeedMetersPerSecond_MaxSpeed_Is_Converted(&quot;kph&quot;)" computerName="cursor" duration="00:00:00.0000250" startTime="2025-07-04T17:19:16.5070481+00:00" endTime="2025-07-04T17:19:16.5070730+00:00" testType="13cdc9d9-ddb5-4fa4-a97d-d965ccfc6d4b" outcome="Passed" testListId="8c84fa94-04c1-424b-9868-57a2d4851a1d" relativeResultsDirectory="b0422064-59c9-41c9-b769-4c89ce8fbf99" />
    <UnitTestResult executionId="12d6c7dc-5c9d-4466-a3bf-d51c5b6278f8" testId="b4199274-6c0f-e8b2-8529-712ee4a5b18e" testName="StrengthExerciseMappings_PlankVariations_ShouldMapToPlankCategory" computerName="cursor" duration="00:00:00.0001140" startTime="2025-07-04T17:19:16.5251981+00:00" endTime="2025-07-04T17:19:16.5253123+00:00" testType="13cdc9d9-ddb5-4fa4-a97d-d965ccfc6d4b" outcome="Passed" testListId="8c84fa94-04c1-424b-9868-57a2d4851a1d" relativeResultsDirectory="12d6c7dc-5c9d-4466-a3bf-d51c5b6278f8" />
    <UnitTestResult executionId="782a89b4-5b44-49c1-9b5d-ecbdbad11823" testId="aebb9ddd-1d97-2234-36d0-61927d26000e" testName="GetCustomDeviceInfoAsync_Choose_CorrectDevice_For_WorkoutType(Rowing)" computerName="cursor" duration="00:00:00.0004210" startTime="2025-07-04T17:19:16.3858367+00:00" endTime="2025-07-04T17:19:16.3862579+00:00" testType="13cdc9d9-ddb5-4fa4-a97d-d965ccfc6d4b" outcome="Passed" testListId="8c84fa94-04c1-424b-9868-57a2d4851a1d" relativeResultsDirectory="782a89b4-5b44-49c1-9b5d-ecbdbad11823" />
    <UnitTestResult executionId="ad94cee0-676e-4ae8-942d-cfc37c13d622" testId="74b68762-823f-575b-a235-3b1eb9197fe7" testName="GetAsync_When_Service_Throws_PelotonAuthenticationException_Returns_BadRequest" computerName="cursor" duration="00:00:00.0009400" startTime="2025-07-04T17:19:16.1710582+00:00" endTime="2025-07-04T17:19:16.1719983+00:00" testType="13cdc9d9-ddb5-4fa4-a97d-d965ccfc6d4b" outcome="Passed" testListId="8c84fa94-04c1-424b-9868-57a2d4851a1d" relativeResultsDirectory="ad94cee0-676e-4ae8-942d-cfc37c13d622" />
    <UnitTestResult executionId="fef28d33-203d-44cb-a7f1-cd71800461fa" testId="28fe3ef7-2f7a-190c-208d-bca61bfd040b" testName="GetCalorieSummary_ShouldPickCorrectValue(Common.Dto.Peloton.WorkoutSamples,20)" computerName="cursor" duration="00:00:00.0000710" startTime="2025-07-04T17:19:16.5091869+00:00" endTime="2025-07-04T17:19:16.5092581+00:00" testType="13cdc9d9-ddb5-4fa4-a97d-d965ccfc6d4b" outcome="Passed" testListId="8c84fa94-04c1-424b-9868-57a2d4851a1d" relativeResultsDirectory="fef28d33-203d-44cb-a7f1-cd71800461fa" />
    <UnitTestResult executionId="721d8fd9-ebff-42bf-b723-38e5596dfec0" testId="9e40d7f7-182b-bab9-82e3-bb0dcbb731fc" testName="GetWorkoutType_Should_Map_Correctly(Caesar_Bootcamp,True)" computerName="cursor" duration="00:00:00.0000250" startTime="2025-07-04T17:19:16.2652651+00:00" endTime="2025-07-04T17:19:16.2652900+00:00" testType="13cdc9d9-ddb5-4fa4-a97d-d965ccfc6d4b" outcome="Passed" testListId="8c84fa94-04c1-424b-9868-57a2d4851a1d" relativeResultsDirectory="721d8fd9-ebff-42bf-b723-38e5596dfec0" />
    <UnitTestResult executionId="82639c25-eaa0-4964-97f9-d122a8acbdb6" testId="15d8f164-ed9b-0afc-af0e-42874a05e947" testName="ValidateConfig_WhenUploadDisabled_ShouldNotValidateCredentials" computerName="cursor" duration="00:00:00.0003910" startTime="2025-07-04T17:19:17.6940661+00:00" endTime="2025-07-04T17:19:17.6944569+00:00" testType="13cdc9d9-ddb5-4fa4-a97d-d965ccfc6d4b" outcome="Passed" testListId="8c84fa94-04c1-424b-9868-57a2d4851a1d" relativeResultsDirectory="82639c25-eaa0-4964-97f9-d122a8acbdb6" />
    <UnitTestResult executionId="d1acc5b2-0d62-4e9b-af76-269bda6e1fd2" testId="860c9fe0-b7f0-10e4-c793-826181732116" testName="GetMaxSpeedMetersPerSecond_MaxSpeed_Is_Converted(&quot;kph&quot;)" computerName="cursor" duration="00:00:00.0000360" startTime="2025-07-04T17:19:16.5160631+00:00" endTime="2025-07-04T17:19:16.5160992+00:00" testType="13cdc9d9-ddb5-4fa4-a97d-d965ccfc6d4b" outcome="Passed" testListId="8c84fa94-04c1-424b-9868-57a2d4851a1d" relativeResultsDirectory="d1acc5b2-0d62-4e9b-af76-269bda6e1fd2" />
    <UnitTestResult executionId="071ebda8-c214-4ce3-b10d-78b5625cae75" testId="56d0afaf-76a6-7c86-ed21-bf77bbeda613" testName="Fit_Converter_Creates_Valid_Fit(&quot;meditation_workout&quot;,Class_Segments)" computerName="cursor" duration="00:00:00.0063440" startTime="2025-07-04T17:19:17.2110765+00:00" endTime="2025-07-04T17:19:17.2174195+00:00" testType="13cdc9d9-ddb5-4fa4-a97d-d965ccfc6d4b" outcome="Passed" testListId="8c84fa94-04c1-424b-9868-57a2d4851a1d" relativeResultsDirectory="071ebda8-c214-4ce3-b10d-78b5625cae75" />
    <UnitTestResult executionId="ce92a604-bb14-4c3c-aab8-89831968f60b" testId="27b2cd73-6788-78c2-8f2b-b1d4688529a0" testName="Json_WithNullAvgVlaue_Can_Deserialzize_To_Metric" computerName="cursor" duration="00:00:00.0009270" startTime="2025-07-04T17:19:16.3159247+00:00" endTime="2025-07-04T17:19:16.3168509+00:00" testType="13cdc9d9-ddb5-4fa4-a97d-d965ccfc6d4b" outcome="Passed" testListId="8c84fa94-04c1-424b-9868-57a2d4851a1d" relativeResultsDirectory="ce92a604-bb14-4c3c-aab8-89831968f60b" />
    <UnitTestResult executionId="b32d493b-86b9-4156-83b8-f405d033504f" testId="33a938f8-788a-de06-241a-889d0de1de0c" testName="UpdatePelotonSettingsAsync_With_Invalid_NumWorkoutsToDownload_And_PollingEnabled_ReturnsError" computerName="cursor" duration="00:00:00.0006840" startTime="2025-07-04T17:19:16.2390910+00:00" endTime="2025-07-04T17:19:16.2397752+00:00" testType="13cdc9d9-ddb5-4fa4-a97d-d965ccfc6d4b" outcome="Passed" testListId="8c84fa94-04c1-424b-9868-57a2d4851a1d" relativeResultsDirectory="b32d493b-86b9-4156-83b8-f405d033504f" />
    <UnitTestResult executionId="5ff05306-597e-4e96-a69b-549842e4fba6" testId="488459ee-d120-d7fc-1652-0d4582274b8e" testName="GetWorkoutDetailsAsync_Should_EnrichAllWorkouts" computerName="cursor" duration="00:00:00.0111800" startTime="2025-07-04T17:19:17.7239204+00:00" endTime="2025-07-04T17:19:17.7351001+00:00" testType="13cdc9d9-ddb5-4fa4-a97d-d965ccfc6d4b" outcome="Passed" testListId="8c84fa94-04c1-424b-9868-57a2d4851a1d" relativeResultsDirectory="5ff05306-597e-4e96-a69b-549842e4fba6" />
    <UnitTestResult executionId="108ce57a-6347-412a-bdf4-eb6cdd896028" testId="e1d0126b-b39a-acb2-ae40-940004ffe5c5" testName="CombineMetricsData_When_WorkoutsToStack_Is_NullOrEmpty_NoOp" computerName="cursor" duration="00:00:00.0000920" startTime="2025-07-04T17:19:17.7844563+00:00" endTime="2025-07-04T17:19:17.7845487+00:00" testType="13cdc9d9-ddb5-4fa4-a97d-d965ccfc6d4b" outcome="Passed" testListId="8c84fa94-04c1-424b-9868-57a2d4851a1d" relativeResultsDirectory="108ce57a-6347-412a-bdf4-eb6cdd896028" />
    <UnitTestResult executionId="6a7e8faa-00cb-4a0a-a1ce-6756edab6214" testId="8109c158-c3a9-a310-516d-ab350523a443" testName="ValidateConfig_WhenUploadEnabled_ShouldValidateCredentials" computerName="cursor" duration="00:00:00.0002180" startTime="2025-07-04T17:19:17.6944781+00:00" endTime="2025-07-04T17:19:17.6946965+00:00" testType="13cdc9d9-ddb5-4fa4-a97d-d965ccfc6d4b" outcome="Passed" testListId="8c84fa94-04c1-424b-9868-57a2d4851a1d" relativeResultsDirectory="6a7e8faa-00cb-4a0a-a1ce-6756edab6214" />
    <UnitTestResult executionId="aff5bda5-2014-4504-87ea-6876b015729d" testId="d33c3551-a2e2-8781-705e-8e05544431c0" testName="PagingResponseBase_Calculates_HasNext_Correctly(100,5)" computerName="cursor" duration="00:00:00.0000040" startTime="2025-07-04T17:19:16.2469755+00:00" endTime="2025-07-04T17:19:16.2469796+00:00" testType="13cdc9d9-ddb5-4fa4-a97d-d965ccfc6d4b" outcome="Passed" testListId="8c84fa94-04c1-424b-9868-57a2d4851a1d" relativeResultsDirectory="aff5bda5-2014-4504-87ea-6876b015729d" />
    <UnitTestResult executionId="5f51c974-c877-4d01-b5b5-9afe20c6e306" testId="7cd229c5-2548-c467-2e74-7fe0bb091375" testName="Fit_Converter_Creates_Valid_Fit(&quot;row_bootcamp&quot;,Default)" computerName="cursor" duration="00:00:00.0416340" startTime="2025-07-04T17:19:16.8683266+00:00" endTime="2025-07-04T17:19:16.9099597+00:00" testType="13cdc9d9-ddb5-4fa4-a97d-d965ccfc6d4b" outcome="Passed" testListId="8c84fa94-04c1-424b-9868-57a2d4851a1d" relativeResultsDirectory="5f51c974-c877-4d01-b5b5-9afe20c6e306" />
    <UnitTestResult executionId="26343506-7e86-4769-8b15-0c76a14d3da8" testId="facbc2fa-2782-495e-b566-3c0160b941d0" testName="SignOutAsync_ShouldClearAllTokens" computerName="cursor" duration="00:00:00.0013209" startTime="2025-07-04T17:19:17.6854387+00:00" endTime="2025-07-04T17:19:17.6867596+00:00" testType="13cdc9d9-ddb5-4fa4-a97d-d965ccfc6d4b" outcome="Passed" testListId="8c84fa94-04c1-424b-9868-57a2d4851a1d" relativeResultsDirectory="26343506-7e86-4769-8b15-0c76a14d3da8" />
    <UnitTestResult executionId="e9b08874-e289-4a77-9b90-aa8a74fa975d" testId="ffebe071-ab50-b14b-0678-517287e48214" testName="ValidateConfig_InvalidPort_Throws(0)" computerName="cursor" duration="00:00:00.0002990" startTime="2025-07-04T17:19:16.3891744+00:00" endTime="2025-07-04T17:19:16.3894735+00:00" testType="13cdc9d9-ddb5-4fa4-a97d-d965ccfc6d4b" outcome="Passed" testListId="8c84fa94-04c1-424b-9868-57a2d4851a1d" relativeResultsDirectory="e9b08874-e289-4a77-9b90-aa8a74fa975d" />
    <UnitTestResult executionId="baa9a1e4-ddf7-4be2-b290-fa0623753676" testId="e89b8a9f-c780-da3a-7150-6e0f464d0bde" testName="GetWorkoutType_Should_Map_Correctly(Running,True)" computerName="cursor" duration="00:00:00.0000020" startTime="2025-07-04T17:19:16.2651280+00:00" endTime="2025-07-04T17:19:16.2651304+00:00" testType="13cdc9d9-ddb5-4fa4-a97d-d965ccfc6d4b" outcome="Passed" testListId="8c84fa94-04c1-424b-9868-57a2d4851a1d" relativeResultsDirectory="baa9a1e4-ddf7-4be2-b290-fa0623753676" />
    <UnitTestResult executionId="ffacd5b8-a8a7-4800-abf9-94c693980f16" testId="e0e889ee-a9ce-4836-9adc-dcc5194648da" testName="SyncAsync_WhenNoWorkouts_Should_NotThrow" computerName="cursor" duration="00:00:00.0023390" startTime="2025-07-04T17:19:17.8230941+00:00" endTime="2025-07-04T17:19:17.8254331+00:00" testType="13cdc9d9-ddb5-4fa4-a97d-d965ccfc6d4b" outcome="Passed" testListId="8c84fa94-04c1-424b-9868-57a2d4851a1d" relativeResultsDirectory="ffacd5b8-a8a7-4800-abf9-94c693980f16" />
    <UnitTestResult executionId="a9593644-e7ba-48e4-90b2-3ccc2da54b99" testId="73d075be-fab1-ee80-0dd0-df090006c2e6" testName="GetCalorieSummary_ShouldPickCorrectValue(Common.Dto.Peloton.WorkoutSamples,10)" computerName="cursor" duration="00:00:00.0004710" startTime="2025-07-04T17:19:16.5086192+00:00" endTime="2025-07-04T17:19:16.5090897+00:00" testType="13cdc9d9-ddb5-4fa4-a97d-d965ccfc6d4b" outcome="Passed" testListId="8c84fa94-04c1-424b-9868-57a2d4851a1d" relativeResultsDirectory="a9593644-e7ba-48e4-90b2-3ccc2da54b99" />
    <UnitTestResult executionId="d83785bc-8323-4736-bed9-e1b9ed669cb4" testId="4e963c65-d36b-621f-1e27-b7f2f0cf1013" testName="Fit_Converter_Creates_Valid_Fit(&quot;meditation_workout&quot;,Distance)" computerName="cursor" duration="00:00:00.0058790" startTime="2025-07-04T17:19:16.9952085+00:00" endTime="2025-07-04T17:19:17.0010870+00:00" testType="13cdc9d9-ddb5-4fa4-a97d-d965ccfc6d4b" outcome="Passed" testListId="8c84fa94-04c1-424b-9868-57a2d4851a1d" relativeResultsDirectory="d83785bc-8323-4736-bed9-e1b9ed669cb4" />
    <UnitTestResult executionId="c29cb5f1-7fac-40cb-9cb6-47eb28186c0a" testId="9ee0eb13-c27d-9b0c-f2f4-4561c0a9350e" testName="GetWorkoutType_Should_Map_Correctly(Circuit,True)" computerName="cursor" duration="00:00:00.0000020" startTime="2025-07-04T17:19:16.2651616+00:00" endTime="2025-07-04T17:19:16.2651636+00:00" testType="13cdc9d9-ddb5-4fa4-a97d-d965ccfc6d4b" outcome="Passed" testListId="8c84fa94-04c1-424b-9868-57a2d4851a1d" relativeResultsDirectory="c29cb5f1-7fac-40cb-9cb6-47eb28186c0a" />
    <UnitTestResult executionId="3d1303f4-c00c-4964-855b-133e0ad3f89d" testId="3d20861b-d0b1-5b12-a559-4328bdcf8447" testName="CombineMetricData_When_Metrics_Is_Null_SkipsEmpty" computerName="cursor" duration="00:00:00.0013870" startTime="2025-07-04T17:19:17.7826932+00:00" endTime="2025-07-04T17:19:17.7840794+00:00" testType="13cdc9d9-ddb5-4fa4-a97d-d965ccfc6d4b" outcome="Passed" testListId="8c84fa94-04c1-424b-9868-57a2d4851a1d" relativeResultsDirectory="3d1303f4-c00c-4964-855b-133e0ad3f89d" />
    <UnitTestResult executionId="c1cd0368-b191-441b-bf4b-a395ed09f8ec" testId="58cdaa47-7c03-80e7-00da-9551217f776a" testName="ShouldConvert_ShouldOnly_Support_TCX(False,True,True)" computerName="cursor" duration="00:00:00.0000460" startTime="2025-07-04T17:19:17.4704265+00:00" endTime="2025-07-04T17:19:17.4704728+00:00" testType="13cdc9d9-ddb5-4fa4-a97d-d965ccfc6d4b" outcome="Passed" testListId="8c84fa94-04c1-424b-9868-57a2d4851a1d" relativeResultsDirectory="c1cd0368-b191-441b-bf4b-a395ed09f8ec" />
    <UnitTestResult executionId="92def446-4c18-4937-a086-728f7a0a6993" testId="88ea8bc1-64c6-1ed7-dff7-6876c9743dc1" testName="GetMaxSpeedMetersPerSecond_MaxSpeed_Is_Converted_ForRower(&quot;min/500m&quot;)" computerName="cursor" duration="00:00:00.0002400" startTime="2025-07-04T17:19:16.5161520+00:00" endTime="2025-07-04T17:19:16.5163922+00:00" testType="13cdc9d9-ddb5-4fa4-a97d-d965ccfc6d4b" outcome="Passed" testListId="8c84fa94-04c1-424b-9868-57a2d4851a1d" relativeResultsDirectory="92def446-4c18-4937-a086-728f7a0a6993" />
    <UnitTestResult executionId="9642bded-ba32-4d4c-b2fd-1fdf3bf3effc" testId="63862178-9990-7cdb-ac9b-379cf4160859" testName="GetMaxSpeedMetersPerSecond_MaxSpeed_Is_Converted(&quot;ft&quot;)" computerName="cursor" duration="00:00:00.0000370" startTime="2025-07-04T17:19:16.5159930+00:00" endTime="2025-07-04T17:19:16.5160300+00:00" testType="13cdc9d9-ddb5-4fa4-a97d-d965ccfc6d4b" outcome="Passed" testListId="8c84fa94-04c1-424b-9868-57a2d4851a1d" relativeResultsDirectory="9642bded-ba32-4d4c-b2fd-1fdf3bf3effc" />
    <UnitTestResult executionId="94267562-6659-4eed-81f2-733fd0d4aa3b" testId="a869e792-ca4e-5496-f380-4de04c793554" testName="SyncAsync_When_SyncErrors_MapsErrorsCorrectly" computerName="cursor" duration="00:00:00.0040910" startTime="2025-07-04T17:19:16.1922363+00:00" endTime="2025-07-04T17:19:16.1963267+00:00" testType="13cdc9d9-ddb5-4fa4-a97d-d965ccfc6d4b" outcome="Passed" testListId="8c84fa94-04c1-424b-9868-57a2d4851a1d" relativeResultsDirectory="94267562-6659-4eed-81f2-733fd0d4aa3b" />
    <UnitTestResult executionId="6cf82eef-c2f0-4a4c-a95f-03f9cad6093b" testId="a1d5e58e-a3ed-a811-2f4a-39a63b26814e" testName="GetAllAsync_Returns_Results_SortedBy_MostRecentFirst" computerName="cursor" duration="00:00:00.0051930" startTime="2025-07-04T17:19:16.1352078+00:00" endTime="2025-07-04T17:19:16.1404005+00:00" testType="13cdc9d9-ddb5-4fa4-a97d-d965ccfc6d4b" outcome="Passed" testListId="8c84fa94-04c1-424b-9868-57a2d4851a1d" relativeResultsDirectory="6cf82eef-c2f0-4a4c-a95f-03f9cad6093b" />
    <UnitTestResult executionId="03ebc665-5f31-409c-b44f-333076264811" testId="3f206ca6-da4d-81d4-4009-b17edef07e39" testName="GetConsumerCredentialsAsync_ShouldReturnValidCredentials" computerName="cursor" duration="00:00:00.0334790" startTime="2025-07-04T17:19:17.4776790+00:00" endTime="2025-07-04T17:19:17.5111572+00:00" testType="13cdc9d9-ddb5-4fa4-a97d-d965ccfc6d4b" outcome="Passed" testListId="8c84fa94-04c1-424b-9868-57a2d4851a1d" relativeResultsDirectory="03ebc665-5f31-409c-b44f-333076264811" />
    <UnitTestResult executionId="0fa82ce6-127b-4ac7-b8e3-c5329f9b2e64" testId="8541576e-161f-b1df-536b-bdaadface2bd" testName="GetStackedWorkouts_Should_Honor_TimeGap(301)" computerName="cursor" duration="00:00:00.0000540" startTime="2025-07-04T17:19:17.7901028+00:00" endTime="2025-07-04T17:19:17.7901568+00:00" testType="13cdc9d9-ddb5-4fa4-a97d-d965ccfc6d4b" outcome="Passed" testListId="8c84fa94-04c1-424b-9868-57a2d4851a1d" relativeResultsDirectory="0fa82ce6-127b-4ac7-b8e3-c5329f9b2e64" />
    <UnitTestResult executionId="22aa22c1-ba20-44c9-8154-dde51cc30193" testId="d41d09d9-47e4-6a0e-3520-bb2673be8aa2" testName="ValidateConfig_ValidHostPort_DoesNotThrow" computerName="cursor" duration="00:00:00.0001100" startTime="2025-07-04T17:19:16.3894982+00:00" endTime="2025-07-04T17:19:16.3896082+00:00" testType="13cdc9d9-ddb5-4fa4-a97d-d965ccfc6d4b" outcome="Passed" testListId="8c84fa94-04c1-424b-9868-57a2d4851a1d" relativeResultsDirectory="22aa22c1-ba20-44c9-8154-dde51cc30193" />
    <UnitTestResult executionId="e73ca624-5fbc-4636-b938-2ec824f4412d" testId="71aea8d5-c18d-517a-2cea-5643906a4fa3" testName="Fit_Converter_Creates_Valid_Fit(&quot;walking_outdoor_01&quot;,Class_Segments)" computerName="cursor" duration="00:00:00.0531540" startTime="2025-07-04T17:19:17.2174720+00:00" endTime="2025-07-04T17:19:17.2706248+00:00" testType="13cdc9d9-ddb5-4fa4-a97d-d965ccfc6d4b" outcome="Passed" testListId="8c84fa94-04c1-424b-9868-57a2d4851a1d" relativeResultsDirectory="e73ca624-5fbc-4636-b938-2ec824f4412d" />
    <UnitTestResult executionId="95732f02-216c-4b8d-a152-4faa233cf3ce" testId="cb68c355-6bfa-b011-745e-3a9f50b6a807" testName="CompleteMFAAuthAsync_WhenWrongAuthStage_ShouldThrowException" computerName="cursor" duration="00:00:00.0014270" startTime="2025-07-04T17:19:17.6347417+00:00" endTime="2025-07-04T17:19:17.6361685+00:00" testType="13cdc9d9-ddb5-4fa4-a97d-d965ccfc6d4b" outcome="Passed" testListId="8c84fa94-04c1-424b-9868-57a2d4851a1d" relativeResultsDirectory="95732f02-216c-4b8d-a152-4faa233cf3ce" />
    <UnitTestResult executionId="533128f1-8fb4-4fec-991f-418ee43b8509" testId="66af6f1d-987a-6930-1999-0967188f94d7" testName="SyncAsync_When_SyncSuccessful_CreatedResult_Returned" computerName="cursor" duration="00:00:00.0018250" startTime="2025-07-04T17:19:16.1963603+00:00" endTime="2025-07-04T17:19:16.1981846+00:00" testType="13cdc9d9-ddb5-4fa4-a97d-d965ccfc6d4b" outcome="Passed" testListId="8c84fa94-04c1-424b-9868-57a2d4851a1d" relativeResultsDirectory="533128f1-8fb4-4fec-991f-418ee43b8509" />
    <UnitTestResult executionId="79b585f1-273d-4b1d-a99f-66d879c209a7" testId="7d3f3bee-187c-5af5-8058-bf14cf827929" testName="GetAvgSpeedMetersPerSecond_NullMetrics_Returns0" computerName="cursor" duration="00:00:00.0001610" startTime="2025-07-04T17:19:16.5076504+00:00" endTime="2025-07-04T17:19:16.5078112+00:00" testType="13cdc9d9-ddb5-4fa4-a97d-d965ccfc6d4b" outcome="Passed" testListId="8c84fa94-04c1-424b-9868-57a2d4851a1d" relativeResultsDirectory="79b585f1-273d-4b1d-a99f-66d879c209a7" />
    <UnitTestResult executionId="77ff2f87-8f67-48f0-9151-333841f1811c" testId="6f647fb1-f61a-98c6-9059-a1c0f49860db" testName="SendCredentialsAsync_WhenRedirected_ShouldCaptureRedirection" computerName="cursor" duration="00:00:00.0049430" startTime="2025-07-04T17:19:17.5649379+00:00" endTime="2025-07-04T17:19:17.5698799+00:00" testType="13cdc9d9-ddb5-4fa4-a97d-d965ccfc6d4b" outcome="Passed" testListId="8c84fa94-04c1-424b-9868-57a2d4851a1d" relativeResultsDirectory="77ff2f87-8f67-48f0-9151-333841f1811c" />
    <UnitTestResult executionId="f24f546b-133b-44ba-ad77-df0f16589a5f" testId="034c6664-ed87-1aef-6400-fd4f2563e44c" testName="GetCustomDeviceInfoAsync_When_LegacyDeviceFile_Fails_And_NoNewSettings_FallsBackToDefaults" computerName="cursor" duration="00:00:00.0010260" startTime="2025-07-04T17:19:16.3867885+00:00" endTime="2025-07-04T17:19:16.3878139+00:00" testType="13cdc9d9-ddb5-4fa4-a97d-d965ccfc6d4b" outcome="Passed" testListId="8c84fa94-04c1-424b-9868-57a2d4851a1d" relativeResultsDirectory="f24f546b-133b-44ba-ad77-df0f16589a5f" />
    <UnitTestResult executionId="7f56c449-88db-4775-8bf0-180e07370ade" testId="52f2e7d1-05f8-a8b3-72fb-8fb8b6080a9f" testName="ShouldConvert_ShouldOnly_Support_TCX(True,False,False)" computerName="cursor" duration="00:00:00.0000500" startTime="2025-07-04T17:19:17.4703706+00:00" endTime="2025-07-04T17:19:17.4704206+00:00" testType="13cdc9d9-ddb5-4fa4-a97d-d965ccfc6d4b" outcome="Passed" testListId="8c84fa94-04c1-424b-9868-57a2d4851a1d" relativeResultsDirectory="7f56c449-88db-4775-8bf0-180e07370ade" />
    <UnitTestResult executionId="36e9be3d-ced3-4e38-9527-e00b7082402f" testId="c209169f-c260-b2d7-77d6-1ccf7f97823e" testName="Fit_Converter_Creates_Valid_Fit(&quot;rower_workout&quot;,Distance)" computerName="cursor" duration="00:00:00.0155520" startTime="2025-07-04T17:19:17.1023894+00:00" endTime="2025-07-04T17:19:17.1179402+00:00" testType="13cdc9d9-ddb5-4fa4-a97d-d965ccfc6d4b" outcome="Passed" testListId="8c84fa94-04c1-424b-9868-57a2d4851a1d" relativeResultsDirectory="36e9be3d-ced3-4e38-9527-e00b7082402f" />
    <UnitTestResult executionId="95066550-ac02-4315-85f4-3e837dc99e4e" testId="1ae52073-2009-2389-a5ed-134b4adf8ca2" testName="GetCustomDeviceInfoAsync_Choose_CorrectDevice_For_WorkoutType(OutdoorRunning)" computerName="cursor" duration="00:00:00.0002790" startTime="2025-07-04T17:19:16.3828606+00:00" endTime="2025-07-04T17:19:16.3831392+00:00" testType="13cdc9d9-ddb5-4fa4-a97d-d965ccfc6d4b" outcome="Passed" testListId="8c84fa94-04c1-424b-9868-57a2d4851a1d" relativeResultsDirectory="95066550-ac02-4315-85f4-3e837dc99e4e" />
    <UnitTestResult executionId="32406561-ad45-448f-83a6-39bc2a9df337" testId="acbdaa04-ddd9-e76b-1250-10b38b5cdd74" testName="Fit_Converter_Creates_Valid_Fit(&quot;ride_based_on_distance&quot;,Default)" computerName="cursor" duration="00:00:00.0216160" startTime="2025-07-04T17:19:16.8282552+00:00" endTime="2025-07-04T17:19:16.8498701+00:00" testType="13cdc9d9-ddb5-4fa4-a97d-d965ccfc6d4b" outcome="Passed" testListId="8c84fa94-04c1-424b-9868-57a2d4851a1d" relativeResultsDirectory="32406561-ad45-448f-83a6-39bc2a9df337" />
    <UnitTestResult executionId="a139fcb4-cfaf-4070-88cb-b8bd62bed3cb" testId="e10d7093-8250-8624-4561-2fb755fc56c8" testName="SyncAsync_When_Service_Throws_Exception_Returns_BadRequest" computerName="cursor" duration="00:00:00.0177639" startTime="2025-07-04T17:19:16.1744346+00:00" endTime="2025-07-04T17:19:16.1921979+00:00" testType="13cdc9d9-ddb5-4fa4-a97d-d965ccfc6d4b" outcome="Passed" testListId="8c84fa94-04c1-424b-9868-57a2d4851a1d" relativeResultsDirectory="a139fcb4-cfaf-4070-88cb-b8bd62bed3cb" />
    <UnitTestResult executionId="2998fd86-3c78-422f-933f-6133a89b71ee" testId="fb28f6cb-0e0f-b5bd-5e90-b786682a6b3b" testName="ShouldConvert_ShouldOnly_Support_TCX(True,True,False)" computerName="cursor" duration="00:00:00.0004250" startTime="2025-07-04T17:19:17.4698101+00:00" endTime="2025-07-04T17:19:17.4702344+00:00" testType="13cdc9d9-ddb5-4fa4-a97d-d965ccfc6d4b" outcome="Passed" testListId="8c84fa94-04c1-424b-9868-57a2d4851a1d" relativeResultsDirectory="2998fd86-3c78-422f-933f-6133a89b71ee" />
    <UnitTestResult executionId="e40faa8e-bb6f-48d9-8b19-f641953bd5bf" testId="9e061af7-8969-3cb7-42ec-94f39bf5effb" testName="ConvertDistanceToMetersTest(&quot;km&quot;)" computerName="cursor" duration="00:00:00.0034090" startTime="2025-07-04T17:19:16.4836392+00:00" endTime="2025-07-04T17:19:16.4870475+00:00" testType="13cdc9d9-ddb5-4fa4-a97d-d965ccfc6d4b" outcome="Passed" testListId="8c84fa94-04c1-424b-9868-57a2d4851a1d" relativeResultsDirectory="e40faa8e-bb6f-48d9-8b19-f641953bd5bf" />
    <UnitTestResult executionId="1553fd0d-4ef6-4003-ac57-a385436af969" testId="2363ee34-a01c-6457-3c08-71994bc97ae6" testName="DefaultConfigInit_Format_ShouldHaveDefaulValues" computerName="cursor" duration="00:00:00.0007080" startTime="2025-07-04T17:19:16.2481431+00:00" endTime="2025-07-04T17:19:16.2488508+00:00" testType="13cdc9d9-ddb5-4fa4-a97d-d965ccfc6d4b" outcome="Passed" testListId="8c84fa94-04c1-424b-9868-57a2d4851a1d" relativeResultsDirectory="1553fd0d-4ef6-4003-ac57-a385436af969" />
    <UnitTestResult executionId="f7d1bef5-d392-4bce-9508-0fc2d6e2d7a2" testId="b85c7baf-4670-5ecd-1ba1-7b3cc41cf1dd" testName="PelotonPost_With_PasswordChange_Should_Validate_Characters(&quot;a\\ads\\adf&quot;)" computerName="cursor" duration="00:00:00.0000460" startTime="2025-07-04T17:19:16.2379820+00:00" endTime="2025-07-04T17:19:16.2380285+00:00" testType="13cdc9d9-ddb5-4fa4-a97d-d965ccfc6d4b" outcome="Passed" testListId="8c84fa94-04c1-424b-9868-57a2d4851a1d" relativeResultsDirectory="f7d1bef5-d392-4bce-9508-0fc2d6e2d7a2" />
    <UnitTestResult executionId="7c6a5def-8dd3-44e8-b2ab-cc2394c76089" testId="1aa0862f-ff6f-1535-03c7-43b45799ab3f" testName="GarminPost_With_PasswordChange_Should_Validate_Characters(&quot;\\a&quot;)" computerName="cursor" duration="00:00:00.0000600" startTime="2025-07-04T17:19:16.2356686+00:00" endTime="2025-07-04T17:19:16.2357284+00:00" testType="13cdc9d9-ddb5-4fa4-a97d-d965ccfc6d4b" outcome="Passed" testListId="8c84fa94-04c1-424b-9868-57a2d4851a1d" relativeResultsDirectory="7c6a5def-8dd3-44e8-b2ab-cc2394c76089" />
    <UnitTestResult executionId="5797d117-3257-4d89-b4ca-c1958795b069" testId="b3d2bc06-5cb0-6cbe-2dac-a17793a45748" testName="PagingResponseBase_Calculates_HasNext_Correctly(0,0)" computerName="cursor" duration="00:00:00.0001040" startTime="2025-07-04T17:19:16.2465919+00:00" endTime="2025-07-04T17:19:16.2466961+00:00" testType="13cdc9d9-ddb5-4fa4-a97d-d965ccfc6d4b" outcome="Passed" testListId="8c84fa94-04c1-424b-9868-57a2d4851a1d" relativeResultsDirectory="5797d117-3257-4d89-b4ca-c1958795b069" />
    <UnitTestResult executionId="5e0814fd-95c8-4cee-ba8a-d5f71d262370" testId="500371e6-00d0-3056-c610-6225fcff441e" testName="GetWorkoutType_Should_Map_Correctly(Bike_Bootcamp,True)" computerName="cursor" duration="00:00:00.0000030" startTime="2025-07-04T17:19:16.2651121+00:00" endTime="2025-07-04T17:19:16.2651149+00:00" testType="13cdc9d9-ddb5-4fa4-a97d-d965ccfc6d4b" outcome="Passed" testListId="8c84fa94-04c1-424b-9868-57a2d4851a1d" relativeResultsDirectory="5e0814fd-95c8-4cee-ba8a-d5f71d262370" />
    <UnitTestResult executionId="87874303-a478-46f7-9539-39aeb1cfe3e2" testId="f998499a-614e-ff27-ca3d-a560deec8923" testName="SignInAsync_WhenInitCookieJarFails_ShouldThrowAuthenticationError" computerName="cursor" duration="00:00:00.0007550" startTime="2025-07-04T17:19:17.6790037+00:00" endTime="2025-07-04T17:19:17.6797587+00:00" testType="13cdc9d9-ddb5-4fa4-a97d-d965ccfc6d4b" outcome="Passed" testListId="8c84fa94-04c1-424b-9868-57a2d4851a1d" relativeResultsDirectory="87874303-a478-46f7-9539-39aeb1cfe3e2" />
    <UnitTestResult executionId="f264d513-6200-4a64-88db-44f25cb47c27" testId="53bd1552-7549-7526-31ea-0d733217eee6" testName="GarminAuthTokenExistsAndIsValidAsync_WhenExpiredToken_ShouldReturnFalse" computerName="cursor" duration="00:00:00.0021200" startTime="2025-07-04T17:19:17.6370030+00:00" endTime="2025-07-04T17:19:17.6391227+00:00" testType="13cdc9d9-ddb5-4fa4-a97d-d965ccfc6d4b" outcome="Passed" testListId="8c84fa94-04c1-424b-9868-57a2d4851a1d" relativeResultsDirectory="f264d513-6200-4a64-88db-44f25cb47c27" />
    <UnitTestResult executionId="052d2ed2-4773-4060-bce3-0900b03d39a8" testId="096b064d-1428-b9d8-fa26-d57393951678" testName="StrengthExerciseMappings_ShouldNotBeEmpty" computerName="cursor" duration="00:00:00.0007680" startTime="2025-07-04T17:19:16.5326011+00:00" endTime="2025-07-04T17:19:16.5333688+00:00" testType="13cdc9d9-ddb5-4fa4-a97d-d965ccfc6d4b" outcome="Passed" testListId="8c84fa94-04c1-424b-9868-57a2d4851a1d" relativeResultsDirectory="052d2ed2-4773-4060-bce3-0900b03d39a8" />
    <UnitTestResult executionId="07489b41-1cec-431f-b754-e0580be50379" testId="f01466b1-9eed-a834-70fe-05694dcd6329" testName="GetWorkoutType_Should_Map_Correctly(Strength,False)" computerName="cursor" duration="00:00:00.0000050" startTime="2025-07-04T17:19:16.2651741+00:00" endTime="2025-07-04T17:19:16.2651795+00:00" testType="13cdc9d9-ddb5-4fa4-a97d-d965ccfc6d4b" outcome="Passed" testListId="8c84fa94-04c1-424b-9868-57a2d4851a1d" relativeResultsDirectory="07489b41-1cec-431f-b754-e0580be50379" />
    <UnitTestResult executionId="5d9684b6-bfa5-46b4-b1aa-6bdba92a5474" testId="8f0a30f1-398f-c971-4923-3f66a5a73c2d" testName="GetExercisesTrackedByMovementTracker_WhenNoData(Workout { Id = , Status = , Title = , Name = , Created_At = 0, Fitness_Discipline = None, Is_Outdoor = False, Ride = , End_Time = , Start_Time = 0, Total_Work = 0, Ftp_Info = , Movement_Tracker_Data = MovementTrackerData { Completed_Movements_Summary_Data =  } })" computerName="cursor" duration="00:00:00.0000140" startTime="2025-07-04T17:19:17.7120658+00:00" endTime="2025-07-04T17:19:17.7120802+00:00" testType="13cdc9d9-ddb5-4fa4-a97d-d965ccfc6d4b" outcome="Passed" testListId="8c84fa94-04c1-424b-9868-57a2d4851a1d" relativeResultsDirectory="5d9684b6-bfa5-46b4-b1aa-6bdba92a5474" />
    <UnitTestResult executionId="bee124df-ca27-48a9-9ac6-a3865b49ee35" testId="7f277a8c-7e2d-1c06-dc02-1584eb3f68df" testName="GetWorkoutType_Should_Map_Correctly(None,False)" computerName="cursor" duration="00:00:00.0001940" startTime="2025-07-04T17:19:16.2648818+00:00" endTime="2025-07-04T17:19:16.2650759+00:00" testType="13cdc9d9-ddb5-4fa4-a97d-d965ccfc6d4b" outcome="Passed" testListId="8c84fa94-04c1-424b-9868-57a2d4851a1d" relativeResultsDirectory="bee124df-ca27-48a9-9ac6-a3865b49ee35" />
    <UnitTestResult executionId="0cab5eac-125a-481a-bafb-fff22a28fa7b" testId="559641db-6f13-a4c4-3c88-cd49a96de08b" testName="GetWorkoutType_Should_Map_Correctly(Walking,False)" computerName="cursor" duration="00:00:00.0000020" startTime="2025-07-04T17:19:16.2651454+00:00" endTime="2025-07-04T17:19:16.2651475+00:00" testType="13cdc9d9-ddb5-4fa4-a97d-d965ccfc6d4b" outcome="Passed" testListId="8c84fa94-04c1-424b-9868-57a2d4851a1d" relativeResultsDirectory="0cab5eac-125a-481a-bafb-fff22a28fa7b" />
    <UnitTestResult executionId="4e5f3bac-6e91-4573-9c93-57114830fb79" testId="429fc958-a7fd-e403-2f76-5f49eab150a7" testName="GetOutputSummary_Metrics_ReturnsNull" computerName="cursor" duration="00:00:00.0001910" startTime="2025-07-04T17:19:16.5169108+00:00" endTime="2025-07-04T17:19:16.5171018+00:00" testType="13cdc9d9-ddb5-4fa4-a97d-d965ccfc6d4b" outcome="Passed" testListId="8c84fa94-04c1-424b-9868-57a2d4851a1d" relativeResultsDirectory="4e5f3bac-6e91-4573-9c93-57114830fb79" />
    <UnitTestResult executionId="5dbcd545-3bac-4ee4-bc14-fec453afb360" testId="d549615e-37a6-5b86-fd01-48e9c51b024a" testName="SyncAsync_With_EmptyWorkoutIdsRequest_Returns400" computerName="cursor" duration="00:00:00.0006410" startTime="2025-07-04T17:19:16.2018204+00:00" endTime="2025-07-04T17:19:16.2024614+00:00" testType="13cdc9d9-ddb5-4fa4-a97d-d965ccfc6d4b" outcome="Passed" testListId="8c84fa94-04c1-424b-9868-57a2d4851a1d" relativeResultsDirectory="5dbcd545-3bac-4ee4-bc14-fec453afb360" />
    <UnitTestResult executionId="c9c08695-3785-4432-899e-41c1a0d375d6" testId="fb73e6b0-78d9-48e0-6e73-19a80dd43c81" testName="GetStartTimeTest" computerName="cursor" duration="00:00:00.0004840" startTime="2025-07-04T17:19:16.5175700+00:00" endTime="2025-07-04T17:19:16.5180542+00:00" testType="13cdc9d9-ddb5-4fa4-a97d-d965ccfc6d4b" outcome="Passed" testListId="8c84fa94-04c1-424b-9868-57a2d4851a1d" relativeResultsDirectory="c9c08695-3785-4432-899e-41c1a0d375d6" />
    <UnitTestResult executionId="09b5c2ec-87df-4dba-b020-b2020f6b96ff" testId="9b4cb81b-5546-7c7c-51ec-7727370de86a" testName="PagingResponseBase_Calculates_HasNext_Correctly(5,100)" computerName="cursor" duration="00:00:00.0000050" startTime="2025-07-04T17:19:16.2469620+00:00" endTime="2025-07-04T17:19:16.2469670+00:00" testType="13cdc9d9-ddb5-4fa4-a97d-d965ccfc6d4b" outcome="Passed" testListId="8c84fa94-04c1-424b-9868-57a2d4851a1d" relativeResultsDirectory="09b5c2ec-87df-4dba-b020-b2020f6b96ff" />
    <UnitTestResult executionId="6416ab09-7c29-4c76-9f53-22304761ddc7" testId="26eaa644-cba6-d67c-e436-0668796ca225" testName="UpdateAppSettingsAsync_With_NullRequest_Returns400" computerName="cursor" duration="00:00:00.0010240" startTime="2025-07-04T17:19:16.2380447+00:00" endTime="2025-07-04T17:19:16.2390680+00:00" testType="13cdc9d9-ddb5-4fa4-a97d-d965ccfc6d4b" outcome="Passed" testListId="8c84fa94-04c1-424b-9868-57a2d4851a1d" relativeResultsDirectory="6416ab09-7c29-4c76-9f53-22304761ddc7" />
    <UnitTestResult executionId="2282b801-b94a-46a1-92a4-f5422d95b6a6" testId="6e4b6c2a-3582-c29a-4c4c-dbd15b49106a" testName="GetWorkoutType_Should_Map_Correctly(Meditation,False)" computerName="cursor" duration="00:00:00.0000060" startTime="2025-07-04T17:19:16.2652476+00:00" endTime="2025-07-04T17:19:16.2652541+00:00" testType="13cdc9d9-ddb5-4fa4-a97d-d965ccfc6d4b" outcome="Passed" testListId="8c84fa94-04c1-424b-9868-57a2d4851a1d" relativeResultsDirectory="2282b801-b94a-46a1-92a4-f5422d95b6a6" />
    <UnitTestResult executionId="ecaa0cc5-d4ac-4cc4-9099-2ed1dd700e64" testId="2c8f4979-1655-f332-06f6-53e805976a06" testName="GetStackedWorkouts_Should_Honor_TimeGap(0)" computerName="cursor" duration="00:00:00.0050060" startTime="2025-07-04T17:19:17.7845792+00:00" endTime="2025-07-04T17:19:17.7895846+00:00" testType="13cdc9d9-ddb5-4fa4-a97d-d965ccfc6d4b" outcome="Passed" testListId="8c84fa94-04c1-424b-9868-57a2d4851a1d" relativeResultsDirectory="ecaa0cc5-d4ac-4cc4-9099-2ed1dd700e64" />
    <UnitTestResult executionId="00cef228-3c01-450a-9014-de7106d6f4d8" testId="b1fdbb99-a491-6f58-9cd4-a32d3381e20e" testName="DefaultConfigInit_Developer_ShouldHaveDefaulValues" computerName="cursor" duration="00:00:00.0003430" startTime="2025-07-04T17:19:16.2477937+00:00" endTime="2025-07-04T17:19:16.2481370+00:00" testType="13cdc9d9-ddb5-4fa4-a97d-d965ccfc6d4b" outcome="Passed" testListId="8c84fa94-04c1-424b-9868-57a2d4851a1d" relativeResultsDirectory="00cef228-3c01-450a-9014-de7106d6f4d8" />
    <UnitTestResult executionId="4b03ae7f-87a0-443a-9e54-033345df5340" testId="c98e2074-ed27-4fc7-d66c-9637e2cbb509" testName="GetOAuth1TokenAsync_ShouldReturnValidOAuth1Token" computerName="cursor" duration="00:00:00.0118790" startTime="2025-07-04T17:19:17.5353880+00:00" endTime="2025-07-04T17:19:17.5472669+00:00" testType="13cdc9d9-ddb5-4fa4-a97d-d965ccfc6d4b" outcome="Passed" testListId="8c84fa94-04c1-424b-9868-57a2d4851a1d" relativeResultsDirectory="4b03ae7f-87a0-443a-9e54-033345df5340" />
    <UnitTestResult executionId="dba2a61c-c789-4863-92f4-23bac009c9bc" testId="378e2b9b-70a1-9c7c-76e4-7abd17042b3d" testName="GetRecentWorkoutsAsync_DoesNothing_WhenNoCount(0)" computerName="cursor" duration="00:00:00.0008430" startTime="2025-07-04T17:19:17.7197564+00:00" endTime="2025-07-04T17:19:17.7205993+00:00" testType="13cdc9d9-ddb5-4fa4-a97d-d965ccfc6d4b" outcome="Passed" testListId="8c84fa94-04c1-424b-9868-57a2d4851a1d" relativeResultsDirectory="dba2a61c-c789-4863-92f4-23bac009c9bc" />
    <UnitTestResult executionId="62871aec-41bc-45dc-9068-43341da81b79" testId="4e0c6c25-d6c8-8ad0-b8d7-d624e6f7c604" testName="StrengthExerciseMappings_CurlVariations_ShouldMapToCurlCategory" computerName="cursor" duration="00:00:00.0001800" startTime="2025-07-04T17:19:16.5249104+00:00" endTime="2025-07-04T17:19:16.5250908+00:00" testType="13cdc9d9-ddb5-4fa4-a97d-d965ccfc6d4b" outcome="Passed" testListId="8c84fa94-04c1-424b-9868-57a2d4851a1d" relativeResultsDirectory="62871aec-41bc-45dc-9068-43341da81b79" />
    <UnitTestResult executionId="588c7f07-4fc1-4bd7-a0e6-f515a5346ccb" testId="84af200d-9d36-ed38-e025-4b0e8e917d1d" testName="GarminPost_With_PasswordChange_Should_Validate_Characters(&quot;valid&quot;)" computerName="cursor" duration="00:00:00.0053489" startTime="2025-07-04T17:19:16.2294153+00:00" endTime="2025-07-04T17:19:16.2347643+00:00" testType="13cdc9d9-ddb5-4fa4-a97d-d965ccfc6d4b" outcome="Passed" testListId="8c84fa94-04c1-424b-9868-57a2d4851a1d" relativeResultsDirectory="588c7f07-4fc1-4bd7-a0e6-f515a5346ccb" />
    <UnitTestResult executionId="940ff314-4808-4349-96c6-a05c6daf1c21" testId="a178e1ae-b739-289c-cb62-4f110533d67d" testName="UploadToGarminAsync_WhenUploadDirectoryDoesNotExist_ShouldReturnWithoutProcessing" computerName="cursor" duration="00:00:00.0009710" startTime="2025-07-04T17:19:17.6907901+00:00" endTime="2025-07-04T17:19:17.6917609+00:00" testType="13cdc9d9-ddb5-4fa4-a97d-d965ccfc6d4b" outcome="Passed" testListId="8c84fa94-04c1-424b-9868-57a2d4851a1d" relativeResultsDirectory="940ff314-4808-4349-96c6-a05c6daf1c21" />
    <UnitTestResult executionId="7c21ba0f-646d-4761-a030-257ff4fce70a" testId="6364f89d-e9b5-09be-80f9-4b631b3c548e" testName="Fit_Converter_Creates_Valid_Fit(&quot;running_workout_no_metrics&quot;,Class_Segments)" computerName="cursor" duration="00:00:00.0169640" startTime="2025-07-04T17:19:17.2707115+00:00" endTime="2025-07-04T17:19:17.2876741+00:00" testType="13cdc9d9-ddb5-4fa4-a97d-d965ccfc6d4b" outcome="Passed" testListId="8c84fa94-04c1-424b-9868-57a2d4851a1d" relativeResultsDirectory="7c21ba0f-646d-4761-a030-257ff4fce70a" />
    <UnitTestResult executionId="667bbd00-305c-43d0-b1af-8c89bafa9d23" testId="d68ed5bd-39a3-6663-0efe-e41e95998d98" testName="GetWorkoutType_Should_Map_Correctly(Cardio,True)" computerName="cursor" duration="00:00:00.0000020" startTime="2025-07-04T17:19:16.2651498+00:00" endTime="2025-07-04T17:19:16.2651518+00:00" testType="13cdc9d9-ddb5-4fa4-a97d-d965ccfc6d4b" outcome="Passed" testListId="8c84fa94-04c1-424b-9868-57a2d4851a1d" relativeResultsDirectory="667bbd00-305c-43d0-b1af-8c89bafa9d23" />
    <UnitTestResult executionId="5af2677b-f164-475d-856a-b6bba1fc60f0" testId="fea81199-2eda-7cc0-5447-b8c7203b67c6" testName="SignInAsync_WhenInvalidCredentials_ShouldThrowException" computerName="cursor" duration="00:00:00.0003650" startTime="2025-07-04T17:19:17.6797862+00:00" endTime="2025-07-04T17:19:17.6801510+00:00" testType="13cdc9d9-ddb5-4fa4-a97d-d965ccfc6d4b" outcome="Passed" testListId="8c84fa94-04c1-424b-9868-57a2d4851a1d" relativeResultsDirectory="5af2677b-f164-475d-856a-b6bba1fc60f0" />
    <UnitTestResult executionId="5eb87d1a-9152-4bf4-a925-32cc5c4257a8" testId="d2c0c821-8a66-4165-6497-58300a75a696" testName="ValidateConfig_InvalidHost_Throws(null)" computerName="cursor" duration="00:00:00.0004190" startTime="2025-07-04T17:19:16.3882119+00:00" endTime="2025-07-04T17:19:16.3886308+00:00" testType="13cdc9d9-ddb5-4fa4-a97d-d965ccfc6d4b" outcome="Passed" testListId="8c84fa94-04c1-424b-9868-57a2d4851a1d" relativeResultsDirectory="5eb87d1a-9152-4bf4-a925-32cc5c4257a8" />
    <UnitTestResult executionId="3cf60e5c-c4f3-411f-a234-6c7189723cd4" testId="8c732e17-fb21-60bf-dc33-2081987c6946" testName="GetAsync_WithInvalid_PageSize_Returns400(-1)" computerName="cursor" duration="00:00:00.0006050" startTime="2025-07-04T17:19:16.1727121+00:00" endTime="2025-07-04T17:19:16.1733171+00:00" testType="13cdc9d9-ddb5-4fa4-a97d-d965ccfc6d4b" outcome="Passed" testListId="8c84fa94-04c1-424b-9868-57a2d4851a1d" relativeResultsDirectory="3cf60e5c-c4f3-411f-a234-6c7189723cd4" />
    <UnitTestResult executionId="68795871-c6d1-40f2-a050-848a23e13fbe" testId="7fd77b4f-2865-307d-1d9d-9dbd8cb2a6ee" testName="ShouldConvert_ShouldOnly_Support_TCX(True,False,True)" computerName="cursor" duration="00:00:00.0001070" startTime="2025-07-04T17:19:17.4702528+00:00" endTime="2025-07-04T17:19:17.4703596+00:00" testType="13cdc9d9-ddb5-4fa4-a97d-d965ccfc6d4b" outcome="Passed" testListId="8c84fa94-04c1-424b-9868-57a2d4851a1d" relativeResultsDirectory="68795871-c6d1-40f2-a050-848a23e13fbe" />
    <UnitTestResult executionId="8b5b772b-75cb-4d5f-92ee-b8678331d3e9" testId="c9206a37-69dd-d0c2-7817-2b9527b99edf" testName="IsRest_WhenRestExerciseId_ShouldReturnTrue" computerName="cursor" duration="00:00:00.0000310" startTime="2025-07-04T17:19:16.5238578+00:00" endTime="2025-07-04T17:19:16.5238892+00:00" testType="13cdc9d9-ddb5-4fa4-a97d-d965ccfc6d4b" outcome="Passed" testListId="8c84fa94-04c1-424b-9868-57a2d4851a1d" relativeResultsDirectory="8b5b772b-75cb-4d5f-92ee-b8678331d3e9" />
    <UnitTestResult executionId="5f1fc82e-946c-41aa-8d56-5aa9b75ba09c" testId="18d8a376-60f0-190d-ba44-a72a1cd79b63" testName="GetHeartRateZone_NullMetrics_ReturnsNull" computerName="cursor" duration="00:00:00.0003560" startTime="2025-07-04T17:19:16.5142460+00:00" endTime="2025-07-04T17:19:16.5146014+00:00" testType="13cdc9d9-ddb5-4fa4-a97d-d965ccfc6d4b" outcome="Passed" testListId="8c84fa94-04c1-424b-9868-57a2d4851a1d" relativeResultsDirectory="5f1fc82e-946c-41aa-8d56-5aa9b75ba09c" />
    <UnitTestResult executionId="2228adeb-49e2-4473-971b-a69d07fe645f" testId="b57878e7-556e-88c0-047b-2a893a3bfaea" testName="UploadToGarminAsync_WhenUploadDisabled_ShouldReturnWithoutProcessing" computerName="cursor" duration="00:00:00.0012150" startTime="2025-07-04T17:19:17.6917829+00:00" endTime="2025-07-04T17:19:17.6929974+00:00" testType="13cdc9d9-ddb5-4fa4-a97d-d965ccfc6d4b" outcome="Passed" testListId="8c84fa94-04c1-424b-9868-57a2d4851a1d" relativeResultsDirectory="2228adeb-49e2-4473-971b-a69d07fe645f" />
    <UnitTestResult executionId="fc96d6c9-99cc-4cad-9625-826733f7e798" testId="0117e8c7-9c5a-58e6-feed-262bdb64bb58" testName="GetWorkoutType_Should_Map_Correctly(Circuit,False)" computerName="cursor" duration="00:00:00.0000020" startTime="2025-07-04T17:19:16.2651661+00:00" endTime="2025-07-04T17:19:16.2651680+00:00" testType="13cdc9d9-ddb5-4fa4-a97d-d965ccfc6d4b" outcome="Passed" testListId="8c84fa94-04c1-424b-9868-57a2d4851a1d" relativeResultsDirectory="fc96d6c9-99cc-4cad-9625-826733f7e798" />
    <UnitTestResult executionId="2e40430d-390c-4001-a25f-347dacbd76d8" testId="7f1783c7-cde5-f3ed-b4f8-1abce9f6cb6c" testName="GetAsync_When_Service_Throws_Exception_Returns_BadRequest" computerName="cursor" duration="00:00:00.0017680" startTime="2025-07-04T17:19:16.1692633+00:00" endTime="2025-07-04T17:19:16.1710309+00:00" testType="13cdc9d9-ddb5-4fa4-a97d-d965ccfc6d4b" outcome="Passed" testListId="8c84fa94-04c1-424b-9868-57a2d4851a1d" relativeResultsDirectory="2e40430d-390c-4001-a25f-347dacbd76d8" />
    <UnitTestResult executionId="5b0d0df6-fc74-4aec-82ec-6780a048b84c" testId="e4abb676-de72-0ff0-7009-aaa86158224c" testName="GetStackedWorkouts_When_BareMinimumData_DoesNotThrow" computerName="cursor" duration="00:00:00.0002080" startTime="2025-07-04T17:19:17.7929562+00:00" endTime="2025-07-04T17:19:17.7931638+00:00" testType="13cdc9d9-ddb5-4fa4-a97d-d965ccfc6d4b" outcome="Passed" testListId="8c84fa94-04c1-424b-9868-57a2d4851a1d" relativeResultsDirectory="5b0d0df6-fc74-4aec-82ec-6780a048b84c" />
    <UnitTestResult executionId="3d4173d2-4a69-419e-acba-b8daca8db9d6" testId="f462a461-4209-1e5e-3555-ae640f044d96" testName="ShouldConvert_ShouldOnly_Support_Fit(True,True,False)" computerName="cursor" duration="00:00:00.0005030" startTime="2025-07-04T17:19:17.4675139+00:00" endTime="2025-07-04T17:19:17.4680160+00:00" testType="13cdc9d9-ddb5-4fa4-a97d-d965ccfc6d4b" outcome="Passed" testListId="8c84fa94-04c1-424b-9868-57a2d4851a1d" relativeResultsDirectory="3d4173d2-4a69-419e-acba-b8daca8db9d6" />
    <UnitTestResult executionId="da2eb88c-4792-4b52-b383-f5215d8adca3" testId="907383d2-f552-bfad-d91c-b70280b356e5" testName="GetGarminAuthenticationAsync_WhenValidOAuth2Token_ShouldReturnCompleted" computerName="cursor" duration="00:00:00.0012890" startTime="2025-07-04T17:19:17.6741427+00:00" endTime="2025-07-04T17:19:17.6754318+00:00" testType="13cdc9d9-ddb5-4fa4-a97d-d965ccfc6d4b" outcome="Failed" testListId="8c84fa94-04c1-424b-9868-57a2d4851a1d" relativeResultsDirectory="da2eb88c-4792-4b52-b383-f5215d8adca3">
      <Output>
        <ErrorInfo>
          <Message>System.NullReferenceException : Object reference not set to an instance of an object.</Message>
          <StackTrace>   at Garmin.Auth.GarminAuthenticationService.SignInAsync() in /workspace/src/Garmin/Auth/GarminAuthenticationService.cs:line 131
   at Garmin.Auth.GarminAuthenticationService.GetGarminAuthenticationAsync() in /workspace/src/Garmin/Auth/GarminAuthenticationService.cs:line 87
   at UnitTests.Garmin.GarminAuthenticationServiceTests.GetGarminAuthenticationAsync_WhenValidOAuth2Token_ShouldReturnCompleted() in /workspace/src/UnitTests/Garmin/GarminAuthenticationServiceTests.cs:line 137
   at NUnit.Framework.Internal.TaskAwaitAdapter.GenericAdapter`1.GetResult()
   at NUnit.Framework.Internal.AsyncToSyncAdapter.Await[TResult](TestExecutionContext context, Func`1 invoke)
   at NUnit.Framework.Internal.AsyncToSyncAdapter.Await(TestExecutionContext context, Func`1 invoke)
   at NUnit.Framework.Internal.Commands.TestMethodCommand.RunTestMethod(TestExecutionContext context)
   at NUnit.Framework.Internal.Commands.TestMethodCommand.Execute(TestExecutionContext context)
   at NUnit.Framework.Internal.Commands.BeforeAndAfterTestCommand.&lt;&gt;c__DisplayClass1_0.&lt;Execute&gt;b__0()
   at NUnit.Framework.Internal.Commands.DelegatingTestCommand.RunTestMethodInThreadAbortSafeZone(TestExecutionContext context, Action action)
</StackTrace>
        </ErrorInfo>
      </Output>
    </UnitTestResult>
    <UnitTestResult executionId="94c4eced-f443-484d-8198-8fcf5f3b214c" testId="bba5c36e-9b94-e7a8-f0cc-f969ff0bc7b3" testName="SendMfaCodeAsync_WhenInvalidCode_ShouldThrowException" computerName="cursor" duration="00:00:00.0100650" startTime="2025-07-04T17:19:17.5714419+00:00" endTime="2025-07-04T17:19:17.5815068+00:00" testType="13cdc9d9-ddb5-4fa4-a97d-d965ccfc6d4b" outcome="Passed" testListId="8c84fa94-04c1-424b-9868-57a2d4851a1d" relativeResultsDirectory="94c4eced-f443-484d-8198-8fcf5f3b214c" />
    <UnitTestResult executionId="f9aeb324-1198-4e27-989f-4e8d662a8d42" testId="268d93db-2570-34ff-4ac3-2be55c3fdd53" testName="GetOutputSummary_NullWorkoutSamples_ReturnsNull" computerName="cursor" duration="00:00:00.0001970" startTime="2025-07-04T17:19:16.5173646+00:00" endTime="2025-07-04T17:19:16.5175611+00:00" testType="13cdc9d9-ddb5-4fa4-a97d-d965ccfc6d4b" outcome="Passed" testListId="8c84fa94-04c1-424b-9868-57a2d4851a1d" relativeResultsDirectory="f9aeb324-1198-4e27-989f-4e8d662a8d42" />
    <UnitTestResult executionId="4a624e94-82b1-4707-aafc-f49fe8256d1e" testId="47afcd5b-fcc7-5518-3629-dc9b20fc97f8" testName="GetCalorieSummary_ShouldPickCorrectValue(Common.Dto.Peloton.WorkoutSamples,null)" computerName="cursor" duration="00:00:00.0000620" startTime="2025-07-04T17:19:16.5092623+00:00" endTime="2025-07-04T17:19:16.5093243+00:00" testType="13cdc9d9-ddb5-4fa4-a97d-d965ccfc6d4b" outcome="Passed" testListId="8c84fa94-04c1-424b-9868-57a2d4851a1d" relativeResultsDirectory="4a624e94-82b1-4707-aafc-f49fe8256d1e" />
    <UnitTestResult executionId="64985ab9-7588-4a50-b22d-46d0d8916a5c" testId="237b07d9-9785-5200-b185-5a6e10f8002a" testName="GarminPost_With_PasswordChange_Should_Validate_Characters(&quot;a\\&quot;)" computerName="cursor" duration="00:00:00.0000610" startTime="2025-07-04T17:19:16.2357320+00:00" endTime="2025-07-04T17:19:16.2357928+00:00" testType="13cdc9d9-ddb5-4fa4-a97d-d965ccfc6d4b" outcome="Passed" testListId="8c84fa94-04c1-424b-9868-57a2d4851a1d" relativeResultsDirectory="64985ab9-7588-4a50-b22d-46d0d8916a5c" />
    <UnitTestResult executionId="226afa18-81f2-41ee-ba42-11f3f955bccb" testId="88565869-d507-5001-a0f5-5eb3f9e4be26" testName="GetCyclingFtp_Should_PickCorrectValue(null,UserData { Cycling_Ftp_Source = , Cycling_Workout_Ftp = 2, Cycling_Ftp_Workout_Id = , Cycling_Ftp = 1, Estimated_Cycling_Ftp = 100, Default_Max_Heart_Rate = 0, Customized_Max_Heart_Rate = 0, Weight = 0 },100)" computerName="cursor" duration="00:00:00.0000270" startTime="2025-07-04T17:19:16.5110263+00:00" endTime="2025-07-04T17:19:16.5110538+00:00" testType="13cdc9d9-ddb5-4fa4-a97d-d965ccfc6d4b" outcome="Passed" testListId="8c84fa94-04c1-424b-9868-57a2d4851a1d" relativeResultsDirectory="226afa18-81f2-41ee-ba42-11f3f955bccb" />
    <UnitTestResult executionId="ae82d600-5c96-420e-b790-de2c6a7e57dd" testId="9bf7aecf-f67c-5735-4db0-dc505b7fb305" testName="GetEndTime_FallsbackToDuration_Test" computerName="cursor" duration="00:00:00.0017030" startTime="2025-07-04T17:19:16.5111778+00:00" endTime="2025-07-04T17:19:16.5128801+00:00" testType="13cdc9d9-ddb5-4fa4-a97d-d965ccfc6d4b" outcome="Passed" testListId="8c84fa94-04c1-424b-9868-57a2d4851a1d" relativeResultsDirectory="ae82d600-5c96-420e-b790-de2c6a7e57dd" />
    <UnitTestResult executionId="3a821851-e44f-4ede-97f0-c73fc6ca41b3" testId="ee24efa4-f2cd-2850-47c0-4f8efb4efbda" testName="GetOAuth2TokenAsync_ShouldExchangeOAuth1ForOAuth2" computerName="cursor" duration="00:00:00.0094650" startTime="2025-07-04T17:19:17.5483288+00:00" endTime="2025-07-04T17:19:17.5577936+00:00" testType="13cdc9d9-ddb5-4fa4-a97d-d965ccfc6d4b" outcome="Passed" testListId="8c84fa94-04c1-424b-9868-57a2d4851a1d" relativeResultsDirectory="3a821851-e44f-4ede-97f0-c73fc6ca41b3" />
    <UnitTestResult executionId="481f9804-3ad2-4915-b922-65554ec71da5" testId="87f4e6d4-66fb-500c-9d11-749fffc87395" testName="ShouldConvert_ShouldOnly_Support_Fit(True,False,True)" computerName="cursor" duration="00:00:00.0000649" startTime="2025-07-04T17:19:17.4680428+00:00" endTime="2025-07-04T17:19:17.4681080+00:00" testType="13cdc9d9-ddb5-4fa4-a97d-d965ccfc6d4b" outcome="Passed" testListId="8c84fa94-04c1-424b-9868-57a2d4851a1d" relativeResultsDirectory="481f9804-3ad2-4915-b922-65554ec71da5" />
    <UnitTestResult executionId="0e639b31-79ca-451c-84cb-98424f35c2f6" testId="4692bdef-824c-2da9-2b8f-73cf5e60e9b6" testName="SignInAsync_WhenMfaRequired_ShouldReturnNeedMfaToken" computerName="cursor" duration="00:00:00.0022960" startTime="2025-07-04T17:19:17.6801705+00:00" endTime="2025-07-04T17:19:17.6824667+00:00" testType="13cdc9d9-ddb5-4fa4-a97d-d965ccfc6d4b" outcome="Failed" testListId="8c84fa94-04c1-424b-9868-57a2d4851a1d" relativeResultsDirectory="0e639b31-79ca-451c-84cb-98424f35c2f6">
      <Output>
        <ErrorInfo>
          <Message>Garmin.Auth.GarminAuthenticationError : Failed to parse csrf token.
  ----&gt; Garmin.Auth.GarminAuthenticationError : Failed to find regex match for csrf token. tokenResult: &lt;input name='_csrf' value='csrf-token' /&gt;</Message>
          <StackTrace>   at Garmin.Auth.GarminAuthenticationService.FindCsrfToken(String rawResponseBody, Code failureStepCode) in /workspace/src/Garmin/Auth/GarminAuthenticationService.cs:line 303
   at Garmin.Auth.GarminAuthenticationService.SignInAsync() in /workspace/src/Garmin/Auth/GarminAuthenticationService.cs:line 131
   at UnitTests.Garmin.GarminAuthenticationServiceTests.SignInAsync_WhenMfaRequired_ShouldReturnNeedMfaToken() in /workspace/src/UnitTests/Garmin/GarminAuthenticationServiceTests.cs:line 315
   at NUnit.Framework.Internal.TaskAwaitAdapter.GenericAdapter`1.GetResult()
   at NUnit.Framework.Internal.AsyncToSyncAdapter.Await[TResult](TestExecutionContext context, Func`1 invoke)
   at NUnit.Framework.Internal.AsyncToSyncAdapter.Await(TestExecutionContext context, Func`1 invoke)
   at NUnit.Framework.Internal.Commands.TestMethodCommand.RunTestMethod(TestExecutionContext context)
   at NUnit.Framework.Internal.Commands.TestMethodCommand.Execute(TestExecutionContext context)
   at NUnit.Framework.Internal.Commands.BeforeAndAfterTestCommand.&lt;&gt;c__DisplayClass1_0.&lt;Execute&gt;b__0()
   at NUnit.Framework.Internal.Commands.DelegatingTestCommand.RunTestMethodInThreadAbortSafeZone(TestExecutionContext context, Action action)
--GarminAuthenticationError
   at Garmin.Auth.GarminAuthenticationService.FindCsrfToken(String rawResponseBody, Code failureStepCode) in /workspace/src/Garmin/Auth/GarminAuthenticationService.cs:line 292
</StackTrace>
        </ErrorInfo>
      </Output>
    </UnitTestResult>
    <UnitTestResult executionId="75360367-1f21-49a4-a717-c95f3bfe6619" testId="d8e78bed-195a-a7d5-9244-e8397f3f093b" testName="TryDeserializeXml_Deserializes" computerName="cursor" duration="00:00:00.0202960" startTime="2025-07-04T17:19:16.3172106+00:00" endTime="2025-07-04T17:19:16.3375061+00:00" testType="13cdc9d9-ddb5-4fa4-a97d-d965ccfc6d4b" outcome="Passed" testListId="8c84fa94-04c1-424b-9868-57a2d4851a1d" relativeResultsDirectory="75360367-1f21-49a4-a717-c95f3bfe6619" />
    <UnitTestResult executionId="9ff73660-bd43-4053-b08d-1531d48c1402" testId="4c5deca3-bfe9-0cf7-1731-7958d4bb8efe" testName="InitCookieJarAsync_ShouldInitializeCookieJar" computerName="cursor" duration="00:00:00.0020740" startTime="2025-07-04T17:19:17.5587028+00:00" endTime="2025-07-04T17:19:17.5607756+00:00" testType="13cdc9d9-ddb5-4fa4-a97d-d965ccfc6d4b" outcome="Passed" testListId="8c84fa94-04c1-424b-9868-57a2d4851a1d" relativeResultsDirectory="9ff73660-bd43-4053-b08d-1531d48c1402" />
    <UnitTestResult executionId="751f8455-881c-4c7e-a9ec-eb86647c627e" testId="0d5ea9a5-e766-e27c-62d6-1ab97d135490" testName="GarminAuthTokenExistsAndIsValidAsync_WhenValidToken_ShouldReturnTrue" computerName="cursor" duration="00:00:00.0201340" startTime="2025-07-04T17:19:17.6403064+00:00" endTime="2025-07-04T17:19:17.6604403+00:00" testType="13cdc9d9-ddb5-4fa4-a97d-d965ccfc6d4b" outcome="Failed" testListId="8c84fa94-04c1-424b-9868-57a2d4851a1d" relativeResultsDirectory="751f8455-881c-4c7e-a9ec-eb86647c627e">
      <Output>
        <ErrorInfo>
          <Message>Expected result to be True, but found False.</Message>
          <StackTrace>   at FluentAssertions.Execution.LateBoundTestFramework.Throw(String message)
   at FluentAssertions.Execution.DefaultAssertionStrategy.HandleFailure(String message)
   at FluentAssertions.Execution.AssertionScope.AddPreFormattedFailure(String formattedFailureMessage)
   at FluentAssertions.Execution.AssertionChain.FailWith(Func`1 getFailureReason)
   at FluentAssertions.Execution.AssertionChain.FailWith(Func`1 getFailureReason)
   at FluentAssertions.Execution.AssertionChain.FailWith(String message, Object[] args)
   at FluentAssertions.Primitives.BooleanAssertions`1.BeTrue(String because, Object[] becauseArgs)
   at UnitTests.Garmin.GarminAuthenticationServiceTests.GarminAuthTokenExistsAndIsValidAsync_WhenValidToken_ShouldReturnTrue() in /workspace/src/UnitTests/Garmin/GarminAuthenticationServiceTests.cs:line 71
   at NUnit.Framework.Internal.TaskAwaitAdapter.GenericAdapter`1.GetResult()
   at NUnit.Framework.Internal.AsyncToSyncAdapter.Await[TResult](TestExecutionContext context, Func`1 invoke)
   at NUnit.Framework.Internal.AsyncToSyncAdapter.Await(TestExecutionContext context, Func`1 invoke)
   at NUnit.Framework.Internal.Commands.TestMethodCommand.RunTestMethod(TestExecutionContext context)
   at NUnit.Framework.Internal.Commands.TestMethodCommand.Execute(TestExecutionContext context)
   at NUnit.Framework.Internal.Commands.BeforeAndAfterTestCommand.&lt;&gt;c__DisplayClass1_0.&lt;Execute&gt;b__0()
   at NUnit.Framework.Internal.Commands.DelegatingTestCommand.RunTestMethodInThreadAbortSafeZone(TestExecutionContext context, Action action)

</StackTrace>
        </ErrorInfo>
      </Output>
    </UnitTestResult>
    <UnitTestResult executionId="bff8eb62-0be6-4be0-af49-4c29617c915a" testId="ec4a38ab-b6b1-9e77-4589-e9d18b49bb44" testName="ShouldConvert_ShouldOnly_Support_Fit(False,False,False)" computerName="cursor" duration="00:00:00.0000600" startTime="2025-07-04T17:19:17.4683976+00:00" endTime="2025-07-04T17:19:17.4684573+00:00" testType="13cdc9d9-ddb5-4fa4-a97d-d965ccfc6d4b" outcome="Passed" testListId="8c84fa94-04c1-424b-9868-57a2d4851a1d" relativeResultsDirectory="bff8eb62-0be6-4be0-af49-4c29617c915a" />
    <UnitTestResult executionId="edf5b571-6360-4317-9b39-fe65f221ec66" testId="c0b2bc39-7ebb-c64d-db6c-e437ca6d26eb" testName="SyncAsync_Should_ExcludeInProgress" computerName="cursor" duration="00:00:00.0138880" startTime="2025-07-04T17:19:17.7958559+00:00" endTime="2025-07-04T17:19:17.8097437+00:00" testType="13cdc9d9-ddb5-4fa4-a97d-d965ccfc6d4b" outcome="Passed" testListId="8c84fa94-04c1-424b-9868-57a2d4851a1d" relativeResultsDirectory="edf5b571-6360-4317-9b39-fe65f221ec66" />
    <UnitTestResult executionId="865b99e9-4f0c-485e-8855-782485f5c4cd" testId="61583b3e-2333-6fd6-de7d-c1cef5681ceb" testName="GetRecentWorkoutsAsync_StopsCallingPelotonWhenNoMoreWorkouts" computerName="cursor" duration="00:00:00.0012350" startTime="2025-07-04T17:19:17.7226587+00:00" endTime="2025-07-04T17:19:17.7238934+00:00" testType="13cdc9d9-ddb5-4fa4-a97d-d965ccfc6d4b" outcome="Passed" testListId="8c84fa94-04c1-424b-9868-57a2d4851a1d" relativeResultsDirectory="865b99e9-4f0c-485e-8855-782485f5c4cd" />
    <UnitTestResult executionId="9bdd9cbb-a5b4-4461-8171-feab2d5a25a7" testId="23695267-b094-249b-9a8b-1f82094383de" testName="Fit_Converter_Creates_Valid_Fit(&quot;rower_workout&quot;,Class_Segments)" computerName="cursor" duration="00:00:00.0144690" startTime="2025-07-04T17:19:17.3031790+00:00" endTime="2025-07-04T17:19:17.3176475+00:00" testType="13cdc9d9-ddb5-4fa4-a97d-d965ccfc6d4b" outcome="Passed" testListId="8c84fa94-04c1-424b-9868-57a2d4851a1d" relativeResultsDirectory="9bdd9cbb-a5b4-4461-8171-feab2d5a25a7" />
    <UnitTestResult executionId="d889075b-28a9-42fa-af2b-f4a94bb6c3f4" testId="ff20ad51-3fe7-1bec-294d-76f7ead9492d" testName="GetExercisesTrackedByMovementTracker_WhenNoWeight" computerName="cursor" duration="00:00:00.0034890" startTime="2025-07-04T17:19:17.7121473+00:00" endTime="2025-07-04T17:19:17.7156362+00:00" testType="13cdc9d9-ddb5-4fa4-a97d-d965ccfc6d4b" outcome="Passed" testListId="8c84fa94-04c1-424b-9868-57a2d4851a1d" relativeResultsDirectory="d889075b-28a9-42fa-af2b-f4a94bb6c3f4" />
    <UnitTestResult executionId="c5fdd60b-c97c-4086-a2d0-cbcd4432d5f1" testId="d8d0fb80-4630-f911-4fbb-f279e3c0cfe1" testName="GetTitle_Should_ReplaceInvalidChars(&quot;My:Title&quot;,&quot;Some:Instructor&quot;)" computerName="cursor" duration="00:00:00.0010090" startTime="2025-07-04T17:19:16.4799460+00:00" endTime="2025-07-04T17:19:16.4809547+00:00" testType="13cdc9d9-ddb5-4fa4-a97d-d965ccfc6d4b" outcome="NotExecuted" testListId="8c84fa94-04c1-424b-9868-57a2d4851a1d" relativeResultsDirectory="c5fdd60b-c97c-4086-a2d0-cbcd4432d5f1">
      <Output>
        <StdOut>OneTimeSetUp: Not supported on Unix,Linux,MacOSX</StdOut>
        <ErrorInfo>
          <Message>OneTimeSetUp: Not supported on Unix,Linux,MacOSX</Message>
        </ErrorInfo>
      </Output>
    </UnitTestResult>
    <UnitTestResult executionId="e6daf18b-b05e-4f60-b238-ccf7722c48c4" testId="868c7be5-cfbd-065b-6f91-c374862a7a8b" testName="Constructor_ShouldInitializeCorrectly" computerName="cursor" duration="00:00:00.0003560" startTime="2025-07-04T17:19:17.6361975+00:00" endTime="2025-07-04T17:19:17.6365535+00:00" testType="13cdc9d9-ddb5-4fa4-a97d-d965ccfc6d4b" outcome="Passed" testListId="8c84fa94-04c1-424b-9868-57a2d4851a1d" relativeResultsDirectory="e6daf18b-b05e-4f60-b238-ccf7722c48c4" />
    <UnitTestResult executionId="187278fa-058c-422c-bb31-4a021567e72f" testId="35f78f67-27d9-c541-c70a-00c7dcd82935" testName="GetTotalDistanceTest_Distance_Is_Converted_To_Meters(&quot;ft&quot;)" computerName="cursor" duration="00:00:00.0001200" startTime="2025-07-04T17:19:16.5196016+00:00" endTime="2025-07-04T17:19:16.5197211+00:00" testType="13cdc9d9-ddb5-4fa4-a97d-d965ccfc6d4b" outcome="Passed" testListId="8c84fa94-04c1-424b-9868-57a2d4851a1d" relativeResultsDirectory="187278fa-058c-422c-bb31-4a021567e72f" />
    <UnitTestResult executionId="6756f19d-a29e-4934-8004-131ab58052fe" testId="5a7fd466-b0ba-5fc7-6c23-ca33470220b2" testName="GarminPost_With_PasswordChange_Should_Validate_Characters(&quot;a\\ads\\adf&quot;)" computerName="cursor" duration="00:00:00.0000460" startTime="2025-07-04T17:19:16.2357960+00:00" endTime="2025-07-04T17:19:16.2358421+00:00" testType="13cdc9d9-ddb5-4fa4-a97d-d965ccfc6d4b" outcome="Passed" testListId="8c84fa94-04c1-424b-9868-57a2d4851a1d" relativeResultsDirectory="6756f19d-a29e-4934-8004-131ab58052fe" />
    <UnitTestResult executionId="b72088c0-86b4-4df1-bea9-79a7d47a4bf6" testId="bc5b7814-7239-6a17-05e6-e4323f646ac3" testName="UploadActivity_WhenFileAlreadyExists_ShouldHandleGracefully" computerName="cursor" duration="00:00:00.0151780" startTime="2025-07-04T17:19:17.5830110+00:00" endTime="2025-07-04T17:19:17.5981891+00:00" testType="13cdc9d9-ddb5-4fa4-a97d-d965ccfc6d4b" outcome="Passed" testListId="8c84fa94-04c1-424b-9868-57a2d4851a1d" relativeResultsDirectory="b72088c0-86b4-4df1-bea9-79a7d47a4bf6" />
    <UnitTestResult executionId="9636faab-e177-45b3-9803-9ac3b2dcf0e1" testId="3a24be44-f3fb-d4d2-2b26-3ddbb95a0632" testName="GetTitle_Should_Handle_SpecialChars(&quot;My Title&quot;,&quot;é&quot;)" computerName="cursor" duration="00:00:00.0022520" startTime="2025-07-04T17:19:16.4728610+00:00" endTime="2025-07-04T17:19:16.4751133+00:00" testType="13cdc9d9-ddb5-4fa4-a97d-d965ccfc6d4b" outcome="Passed" testListId="8c84fa94-04c1-424b-9868-57a2d4851a1d" relativeResultsDirectory="9636faab-e177-45b3-9803-9ac3b2dcf0e1" />
    <UnitTestResult executionId="14a0217d-4de9-4c15-ba81-c7799fbc11af" testId="8716127c-0e51-41f8-96b4-cad13ac9e6a4" testName="PagingResponseBase_Calculates_HasPrevious_Correctly(0)" computerName="cursor" duration="00:00:00.0001280" startTime="2025-07-04T17:19:16.2470926+00:00" endTime="2025-07-04T17:19:16.2472211+00:00" testType="13cdc9d9-ddb5-4fa4-a97d-d965ccfc6d4b" outcome="Passed" testListId="8c84fa94-04c1-424b-9868-57a2d4851a1d" relativeResultsDirectory="14a0217d-4de9-4c15-ba81-c7799fbc11af" />
    <UnitTestResult executionId="e5840ff8-2e4b-4da2-8e68-fc6f18d9c88d" testId="cf6a5e91-b6c6-bade-9fde-1592fb81767c" testName="ShouldConvert_ShouldOnly_Support_Fit(True,False,False)" computerName="cursor" duration="00:00:00.0000410" startTime="2025-07-04T17:19:17.4681154+00:00" endTime="2025-07-04T17:19:17.4681560+00:00" testType="13cdc9d9-ddb5-4fa4-a97d-d965ccfc6d4b" outcome="Passed" testListId="8c84fa94-04c1-424b-9868-57a2d4851a1d" relativeResultsDirectory="e5840ff8-2e4b-4da2-8e68-fc6f18d9c88d" />
    <UnitTestResult executionId="b597f7ee-8bae-4d8d-9773-8668fadc54b9" testId="74ea4b73-2f76-e3b1-713c-9658c7474e5f" testName="UploadToGarminAsync_WhenSettingsServiceThrows_ShouldPropagateException" computerName="cursor" duration="00:00:00.0004700" startTime="2025-07-04T17:19:17.6902963+00:00" endTime="2025-07-04T17:19:17.6907662+00:00" testType="13cdc9d9-ddb5-4fa4-a97d-d965ccfc6d4b" outcome="Passed" testListId="8c84fa94-04c1-424b-9868-57a2d4851a1d" relativeResultsDirectory="b597f7ee-8bae-4d8d-9773-8668fadc54b9" />
    <UnitTestResult executionId="892b9941-aca6-4b63-a2f4-ef63d6bb3c21" testId="a48d31d2-8b14-7fbe-3e20-68e8f8ee61d3" testName="GetCyclingFtp_Should_PickCorrectValue(null,null,null)" computerName="cursor" duration="00:00:00.0009810" startTime="2025-07-04T17:19:16.5093526+00:00" endTime="2025-07-04T17:19:16.5103335+00:00" testType="13cdc9d9-ddb5-4fa4-a97d-d965ccfc6d4b" outcome="Passed" testListId="8c84fa94-04c1-424b-9868-57a2d4851a1d" relativeResultsDirectory="892b9941-aca6-4b63-a2f4-ef63d6bb3c21" />
    <UnitTestResult executionId="f343d695-28f0-4fd2-8f14-c63610d4d111" testId="1a5feea8-36a4-66bc-8126-a667fcdb403e" testName="GetWorkoutType_Should_Map_Correctly(Caesar,True)" computerName="cursor" duration="00:00:00.0000020" startTime="2025-07-04T17:19:16.2652564+00:00" endTime="2025-07-04T17:19:16.2652586+00:00" testType="13cdc9d9-ddb5-4fa4-a97d-d965ccfc6d4b" outcome="Passed" testListId="8c84fa94-04c1-424b-9868-57a2d4851a1d" relativeResultsDirectory="f343d695-28f0-4fd2-8f14-c63610d4d111" />
    <UnitTestResult executionId="36f4dd4c-e997-42b9-8c2a-6d4f69950613" testId="94bd48db-54a3-d63b-4c2b-1c89db1efaf3" testName="ConvertDistanceToMetersTest(&quot;m&quot;)" computerName="cursor" duration="00:00:00.0000030" startTime="2025-07-04T17:19:16.5042175+00:00" endTime="2025-07-04T17:19:16.5042202+00:00" testType="13cdc9d9-ddb5-4fa4-a97d-d965ccfc6d4b" outcome="Passed" testListId="8c84fa94-04c1-424b-9868-57a2d4851a1d" relativeResultsDirectory="36f4dd4c-e997-42b9-8c2a-6d4f69950613" />
    <UnitTestResult executionId="7af23118-8e44-4ec7-a982-8a4b2a485311" testId="93c5c585-3908-44b4-b7b1-3a7e9e7c4d26" testName="GetAllAsync_When_Future_SinceDate_Returns400" computerName="cursor" duration="00:00:00.0125360" startTime="2025-07-04T17:19:16.1404340+00:00" endTime="2025-07-04T17:19:16.1529694+00:00" testType="13cdc9d9-ddb5-4fa4-a97d-d965ccfc6d4b" outcome="Passed" testListId="8c84fa94-04c1-424b-9868-57a2d4851a1d" relativeResultsDirectory="7af23118-8e44-4ec7-a982-8a4b2a485311" />
    <UnitTestResult executionId="37bc611f-5753-4122-a67a-c31cc4dc588f" testId="47afcd5b-fcc7-5518-3629-dc9b20fc97f8" testName="GetCalorieSummary_ShouldPickCorrectValue(Common.Dto.Peloton.WorkoutSamples,null)" computerName="cursor" duration="00:00:00.0003030" startTime="2025-07-04T17:19:16.5082211+00:00" endTime="2025-07-04T17:19:16.5085239+00:00" testType="13cdc9d9-ddb5-4fa4-a97d-d965ccfc6d4b" outcome="Passed" testListId="8c84fa94-04c1-424b-9868-57a2d4851a1d" relativeResultsDirectory="37bc611f-5753-4122-a67a-c31cc4dc588f" />
    <UnitTestResult executionId="7606e825-9fef-44b8-b5af-75bef4211c04" testId="cc790c13-d14d-9b1a-bf16-cdb2f3f7a571" testName="GetHeartRateZone_NullZones_ReturnsNull" computerName="cursor" duration="00:00:00.0002870" startTime="2025-07-04T17:19:16.5148040+00:00" endTime="2025-07-04T17:19:16.5150912+00:00" testType="13cdc9d9-ddb5-4fa4-a97d-d965ccfc6d4b" outcome="Passed" testListId="8c84fa94-04c1-424b-9868-57a2d4851a1d" relativeResultsDirectory="7606e825-9fef-44b8-b5af-75bef4211c04" />
    <UnitTestResult executionId="1bed876c-5899-47ba-a99b-19b673198b06" testId="6ebc6db2-aa69-5a98-6493-31ef150933b1" testName="PelotonPost_With_PasswordChange_Should_Validate_Characters(&quot;valid&quot;)" computerName="cursor" duration="00:00:00.0015870" startTime="2025-07-04T17:19:16.2358814+00:00" endTime="2025-07-04T17:19:16.2374679+00:00" testType="13cdc9d9-ddb5-4fa4-a97d-d965ccfc6d4b" outcome="Passed" testListId="8c84fa94-04c1-424b-9868-57a2d4851a1d" relativeResultsDirectory="1bed876c-5899-47ba-a99b-19b673198b06" />
    <UnitTestResult executionId="a0a5400c-4fef-4d53-a779-bfa7273da772" testId="c1342d3f-cfe5-2a38-0aa5-5bb1dded60d1" testName="GetAvgSpeedMetersPerSecond_MaxSpeed_Is_Converted_ForRower(&quot;min/500m&quot;)" computerName="cursor" duration="00:00:00.0005030" startTime="2025-07-04T17:19:16.5071254+00:00" endTime="2025-07-04T17:19:16.5076279+00:00" testType="13cdc9d9-ddb5-4fa4-a97d-d965ccfc6d4b" outcome="Passed" testListId="8c84fa94-04c1-424b-9868-57a2d4851a1d" relativeResultsDirectory="a0a5400c-4fef-4d53-a779-bfa7273da772" />
    <UnitTestResult executionId="55861e77-5477-4e9d-a01a-1649fd6e2404" testId="8ffd8b18-d6d0-548c-74c2-04f1656b2a67" testName="Fit_Converter_Creates_Valid_Fit(&quot;walking_outdoor_01&quot;,Class_Targets)" computerName="cursor" duration="00:00:00.0387640" startTime="2025-07-04T17:19:17.3873873+00:00" endTime="2025-07-04T17:19:17.4261501+00:00" testType="13cdc9d9-ddb5-4fa4-a97d-d965ccfc6d4b" outcome="Passed" testListId="8c84fa94-04c1-424b-9868-57a2d4851a1d" relativeResultsDirectory="55861e77-5477-4e9d-a01a-1649fd6e2404" />
    <UnitTestResult executionId="7cc4d525-56ed-46e7-9c87-f6c7abb44829" testId="7e6b377b-da80-8660-0cbe-f8207030359e" testName="GetAsync_WithInvalid_PageSize_Returns400(0)" computerName="cursor" duration="00:00:00.0003180" startTime="2025-07-04T17:19:16.1733301+00:00" endTime="2025-07-04T17:19:16.1736477+00:00" testType="13cdc9d9-ddb5-4fa4-a97d-d965ccfc6d4b" outcome="Passed" testListId="8c84fa94-04c1-424b-9868-57a2d4851a1d" relativeResultsDirectory="7cc4d525-56ed-46e7-9c87-f6c7abb44829" />
    <UnitTestResult executionId="2290c73c-4193-478c-b22d-04484a41190d" testId="d6dde4b8-a4fc-4b5b-9a35-fb6803cc084a" testName="GetCyclingFtp_Should_PickCorrectValue(Workout { Id = , Status = , Title = , Name = , Created_At = 0, Fitness_Discipline = None, Is_Outdoor = False, Ride = , End_Time = , Start_Time = 0, Total_Work = 0, Ftp_Info = Common.Dto.Peloton.FTPInfo, Movement_Tracker_Data =  },UserData { Cycling_Ftp_Source = , Cycling_Workout_Ftp = 0, Cycling_Ftp_Workout_Id = , Cycling_Ftp = 0, Estimated_Cycling_Ftp = 0, Default_Max_Heart_Rate = 0, Customized_Max_Heart_Rate = 0, Weight = 0 },100)" computerName="cursor" duration="00:00:00.0000570" startTime="2025-07-04T17:19:16.5109299+00:00" endTime="2025-07-04T17:19:16.5109865+00:00" testType="13cdc9d9-ddb5-4fa4-a97d-d965ccfc6d4b" outcome="Passed" testListId="8c84fa94-04c1-424b-9868-57a2d4851a1d" relativeResultsDirectory="2290c73c-4193-478c-b22d-04484a41190d" />
    <UnitTestResult executionId="2f5c7126-352a-4ef0-94ef-ce14dd630ce9" testId="1f11f397-ee55-128c-cbfe-d24a76ba64fc" testName="Fit_Converter_Builds_Valid_DeviceInfoMesg(5,0)" computerName="cursor" duration="00:00:00.0102740" startTime="2025-07-04T17:19:16.5343399+00:00" endTime="2025-07-04T17:19:16.5446139+00:00" testType="13cdc9d9-ddb5-4fa4-a97d-d965ccfc6d4b" outcome="Passed" testListId="8c84fa94-04c1-424b-9868-57a2d4851a1d" relativeResultsDirectory="2f5c7126-352a-4ef0-94ef-ce14dd630ce9" />
    <UnitTestResult executionId="07280ae7-76eb-41b0-8dbe-d6ca2f864d39" testId="8295ddec-770c-14e6-b606-dce5449eaea6" testName="GetStackedWorkouts_Should_Honor_TimeGap(100)" computerName="cursor" duration="00:00:00.0004020" startTime="2025-07-04T17:19:17.7896200+00:00" endTime="2025-07-04T17:19:17.7900219+00:00" testType="13cdc9d9-ddb5-4fa4-a97d-d965ccfc6d4b" outcome="Passed" testListId="8c84fa94-04c1-424b-9868-57a2d4851a1d" relativeResultsDirectory="07280ae7-76eb-41b0-8dbe-d6ca2f864d39" />
    <UnitTestResult executionId="3ee6b69f-49b6-4d7c-9909-4520dd67534d" testId="98523b04-0b64-512a-fc6b-20bcb74b8475" testName="SyncAsync_When_SyncUnsuccessful_OkResult_Returned" computerName="cursor" duration="00:00:00.0007540" startTime="2025-07-04T17:19:16.1982054+00:00" endTime="2025-07-04T17:19:16.1989591+00:00" testType="13cdc9d9-ddb5-4fa4-a97d-d965ccfc6d4b" outcome="Passed" testListId="8c84fa94-04c1-424b-9868-57a2d4851a1d" relativeResultsDirectory="3ee6b69f-49b6-4d7c-9909-4520dd67534d" />
    <UnitTestResult executionId="2b6ec12e-fa11-4523-a1aa-b7d2e76b0f99" testId="50a50460-ef18-ddcc-6082-e5f270fa26bf" testName="Fit_Converter_Creates_Valid_Fit(&quot;tread_run_workout&quot;,Distance)" computerName="cursor" duration="00:00:00.0347919" startTime="2025-07-04T17:19:16.9603661+00:00" endTime="2025-07-04T17:19:16.9951576+00:00" testType="13cdc9d9-ddb5-4fa4-a97d-d965ccfc6d4b" outcome="Passed" testListId="8c84fa94-04c1-424b-9868-57a2d4851a1d" relativeResultsDirectory="2b6ec12e-fa11-4523-a1aa-b7d2e76b0f99" />
    <UnitTestResult executionId="74b58994-04fe-43a2-b902-9d8f9bd8b3a5" testId="0afa58fd-6240-6049-1c3f-87d4db08ddd5" testName="DefaultConfigInit_Garmin_ShouldHaveDefaulValues" computerName="cursor" duration="00:00:00.0004880" startTime="2025-07-04T17:19:16.2488744+00:00" endTime="2025-07-04T17:19:16.2493627+00:00" testType="13cdc9d9-ddb5-4fa4-a97d-d965ccfc6d4b" outcome="Passed" testListId="8c84fa94-04c1-424b-9868-57a2d4851a1d" relativeResultsDirectory="74b58994-04fe-43a2-b902-9d8f9bd8b3a5" />
    <UnitTestResult executionId="685d070d-b854-4342-ac5b-7ea8a5ddfbb5" testId="42f03ffa-f437-f05c-45e6-84b2cd5c6369" testName="GetCalorieSummary_ShouldPickCorrectValue(null,null)" computerName="cursor" duration="00:00:00.0003770" startTime="2025-07-04T17:19:16.5078280+00:00" endTime="2025-07-04T17:19:16.5082052+00:00" testType="13cdc9d9-ddb5-4fa4-a97d-d965ccfc6d4b" outcome="Passed" testListId="8c84fa94-04c1-424b-9868-57a2d4851a1d" relativeResultsDirectory="685d070d-b854-4342-ac5b-7ea8a5ddfbb5" />
    <UnitTestResult executionId="d5221178-7ebd-4d70-9b33-35a8651bb82b" testId="3284b07a-7571-dcf3-ead1-d8814491e90e" testName="Fit_Converter_Creates_Valid_Fit(&quot;rower_workout&quot;,Class_Targets)" computerName="cursor" duration="00:00:00.0124490" startTime="2025-07-04T17:19:17.4539183+00:00" endTime="2025-07-04T17:19:17.4663661+00:00" testType="13cdc9d9-ddb5-4fa4-a97d-d965ccfc6d4b" outcome="Passed" testListId="8c84fa94-04c1-424b-9868-57a2d4851a1d" relativeResultsDirectory="d5221178-7ebd-4d70-9b33-35a8651bb82b" />
    <UnitTestResult executionId="636f8222-698b-478c-a2ca-660e9f0cb83e" testId="eab8ebf0-54b4-13a2-2fb5-0a38dd3299e0" testName="CombineLocationData_When_Coordinates_Is_NullOrEmpty_SkipsEmpty" computerName="cursor" duration="00:00:00.0006179" startTime="2025-07-04T17:19:17.7811955+00:00" endTime="2025-07-04T17:19:17.7818127+00:00" testType="13cdc9d9-ddb5-4fa4-a97d-d965ccfc6d4b" outcome="Passed" testListId="8c84fa94-04c1-424b-9868-57a2d4851a1d" relativeResultsDirectory="636f8222-698b-478c-a2ca-660e9f0cb83e" />
    <UnitTestResult executionId="ac7c2716-fb95-4ea7-bd1e-2eabba992276" testId="bcb59029-4013-44e5-44e0-773cef3135ff" testName="ShouldConvert_ShouldOnly_Support_Fit(False,True,True)" computerName="cursor" duration="00:00:00.0000390" startTime="2025-07-04T17:19:17.4681611+00:00" endTime="2025-07-04T17:19:17.4681999+00:00" testType="13cdc9d9-ddb5-4fa4-a97d-d965ccfc6d4b" outcome="Passed" testListId="8c84fa94-04c1-424b-9868-57a2d4851a1d" relativeResultsDirectory="ac7c2716-fb95-4ea7-bd1e-2eabba992276" />
    <UnitTestResult executionId="96fed998-95a3-429b-857a-1e3d014cb8d7" testId="64fe6d76-4be3-fbf9-7fa1-b2e98e27e97a" testName="GetTotalDistanceTest_Distance_Is_Converted_To_Meters(&quot;m&quot;)" computerName="cursor" duration="00:00:00.0000030" startTime="2025-07-04T17:19:16.5197359+00:00" endTime="2025-07-04T17:19:16.5197388+00:00" testType="13cdc9d9-ddb5-4fa4-a97d-d965ccfc6d4b" outcome="Passed" testListId="8c84fa94-04c1-424b-9868-57a2d4851a1d" relativeResultsDirectory="96fed998-95a3-429b-857a-1e3d014cb8d7" />
    <UnitTestResult executionId="b125be49-01ce-4e14-bbdd-cabe093f47dd" testId="2b942204-73d5-5e1a-b900-79a487486712" testName="GetAsync_Calls_Service" computerName="cursor" duration="00:00:00.0101260" startTime="2025-07-04T17:19:16.2062495+00:00" endTime="2025-07-04T17:19:16.2163747+00:00" testType="13cdc9d9-ddb5-4fa4-a97d-d965ccfc6d4b" outcome="Passed" testListId="8c84fa94-04c1-424b-9868-57a2d4851a1d" relativeResultsDirectory="b125be49-01ce-4e14-bbdd-cabe093f47dd" />
    <UnitTestResult executionId="b3578918-3135-4f96-8611-025f9f98dc71" testId="f71c24be-a83b-8f80-8fa8-303d407e89a5" testName="SyncAsync_With_NullRequest_Returns400" computerName="cursor" duration="00:00:00.0005860" startTime="2025-07-04T17:19:16.2024753+00:00" endTime="2025-07-04T17:19:16.2030610+00:00" testType="13cdc9d9-ddb5-4fa4-a97d-d965ccfc6d4b" outcome="Passed" testListId="8c84fa94-04c1-424b-9868-57a2d4851a1d" relativeResultsDirectory="b3578918-3135-4f96-8611-025f9f98dc71" />
    <UnitTestResult executionId="f1c294c8-6fc0-4a8f-9a54-15106f09e013" testId="351c592c-fc72-5a82-9817-d79a90df7614" testName="GetStackedWorkouts_When_OneWorkout_Returns_One" computerName="cursor" duration="00:00:00.0005750" startTime="2025-07-04T17:19:17.7931727+00:00" endTime="2025-07-04T17:19:17.7937471+00:00" testType="13cdc9d9-ddb5-4fa4-a97d-d965ccfc6d4b" outcome="Passed" testListId="8c84fa94-04c1-424b-9868-57a2d4851a1d" relativeResultsDirectory="f1c294c8-6fc0-4a8f-9a54-15106f09e013" />
    <UnitTestResult executionId="e234b54a-8acc-48fd-a03d-d71657499edf" testId="92fda280-c4fb-442b-e883-7176a9e8efce" testName="GetAsync_WithInvalid_PageIndex_Returns400(-1)" computerName="cursor" duration="00:00:00.0005380" startTime="2025-07-04T17:19:16.1720472+00:00" endTime="2025-07-04T17:19:16.1725854+00:00" testType="13cdc9d9-ddb5-4fa4-a97d-d965ccfc6d4b" outcome="Passed" testListId="8c84fa94-04c1-424b-9868-57a2d4851a1d" relativeResultsDirectory="e234b54a-8acc-48fd-a03d-d71657499edf" />
    <UnitTestResult executionId="5fe750a7-486c-4190-8ab9-e11f6dc8fa78" testId="40d62d25-6314-3e34-3219-b1749d2933c4" testName="GetCustomDeviceInfoAsync_Choose_CorrectDevice_For_WorkoutType(OutdoorWalking)" computerName="cursor" duration="00:00:00.0002540" startTime="2025-07-04T17:19:16.3834784+00:00" endTime="2025-07-04T17:19:16.3837326+00:00" testType="13cdc9d9-ddb5-4fa4-a97d-d965ccfc6d4b" outcome="Passed" testListId="8c84fa94-04c1-424b-9868-57a2d4851a1d" relativeResultsDirectory="5fe750a7-486c-4190-8ab9-e11f6dc8fa78" />
    <UnitTestResult executionId="9f694849-10ef-4c3d-8e57-8f5566ea930e" testId="d7a6f086-e375-76ac-3b77-3efb22d2def2" testName="GetGarminAuthenticationAsync_WhenNoTokens_ShouldSignIn" computerName="cursor" duration="00:00:00.0067710" startTime="2025-07-04T17:19:17.6604680+00:00" endTime="2025-07-04T17:19:17.6672384+00:00" testType="13cdc9d9-ddb5-4fa4-a97d-d965ccfc6d4b" outcome="Failed" testListId="8c84fa94-04c1-424b-9868-57a2d4851a1d" relativeResultsDirectory="9f694849-10ef-4c3d-8e57-8f5566ea930e">
      <Output>
        <ErrorInfo>
          <Message>Garmin.Auth.GarminAuthenticationError : Failed to parse csrf token.
  ----&gt; Garmin.Auth.GarminAuthenticationError : Failed to find regex match for csrf token. tokenResult: &lt;input name='_csrf' value='csrf-token' /&gt;</Message>
          <StackTrace>   at Garmin.Auth.GarminAuthenticationService.FindCsrfToken(String rawResponseBody, Code failureStepCode) in /workspace/src/Garmin/Auth/GarminAuthenticationService.cs:line 303
   at Garmin.Auth.GarminAuthenticationService.SignInAsync() in /workspace/src/Garmin/Auth/GarminAuthenticationService.cs:line 131
   at Garmin.Auth.GarminAuthenticationService.GetGarminAuthenticationAsync() in /workspace/src/Garmin/Auth/GarminAuthenticationService.cs:line 87
   at UnitTests.Garmin.GarminAuthenticationServiceTests.GetGarminAuthenticationAsync_WhenNoTokens_ShouldSignIn() in /workspace/src/UnitTests/Garmin/GarminAuthenticationServiceTests.cs:line 228
   at NUnit.Framework.Internal.TaskAwaitAdapter.GenericAdapter`1.GetResult()
   at NUnit.Framework.Internal.AsyncToSyncAdapter.Await[TResult](TestExecutionContext context, Func`1 invoke)
   at NUnit.Framework.Internal.AsyncToSyncAdapter.Await(TestExecutionContext context, Func`1 invoke)
   at NUnit.Framework.Internal.Commands.TestMethodCommand.RunTestMethod(TestExecutionContext context)
   at NUnit.Framework.Internal.Commands.TestMethodCommand.Execute(TestExecutionContext context)
   at NUnit.Framework.Internal.Commands.BeforeAndAfterTestCommand.&lt;&gt;c__DisplayClass1_0.&lt;Execute&gt;b__0()
   at NUnit.Framework.Internal.Commands.DelegatingTestCommand.RunTestMethodInThreadAbortSafeZone(TestExecutionContext context, Action action)
--GarminAuthenticationError
   at Garmin.Auth.GarminAuthenticationService.FindCsrfToken(String rawResponseBody, Code failureStepCode) in /workspace/src/Garmin/Auth/GarminAuthenticationService.cs:line 292
</StackTrace>
        </ErrorInfo>
      </Output>
    </UnitTestResult>
    <UnitTestResult executionId="a3dc340d-52fa-4f3a-a04e-0dfab2a72b34" testId="97df3935-67e3-f4a9-e35f-d1185c26ea7e" testName="ShouldConvert_ShouldOnly_Support_TCX(True,False,True)" computerName="cursor" duration="00:00:00.0000950" startTime="2025-07-04T17:19:17.4722174+00:00" endTime="2025-07-04T17:19:17.4723125+00:00" testType="13cdc9d9-ddb5-4fa4-a97d-d965ccfc6d4b" outcome="Passed" testListId="8c84fa94-04c1-424b-9868-57a2d4851a1d" relativeResultsDirectory="a3dc340d-52fa-4f3a-a04e-0dfab2a72b34" />
    <UnitTestResult executionId="3499459a-3457-479c-8b60-1c5b3d0613f0" testId="66ce8a3b-e460-c668-203e-af4091fa629b" testName="MigrateToAdminUserAsync_When_FailsToMigrate_DoesNotThrow" computerName="cursor" duration="00:00:00.0081790" startTime="2025-07-04T17:19:16.2516713+00:00" endTime="2025-07-04T17:19:16.2598484+00:00" testType="13cdc9d9-ddb5-4fa4-a97d-d965ccfc6d4b" outcome="Passed" testListId="8c84fa94-04c1-424b-9868-57a2d4851a1d" relativeResultsDirectory="3499459a-3457-479c-8b60-1c5b3d0613f0" />
    <UnitTestResult executionId="fbdcf2a2-2219-4eb5-bbd3-71db730cc7a3" testId="15d3c971-2e43-ba8e-f944-5da63daf7120" testName="GetAsync_WhenRequest_Enriches_LatestVersionInfo" computerName="cursor" duration="00:00:00.0022910" startTime="2025-07-04T17:19:16.2441420+00:00" endTime="2025-07-04T17:19:16.2464329+00:00" testType="13cdc9d9-ddb5-4fa4-a97d-d965ccfc6d4b" outcome="Passed" testListId="8c84fa94-04c1-424b-9868-57a2d4851a1d" relativeResultsDirectory="fbdcf2a2-2219-4eb5-bbd3-71db730cc7a3" />
    <UnitTestResult executionId="60550760-2973-4dd9-95da-4c36babf5bc3" testId="5dc5ff5a-2b01-503e-5d7e-47330abf8c64" testName="GetWorkoutType_Should_Map_Correctly(Stretching,False)" computerName="cursor" duration="00:00:00.0000020" startTime="2025-07-04T17:19:16.2651865+00:00" endTime="2025-07-04T17:19:16.2651884+00:00" testType="13cdc9d9-ddb5-4fa4-a97d-d965ccfc6d4b" outcome="Passed" testListId="8c84fa94-04c1-424b-9868-57a2d4851a1d" relativeResultsDirectory="60550760-2973-4dd9-95da-4c36babf5bc3" />
    <UnitTestResult executionId="3f060d55-ef5d-4ea5-82d5-dd7dd7f3011b" testId="37ef04ad-f698-694b-d165-3e43c8009b4c" testName="ShouldConvert_ShouldOnly_Support_TCX(False,True,False)" computerName="cursor" duration="00:00:00.0000410" startTime="2025-07-04T17:19:17.4724541+00:00" endTime="2025-07-04T17:19:17.4724951+00:00" testType="13cdc9d9-ddb5-4fa4-a97d-d965ccfc6d4b" outcome="Passed" testListId="8c84fa94-04c1-424b-9868-57a2d4851a1d" relativeResultsDirectory="3f060d55-ef5d-4ea5-82d5-dd7dd7f3011b" />
    <UnitTestResult executionId="1d059109-ad6d-44ff-9d99-3de8d3bc7de1" testId="ecf23342-08d1-9743-912b-4dd2ea8bbf0d" testName="GetWorkoutType_Should_Map_Correctly(Cycling,False)" computerName="cursor" duration="00:00:00.0000030" startTime="2025-07-04T17:19:16.2651065+00:00" endTime="2025-07-04T17:19:16.2651094+00:00" testType="13cdc9d9-ddb5-4fa4-a97d-d965ccfc6d4b" outcome="Passed" testListId="8c84fa94-04c1-424b-9868-57a2d4851a1d" relativeResultsDirectory="1d059109-ad6d-44ff-9d99-3de8d3bc7de1" />
    <UnitTestResult executionId="f05ad166-27a6-459f-96ef-dfbf9d0d9eaf" testId="61a66b7d-f265-2ce8-5c72-363964efc937" testName="GetCustomDeviceInfoAsync_Choose_CorrectDevice_For_WorkoutType(Circuit)" computerName="cursor" duration="00:00:00.0002980" startTime="2025-07-04T17:19:16.3840059+00:00" endTime="2025-07-04T17:19:16.3843041+00:00" testType="13cdc9d9-ddb5-4fa4-a97d-d965ccfc6d4b" outcome="Passed" testListId="8c84fa94-04c1-424b-9868-57a2d4851a1d" relativeResultsDirectory="f05ad166-27a6-459f-96ef-dfbf9d0d9eaf" />
    <UnitTestResult executionId="9c5fc406-2305-41a1-8f1c-bc612a0ea9df" testId="bb678a6e-ec56-e1f0-69a7-ebac1a815aec" testName="TryDeserializeXml_Validate_Async_ReadAccess" computerName="cursor" duration="00:00:00.0212420" startTime="2025-07-04T17:19:16.3429553+00:00" endTime="2025-07-04T17:19:16.3641964+00:00" testType="13cdc9d9-ddb5-4fa4-a97d-d965ccfc6d4b" outcome="Passed" testListId="8c84fa94-04c1-424b-9868-57a2d4851a1d" relativeResultsDirectory="9c5fc406-2305-41a1-8f1c-bc612a0ea9df" />
    <UnitTestResult executionId="470969d9-ef50-4b35-ad99-66f63029eaa0" testId="679ffb1f-722e-7511-f018-537de05ea402" testName="Json_Can_Deserialzize_To_Metric" computerName="cursor" duration="00:00:00.0504700" startTime="2025-07-04T17:19:16.2654072+00:00" endTime="2025-07-04T17:19:16.3158767+00:00" testType="13cdc9d9-ddb5-4fa4-a97d-d965ccfc6d4b" outcome="Passed" testListId="8c84fa94-04c1-424b-9868-57a2d4851a1d" relativeResultsDirectory="470969d9-ef50-4b35-ad99-66f63029eaa0" />
    <UnitTestResult executionId="bb5bdd67-e01c-4a32-b31c-ce7f405af69f" testId="68e2219d-c4aa-3dde-5711-40eee752b346" testName="GetTimeStampTest(0L)" computerName="cursor" duration="00:00:00.0005720" startTime="2025-07-04T17:19:16.5180816+00:00" endTime="2025-07-04T17:19:16.5186538+00:00" testType="13cdc9d9-ddb5-4fa4-a97d-d965ccfc6d4b" outcome="Passed" testListId="8c84fa94-04c1-424b-9868-57a2d4851a1d" relativeResultsDirectory="bb5bdd67-e01c-4a32-b31c-ce7f405af69f" />
    <UnitTestResult executionId="83722ba5-3097-4ca2-a21b-a54f85d7f007" testId="1ee5a8be-7fbf-b2a3-f39d-41d7dc6a8265" testName="GetEndTimeTest" computerName="cursor" duration="00:00:00.0004150" startTime="2025-07-04T17:19:16.5129087+00:00" endTime="2025-07-04T17:19:16.5133232+00:00" testType="13cdc9d9-ddb5-4fa4-a97d-d965ccfc6d4b" outcome="Passed" testListId="8c84fa94-04c1-424b-9868-57a2d4851a1d" relativeResultsDirectory="83722ba5-3097-4ca2-a21b-a54f85d7f007" />
    <UnitTestResult executionId="d2f75218-d450-498f-9943-ccaa17712ec5" testId="c5edfa28-98cf-2731-3e28-848ac5ce875c" testName="GetMaxSpeedMetersPerSecond_MaxSpeed_Is_Converted(&quot;mph&quot;)" computerName="cursor" duration="00:00:00.0002280" startTime="2025-07-04T17:19:16.5157484+00:00" endTime="2025-07-04T17:19:16.5159764+00:00" testType="13cdc9d9-ddb5-4fa4-a97d-d965ccfc6d4b" outcome="Passed" testListId="8c84fa94-04c1-424b-9868-57a2d4851a1d" relativeResultsDirectory="d2f75218-d450-498f-9943-ccaa17712ec5" />
    <UnitTestResult executionId="e6d87979-081a-4eb8-9633-a1d2e44788d6" testId="3ca99e82-4aeb-324f-c71a-0460d242731c" testName="GetTitle_Should_ReplaceInvalidChars(&quot;My Title&quot;,&quot;Some Instructor&quot;)" computerName="cursor" duration="00:00:00.0009920" startTime="2025-07-04T17:19:16.4799460+00:00" endTime="2025-07-04T17:19:16.4809373+00:00" testType="13cdc9d9-ddb5-4fa4-a97d-d965ccfc6d4b" outcome="NotExecuted" testListId="8c84fa94-04c1-424b-9868-57a2d4851a1d" relativeResultsDirectory="e6d87979-081a-4eb8-9633-a1d2e44788d6">
      <Output>
        <StdOut>OneTimeSetUp: Not supported on Unix,Linux,MacOSX</StdOut>
        <ErrorInfo>
          <Message>OneTimeSetUp: Not supported on Unix,Linux,MacOSX</Message>
        </ErrorInfo>
      </Output>
    </UnitTestResult>
    <UnitTestResult executionId="ba12be80-a25d-45fc-b55d-92cf70fea9e3" testId="60123ba9-8c0d-8a64-f91a-5e13ce5ae077" testName="DefaultConfigInit_App_ShouldHaveDefaulValues" computerName="cursor" duration="00:00:00.0004240" startTime="2025-07-04T17:19:16.2473603+00:00" endTime="2025-07-04T17:19:16.2477840+00:00" testType="13cdc9d9-ddb5-4fa4-a97d-d965ccfc6d4b" outcome="Passed" testListId="8c84fa94-04c1-424b-9868-57a2d4851a1d" relativeResultsDirectory="ba12be80-a25d-45fc-b55d-92cf70fea9e3" />
    <UnitTestResult executionId="ec3ce5e1-76f4-4cf5-9639-eed05b8afcfb" testId="6fb834a5-79fd-9861-a797-b2a3f40a7fc1" testName="GetCyclingFtp_Should_PickCorrectValue(null,UserData { Cycling_Ftp_Source = Ftp_Manual_Source, Cycling_Workout_Ftp = 2, Cycling_Ftp_Workout_Id = , Cycling_Ftp = 100, Estimated_Cycling_Ftp = 3, Default_Max_Heart_Rate = 0, Customized_Max_Heart_Rate = 0, Weight = 0 },95)" computerName="cursor" duration="00:00:00.0000260" startTime="2025-07-04T17:19:16.5110564+00:00" endTime="2025-07-04T17:19:16.5110822+00:00" testType="13cdc9d9-ddb5-4fa4-a97d-d965ccfc6d4b" outcome="Passed" testListId="8c84fa94-04c1-424b-9868-57a2d4851a1d" relativeResultsDirectory="ec3ce5e1-76f4-4cf5-9639-eed05b8afcfb" />
    <UnitTestResult executionId="3bfb24e5-d284-4fa7-b786-7ab1d4063c28" testId="0153e39d-fc01-401a-b752-5ada10912238" testName="DefaultConfigInit_Peloton_ShouldHaveDefaulValues" computerName="cursor" duration="00:00:00.0016710" startTime="2025-07-04T17:19:16.2498654+00:00" endTime="2025-07-04T17:19:16.2515362+00:00" testType="13cdc9d9-ddb5-4fa4-a97d-d965ccfc6d4b" outcome="Passed" testListId="8c84fa94-04c1-424b-9868-57a2d4851a1d" relativeResultsDirectory="3bfb24e5-d284-4fa7-b786-7ab1d4063c28" />
    <UnitTestResult executionId="9c3930b7-bc20-4d2d-8a9f-8970253e785f" testId="bf4c9772-2cf2-1cd7-ab86-0f3e2d7a1134" testName="StrengthExerciseMappings_ShouldNotHaveDuplicateIds" computerName="cursor" duration="00:00:00.0001630" startTime="2025-07-04T17:19:16.5333897+00:00" endTime="2025-07-04T17:19:16.5335532+00:00" testType="13cdc9d9-ddb5-4fa4-a97d-d965ccfc6d4b" outcome="Passed" testListId="8c84fa94-04c1-424b-9868-57a2d4851a1d" relativeResultsDirectory="9c3930b7-bc20-4d2d-8a9f-8970253e785f" />
    <UnitTestResult executionId="3a1c4ed0-3bb8-4c88-847e-198b09f34212" testId="a45b0da2-eb2b-b9b6-85db-5a1df2e22596" testName="PelotonPost_With_PasswordChange_Should_Validate_Characters(&quot;a\\&quot;)" computerName="cursor" duration="00:00:00.0000480" startTime="2025-07-04T17:19:16.2379273+00:00" endTime="2025-07-04T17:19:16.2379752+00:00" testType="13cdc9d9-ddb5-4fa4-a97d-d965ccfc6d4b" outcome="Passed" testListId="8c84fa94-04c1-424b-9868-57a2d4851a1d" relativeResultsDirectory="3a1c4ed0-3bb8-4c88-847e-198b09f34212" />
    <UnitTestResult executionId="fc604a32-ec5c-45cf-8720-624011f824e0" testId="a7b99d22-ee3f-ab47-ab68-89dfe253a5a4" testName="StrengthExerciseMappings_PushUpVariations_ShouldMapToPushUpCategory" computerName="cursor" duration="00:00:00.0001030" startTime="2025-07-04T17:19:16.5253197+00:00" endTime="2025-07-04T17:19:16.5254226+00:00" testType="13cdc9d9-ddb5-4fa4-a97d-d965ccfc6d4b" outcome="Passed" testListId="8c84fa94-04c1-424b-9868-57a2d4851a1d" relativeResultsDirectory="fc604a32-ec5c-45cf-8720-624011f824e0" />
    <UnitTestResult executionId="465ea379-933e-413b-8d69-e048682d2efa" testId="32b482d6-93d8-7c20-38aa-1450f325d87f" testName="ValidateConfig_Disabled_DoesNotThrow" computerName="cursor" duration="00:00:00.0002370" startTime="2025-07-04T17:19:16.3879502+00:00" endTime="2025-07-04T17:19:16.3881874+00:00" testType="13cdc9d9-ddb5-4fa4-a97d-d965ccfc6d4b" outcome="Passed" testListId="8c84fa94-04c1-424b-9868-57a2d4851a1d" relativeResultsDirectory="465ea379-933e-413b-8d69-e048682d2efa" />
    <UnitTestResult executionId="42fe26c8-4258-437d-8ffd-bf1f546a8ce9" testId="59ec3057-e73c-9bdc-c923-5de846e585bc" testName="GarminPost_With_EmailChange_Should_SignOut_of_Garmin" computerName="cursor" duration="00:00:00.0055260" startTime="2025-07-04T17:19:16.2223807+00:00" endTime="2025-07-04T17:19:16.2279059+00:00" testType="13cdc9d9-ddb5-4fa4-a97d-d965ccfc6d4b" outcome="Passed" testListId="8c84fa94-04c1-424b-9868-57a2d4851a1d" relativeResultsDirectory="42fe26c8-4258-437d-8ffd-bf1f546a8ce9" />
    <UnitTestResult executionId="0cf13be1-e261-402a-8610-32555d25190f" testId="ea26bba9-26a9-f3ea-e08a-46ddb2f7a2e3" testName="GetMaxSpeedMetersPerSecond_MaxSpeed_Is_Converted(&quot;m&quot;)" computerName="cursor" duration="00:00:00.0000290" startTime="2025-07-04T17:19:16.5161017+00:00" endTime="2025-07-04T17:19:16.5161304+00:00" testType="13cdc9d9-ddb5-4fa4-a97d-d965ccfc6d4b" outcome="Passed" testListId="8c84fa94-04c1-424b-9868-57a2d4851a1d" relativeResultsDirectory="0cf13be1-e261-402a-8610-32555d25190f" />
    <UnitTestResult executionId="c2496afc-d74a-49af-a082-bb1ab68217ef" testId="bbc1ffe3-9214-8c97-a7b1-dc448d582233" testName="ConvertDistanceToMetersTest(&quot;KM&quot;)" computerName="cursor" duration="00:00:00.0000040" startTime="2025-07-04T17:19:16.5042107+00:00" endTime="2025-07-04T17:19:16.5042149+00:00" testType="13cdc9d9-ddb5-4fa4-a97d-d965ccfc6d4b" outcome="Passed" testListId="8c84fa94-04c1-424b-9868-57a2d4851a1d" relativeResultsDirectory="c2496afc-d74a-49af-a082-bb1ab68217ef" />
    <UnitTestResult executionId="685d7bec-b6a9-43dd-862c-aa6d98810b67" testId="aaaa3256-d978-8c2d-a1cb-bf2139c5503e" testName="IsRest_WhenNotRestExerciseId_ShouldReturnFalse" computerName="cursor" duration="00:00:00.0001150" startTime="2025-07-04T17:19:16.5236806+00:00" endTime="2025-07-04T17:19:16.5237954+00:00" testType="13cdc9d9-ddb5-4fa4-a97d-d965ccfc6d4b" outcome="Passed" testListId="8c84fa94-04c1-424b-9868-57a2d4851a1d" relativeResultsDirectory="685d7bec-b6a9-43dd-862c-aa6d98810b67" />
    <UnitTestResult executionId="95a8d2b0-c090-46b2-9498-c6b45439ccf8" testId="91230b95-4cc3-de7c-060a-759628c104c9" testName="GetStackedWorkouts_Should_Honor_TimeGap(300)" computerName="cursor" duration="00:00:00.0000590" startTime="2025-07-04T17:19:17.7900395+00:00" endTime="2025-07-04T17:19:17.7900984+00:00" testType="13cdc9d9-ddb5-4fa4-a97d-d965ccfc6d4b" outcome="Passed" testListId="8c84fa94-04c1-424b-9868-57a2d4851a1d" relativeResultsDirectory="95a8d2b0-c090-46b2-9498-c6b45439ccf8" />
    <UnitTestResult executionId="10b50a5d-cbc7-4fd3-acc3-f7814e5ec5a9" testId="0cc7f3aa-f0d7-1b81-ab81-fbb4b82c74b0" testName="GetWorkoutType_Should_Map_Correctly(Caesar,False)" computerName="cursor" duration="00:00:00.0000020" startTime="2025-07-04T17:19:16.2652608+00:00" endTime="2025-07-04T17:19:16.2652626+00:00" testType="13cdc9d9-ddb5-4fa4-a97d-d965ccfc6d4b" outcome="Passed" testListId="8c84fa94-04c1-424b-9868-57a2d4851a1d" relativeResultsDirectory="10b50a5d-cbc7-4fd3-acc3-f7814e5ec5a9" />
    <UnitTestResult executionId="e85b1994-7240-424f-9fcb-961146f5c017" testId="d673f751-f8e9-a52d-95f0-a6dc176b75a2" testName="PagingResponseBase_Calculates_HasNext_Correctly(-1,-1)" computerName="cursor" duration="00:00:00.0002310" startTime="2025-07-04T17:19:16.2467010+00:00" endTime="2025-07-04T17:19:16.2469317+00:00" testType="13cdc9d9-ddb5-4fa4-a97d-d965ccfc6d4b" outcome="Passed" testListId="8c84fa94-04c1-424b-9868-57a2d4851a1d" relativeResultsDirectory="e85b1994-7240-424f-9fcb-961146f5c017" />
    <UnitTestResult executionId="b558f18b-aeee-4077-80b2-7c3d0d9eb627" testId="ca884c7e-f0a7-5df6-48da-a7247125fe65" testName="GetWorkoutType_Should_Map_Correctly(Cycling,True)" computerName="cursor" duration="00:00:00.0000100" startTime="2025-07-04T17:19:16.2650935+00:00" endTime="2025-07-04T17:19:16.2651038+00:00" testType="13cdc9d9-ddb5-4fa4-a97d-d965ccfc6d4b" outcome="Passed" testListId="8c84fa94-04c1-424b-9868-57a2d4851a1d" relativeResultsDirectory="b558f18b-aeee-4077-80b2-7c3d0d9eb627" />
    <UnitTestResult executionId="4f436e6d-9e53-4144-aa40-6c65ffb53c7f" testId="f3419d14-be7c-64f4-b8d0-70c944d70339" testName="DefaultConfigInit_Observability_Prometheus_ShouldHaveDefaulValues" computerName="cursor" duration="00:00:00.0001410" startTime="2025-07-04T17:19:16.2497197+00:00" endTime="2025-07-04T17:19:16.2498611+00:00" testType="13cdc9d9-ddb5-4fa4-a97d-d965ccfc6d4b" outcome="Passed" testListId="8c84fa94-04c1-424b-9868-57a2d4851a1d" relativeResultsDirectory="4f436e6d-9e53-4144-aa40-6c65ffb53c7f" />
    <UnitTestResult executionId="63d5861f-44c3-4fe8-9bad-206c9191f96c" testId="248d5f3f-97e6-5c8e-3113-984eb4fab62a" testName="GetCustomDeviceInfoAsync_Choose_CorrectDevice_For_WorkoutType(Yoga)" computerName="cursor" duration="00:00:00.0003730" startTime="2025-07-04T17:19:16.3849813+00:00" endTime="2025-07-04T17:19:16.3853545+00:00" testType="13cdc9d9-ddb5-4fa4-a97d-d965ccfc6d4b" outcome="Passed" testListId="8c84fa94-04c1-424b-9868-57a2d4851a1d" relativeResultsDirectory="63d5861f-44c3-4fe8-9bad-206c9191f96c" />
    <UnitTestResult executionId="0fcb682c-9a9a-45cd-b933-29e49450a3ab" testId="e0f99cbf-2d29-3c80-a624-7b6e13dd1390" testName="ValidateConfig_InvalidPort_Throws(-1)" computerName="cursor" duration="00:00:00.0035840" startTime="2025-07-04T17:19:16.3645627+00:00" endTime="2025-07-04T17:19:16.3681464+00:00" testType="13cdc9d9-ddb5-4fa4-a97d-d965ccfc6d4b" outcome="Passed" testListId="8c84fa94-04c1-424b-9868-57a2d4851a1d" relativeResultsDirectory="0fcb682c-9a9a-45cd-b933-29e49450a3ab" />
    <UnitTestResult executionId="90746b33-3db6-4fbb-8b72-414fe8c50296" testId="b8aad2c7-2eba-e5db-6418-6d64439beb70" testName="UpdatePelotonSettingsAsync_With_NullRequest_ReturnsError" computerName="cursor" duration="00:00:00.0004150" startTime="2025-07-04T17:19:16.2397956+00:00" endTime="2025-07-04T17:19:16.2402108+00:00" testType="13cdc9d9-ddb5-4fa4-a97d-d965ccfc6d4b" outcome="Passed" testListId="8c84fa94-04c1-424b-9868-57a2d4851a1d" relativeResultsDirectory="90746b33-3db6-4fbb-8b72-414fe8c50296" />
    <UnitTestResult executionId="2d12d66b-d8df-464f-8a49-0558f3f04ec3" testId="e6378227-686b-8b9c-533e-6cebe496380d" testName="IgnoredPelotonExercises_ShouldContainExpectedExercises" computerName="cursor" duration="00:00:00.0020880" startTime="2025-07-04T17:19:16.5215691+00:00" endTime="2025-07-04T17:19:16.5236565+00:00" testType="13cdc9d9-ddb5-4fa4-a97d-d965ccfc6d4b" outcome="Passed" testListId="8c84fa94-04c1-424b-9868-57a2d4851a1d" relativeResultsDirectory="2d12d66b-d8df-464f-8a49-0558f3f04ec3" />
    <UnitTestResult executionId="fd234e93-c4ca-44fb-ad49-587c7056785f" testId="14b4d962-f7f2-ac8b-cce5-4b1ed17e27f6" testName="ValidateConfig_InvalidPort_Throws(-1)" computerName="cursor" duration="00:00:00.0002580" startTime="2025-07-04T17:19:16.3889098+00:00" endTime="2025-07-04T17:19:16.3891681+00:00" testType="13cdc9d9-ddb5-4fa4-a97d-d965ccfc6d4b" outcome="Passed" testListId="8c84fa94-04c1-424b-9868-57a2d4851a1d" relativeResultsDirectory="fd234e93-c4ca-44fb-ad49-587c7056785f" />
    <UnitTestResult executionId="f28fd1d7-b758-425d-8b1f-3f56535b0203" testId="f07ec14b-f484-ba9b-8269-66d16c50ab95" testName="GetOAuth1TokenAsync_WhenNetworkError_ShouldThrowException" computerName="cursor" duration="00:00:00.0009670" startTime="2025-07-04T17:19:17.5473315+00:00" endTime="2025-07-04T17:19:17.5482981+00:00" testType="13cdc9d9-ddb5-4fa4-a97d-d965ccfc6d4b" outcome="Passed" testListId="8c84fa94-04c1-424b-9868-57a2d4851a1d" relativeResultsDirectory="f28fd1d7-b758-425d-8b1f-3f56535b0203" />
    <UnitTestResult executionId="3fbd7603-2a8b-475f-a3a9-2a9c989fe75e" testId="728f4fce-f778-2925-5f0d-e4e53c001ad6" testName="SendCredentialsAsync_WhenHttpRequestFails_ShouldThrowException" computerName="cursor" duration="00:00:00.0022320" startTime="2025-07-04T17:19:17.5626735+00:00" endTime="2025-07-04T17:19:17.5649050+00:00" testType="13cdc9d9-ddb5-4fa4-a97d-d965ccfc6d4b" outcome="Passed" testListId="8c84fa94-04c1-424b-9868-57a2d4851a1d" relativeResultsDirectory="3fbd7603-2a8b-475f-a3a9-2a9c989fe75e" />
    <UnitTestResult executionId="4de286d8-ed56-49c1-9b29-213153b99e5f" testId="356f89fb-8a90-5da8-902f-888a6aa96117" testName="Fit_Converter_Creates_Valid_Fit(&quot;cycling_workout&quot;,Distance)" computerName="cursor" duration="00:00:00.0401330" startTime="2025-07-04T17:19:16.9100129+00:00" endTime="2025-07-04T17:19:16.9501453+00:00" testType="13cdc9d9-ddb5-4fa4-a97d-d965ccfc6d4b" outcome="Passed" testListId="8c84fa94-04c1-424b-9868-57a2d4851a1d" relativeResultsDirectory="4de286d8-ed56-49c1-9b29-213153b99e5f" />
    <UnitTestResult executionId="636ca910-f809-4a8c-af69-8cc8c9d98c87" testId="582f0edc-f793-49fc-2dc3-b59b6fef13d9" testName="GetCustomDeviceInfoAsync_Choose_CorrectDevice_For_WorkoutType(Strength)" computerName="cursor" duration="00:00:00.0003260" startTime="2025-07-04T17:19:16.3843192+00:00" endTime="2025-07-04T17:19:16.3846453+00:00" testType="13cdc9d9-ddb5-4fa4-a97d-d965ccfc6d4b" outcome="Passed" testListId="8c84fa94-04c1-424b-9868-57a2d4851a1d" relativeResultsDirectory="636ca910-f809-4a8c-af69-8cc8c9d98c87" />
    <UnitTestResult executionId="6ee22c58-3c40-411d-8665-b1ad4c3e6e5d" testId="14118ba1-3e16-0557-a7d6-67329481bdad" testName="GetWorkoutType_Should_Map_Correctly(Walking,True)" computerName="cursor" duration="00:00:00.0000060" startTime="2025-07-04T17:19:16.2651371+00:00" endTime="2025-07-04T17:19:16.2651433+00:00" testType="13cdc9d9-ddb5-4fa4-a97d-d965ccfc6d4b" outcome="Passed" testListId="8c84fa94-04c1-424b-9868-57a2d4851a1d" relativeResultsDirectory="6ee22c58-3c40-411d-8665-b1ad4c3e6e5d" />
    <UnitTestResult executionId="9cb64ce6-d206-49f2-8cd6-a81b7804e8cc" testId="1292910c-c26a-af95-32b2-bbd8135a83bf" testName="CombineMetricsData_When_WorkoutSamples_Is_Null_SkipsEmpty" computerName="cursor" duration="00:00:00.0003310" startTime="2025-07-04T17:19:17.7841115+00:00" endTime="2025-07-04T17:19:17.7844425+00:00" testType="13cdc9d9-ddb5-4fa4-a97d-d965ccfc6d4b" outcome="Passed" testListId="8c84fa94-04c1-424b-9868-57a2d4851a1d" relativeResultsDirectory="9cb64ce6-d206-49f2-8cd6-a81b7804e8cc" />
    <UnitTestResult executionId="56234d18-e221-4507-80c8-ed5fef94ed4b" testId="1ca92fc7-e3c6-7524-0643-04b74c0f6f6b" testName="SyncAsync_WhenGarminMfaEnabled_AndNoAuthTokenYet_Returns401" computerName="cursor" duration="00:00:00.0019910" startTime="2025-07-04T17:19:16.1989773+00:00" endTime="2025-07-04T17:19:16.2009682+00:00" testType="13cdc9d9-ddb5-4fa4-a97d-d965ccfc6d4b" outcome="Passed" testListId="8c84fa94-04c1-424b-9868-57a2d4851a1d" relativeResultsDirectory="56234d18-e221-4507-80c8-ed5fef94ed4b" />
    <UnitTestResult executionId="9b80316a-3646-40da-9146-b6d96c99c580" testId="2bb9876a-467f-f530-c09d-3a5b987e6e41" testName="Fit_Converter_Creates_Valid_Fit(&quot;cycling_workout&quot;,Default)" computerName="cursor" duration="00:00:00.1374660" startTime="2025-07-04T17:19:16.5451849+00:00" endTime="2025-07-04T17:19:16.6826502+00:00" testType="13cdc9d9-ddb5-4fa4-a97d-d965ccfc6d4b" outcome="Passed" testListId="8c84fa94-04c1-424b-9868-57a2d4851a1d" relativeResultsDirectory="9b80316a-3646-40da-9146-b6d96c99c580" />
    <UnitTestResult executionId="cc19ab26-b6f3-445d-9307-65a86a92182e" testId="1b1c81ec-4748-1ab4-a634-315a5e08abe0" testName="GetUserMaxHeartRate_NullMetrics_ReturnsNull" computerName="cursor" duration="00:00:00.0006400" startTime="2025-07-04T17:19:16.5199211+00:00" endTime="2025-07-04T17:19:16.5205613+00:00" testType="13cdc9d9-ddb5-4fa4-a97d-d965ccfc6d4b" outcome="Passed" testListId="8c84fa94-04c1-424b-9868-57a2d4851a1d" relativeResultsDirectory="cc19ab26-b6f3-445d-9307-65a86a92182e" />
    <UnitTestResult executionId="0c6ed5e0-2b22-4f7d-a6b4-34581c04ead7" testId="5bc5b8a2-aaeb-0ab7-986f-4a4ddf5047ca" testName="PelotonPost_With_PasswordChange_Should_Validate_Characters(&quot;\\&quot;)" computerName="cursor" duration="00:00:00.0002840" startTime="2025-07-04T17:19:16.2374922+00:00" endTime="2025-07-04T17:19:16.2377761+00:00" testType="13cdc9d9-ddb5-4fa4-a97d-d965ccfc6d4b" outcome="Passed" testListId="8c84fa94-04c1-424b-9868-57a2d4851a1d" relativeResultsDirectory="0c6ed5e0-2b22-4f7d-a6b4-34581c04ead7" />
    <UnitTestResult executionId="b8ed0a7d-f8f1-48c2-91d7-5ddcc5904186" testId="4de5a3ab-393d-8d27-6e98-fe3a6c94c715" testName="GetWorkoutType_Should_Map_Correctly(Meditation,True)" computerName="cursor" duration="00:00:00.0000020" startTime="2025-07-04T17:19:16.2652429+00:00" endTime="2025-07-04T17:19:16.2652454+00:00" testType="13cdc9d9-ddb5-4fa4-a97d-d965ccfc6d4b" outcome="Passed" testListId="8c84fa94-04c1-424b-9868-57a2d4851a1d" relativeResultsDirectory="b8ed0a7d-f8f1-48c2-91d7-5ddcc5904186" />
    <UnitTestResult executionId="0422d3de-438f-4def-b202-fb87ea256ff3" testId="1a6ee4d5-7a68-7839-3fd0-d276f1ebf759" testName="GetWorkoutType_Should_Map_Correctly(Running,False)" computerName="cursor" duration="00:00:00.0000020" startTime="2025-07-04T17:19:16.2651327+00:00" endTime="2025-07-04T17:19:16.2651348+00:00" testType="13cdc9d9-ddb5-4fa4-a97d-d965ccfc6d4b" outcome="Passed" testListId="8c84fa94-04c1-424b-9868-57a2d4851a1d" relativeResultsDirectory="0422d3de-438f-4def-b202-fb87ea256ff3" />
    <UnitTestResult executionId="6f264202-05d1-4179-bb85-821f9bf4fdbc" testId="ac39fe87-b406-baf4-1ead-02ee0e9490f2" testName="GetAsync_PageProperties_Should_Be_Mapped_Correctly" computerName="cursor" duration="00:00:00.0033760" startTime="2025-07-04T17:19:16.1530194+00:00" endTime="2025-07-04T17:19:16.1563948+00:00" testType="13cdc9d9-ddb5-4fa4-a97d-d965ccfc6d4b" outcome="Passed" testListId="8c84fa94-04c1-424b-9868-57a2d4851a1d" relativeResultsDirectory="6f264202-05d1-4179-bb85-821f9bf4fdbc" />
    <UnitTestResult executionId="45d66dc5-d664-4cec-8003-2b3f557a0b0a" testId="8f5bf70f-be13-6e2e-64a8-60d4a77e8f0b" testName="StrengthExerciseMappings_ShouldHaveSpecificExercises" computerName="cursor" duration="00:00:00.0021620" startTime="2025-07-04T17:19:16.5266143+00:00" endTime="2025-07-04T17:19:16.5287766+00:00" testType="13cdc9d9-ddb5-4fa4-a97d-d965ccfc6d4b" outcome="Passed" testListId="8c84fa94-04c1-424b-9868-57a2d4851a1d" relativeResultsDirectory="45d66dc5-d664-4cec-8003-2b3f557a0b0a" />
    <UnitTestResult executionId="d2e12b3f-e4b2-4a29-9be4-fbb0e08e505a" testId="f71539d0-9988-91d1-71c5-d86493ed2948" testName="MigrateToAdminUserAsync_When_NoLegacySettings_NoOp" computerName="cursor" duration="00:00:00.0012040" startTime="2025-07-04T17:19:16.2625252+00:00" endTime="2025-07-04T17:19:16.2637292+00:00" testType="13cdc9d9-ddb5-4fa4-a97d-d965ccfc6d4b" outcome="Passed" testListId="8c84fa94-04c1-424b-9868-57a2d4851a1d" relativeResultsDirectory="d2e12b3f-e4b2-4a29-9be4-fbb0e08e505a" />
    <UnitTestResult executionId="1d906bcb-0c7d-4551-84cc-9836b4e9087e" testId="d3e023bb-a976-a14d-a18c-f7444af4c631" testName="GetAvgSpeedMetersPerSecond_MaxSpeed_Is_Converted(&quot;km&quot;)" computerName="cursor" duration="00:00:00.0000340" startTime="2025-07-04T17:19:16.5070109+00:00" endTime="2025-07-04T17:19:16.5070452+00:00" testType="13cdc9d9-ddb5-4fa4-a97d-d965ccfc6d4b" outcome="Passed" testListId="8c84fa94-04c1-424b-9868-57a2d4851a1d" relativeResultsDirectory="1d906bcb-0c7d-4551-84cc-9836b4e9087e" />
    <UnitTestResult executionId="941daa6e-8bdd-490d-be93-d376dc1febd8" testId="d9fddeff-7322-601b-7da9-5711e11f0fe5" testName="SyncAsync_When_PelotonStep_Fails_Should_ReturnCorrectResponse" computerName="cursor" duration="00:00:00.0014540" startTime="2025-07-04T17:19:17.8173823+00:00" endTime="2025-07-04T17:19:17.8188365+00:00" testType="13cdc9d9-ddb5-4fa4-a97d-d965ccfc6d4b" outcome="Passed" testListId="8c84fa94-04c1-424b-9868-57a2d4851a1d" relativeResultsDirectory="941daa6e-8bdd-490d-be93-d376dc1febd8" />
    <UnitTestResult executionId="8c9b3433-fcb5-44ff-9c07-4709818b91c0" testId="4d66612e-0dae-f6e0-6b25-f37ccd8acd95" testName="GetOAuth2TokenAsync_WhenOAuth1TokenInvalid_ShouldThrowException" computerName="cursor" duration="00:00:00.0008430" startTime="2025-07-04T17:19:17.5578296+00:00" endTime="2025-07-04T17:19:17.5586723+00:00" testType="13cdc9d9-ddb5-4fa4-a97d-d965ccfc6d4b" outcome="Passed" testListId="8c84fa94-04c1-424b-9868-57a2d4851a1d" relativeResultsDirectory="8c9b3433-fcb5-44ff-9c07-4709818b91c0" />
    <UnitTestResult executionId="c5769f96-7483-4bf4-b9e8-95ec6d2d2cde" testId="8e2f4b9a-aecb-c781-3dd2-d433cb480f63" testName="FormatPost_With_NullRequest_Returns400" computerName="cursor" duration="00:00:00.0057780" startTime="2025-07-04T17:19:16.2165689+00:00" endTime="2025-07-04T17:19:16.2223461+00:00" testType="13cdc9d9-ddb5-4fa4-a97d-d965ccfc6d4b" outcome="Passed" testListId="8c84fa94-04c1-424b-9868-57a2d4851a1d" relativeResultsDirectory="c5769f96-7483-4bf4-b9e8-95ec6d2d2cde" />
    <UnitTestResult executionId="ce302c3f-ae17-4d6f-af2e-9755eca95dfc" testId="ea068faa-b980-f2dc-c742-45ace51c445c" testName="GetTitle_Should_Handle_SpecialChars(&quot;My Title&quot;,&quot;&amp;&quot;)" computerName="cursor" duration="00:00:00.0022240" startTime="2025-07-04T17:19:16.4776842+00:00" endTime="2025-07-04T17:19:16.4799080+00:00" testType="13cdc9d9-ddb5-4fa4-a97d-d965ccfc6d4b" outcome="Passed" testListId="8c84fa94-04c1-424b-9868-57a2d4851a1d" relativeResultsDirectory="ce302c3f-ae17-4d6f-af2e-9755eca95dfc" />
    <UnitTestResult executionId="a7dca243-3637-4495-9de5-f7ef018bd310" testId="b70c1bfa-94e6-da8f-8633-1ff1ee7b484a" testName="GetConsumerCredentialsAsync_WhenHttpRequestFails_ShouldThrowException" computerName="cursor" duration="00:00:00.0035410" startTime="2025-07-04T17:19:17.5112218+00:00" endTime="2025-07-04T17:19:17.5147618+00:00" testType="13cdc9d9-ddb5-4fa4-a97d-d965ccfc6d4b" outcome="Passed" testListId="8c84fa94-04c1-424b-9868-57a2d4851a1d" relativeResultsDirectory="a7dca243-3637-4495-9de5-f7ef018bd310" />
    <UnitTestResult executionId="e76c8f44-26bb-4d4b-8b74-bb532da73e31" testId="55d81d83-ae6f-5c82-491d-0516e9bcf5dc" testName="PagingResponseBase_Calculates_HasPrevious_Correctly(1)" computerName="cursor" duration="00:00:00.0000120" startTime="2025-07-04T17:19:16.2472253+00:00" endTime="2025-07-04T17:19:16.2472370+00:00" testType="13cdc9d9-ddb5-4fa4-a97d-d965ccfc6d4b" outcome="Passed" testListId="8c84fa94-04c1-424b-9868-57a2d4851a1d" relativeResultsDirectory="e76c8f44-26bb-4d4b-8b74-bb532da73e31" />
    <UnitTestResult executionId="53406cfd-71a2-41d4-943c-bfc60200ebb9" testId="5f6a6389-07d6-acb2-15d5-0ce5fd448a5f" testName="GetCustomDeviceInfoAsync_Choose_CorrectDevice_For_WorkoutType(None)" computerName="cursor" duration="00:00:00.0117699" startTime="2025-07-04T17:19:16.3688454+00:00" endTime="2025-07-04T17:19:16.3806146+00:00" testType="13cdc9d9-ddb5-4fa4-a97d-d965ccfc6d4b" outcome="Passed" testListId="8c84fa94-04c1-424b-9868-57a2d4851a1d" relativeResultsDirectory="53406cfd-71a2-41d4-943c-bfc60200ebb9" />
    <UnitTestResult executionId="39bdc812-6052-48f4-947c-3da71b1383c1" testId="1c7e864b-0b3e-da32-5ffc-4127262e13c9" testName="GetWorkoutType_Should_Map_Correctly(Yoga,False)" computerName="cursor" duration="00:00:00.0000070" startTime="2025-07-04T17:19:16.2652315+00:00" endTime="2025-07-04T17:19:16.2652384+00:00" testType="13cdc9d9-ddb5-4fa4-a97d-d965ccfc6d4b" outcome="Passed" testListId="8c84fa94-04c1-424b-9868-57a2d4851a1d" relativeResultsDirectory="39bdc812-6052-48f4-947c-3da71b1383c1" />
    <UnitTestResult executionId="ed212343-519e-4818-a7a4-4425136c2d33" testId="f226df2c-240f-9fcd-e75b-e44c9a490cf6" testName="GetHeartRateSummary_CalorieSlug_ReturnsSummary" computerName="cursor" duration="00:00:00.0005490" startTime="2025-07-04T17:19:16.5133431+00:00" endTime="2025-07-04T17:19:16.5138916+00:00" testType="13cdc9d9-ddb5-4fa4-a97d-d965ccfc6d4b" outcome="Passed" testListId="8c84fa94-04c1-424b-9868-57a2d4851a1d" relativeResultsDirectory="ed212343-519e-4818-a7a4-4425136c2d33" />
    <UnitTestResult executionId="c03c3205-43ba-427a-b952-3c823ec69ac7" testId="8016d13c-c026-4eab-3b1a-f6a102363f44" testName="ShouldConvert_ShouldOnly_Support_TCX(False,True,False)" computerName="cursor" duration="00:00:00.0000440" startTime="2025-07-04T17:19:17.4704781+00:00" endTime="2025-07-04T17:19:17.4705223+00:00" testType="13cdc9d9-ddb5-4fa4-a97d-d965ccfc6d4b" outcome="Passed" testListId="8c84fa94-04c1-424b-9868-57a2d4851a1d" relativeResultsDirectory="c03c3205-43ba-427a-b952-3c823ec69ac7" />
    <UnitTestResult executionId="fa07a2aa-85c1-4aec-9a2c-4b4456b6ae2d" testId="1f16eed6-5356-56da-0c8a-3d649af7e2b6" testName="ConvertDistanceToMetersTest(&quot;unknown&quot;)" computerName="cursor" duration="00:00:00.0001510" startTime="2025-07-04T17:19:16.5042227+00:00" endTime="2025-07-04T17:19:16.5043734+00:00" testType="13cdc9d9-ddb5-4fa4-a97d-d965ccfc6d4b" outcome="Passed" testListId="8c84fa94-04c1-424b-9868-57a2d4851a1d" relativeResultsDirectory="fa07a2aa-85c1-4aec-9a2c-4b4456b6ae2d" />
    <UnitTestResult executionId="8a48c5ed-4c32-47ab-8b2c-0d9a053d8fea" testId="d6ffb23b-d252-950e-a23f-43e134c5b351" testName="ConvertDistanceToMetersTest(&quot;mi&quot;)" computerName="cursor" duration="00:00:00.0170790" startTime="2025-07-04T17:19:16.4870771+00:00" endTime="2025-07-04T17:19:16.5041555+00:00" testType="13cdc9d9-ddb5-4fa4-a97d-d965ccfc6d4b" outcome="Passed" testListId="8c84fa94-04c1-424b-9868-57a2d4851a1d" relativeResultsDirectory="8a48c5ed-4c32-47ab-8b2c-0d9a053d8fea" />
    <UnitTestResult executionId="09187e37-af1d-4fea-aeb3-70a5d2105be1" testId="9c7301e8-474b-ab11-2708-80b36a1ddada" testName="ConvertToMetersPerSecondTest_Is_Converted_To_MetersPerSecond(&quot;mph&quot;)" computerName="cursor" duration="00:00:00.0006010" startTime="2025-07-04T17:19:16.5044342+00:00" endTime="2025-07-04T17:19:16.5050346+00:00" testType="13cdc9d9-ddb5-4fa4-a97d-d965ccfc6d4b" outcome="Passed" testListId="8c84fa94-04c1-424b-9868-57a2d4851a1d" relativeResultsDirectory="09187e37-af1d-4fea-aeb3-70a5d2105be1" />
    <UnitTestResult executionId="4d6fec97-2ca7-4360-955d-4ab14589f457" testId="63256dc5-2444-bcdb-2f15-307be7ebfed3" testName="Fit_Converter_Builds_Valid_DeviceInfoMesg(5,12)" computerName="cursor" duration="00:00:00.0000560" startTime="2025-07-04T17:19:16.5451013+00:00" endTime="2025-07-04T17:19:16.5451569+00:00" testType="13cdc9d9-ddb5-4fa4-a97d-d965ccfc6d4b" outcome="Passed" testListId="8c84fa94-04c1-424b-9868-57a2d4851a1d" relativeResultsDirectory="4d6fec97-2ca7-4360-955d-4ab14589f457" />
    <UnitTestResult executionId="8333758b-40eb-43f8-89bb-33f410a83c30" testId="5531531b-3cdc-85ea-99dc-40236a3fb01d" testName="Json_WithNullMaxVlaue_Can_Deserialzize_To_Metric" computerName="cursor" duration="00:00:00.0001990" startTime="2025-07-04T17:19:16.3168729+00:00" endTime="2025-07-04T17:19:16.3170724+00:00" testType="13cdc9d9-ddb5-4fa4-a97d-d965ccfc6d4b" outcome="Passed" testListId="8c84fa94-04c1-424b-9868-57a2d4851a1d" relativeResultsDirectory="8333758b-40eb-43f8-89bb-33f410a83c30" />
    <UnitTestResult executionId="e8fec28c-a33d-4f07-926b-bb1e541b0baa" testId="aaac0e7d-5f4a-069f-757e-76df0280cff4" testName="GetCyclingFtp_Should_PickCorrectValue(null,UserData { Cycling_Ftp_Source = Ftp_Workout_Source, Cycling_Workout_Ftp = 100, Cycling_Ftp_Workout_Id = , Cycling_Ftp = 1, Estimated_Cycling_Ftp = 3, Default_Max_Heart_Rate = 0, Customized_Max_Heart_Rate = 0, Weight = 0 },100)" computerName="cursor" duration="00:00:00.0000300" startTime="2025-07-04T17:19:16.5110849+00:00" endTime="2025-07-04T17:19:16.5111149+00:00" testType="13cdc9d9-ddb5-4fa4-a97d-d965ccfc6d4b" outcome="Passed" testListId="8c84fa94-04c1-424b-9868-57a2d4851a1d" relativeResultsDirectory="e8fec28c-a33d-4f07-926b-bb1e541b0baa" />
    <UnitTestResult executionId="e7558876-39d5-47f1-a3ac-606920016e9c" testId="3edb81eb-4b7b-f4c8-2836-4f3b2107d7f6" testName="ShouldConvert_ShouldOnly_Support_TCX(True,True,True)" computerName="cursor" duration="00:00:00.0006360" startTime="2025-07-04T17:19:17.4711987+00:00" endTime="2025-07-04T17:19:17.4718343+00:00" testType="13cdc9d9-ddb5-4fa4-a97d-d965ccfc6d4b" outcome="Passed" testListId="8c84fa94-04c1-424b-9868-57a2d4851a1d" relativeResultsDirectory="e7558876-39d5-47f1-a3ac-606920016e9c" />
    <UnitTestResult executionId="f1a14049-ed25-44aa-89d9-0e420ad064e9" testId="8d70e33e-8d60-77f4-1f3a-62d733fafa4b" testName="Fit_Converter_Creates_Valid_Fit(&quot;cycling_just_ride&quot;,Class_Targets)" computerName="cursor" duration="00:00:00.0085380" startTime="2025-07-04T17:19:17.3455394+00:00" endTime="2025-07-04T17:19:17.3540769+00:00" testType="13cdc9d9-ddb5-4fa4-a97d-d965ccfc6d4b" outcome="Passed" testListId="8c84fa94-04c1-424b-9868-57a2d4851a1d" relativeResultsDirectory="f1a14049-ed25-44aa-89d9-0e420ad064e9" />
    <UnitTestResult executionId="ad3aaa97-5cc1-485a-a52c-ee6699bdc04f" testId="6bb117d1-94e5-51e3-6903-da2e2b9dba3c" testName="StrengthExerciseMappings_SquatVariations_ShouldMapToSquatCategory" computerName="cursor" duration="00:00:00.0001280" startTime="2025-07-04T17:19:16.5335599+00:00" endTime="2025-07-04T17:19:16.5336881+00:00" testType="13cdc9d9-ddb5-4fa4-a97d-d965ccfc6d4b" outcome="Passed" testListId="8c84fa94-04c1-424b-9868-57a2d4851a1d" relativeResultsDirectory="ad3aaa97-5cc1-485a-a52c-ee6699bdc04f" />
    <UnitTestResult executionId="4127434f-bc5f-43d3-99a6-0f3020e087d7" testId="ef799867-ba48-b99a-3202-edf0b6a86be1" testName="IsRest_WhenNullOrEmpty_ShouldReturnFalse" computerName="cursor" duration="00:00:00.0000530" startTime="2025-07-04T17:19:16.5238006+00:00" endTime="2025-07-04T17:19:16.5238540+00:00" testType="13cdc9d9-ddb5-4fa4-a97d-d965ccfc6d4b" outcome="Passed" testListId="8c84fa94-04c1-424b-9868-57a2d4851a1d" relativeResultsDirectory="4127434f-bc5f-43d3-99a6-0f3020e087d7" />
    <UnitTestResult executionId="7704f926-b2dc-4833-be05-bfab10ce03ed" testId="3b0ea915-efb1-ed00-4aec-75ec27bae9e1" testName="GetWorkoutType_Should_Map_Correctly(Strength,True)" computerName="cursor" duration="00:00:00.0000020" startTime="2025-07-04T17:19:16.2651701+00:00" endTime="2025-07-04T17:19:16.2651721+00:00" testType="13cdc9d9-ddb5-4fa4-a97d-d965ccfc6d4b" outcome="Passed" testListId="8c84fa94-04c1-424b-9868-57a2d4851a1d" relativeResultsDirectory="7704f926-b2dc-4833-be05-bfab10ce03ed" />
    <UnitTestResult executionId="d07d86bf-35dc-4aaf-acb8-79d9c54d0712" testId="6571bba8-1418-4317-2ad2-4f9436176ce5" testName="Fit_Converter_Creates_Valid_Fit(&quot;running_workout_no_metrics&quot;,Default)" computerName="cursor" duration="00:00:00.0149620" startTime="2025-07-04T17:19:16.8132429+00:00" endTime="2025-07-04T17:19:16.8282039+00:00" testType="13cdc9d9-ddb5-4fa4-a97d-d965ccfc6d4b" outcome="Passed" testListId="8c84fa94-04c1-424b-9868-57a2d4851a1d" relativeResultsDirectory="d07d86bf-35dc-4aaf-acb8-79d9c54d0712" />
    <UnitTestResult executionId="d166b3bc-760c-40ad-80fc-848d7ac44ae4" testId="1e9d0621-8305-7828-af7a-409a8880fdd4" testName="MigrateToAdminUserAsync_When_LegacySettings_Migrates" computerName="cursor" duration="00:00:00.0026189" startTime="2025-07-04T17:19:16.2598831+00:00" endTime="2025-07-04T17:19:16.2625018+00:00" testType="13cdc9d9-ddb5-4fa4-a97d-d965ccfc6d4b" outcome="Passed" testListId="8c84fa94-04c1-424b-9868-57a2d4851a1d" relativeResultsDirectory="d166b3bc-760c-40ad-80fc-848d7ac44ae4" />
    <UnitTestResult executionId="831b830a-943d-4f0e-a86a-67c84c1fb370" testId="37b43e18-8176-d931-8f8a-96c2aeceb9ed" testName="Fit_Converter_Creates_Valid_Fit(&quot;running_workout_no_metrics&quot;,Distance)" computerName="cursor" duration="00:00:00.0212310" startTime="2025-07-04T17:19:17.0623377+00:00" endTime="2025-07-04T17:19:17.0835679+00:00" testType="13cdc9d9-ddb5-4fa4-a97d-d965ccfc6d4b" outcome="Passed" testListId="8c84fa94-04c1-424b-9868-57a2d4851a1d" relativeResultsDirectory="831b830a-943d-4f0e-a86a-67c84c1fb370" />
    <UnitTestResult executionId="79f76a3e-b2c0-4c9b-957c-7b4c7828835b" testId="8bbb5536-e880-c232-5401-5ccf490f756c" testName="SyncAsync_When_Should_Excluded_ExcludedWorkoutTypes" computerName="cursor" duration="00:00:00.0022110" startTime="2025-07-04T17:19:17.8188637+00:00" endTime="2025-07-04T17:19:17.8210741+00:00" testType="13cdc9d9-ddb5-4fa4-a97d-d965ccfc6d4b" outcome="Passed" testListId="8c84fa94-04c1-424b-9868-57a2d4851a1d" relativeResultsDirectory="79f76a3e-b2c0-4c9b-957c-7b4c7828835b" />
    <UnitTestResult executionId="71e60a19-7af4-485d-ba45-466d7d098b61" testId="4e26259a-1b02-586b-082a-b53c071413ff" testName="UploadActivity_WhenValidFile_ShouldReturnUploadResponse" computerName="cursor" duration="00:00:00.0022300" startTime="2025-07-04T17:19:17.6020630+00:00" endTime="2025-07-04T17:19:17.6042929+00:00" testType="13cdc9d9-ddb5-4fa4-a97d-d965ccfc6d4b" outcome="Passed" testListId="8c84fa94-04c1-424b-9868-57a2d4851a1d" relativeResultsDirectory="71e60a19-7af4-485d-ba45-466d7d098b61" />
    <UnitTestResult executionId="49a104db-474b-4ed8-890a-4fc47431a705" testId="bb8ee3f0-1f27-6383-b591-238dc1e9f78f" testName="GetAvgSpeedMetersPerSecond_MaxSpeed_Is_Converted(&quot;mph&quot;)" computerName="cursor" duration="00:00:00.0002130" startTime="2025-07-04T17:19:16.5067464+00:00" endTime="2025-07-04T17:19:16.5069590+00:00" testType="13cdc9d9-ddb5-4fa4-a97d-d965ccfc6d4b" outcome="Passed" testListId="8c84fa94-04c1-424b-9868-57a2d4851a1d" relativeResultsDirectory="49a104db-474b-4ed8-890a-4fc47431a705" />
    <UnitTestResult executionId="f2e889ea-048e-4623-9941-a2adf25fec4c" testId="266acd3f-05f0-7f05-925e-96206b985b98" testName="RowingWorkout_CanBe_Deserialized_To_WorkoutSamples" computerName="cursor" duration="00:00:00.0050800" startTime="2025-07-04T17:19:17.7048769+00:00" endTime="2025-07-04T17:19:17.7099560+00:00" testType="13cdc9d9-ddb5-4fa4-a97d-d965ccfc6d4b" outcome="Passed" testListId="8c84fa94-04c1-424b-9868-57a2d4851a1d" relativeResultsDirectory="f2e889ea-048e-4623-9941-a2adf25fec4c" />
    <UnitTestResult executionId="d4872bbe-aa00-451d-95c6-2765b99e6cb1" testId="6be0c6cd-5df1-25b4-5146-441545fc3568" testName="PagingResponseBase_Calculates_HasNext_Correctly(-1,0)" computerName="cursor" duration="00:00:00.0000110" startTime="2025-07-04T17:19:16.2469485+00:00" endTime="2025-07-04T17:19:16.2469590+00:00" testType="13cdc9d9-ddb5-4fa4-a97d-d965ccfc6d4b" outcome="Passed" testListId="8c84fa94-04c1-424b-9868-57a2d4851a1d" relativeResultsDirectory="d4872bbe-aa00-451d-95c6-2765b99e6cb1" />
    <UnitTestResult executionId="0cad898b-9354-4091-8ff4-7b5a8228a14e" testId="2110bc6e-fba0-1c6f-ec93-c31a40d8cfb6" testName="GetTitle_Should_ReplaceInvalidChars(&quot;My*Title&quot;,&quot;Some*Instructor&quot;)" computerName="cursor" duration="00:00:00.0010100" startTime="2025-07-04T17:19:16.4799460+00:00" endTime="2025-07-04T17:19:16.4809560+00:00" testType="13cdc9d9-ddb5-4fa4-a97d-d965ccfc6d4b" outcome="NotExecuted" testListId="8c84fa94-04c1-424b-9868-57a2d4851a1d" relativeResultsDirectory="0cad898b-9354-4091-8ff4-7b5a8228a14e">
      <Output>
        <StdOut>OneTimeSetUp: Not supported on Unix,Linux,MacOSX</StdOut>
        <ErrorInfo>
          <Message>OneTimeSetUp: Not supported on Unix,Linux,MacOSX</Message>
        </ErrorInfo>
      </Output>
    </UnitTestResult>
    <UnitTestResult executionId="9095fff8-13ea-4104-8a42-5cd0b5cf8e42" testId="738e5c98-030d-7775-230f-848afa42a22f" testName="ShouldConvert_ShouldOnly_Support_TCX(True,True,True)" computerName="cursor" duration="00:00:00.0005270" startTime="2025-07-04T17:19:17.4692577+00:00" endTime="2025-07-04T17:19:17.4697848+00:00" testType="13cdc9d9-ddb5-4fa4-a97d-d965ccfc6d4b" outcome="Passed" testListId="8c84fa94-04c1-424b-9868-57a2d4851a1d" relativeResultsDirectory="9095fff8-13ea-4104-8a42-5cd0b5cf8e42" />
    <UnitTestResult executionId="b612437a-4e49-4995-b386-8670d8074b13" testId="5d5662b6-d31d-32d3-84ac-9589078c82c3" testName="Fit_Converter_Creates_Valid_Fit(&quot;tread_run_workout&quot;,Default)" computerName="cursor" duration="00:00:00.0388170" startTime="2025-07-04T17:19:16.6987929+00:00" endTime="2025-07-04T17:19:16.7376092+00:00" testType="13cdc9d9-ddb5-4fa4-a97d-d965ccfc6d4b" outcome="Passed" testListId="8c84fa94-04c1-424b-9868-57a2d4851a1d" relativeResultsDirectory="b612437a-4e49-4995-b386-8670d8074b13" />
    <UnitTestResult executionId="46d49f45-ca75-4d58-bd11-358cf4037425" testId="92679e3d-d661-be15-cbdf-a3fbbc1fd13a" testName="CompleteMFAAuthAsync_WhenInvalidCode_ShouldThrowException" computerName="cursor" duration="00:00:00.0232900" startTime="2025-07-04T17:19:17.6046777+00:00" endTime="2025-07-04T17:19:17.6279673+00:00" testType="13cdc9d9-ddb5-4fa4-a97d-d965ccfc6d4b" outcome="Failed" testListId="8c84fa94-04c1-424b-9868-57a2d4851a1d" relativeResultsDirectory="46d49f45-ca75-4d58-bd11-358cf4037425">
      <Output>
        <ErrorInfo>
          <Message>  Assert.That(caughtException, expression)
  Expected: &lt;Garmin.Auth.GarminAuthenticationError&gt;
  But was:  &lt;Flurl.Http.FlurlHttpException: Call failed.
   at Garmin.Auth.GarminAuthenticationService.CompleteMFAAuthAsync(String mfaCode) in /workspace/src/Garmin/Auth/GarminAuthenticationService.cs:line 271
   at NUnit.Framework.Internal.TaskAwaitAdapter.GenericAdapter`1.GetResult()
   at NUnit.Framework.Internal.AsyncToSyncAdapter.Await[TResult](TestExecutionContext context, Func`1 invoke)
   at NUnit.Framework.Internal.AsyncToSyncAdapter.Await(TestExecutionContext context, Func`1 invoke)
   at NUnit.Framework.Assert.ThrowsAsync(IResolveConstraint expression, AsyncTestDelegate code, String message, Object[] args)&gt;
</Message>
          <StackTrace>   at UnitTests.Garmin.GarminAuthenticationServiceTests.CompleteMFAAuthAsync_WhenInvalidCode_ShouldThrowException() in /workspace/src/UnitTests/Garmin/GarminAuthenticationServiceTests.cs:line 406

1)    at UnitTests.Garmin.GarminAuthenticationServiceTests.CompleteMFAAuthAsync_WhenInvalidCode_ShouldThrowException() in /workspace/src/UnitTests/Garmin/GarminAuthenticationServiceTests.cs:line 406

</StackTrace>
        </ErrorInfo>
      </Output>
    </UnitTestResult>
    <UnitTestResult executionId="27d81544-901b-4b0f-9516-88e9e655b1c3" testId="7cafaab9-88ea-6550-36c3-d0f55dd10b21" testName="CombineLocationData_When_Coordinate_Is_Null_SkipsEmpty" computerName="cursor" duration="00:00:00.0006690" startTime="2025-07-04T17:19:17.7804974+00:00" endTime="2025-07-04T17:19:17.7811657+00:00" testType="13cdc9d9-ddb5-4fa4-a97d-d965ccfc6d4b" outcome="Passed" testListId="8c84fa94-04c1-424b-9868-57a2d4851a1d" relativeResultsDirectory="27d81544-901b-4b0f-9516-88e9e655b1c3" />
    <UnitTestResult executionId="b713232d-9058-48dc-a8be-fea2ea00d9da" testId="59f38d5a-b192-9bd3-715f-90c810db1fc2" testName="SyncAsync_When_CheckForUpdates_Disabled_Should_NotCheck" computerName="cursor" duration="00:00:00.0027670" startTime="2025-07-04T17:19:17.8097924+00:00" endTime="2025-07-04T17:19:17.8125589+00:00" testType="13cdc9d9-ddb5-4fa4-a97d-d965ccfc6d4b" outcome="Passed" testListId="8c84fa94-04c1-424b-9868-57a2d4851a1d" relativeResultsDirectory="b713232d-9058-48dc-a8be-fea2ea00d9da" />
    <UnitTestResult executionId="da19d1ad-c82d-4207-ad8d-eb19861fae23" testId="0ea8ad0c-ed07-87f6-0eb9-ade3155648fe" testName="ShouldConvert_ShouldOnly_Support_TCX(False,False,True)" computerName="cursor" duration="00:00:00.0000440" startTime="2025-07-04T17:19:17.4705274+00:00" endTime="2025-07-04T17:19:17.4705709+00:00" testType="13cdc9d9-ddb5-4fa4-a97d-d965ccfc6d4b" outcome="Passed" testListId="8c84fa94-04c1-424b-9868-57a2d4851a1d" relativeResultsDirectory="da19d1ad-c82d-4207-ad8d-eb19861fae23" />
    <UnitTestResult executionId="1f2f04ac-2593-48c4-b5c1-feba375cd2df" testId="998818fc-baf9-7ce7-23ed-afcf2f4bbd98" testName="PelotonPost_With_PasswordChange_Should_Validate_Characters(&quot;\\a&quot;)" computerName="cursor" duration="00:00:00.0000580" startTime="2025-07-04T17:19:16.2378657+00:00" endTime="2025-07-04T17:19:16.2379241+00:00" testType="13cdc9d9-ddb5-4fa4-a97d-d965ccfc6d4b" outcome="Passed" testListId="8c84fa94-04c1-424b-9868-57a2d4851a1d" relativeResultsDirectory="1f2f04ac-2593-48c4-b5c1-feba375cd2df" />
    <UnitTestResult executionId="2587e300-4260-4e3e-b044-984339c4d624" testId="2d3d484c-8b55-579a-c941-c9464c7510dc" testName="Fit_Converter_Creates_Valid_Fit(&quot;cycling_just_ride&quot;,Distance)" computerName="cursor" duration="00:00:00.0101300" startTime="2025-07-04T17:19:16.9501948+00:00" endTime="2025-07-04T17:19:16.9603246+00:00" testType="13cdc9d9-ddb5-4fa4-a97d-d965ccfc6d4b" outcome="Passed" testListId="8c84fa94-04c1-424b-9868-57a2d4851a1d" relativeResultsDirectory="2587e300-4260-4e3e-b044-984339c4d624" />
    <UnitTestResult executionId="a6d12ae5-d1dd-4b15-acce-9e3d16752a1a" testId="eda327a8-43f0-eb29-46cf-6cdf168c607b" testName="ValidateConfig_ValidPort_ShouldNotThrow" computerName="cursor" duration="00:00:00.0000989" startTime="2025-07-04T17:19:16.3686043+00:00" endTime="2025-07-04T17:19:16.3687030+00:00" testType="13cdc9d9-ddb5-4fa4-a97d-d965ccfc6d4b" outcome="Passed" testListId="8c84fa94-04c1-424b-9868-57a2d4851a1d" relativeResultsDirectory="a6d12ae5-d1dd-4b15-acce-9e3d16752a1a" />
    <UnitTestResult executionId="c20add08-7b82-4a5f-be0f-aacc00537923" testId="990d39b7-12eb-a43b-a0d1-e7000c4a3239" testName="GetGarminAuthenticationAsync_WhenOAuth1ExchangeFails_ShouldFallbackToSignIn" computerName="cursor" duration="00:00:00.0047700" startTime="2025-07-04T17:19:17.6672678+00:00" endTime="2025-07-04T17:19:17.6720378+00:00" testType="13cdc9d9-ddb5-4fa4-a97d-d965ccfc6d4b" outcome="Passed" testListId="8c84fa94-04c1-424b-9868-57a2d4851a1d" relativeResultsDirectory="c20add08-7b82-4a5f-be0f-aacc00537923" />
    <UnitTestResult executionId="911e0721-671f-41d0-a097-6374e1634dd1" testId="e0cfa7c3-0342-5af7-1497-7d11fdf8076c" testName="UploadToGarminAsync_WhenNoFilesToUpload_ShouldReturnEarlyWithoutAuthentication" computerName="cursor" duration="00:00:00.0028060" startTime="2025-07-04T17:19:17.6874354+00:00" endTime="2025-07-04T17:19:17.6902408+00:00" testType="13cdc9d9-ddb5-4fa4-a97d-d965ccfc6d4b" outcome="Passed" testListId="8c84fa94-04c1-424b-9868-57a2d4851a1d" relativeResultsDirectory="911e0721-671f-41d0-a097-6374e1634dd1" />
    <UnitTestResult executionId="3752fd10-aa97-4023-89c5-bff6e86065c7" testId="d0f98705-cec5-e3e1-c3a7-f7355b9a5565" testName="SyncAsync_When_GarminUpload_StepFails_Should_ReturnCorrectResponse" computerName="cursor" duration="00:00:00.0024580" startTime="2025-07-04T17:19:17.8148944+00:00" endTime="2025-07-04T17:19:17.8173527+00:00" testType="13cdc9d9-ddb5-4fa4-a97d-d965ccfc6d4b" outcome="Passed" testListId="8c84fa94-04c1-424b-9868-57a2d4851a1d" relativeResultsDirectory="3752fd10-aa97-4023-89c5-bff6e86065c7" />
    <UnitTestResult executionId="c66b26d9-c8d1-47c8-8e4a-bae153b6e665" testId="fbc32450-3db5-5196-df70-c2c3b3967d88" testName="Constructor_WhenDependenciesAreNull_ShouldNotThrow" computerName="cursor" duration="00:00:00.0004100" startTime="2025-07-04T17:19:17.6365758+00:00" endTime="2025-07-04T17:19:17.6369851+00:00" testType="13cdc9d9-ddb5-4fa4-a97d-d965ccfc6d4b" outcome="Passed" testListId="8c84fa94-04c1-424b-9868-57a2d4851a1d" relativeResultsDirectory="c66b26d9-c8d1-47c8-8e4a-bae153b6e665" />
    <UnitTestResult executionId="691c41c8-689f-490d-af3e-d2327c488014" testId="abbd0d1a-0c6a-24b3-6949-2c8175ceb910" testName="GetTotalDistanceTest_NullSummary_Should_Return0" computerName="cursor" duration="00:00:00.0000480" startTime="2025-07-04T17:19:16.5198704+00:00" endTime="2025-07-04T17:19:16.5199180+00:00" testType="13cdc9d9-ddb5-4fa4-a97d-d965ccfc6d4b" outcome="Passed" testListId="8c84fa94-04c1-424b-9868-57a2d4851a1d" relativeResultsDirectory="691c41c8-689f-490d-af3e-d2327c488014" />
    <UnitTestResult executionId="cc1f4671-bcc7-48d2-9c76-e0a004ef09e5" testId="dd674274-ba43-8940-2626-71ce4e04448c" testName="Fit_Converter_Creates_Valid_Fit(&quot;walking_outdoor_01&quot;,Distance)" computerName="cursor" duration="00:00:00.0611270" startTime="2025-07-04T17:19:17.0011266+00:00" endTime="2025-07-04T17:19:17.0622529+00:00" testType="13cdc9d9-ddb5-4fa4-a97d-d965ccfc6d4b" outcome="Passed" testListId="8c84fa94-04c1-424b-9868-57a2d4851a1d" relativeResultsDirectory="cc1f4671-bcc7-48d2-9c76-e0a004ef09e5" />
    <UnitTestResult executionId="169f693c-5562-433c-9a83-5ea859d6fca1" testId="7713c70a-8768-620b-5c88-ff32f7ce1d34" testName="GarminPost_With_PasswordChange_Should_Validate_Characters(&quot;\\&quot;)" computerName="cursor" duration="00:00:00.0007100" startTime="2025-07-04T17:19:16.2347898+00:00" endTime="2025-07-04T17:19:16.2354995+00:00" testType="13cdc9d9-ddb5-4fa4-a97d-d965ccfc6d4b" outcome="Passed" testListId="8c84fa94-04c1-424b-9868-57a2d4851a1d" relativeResultsDirectory="169f693c-5562-433c-9a83-5ea859d6fca1" />
    <UnitTestResult executionId="9498b77b-4d28-4fa7-bd96-b65e64fb739c" testId="47afcd5b-fcc7-5518-3629-dc9b20fc97f8" testName="GetCalorieSummary_ShouldPickCorrectValue(Common.Dto.Peloton.WorkoutSamples,null)" computerName="cursor" duration="00:00:00.0000730" startTime="2025-07-04T17:19:16.5085420+00:00" endTime="2025-07-04T17:19:16.5086151+00:00" testType="13cdc9d9-ddb5-4fa4-a97d-d965ccfc6d4b" outcome="Passed" testListId="8c84fa94-04c1-424b-9868-57a2d4851a1d" relativeResultsDirectory="9498b77b-4d28-4fa7-bd96-b65e64fb739c" />
    <UnitTestResult executionId="c35958de-c9b3-4b4a-9fed-424964bc1146" testId="164e0ece-2885-3623-f5c8-0b1879247307" testName="GetTitle_With_Template_ShouldReturn_TemplateAppliedToTitle" computerName="cursor" duration="00:00:00.0024640" startTime="2025-07-04T17:19:16.4809732+00:00" endTime="2025-07-04T17:19:16.4834370+00:00" testType="13cdc9d9-ddb5-4fa4-a97d-d965ccfc6d4b" outcome="Passed" testListId="8c84fa94-04c1-424b-9868-57a2d4851a1d" relativeResultsDirectory="c35958de-c9b3-4b4a-9fed-424964bc1146" />
    <UnitTestResult executionId="722bc591-7e90-4c49-9150-328702080d5d" testId="a9cdeb2a-c214-4411-5768-e37d7c76a1f4" testName="Constructor_ShouldInitializeCorrectly" computerName="cursor" duration="00:00:00.0034180" startTime="2025-07-04T17:19:17.4727858+00:00" endTime="2025-07-04T17:19:17.4762038+00:00" testType="13cdc9d9-ddb5-4fa4-a97d-d965ccfc6d4b" outcome="Passed" testListId="8c84fa94-04c1-424b-9868-57a2d4851a1d" relativeResultsDirectory="722bc591-7e90-4c49-9150-328702080d5d" />
    <UnitTestResult executionId="dbb19efe-707e-4c43-a1a4-e5747f6e342e" testId="ff1f8e51-22b6-57cc-4d3e-e50fee72f0ef" testName="StrengthExerciseMappings_OverheadMovements_ShouldMapToShoulderPress" computerName="cursor" duration="00:00:00.0000970" startTime="2025-07-04T17:19:16.5250973+00:00" endTime="2025-07-04T17:19:16.5251940+00:00" testType="13cdc9d9-ddb5-4fa4-a97d-d965ccfc6d4b" outcome="Passed" testListId="8c84fa94-04c1-424b-9868-57a2d4851a1d" relativeResultsDirectory="dbb19efe-707e-4c43-a1a4-e5747f6e342e" />
    <UnitTestResult executionId="4388ebaa-939c-4114-9bbe-434d5377c7c1" testId="09942d98-1aaf-e6f8-8494-a5bbebc32f75" testName="GetAvgSpeedMetersPerSecond_MaxSpeed_Is_Converted(&quot;mi&quot;)" computerName="cursor" duration="00:00:00.0011290" startTime="2025-07-04T17:19:16.5055939+00:00" endTime="2025-07-04T17:19:16.5067227+00:00" testType="13cdc9d9-ddb5-4fa4-a97d-d965ccfc6d4b" outcome="Passed" testListId="8c84fa94-04c1-424b-9868-57a2d4851a1d" relativeResultsDirectory="4388ebaa-939c-4114-9bbe-434d5377c7c1" />
    <UnitTestResult executionId="4e61bcbf-9cfc-4686-a953-3928428c1092" testId="4ffa1572-3a75-3e1d-b438-49c773bd05f6" testName="Fit_Converter_Creates_Valid_Fit(&quot;running_workout_no_metrics&quot;,Class_Targets)" computerName="cursor" duration="00:00:00.0139380" startTime="2025-07-04T17:19:17.4262237+00:00" endTime="2025-07-04T17:19:17.4401597+00:00" testType="13cdc9d9-ddb5-4fa4-a97d-d965ccfc6d4b" outcome="Passed" testListId="8c84fa94-04c1-424b-9868-57a2d4851a1d" relativeResultsDirectory="4e61bcbf-9cfc-4686-a953-3928428c1092" />
    <UnitTestResult executionId="e919370b-42f1-424f-b667-2389146101a9" testId="2ad365a4-7690-f909-9b00-353a5ed34e80" testName="GetAsync_WhenNotRequested_DoesNotEnrich_LatestVersionInfo" computerName="cursor" duration="00:00:00.0037380" startTime="2025-07-04T17:19:16.2403817+00:00" endTime="2025-07-04T17:19:16.2441191+00:00" testType="13cdc9d9-ddb5-4fa4-a97d-d965ccfc6d4b" outcome="Passed" testListId="8c84fa94-04c1-424b-9868-57a2d4851a1d" relativeResultsDirectory="e919370b-42f1-424f-b667-2389146101a9" />
    <UnitTestResult executionId="9db6cf4b-563d-4b5f-b81a-6db0830ef7bd" testId="c6b40543-f253-b0b7-9aa5-954faa77faae" testName="SyncAsync_When_SyncSuccess_Should_ReturnCorrectResponse" computerName="cursor" duration="00:00:00.0019650" startTime="2025-07-04T17:19:17.8211027+00:00" endTime="2025-07-04T17:19:17.8230676+00:00" testType="13cdc9d9-ddb5-4fa4-a97d-d965ccfc6d4b" outcome="Passed" testListId="8c84fa94-04c1-424b-9868-57a2d4851a1d" relativeResultsDirectory="9db6cf4b-563d-4b5f-b81a-6db0830ef7bd" />
    <UnitTestResult executionId="2c7fd95d-4e55-4271-bffa-eac923279a61" testId="ba6dc699-f2a6-3e2a-a2d0-2b8a2fe9e579" testName="GetTotalDistanceTest_NoDistanceSlug_Should_Return0" computerName="cursor" duration="00:00:00.0001040" startTime="2025-07-04T17:19:16.5197619+00:00" endTime="2025-07-04T17:19:16.5198663+00:00" testType="13cdc9d9-ddb5-4fa4-a97d-d965ccfc6d4b" outcome="Passed" testListId="8c84fa94-04c1-424b-9868-57a2d4851a1d" relativeResultsDirectory="2c7fd95d-4e55-4271-bffa-eac923279a61" />
    <UnitTestResult executionId="d4d9acd1-ac5d-4b83-8b64-b464b77bcb15" testId="4d0a77b4-859e-e9eb-f096-7cc6da60780a" testName="GarminPost_With_NullRequest_Returns400" computerName="cursor" duration="00:00:00.0005470" startTime="2025-07-04T17:19:16.2279409+00:00" endTime="2025-07-04T17:19:16.2284875+00:00" testType="13cdc9d9-ddb5-4fa4-a97d-d965ccfc6d4b" outcome="Passed" testListId="8c84fa94-04c1-424b-9868-57a2d4851a1d" relativeResultsDirectory="d4d9acd1-ac5d-4b83-8b64-b464b77bcb15" />
    <UnitTestResult executionId="4f65aebd-c5ba-42cc-aa1f-a2f382065179" testId="b5e89cb9-a5d1-e7dc-d10c-4ca766a33e40" testName="GetCyclingFtp_Should_PickCorrectValue(null,UserData { Cycling_Ftp_Source = Ftp_Manual_Source, Cycling_Workout_Ftp = 0, Cycling_Ftp_Workout_Id = , Cycling_Ftp = 0, Estimated_Cycling_Ftp = 100, Default_Max_Heart_Rate = 0, Customized_Max_Heart_Rate = 0, Weight = 0 },100)" computerName="cursor" duration="00:00:00.0000230" startTime="2025-07-04T17:19:16.5111423+00:00" endTime="2025-07-04T17:19:16.5111655+00:00" testType="13cdc9d9-ddb5-4fa4-a97d-d965ccfc6d4b" outcome="Passed" testListId="8c84fa94-04c1-424b-9868-57a2d4851a1d" relativeResultsDirectory="4f65aebd-c5ba-42cc-aa1f-a2f382065179" />
    <UnitTestResult executionId="acbe9f2d-8262-47b9-8274-c1746cfbdb65" testId="0029f72a-8851-6727-0ba3-2f8c2439bbd9" testName="SignInAsync_WhenGetCsrfTokenFails_ShouldThrowAuthenticationError" computerName="cursor" duration="00:00:00.0017480" startTime="2025-07-04T17:19:17.6772281+00:00" endTime="2025-07-04T17:19:17.6789757+00:00" testType="13cdc9d9-ddb5-4fa4-a97d-d965ccfc6d4b" outcome="Passed" testListId="8c84fa94-04c1-424b-9868-57a2d4851a1d" relativeResultsDirectory="acbe9f2d-8262-47b9-8274-c1746cfbdb65" />
    <UnitTestResult executionId="80a996fc-5c88-46ee-b173-8e63a91db0c3" testId="0949149e-7a9e-de1f-a0b7-532e339c1eb4" testName="GetWorkoutType_Should_Map_Correctly(None,True)" computerName="cursor" duration="00:00:00.0009780" startTime="2025-07-04T17:19:16.2638870+00:00" endTime="2025-07-04T17:19:16.2648652+00:00" testType="13cdc9d9-ddb5-4fa4-a97d-d965ccfc6d4b" outcome="Passed" testListId="8c84fa94-04c1-424b-9868-57a2d4851a1d" relativeResultsDirectory="80a996fc-5c88-46ee-b173-8e63a91db0c3" />
    <UnitTestResult executionId="547dbec0-0bd5-4bbd-a08b-6829d24105cd" testId="001eaa05-24de-1a6f-4796-a20a49ef55f6" testName="CombineLocationData_When_WorkoutsToStack_Is_NullOrEmpty_NoOp" computerName="cursor" duration="00:00:00.0000860" startTime="2025-07-04T17:19:17.7826007+00:00" endTime="2025-07-04T17:19:17.7826869+00:00" testType="13cdc9d9-ddb5-4fa4-a97d-d965ccfc6d4b" outcome="Passed" testListId="8c84fa94-04c1-424b-9868-57a2d4851a1d" relativeResultsDirectory="547dbec0-0bd5-4bbd-a08b-6829d24105cd" />
    <UnitTestResult executionId="f1a91647-aeac-4505-9ca6-e3c08164e52b" testId="e3e00204-60e4-4696-1d7f-3694c2df1c99" testName="CombineLocationData_When_LocatioNData_Is_NullOrEmpty_SkipsEmpty" computerName="cursor" duration="00:00:00.0004890" startTime="2025-07-04T17:19:17.7818369+00:00" endTime="2025-07-04T17:19:17.7823260+00:00" testType="13cdc9d9-ddb5-4fa4-a97d-d965ccfc6d4b" outcome="Passed" testListId="8c84fa94-04c1-424b-9868-57a2d4851a1d" relativeResultsDirectory="f1a91647-aeac-4505-9ca6-e3c08164e52b" />
    <UnitTestResult executionId="5fa06929-0604-4ac6-9e86-7953dafd6d7d" testId="1978ec45-4e84-e3eb-ebd3-2cd3bcac1f3f" testName="TryDeserializeXml_ReturnsFalse_ForInvalidFile" computerName="cursor" duration="00:00:00.0053610" startTime="2025-07-04T17:19:16.3375556+00:00" endTime="2025-07-04T17:19:16.3429158+00:00" testType="13cdc9d9-ddb5-4fa4-a97d-d965ccfc6d4b" outcome="Passed" testListId="8c84fa94-04c1-424b-9868-57a2d4851a1d" relativeResultsDirectory="5fa06929-0604-4ac6-9e86-7953dafd6d7d" />
    <UnitTestResult executionId="f4fd98eb-38c8-4773-9425-38cde1dcf446" testId="dcd7c3cc-bb2b-9867-81b5-778be618c95d" testName="Fit_Converter_Creates_Valid_Fit(&quot;rower_workout&quot;,Default)" computerName="cursor" duration="00:00:00.0183320" startTime="2025-07-04T17:19:16.8499263+00:00" endTime="2025-07-04T17:19:16.8682574+00:00" testType="13cdc9d9-ddb5-4fa4-a97d-d965ccfc6d4b" outcome="Passed" testListId="8c84fa94-04c1-424b-9868-57a2d4851a1d" relativeResultsDirectory="f4fd98eb-38c8-4773-9425-38cde1dcf446" />
    <UnitTestResult executionId="44506143-c02e-444f-b193-f60e03c2bac9" testId="4b0481dc-3b3e-c8ad-e505-7f7ffc1d55a6" testName="Fit_Converter_Creates_Valid_Fit(&quot;cycling_just_ride&quot;,Class_Segments)" computerName="cursor" duration="00:00:00.0106810" startTime="2025-07-04T17:19:17.1632054+00:00" endTime="2025-07-04T17:19:17.1738858+00:00" testType="13cdc9d9-ddb5-4fa4-a97d-d965ccfc6d4b" outcome="Passed" testListId="8c84fa94-04c1-424b-9868-57a2d4851a1d" relativeResultsDirectory="44506143-c02e-444f-b193-f60e03c2bac9" />
    <UnitTestResult executionId="28ad8831-39cb-432d-afbe-0180c19cf6c8" testId="8e269da5-325f-ca5e-095b-9a4d9a0d799a" testName="GetTotalDistanceTest_Distance_Is_Converted_To_Meters(&quot;min/500m&quot;)" computerName="cursor" duration="00:00:00.0000080" startTime="2025-07-04T17:19:16.5197412+00:00" endTime="2025-07-04T17:19:16.5197493+00:00" testType="13cdc9d9-ddb5-4fa4-a97d-d965ccfc6d4b" outcome="Passed" testListId="8c84fa94-04c1-424b-9868-57a2d4851a1d" relativeResultsDirectory="28ad8831-39cb-432d-afbe-0180c19cf6c8" />
    <UnitTestResult executionId="f4cccf3e-0273-4d5e-88c1-4d043e1bdff8" testId="9d2b5957-4f8f-fc22-f57e-f9eaded782e7" testName="SignInAsync_WhenCloudflareBlocked_ShouldThrowCloudflareException" computerName="cursor" duration="00:00:00.0017430" startTime="2025-07-04T17:19:17.6754580+00:00" endTime="2025-07-04T17:19:17.6772007+00:00" testType="13cdc9d9-ddb5-4fa4-a97d-d965ccfc6d4b" outcome="Passed" testListId="8c84fa94-04c1-424b-9868-57a2d4851a1d" relativeResultsDirectory="f4cccf3e-0273-4d5e-88c1-4d043e1bdff8" />
    <UnitTestResult executionId="c19ad1ce-f53b-4646-8e89-adb9110f1fe6" testId="ca9219fd-27b5-f98f-69d6-f4a236265e4f" testName="PagingResponseBase_Calculates_HasNext_Correctly(1,0)" computerName="cursor" duration="00:00:00.0000040" startTime="2025-07-04T17:19:16.2469693+00:00" endTime="2025-07-04T17:19:16.2469734+00:00" testType="13cdc9d9-ddb5-4fa4-a97d-d965ccfc6d4b" outcome="Passed" testListId="8c84fa94-04c1-424b-9868-57a2d4851a1d" relativeResultsDirectory="c19ad1ce-f53b-4646-8e89-adb9110f1fe6" />
    <UnitTestResult executionId="74bc11b0-5908-43b8-aee5-10e1e9666668" testId="73fd6b32-ad56-6164-485b-fa89df0af261" testName="StrengthExerciseMappings_ShouldContainValidMappings" computerName="cursor" duration="00:00:00.0011610" startTime="2025-07-04T17:19:16.5254265+00:00" endTime="2025-07-04T17:19:16.5265876+00:00" testType="13cdc9d9-ddb5-4fa4-a97d-d965ccfc6d4b" outcome="Passed" testListId="8c84fa94-04c1-424b-9868-57a2d4851a1d" relativeResultsDirectory="74bc11b0-5908-43b8-aee5-10e1e9666668" />
    <UnitTestResult executionId="1929537e-904b-45a7-b4d8-afc11cc31022" testId="ca2818e9-29c0-46dd-edf8-21d9bbaed850" testName="GetOutputSummary_CalorieSlug_ReturnsSummary" computerName="cursor" duration="00:00:00.0003630" startTime="2025-07-04T17:19:16.5165339+00:00" endTime="2025-07-04T17:19:16.5168971+00:00" testType="13cdc9d9-ddb5-4fa4-a97d-d965ccfc6d4b" outcome="Passed" testListId="8c84fa94-04c1-424b-9868-57a2d4851a1d" relativeResultsDirectory="1929537e-904b-45a7-b4d8-afc11cc31022" />
    <UnitTestResult executionId="ec3a8571-4220-4377-9249-de2b1cab5710" testId="daed5026-5f53-0768-97fa-2d38c9533a79" testName="GetAvgSpeedMetersPerSecond_MaxSpeed_Is_Converted(&quot;ft&quot;)" computerName="cursor" duration="00:00:00.0000380" startTime="2025-07-04T17:19:16.5069699+00:00" endTime="2025-07-04T17:19:16.5070076+00:00" testType="13cdc9d9-ddb5-4fa4-a97d-d965ccfc6d4b" outcome="Passed" testListId="8c84fa94-04c1-424b-9868-57a2d4851a1d" relativeResultsDirectory="ec3a8571-4220-4377-9249-de2b1cab5710" />
    <UnitTestResult executionId="68b04f86-1aec-40bb-bd69-46dec06cefe7" testId="834688af-d948-b267-9d52-df9b13a0c676" testName="GetTitle_NullTemplate_ShouldReturn_DefaultTemplate" computerName="cursor" duration="00:00:00.0022039" startTime="2025-07-04T17:19:16.4706101+00:00" endTime="2025-07-04T17:19:16.4728143+00:00" testType="13cdc9d9-ddb5-4fa4-a97d-d965ccfc6d4b" outcome="Passed" testListId="8c84fa94-04c1-424b-9868-57a2d4851a1d" relativeResultsDirectory="68b04f86-1aec-40bb-bd69-46dec06cefe7" />
    <UnitTestResult executionId="a9e81d8c-ce7f-4d17-a995-7ea482931dc1" testId="765355bb-85aa-5089-57c0-fceb33f00719" testName="UploadActivity_WhenNetworkError_ShouldThrowException" computerName="cursor" duration="00:00:00.0023220" startTime="2025-07-04T17:19:17.5997012+00:00" endTime="2025-07-04T17:19:17.6020240+00:00" testType="13cdc9d9-ddb5-4fa4-a97d-d965ccfc6d4b" outcome="Passed" testListId="8c84fa94-04c1-424b-9868-57a2d4851a1d" relativeResultsDirectory="a9e81d8c-ce7f-4d17-a995-7ea482931dc1" />
    <UnitTestResult executionId="001ed4d0-c461-49db-b7e4-d347d3fb5639" testId="adcba74b-8049-9f15-8f59-2b6a8504d81e" testName="GetCustomDeviceInfoAsync_Choose_CorrectDevice_For_WorkoutType(TreadmillRunning)" computerName="cursor" duration="00:00:00.0003360" startTime="2025-07-04T17:19:16.3825076+00:00" endTime="2025-07-04T17:19:16.3828437+00:00" testType="13cdc9d9-ddb5-4fa4-a97d-d965ccfc6d4b" outcome="Passed" testListId="8c84fa94-04c1-424b-9868-57a2d4851a1d" relativeResultsDirectory="001ed4d0-c461-49db-b7e4-d347d3fb5639" />
    <UnitTestResult executionId="27158ad6-163c-4f93-b9fd-2385e876836c" testId="db858c54-5ca6-5112-334f-1a2074085872" testName="SyncAsync_When_Conversion_StepFails_Should_ReturnCorrectResponse" computerName="cursor" duration="00:00:00.0022690" startTime="2025-07-04T17:19:17.8125935+00:00" endTime="2025-07-04T17:19:17.8148624+00:00" testType="13cdc9d9-ddb5-4fa4-a97d-d965ccfc6d4b" outcome="Passed" testListId="8c84fa94-04c1-424b-9868-57a2d4851a1d" relativeResultsDirectory="27158ad6-163c-4f93-b9fd-2385e876836c" />
    <UnitTestResult executionId="fc6a242a-20b9-4452-9bb1-3cff8ca16094" testId="498cc7c3-1cb9-89e2-4405-01ada2bd05f7" testName="StrengthExerciseMappings_AllIdsShouldBeValidFormat" computerName="cursor" duration="00:00:00.0009980" startTime="2025-07-04T17:19:16.5238922+00:00" endTime="2025-07-04T17:19:16.5248904+00:00" testType="13cdc9d9-ddb5-4fa4-a97d-d965ccfc6d4b" outcome="Passed" testListId="8c84fa94-04c1-424b-9868-57a2d4851a1d" relativeResultsDirectory="fc6a242a-20b9-4452-9bb1-3cff8ca16094" />
    <UnitTestResult executionId="00e9d9dd-20f6-4acb-9c55-d67c7794fd04" testId="8070e7f7-7d02-726a-bebc-3ef7eedf5c14" testName="GetCyclingFtp_Should_PickCorrectValue(Workout { Id = , Status = , Title = , Name = , Created_At = 0, Fitness_Discipline = None, Is_Outdoor = False, Ride = , End_Time = , Start_Time = 0, Total_Work = 0, Ftp_Info = Common.Dto.Peloton.FTPInfo, Movement_Tracker_Data =  },UserData { Cycling_Ftp_Source = , Cycling_Workout_Ftp = 0, Cycling_Ftp_Workout_Id = , Cycling_Ftp = 0, Estimated_Cycling_Ftp = 0, Default_Max_Heart_Rate = 0, Customized_Max_Heart_Rate = 0, Weight = 0 },ushort.MinValue)" computerName="cursor" duration="00:00:00.0001090" startTime="2025-07-04T17:19:16.5108145+00:00" endTime="2025-07-04T17:19:16.5109233+00:00" testType="13cdc9d9-ddb5-4fa4-a97d-d965ccfc6d4b" outcome="Passed" testListId="8c84fa94-04c1-424b-9868-57a2d4851a1d" relativeResultsDirectory="00e9d9dd-20f6-4acb-9c55-d67c7794fd04" />
    <UnitTestResult executionId="54f63598-a529-4509-b7a5-e4e08cc7c9d2" testId="4b7cc2b4-5fdb-804f-ca2f-d480cf61bf67" testName="Fit_Converter_Creates_Valid_Fit(&quot;meditation_workout&quot;,Default)" computerName="cursor" duration="00:00:00.0062650" startTime="2025-07-04T17:19:16.7376589+00:00" endTime="2025-07-04T17:19:16.7439230+00:00" testType="13cdc9d9-ddb5-4fa4-a97d-d965ccfc6d4b" outcome="Passed" testListId="8c84fa94-04c1-424b-9868-57a2d4851a1d" relativeResultsDirectory="54f63598-a529-4509-b7a5-e4e08cc7c9d2" />
    <UnitTestResult executionId="5f45c72c-50d1-45e6-8487-fa9842ca1572" testId="53c94778-6304-3468-47d9-789a07277d4e" testName="GetTitle_NullInstructorName_ShouldReturn_EmptyInstructorName" computerName="cursor" duration="00:00:00.0032010" startTime="2025-07-04T17:19:16.4651637+00:00" endTime="2025-07-04T17:19:16.4683638+00:00" testType="13cdc9d9-ddb5-4fa4-a97d-d965ccfc6d4b" outcome="Passed" testListId="8c84fa94-04c1-424b-9868-57a2d4851a1d" relativeResultsDirectory="5f45c72c-50d1-45e6-8487-fa9842ca1572" />
    <UnitTestResult executionId="3c7e1b0a-f4fb-463a-ba86-cc544234bc78" testId="ab436d55-955b-4b55-54f7-5f3f2290fbcb" testName="ConvertToMetersPerSecondTest_Is_Converted_To_MetersPerSecond_ForRower(&quot;min/500m&quot;)" computerName="cursor" duration="00:00:00.0001510" startTime="2025-07-04T17:19:16.5054211+00:00" endTime="2025-07-04T17:19:16.5055715+00:00" testType="13cdc9d9-ddb5-4fa4-a97d-d965ccfc6d4b" outcome="Passed" testListId="8c84fa94-04c1-424b-9868-57a2d4851a1d" relativeResultsDirectory="3c7e1b0a-f4fb-463a-ba86-cc544234bc78" />
    <UnitTestResult executionId="f4251e94-80f3-4f9c-b901-3b0407204113" testId="d6496406-25e6-4f95-dcc9-c044ad2f4af4" testName="GetAsync_When_Service_Throws_ArgumentException_Returns_BadRequest" computerName="cursor" duration="00:00:00.0111790" startTime="2025-07-04T17:19:16.1580418+00:00" endTime="2025-07-04T17:19:16.1692197+00:00" testType="13cdc9d9-ddb5-4fa4-a97d-d965ccfc6d4b" outcome="Passed" testListId="8c84fa94-04c1-424b-9868-57a2d4851a1d" relativeResultsDirectory="f4251e94-80f3-4f9c-b901-3b0407204113" />
    <UnitTestResult executionId="c1ea9b6e-f0e7-47b3-bf9f-94f7d46f1027" testId="5ff971c1-c71d-1ccf-c287-9ba289350e84" testName="GetCyclingFtp_Should_PickCorrectValue(null,UserData { Cycling_Ftp_Source = Ftp_Workout_Source, Cycling_Workout_Ftp = 0, Cycling_Ftp_Workout_Id = , Cycling_Ftp = 1, Estimated_Cycling_Ftp = 100, Default_Max_Heart_Rate = 0, Customized_Max_Heart_Rate = 0, Weight = 0 },100)" computerName="cursor" duration="00:00:00.0000230" startTime="2025-07-04T17:19:16.5111173+00:00" endTime="2025-07-04T17:19:16.5111399+00:00" testType="13cdc9d9-ddb5-4fa4-a97d-d965ccfc6d4b" outcome="Passed" testListId="8c84fa94-04c1-424b-9868-57a2d4851a1d" relativeResultsDirectory="c1ea9b6e-f0e7-47b3-bf9f-94f7d46f1027" />
    <UnitTestResult executionId="882346aa-5460-44f9-97ca-8709be258fd9" testId="4a5d5949-0c88-56fe-5e7c-a9326000123b" testName="ShouldConvert_ShouldOnly_Support_TCX(True,False,False)" computerName="cursor" duration="00:00:00.0000699" startTime="2025-07-04T17:19:17.4723241+00:00" endTime="2025-07-04T17:19:17.4723944+00:00" testType="13cdc9d9-ddb5-4fa4-a97d-d965ccfc6d4b" outcome="Passed" testListId="8c84fa94-04c1-424b-9868-57a2d4851a1d" relativeResultsDirectory="882346aa-5460-44f9-97ca-8709be258fd9" />
    <UnitTestResult executionId="90d75b40-4940-4143-8e99-3d420f42d1c8" testId="76e0271b-85c4-90ea-aed2-72a6495ef213" testName="GetHeartRateSummary_Metrics_ReturnsNull" computerName="cursor" duration="00:00:00.0001310" startTime="2025-07-04T17:19:16.5139100+00:00" endTime="2025-07-04T17:19:16.5140410+00:00" testType="13cdc9d9-ddb5-4fa4-a97d-d965ccfc6d4b" outcome="Passed" testListId="8c84fa94-04c1-424b-9868-57a2d4851a1d" relativeResultsDirectory="90d75b40-4940-4143-8e99-3d420f42d1c8" />
    <UnitTestResult executionId="4e7354fd-f14c-4792-ba2b-6327867b71a9" testId="249fb9cf-a2bf-c28f-b9d5-4ef4a23d459c" testName="GarminPost_With_PasswordChange_Should_SignOut_of_Garmin" computerName="cursor" duration="00:00:00.0008580" startTime="2025-07-04T17:19:16.2285108+00:00" endTime="2025-07-04T17:19:16.2293683+00:00" testType="13cdc9d9-ddb5-4fa4-a97d-d965ccfc6d4b" outcome="Passed" testListId="8c84fa94-04c1-424b-9868-57a2d4851a1d" relativeResultsDirectory="4e7354fd-f14c-4792-ba2b-6327867b71a9" />
    <UnitTestResult executionId="bb464156-ba25-4169-a1a8-2be07158582f" testId="7c056526-87e1-0b1b-ae91-940a253edafa" testName="Fit_Converter_Creates_Valid_Fit(&quot;walking_outdoor_01&quot;,Default)" computerName="cursor" duration="00:00:00.0692340" startTime="2025-07-04T17:19:16.7439609+00:00" endTime="2025-07-04T17:19:16.8131941+00:00" testType="13cdc9d9-ddb5-4fa4-a97d-d965ccfc6d4b" outcome="Passed" testListId="8c84fa94-04c1-424b-9868-57a2d4851a1d" relativeResultsDirectory="bb464156-ba25-4169-a1a8-2be07158582f" />
    <UnitTestResult executionId="bfe24b3f-0c24-474e-b5ba-12c0fe964a66" testId="bb1a317a-f603-fd34-847e-2a6fecc00af2" testName="Constructor_WhenSettingsServiceIsNull_ShouldNotThrow" computerName="cursor" duration="00:00:00.0014110" startTime="2025-07-04T17:19:17.4762392+00:00" endTime="2025-07-04T17:19:17.4776500+00:00" testType="13cdc9d9-ddb5-4fa4-a97d-d965ccfc6d4b" outcome="Passed" testListId="8c84fa94-04c1-424b-9868-57a2d4851a1d" relativeResultsDirectory="bfe24b3f-0c24-474e-b5ba-12c0fe964a66" />
    <UnitTestResult executionId="0acb2721-1721-491e-ad84-54fe2835caf9" testId="2a9f7fbb-1357-fa53-4ff4-d260cac31c15" testName="GetWorkoutType_Should_Map_Correctly(Cardio,False)" computerName="cursor" duration="00:00:00.0000020" startTime="2025-07-04T17:19:16.2651538+00:00" endTime="2025-07-04T17:19:16.2651555+00:00" testType="13cdc9d9-ddb5-4fa4-a97d-d965ccfc6d4b" outcome="Passed" testListId="8c84fa94-04c1-424b-9868-57a2d4851a1d" relativeResultsDirectory="0acb2721-1721-491e-ad84-54fe2835caf9" />
    <UnitTestResult executionId="b78d9102-9711-4d41-90d2-ecd480db38b0" testId="0c199377-2588-d3ea-29a5-336cfe047b76" testName="GetAllAsync_Honors_WorkoutStatusFilter_Flag(Completed)" computerName="cursor" duration="00:00:00.0034380" startTime="2025-07-04T17:19:16.1306453+00:00" endTime="2025-07-04T17:19:16.1340826+00:00" testType="13cdc9d9-ddb5-4fa4-a97d-d965ccfc6d4b" outcome="Passed" testListId="8c84fa94-04c1-424b-9868-57a2d4851a1d" relativeResultsDirectory="b78d9102-9711-4d41-90d2-ecd480db38b0" />
    <UnitTestResult executionId="4d7f9d65-d02f-417a-9511-ebf6a3a3bb07" testId="bf5d0f26-4b57-cc96-473d-c81ac6338dbd" testName="GetWorkoutDetailsAsync_Should_Only_Enrich_ValidRideIds(null)" computerName="cursor" duration="00:00:00.0001730" startTime="2025-07-04T17:19:17.7370731+00:00" endTime="2025-07-04T17:19:17.7372458+00:00" testType="13cdc9d9-ddb5-4fa4-a97d-d965ccfc6d4b" outcome="Passed" testListId="8c84fa94-04c1-424b-9868-57a2d4851a1d" relativeResultsDirectory="4d7f9d65-d02f-417a-9511-ebf6a3a3bb07" />
    <UnitTestResult executionId="38d5b182-152b-4fe8-91b5-97568c63c01f" testId="f227a819-2a67-8cc4-9f97-0d0e685c0f0f" testName="ShouldConvert_ShouldOnly_Support_TCX(False,False,False)" computerName="cursor" duration="00:00:00.0000430" startTime="2025-07-04T17:19:17.4705763+00:00" endTime="2025-07-04T17:19:17.4706194+00:00" testType="13cdc9d9-ddb5-4fa4-a97d-d965ccfc6d4b" outcome="Passed" testListId="8c84fa94-04c1-424b-9868-57a2d4851a1d" relativeResultsDirectory="38d5b182-152b-4fe8-91b5-97568c63c01f" />
    <UnitTestResult executionId="d7855721-989b-4976-b4a7-29e2121ff50c" testId="a4c1e622-b9e9-1738-8d8d-b3c7003ffb3a" testName="GetRecentWorkoutsAsync_DoesNothing_WhenNoCount(-1)" computerName="cursor" duration="00:00:00.0039210" startTime="2025-07-04T17:19:17.7158024+00:00" endTime="2025-07-04T17:19:17.7197235+00:00" testType="13cdc9d9-ddb5-4fa4-a97d-d965ccfc6d4b" outcome="Passed" testListId="8c84fa94-04c1-424b-9868-57a2d4851a1d" relativeResultsDirectory="d7855721-989b-4976-b4a7-29e2121ff50c" />
    <UnitTestResult executionId="0722cd29-a6b7-48d1-baa3-027562f2f740" testId="18bde04b-4c73-eda8-82d0-6d3ca2a04781" testName="GetTitle_Should_Handle_SpecialChars(&quot;My Title&quot;,&quot;ä&quot;)" computerName="cursor" duration="00:00:00.0025220" startTime="2025-07-04T17:19:16.4751352+00:00" endTime="2025-07-04T17:19:16.4776568+00:00" testType="13cdc9d9-ddb5-4fa4-a97d-d965ccfc6d4b" outcome="Passed" testListId="8c84fa94-04c1-424b-9868-57a2d4851a1d" relativeResultsDirectory="0722cd29-a6b7-48d1-baa3-027562f2f740" />
    <UnitTestResult executionId="158b8674-72c3-4785-a50a-17fd1631e33e" testId="41ba31c5-e015-3b58-b0d1-e862f9a31ff4" testName="GetStackedWorkouts_When_Workouts_Is_NullOrEmpty_DoesNothing" computerName="cursor" duration="00:00:00.0017730" startTime="2025-07-04T17:19:17.7937726+00:00" endTime="2025-07-04T17:19:17.7955452+00:00" testType="13cdc9d9-ddb5-4fa4-a97d-d965ccfc6d4b" outcome="Passed" testListId="8c84fa94-04c1-424b-9868-57a2d4851a1d" relativeResultsDirectory="158b8674-72c3-4785-a50a-17fd1631e33e" />
    <UnitTestResult executionId="fbe96041-bd6b-4a1f-840d-54d686a8e255" testId="d2f7c43b-7a15-5c56-1100-64ce930e11ad" testName="DefaultConfigInit_Observability_Jaeger_ShouldHaveDefaulValues" computerName="cursor" duration="00:00:00.0003330" startTime="2025-07-04T17:19:16.2493770+00:00" endTime="2025-07-04T17:19:16.2497099+00:00" testType="13cdc9d9-ddb5-4fa4-a97d-d965ccfc6d4b" outcome="Passed" testListId="8c84fa94-04c1-424b-9868-57a2d4851a1d" relativeResultsDirectory="fbe96041-bd6b-4a1f-840d-54d686a8e255" />
    <UnitTestResult executionId="548c265c-836e-4a1c-b546-033700b57445" testId="73d075be-fab1-ee80-0dd0-df090006c2e6" testName="GetCalorieSummary_ShouldPickCorrectValue(Common.Dto.Peloton.WorkoutSamples,10)" computerName="cursor" duration="00:00:00.0000810" startTime="2025-07-04T17:19:16.5091013+00:00" endTime="2025-07-04T17:19:16.5091822+00:00" testType="13cdc9d9-ddb5-4fa4-a97d-d965ccfc6d4b" outcome="Passed" testListId="8c84fa94-04c1-424b-9868-57a2d4851a1d" relativeResultsDirectory="548c265c-836e-4a1c-b546-033700b57445" />
    <UnitTestResult executionId="1c74a5c7-e99e-47f2-8a48-90d8afa983c5" testId="3c82cb38-7fe0-9ca0-9a54-46ea4405b331" testName="GarminPost_With_PasswordChange_Should_Validate_Characters(&quot;a\\a&quot;)" computerName="cursor" duration="00:00:00.0001470" startTime="2025-07-04T17:19:16.2355154+00:00" endTime="2025-07-04T17:19:16.2356628+00:00" testType="13cdc9d9-ddb5-4fa4-a97d-d965ccfc6d4b" outcome="Passed" testListId="8c84fa94-04c1-424b-9868-57a2d4851a1d" relativeResultsDirectory="1c74a5c7-e99e-47f2-8a48-90d8afa983c5" />
    <UnitTestResult executionId="eb7e0778-37bf-4a27-adfc-c224d847adf7" testId="ceb0dffb-096a-12f4-eb83-b0c92e63c404" testName="GetCustomDeviceInfoAsync_Choose_CorrectDevice_For_WorkoutType(BikeBootcamp)" computerName="cursor" duration="00:00:00.0004670" startTime="2025-07-04T17:19:16.3820104+00:00" endTime="2025-07-04T17:19:16.3824774+00:00" testType="13cdc9d9-ddb5-4fa4-a97d-d965ccfc6d4b" outcome="Passed" testListId="8c84fa94-04c1-424b-9868-57a2d4851a1d" relativeResultsDirectory="eb7e0778-37bf-4a27-adfc-c224d847adf7" />
    <UnitTestResult executionId="48951ea5-2036-4db5-8595-614b8f381a23" testId="5a65731b-e389-699c-d05f-1f40d4727ede" testName="ShouldConvert_ShouldOnly_Support_TCX(True,True,False)" computerName="cursor" duration="00:00:00.0003390" startTime="2025-07-04T17:19:17.4718597+00:00" endTime="2025-07-04T17:19:17.4721987+00:00" testType="13cdc9d9-ddb5-4fa4-a97d-d965ccfc6d4b" outcome="Passed" testListId="8c84fa94-04c1-424b-9868-57a2d4851a1d" relativeResultsDirectory="48951ea5-2036-4db5-8595-614b8f381a23" />
    <UnitTestResult executionId="ebcccddc-c8f1-4430-8c8a-7e5fc1ee0b60" testId="e5148d61-6a1f-4ceb-0ad8-fb67024b7aa1" testName="GarminExercise_Constructor_ShouldSetProperties" computerName="cursor" duration="00:00:00.0008550" startTime="2025-07-04T17:19:16.5206707+00:00" endTime="2025-07-04T17:19:16.5215256+00:00" testType="13cdc9d9-ddb5-4fa4-a97d-d965ccfc6d4b" outcome="Passed" testListId="8c84fa94-04c1-424b-9868-57a2d4851a1d" relativeResultsDirectory="ebcccddc-c8f1-4430-8c8a-7e5fc1ee0b60" />
    <UnitTestResult executionId="0f351c93-47d6-4556-aeb6-cce46b2ba6e2" testId="d1d4a324-9577-ffbe-55b8-4af24ac0c077" testName="UploadActivity_WhenInvalidFile_ShouldThrowException" computerName="cursor" duration="00:00:00.0014400" startTime="2025-07-04T17:19:17.5982281+00:00" endTime="2025-07-04T17:19:17.5996674+00:00" testType="13cdc9d9-ddb5-4fa4-a97d-d965ccfc6d4b" outcome="Passed" testListId="8c84fa94-04c1-424b-9868-57a2d4851a1d" relativeResultsDirectory="0f351c93-47d6-4556-aeb6-cce46b2ba6e2" />
    <UnitTestResult executionId="6606fc89-2101-4dbe-b982-23151cc0eac8" testId="3007729f-a613-5805-213d-0cebf02b0e3e" testName="GetTitle_NullRide_ShouldReturn_RideId" computerName="cursor" duration="00:00:00.0021980" startTime="2025-07-04T17:19:16.4683909+00:00" endTime="2025-07-04T17:19:16.4705888+00:00" testType="13cdc9d9-ddb5-4fa4-a97d-d965ccfc6d4b" outcome="Passed" testListId="8c84fa94-04c1-424b-9868-57a2d4851a1d" relativeResultsDirectory="6606fc89-2101-4dbe-b982-23151cc0eac8" />
    <UnitTestResult executionId="27f8cd32-6714-4de1-8b5d-ffa4c2f8161f" testId="164043c1-8b89-4b90-060a-951aa3808268" testName="GetHeartRateSummary_NullWorkoutSamples_ReturnsNull" computerName="cursor" duration="00:00:00.0000740" startTime="2025-07-04T17:19:16.5141676+00:00" endTime="2025-07-04T17:19:16.5142421+00:00" testType="13cdc9d9-ddb5-4fa4-a97d-d965ccfc6d4b" outcome="Passed" testListId="8c84fa94-04c1-424b-9868-57a2d4851a1d" relativeResultsDirectory="27f8cd32-6714-4de1-8b5d-ffa4c2f8161f" />
    <UnitTestResult executionId="b373fac8-06f3-42f5-9154-f0af0849ea24" testId="d26bb60f-4042-678a-8d98-9cd1fa6f6343" testName="GetWorkoutType_Should_Map_Correctly(Stretching,True)" computerName="cursor" duration="00:00:00.0000020" startTime="2025-07-04T17:19:16.2651818+00:00" endTime="2025-07-04T17:19:16.2651843+00:00" testType="13cdc9d9-ddb5-4fa4-a97d-d965ccfc6d4b" outcome="Passed" testListId="8c84fa94-04c1-424b-9868-57a2d4851a1d" relativeResultsDirectory="b373fac8-06f3-42f5-9154-f0af0849ea24" />
    <UnitTestResult executionId="1a17e5b0-22b4-4b38-b9cf-a0550e0b7042" testId="3bef546d-2c73-feb3-5bfb-b8193692e2ab" testName="Fit_Converter_Creates_Valid_Fit(&quot;ride_based_on_distance&quot;,Class_Segments)" computerName="cursor" duration="00:00:00.0153800" startTime="2025-07-04T17:19:17.2877380+00:00" endTime="2025-07-04T17:19:17.3031172+00:00" testType="13cdc9d9-ddb5-4fa4-a97d-d965ccfc6d4b" outcome="Passed" testListId="8c84fa94-04c1-424b-9868-57a2d4851a1d" relativeResultsDirectory="1a17e5b0-22b4-4b38-b9cf-a0550e0b7042" />
    <UnitTestResult executionId="846de208-bda7-4582-beab-19448848e0eb" testId="ca807f2f-686e-8ee2-2c5d-8bb89b2618ca" testName="ConvertDistanceToMetersTest(&quot;min/500m&quot;)" computerName="cursor" duration="00:00:00.0000060" startTime="2025-07-04T17:19:16.5043928+00:00" endTime="2025-07-04T17:19:16.5043992+00:00" testType="13cdc9d9-ddb5-4fa4-a97d-d965ccfc6d4b" outcome="Passed" testListId="8c84fa94-04c1-424b-9868-57a2d4851a1d" relativeResultsDirectory="846de208-bda7-4582-beab-19448848e0eb" />
    <UnitTestResult executionId="9147e76b-25cb-48d8-b6d5-f196d8e5f387" testId="b6e623d2-bfed-d470-04c8-e1e9dee410eb" testName="ValidateConfig_Disabled_ShouldNotThrow" computerName="cursor" duration="00:00:00.0000920" startTime="2025-07-04T17:19:16.3644503+00:00" endTime="2025-07-04T17:19:16.3645421+00:00" testType="13cdc9d9-ddb5-4fa4-a97d-d965ccfc6d4b" outcome="Passed" testListId="8c84fa94-04c1-424b-9868-57a2d4851a1d" relativeResultsDirectory="9147e76b-25cb-48d8-b6d5-f196d8e5f387" />
    <UnitTestResult executionId="fc727f2d-55ee-4b4c-9268-f9cca178c4e0" testId="b5d17ff9-7f52-3054-c3e2-54c143047f1e" testName="GetCyclingFtp_Should_PickCorrectValue(Workout { Id = , Status = , Title = , Name = , Created_At = 0, Fitness_Discipline = None, Is_Outdoor = False, Ride = , End_Time = , Start_Time = 0, Total_Work = 0, Ftp_Info = Common.Dto.Peloton.FTPInfo, Movement_Tracker_Data =  },UserData { Cycling_Ftp_Source = , Cycling_Workout_Ftp = 0, Cycling_Ftp_Workout_Id = , Cycling_Ftp = 0, Estimated_Cycling_Ftp = 0, Default_Max_Heart_Rate = 0, Customized_Max_Heart_Rate = 0, Weight = 0 },95)" computerName="cursor" duration="00:00:00.0000330" startTime="2025-07-04T17:19:16.5109901+00:00" endTime="2025-07-04T17:19:16.5110234+00:00" testType="13cdc9d9-ddb5-4fa4-a97d-d965ccfc6d4b" outcome="Passed" testListId="8c84fa94-04c1-424b-9868-57a2d4851a1d" relativeResultsDirectory="fc727f2d-55ee-4b4c-9268-f9cca178c4e0" />
    <UnitTestResult executionId="f1a2c085-8acd-45f8-affd-061f9156ffff" testId="37e94512-8bbc-a900-5e2e-69ba1c2e30ce" testName="GetWorkoutType_Should_Map_Correctly(Bike_Bootcamp,False)" computerName="cursor" duration="00:00:00.0000080" startTime="2025-07-04T17:19:16.2651172+00:00" endTime="2025-07-04T17:19:16.2651256+00:00" testType="13cdc9d9-ddb5-4fa4-a97d-d965ccfc6d4b" outcome="Passed" testListId="8c84fa94-04c1-424b-9868-57a2d4851a1d" relativeResultsDirectory="f1a2c085-8acd-45f8-affd-061f9156ffff" />
    <UnitTestResult executionId="142959db-f519-41a5-914a-b45af392513d" testId="e98034a5-c706-60a8-e0ab-cefc246c9ed1" testName="GetMaxSpeedMetersPerSecond_NullMetrics_Returns0" computerName="cursor" duration="00:00:00.0001230" startTime="2025-07-04T17:19:16.5164073+00:00" endTime="2025-07-04T17:19:16.5165299+00:00" testType="13cdc9d9-ddb5-4fa4-a97d-d965ccfc6d4b" outcome="Passed" testListId="8c84fa94-04c1-424b-9868-57a2d4851a1d" relativeResultsDirectory="142959db-f519-41a5-914a-b45af392513d" />
    <UnitTestResult executionId="4a49a72e-df77-475a-beaa-72744093debd" testId="95748184-2e23-34f4-f30a-ed8f0a761409" testName="SyncAsync_WorkoutIds_Calls_CorrectMethod" computerName="cursor" duration="00:00:00.0030290" startTime="2025-07-04T17:19:16.2030857+00:00" endTime="2025-07-04T17:19:16.2061142+00:00" testType="13cdc9d9-ddb5-4fa4-a97d-d965ccfc6d4b" outcome="Passed" testListId="8c84fa94-04c1-424b-9868-57a2d4851a1d" relativeResultsDirectory="4a49a72e-df77-475a-beaa-72744093debd" />
    <UnitTestResult executionId="3d6cdf71-7bf8-45bd-82b8-437f1cdb37bf" testId="1c161d40-6f81-55f6-2fc5-a2aaa91db134" testName="SignInAsync_WhenValidCredentials_ShouldReturnAuthentication" computerName="cursor" duration="00:00:00.0029190" startTime="2025-07-04T17:19:17.6824937+00:00" endTime="2025-07-04T17:19:17.6854126+00:00" testType="13cdc9d9-ddb5-4fa4-a97d-d965ccfc6d4b" outcome="Failed" testListId="8c84fa94-04c1-424b-9868-57a2d4851a1d" relativeResultsDirectory="3d6cdf71-7bf8-45bd-82b8-437f1cdb37bf">
      <Output>
        <ErrorInfo>
          <Message>Garmin.Auth.GarminAuthenticationError : Failed to parse csrf token.
  ----&gt; Garmin.Auth.GarminAuthenticationError : Failed to find regex match for csrf token. tokenResult: &lt;input name='_csrf' value='csrf-token' /&gt;</Message>
          <StackTrace>   at Garmin.Auth.GarminAuthenticationService.FindCsrfToken(String rawResponseBody, Code failureStepCode) in /workspace/src/Garmin/Auth/GarminAuthenticationService.cs:line 303
   at Garmin.Auth.GarminAuthenticationService.SignInAsync() in /workspace/src/Garmin/Auth/GarminAuthenticationService.cs:line 131
   at UnitTests.Garmin.GarminAuthenticationServiceTests.SignInAsync_WhenValidCredentials_ShouldReturnAuthentication() in /workspace/src/UnitTests/Garmin/GarminAuthenticationServiceTests.cs:line 270
   at NUnit.Framework.Internal.TaskAwaitAdapter.GenericAdapter`1.GetResult()
   at NUnit.Framework.Internal.AsyncToSyncAdapter.Await[TResult](TestExecutionContext context, Func`1 invoke)
   at NUnit.Framework.Internal.AsyncToSyncAdapter.Await(TestExecutionContext context, Func`1 invoke)
   at NUnit.Framework.Internal.Commands.TestMethodCommand.RunTestMethod(TestExecutionContext context)
   at NUnit.Framework.Internal.Commands.TestMethodCommand.Execute(TestExecutionContext context)
   at NUnit.Framework.Internal.Commands.BeforeAndAfterTestCommand.&lt;&gt;c__DisplayClass1_0.&lt;Execute&gt;b__0()
   at NUnit.Framework.Internal.Commands.DelegatingTestCommand.RunTestMethodInThreadAbortSafeZone(TestExecutionContext context, Action action)
--GarminAuthenticationError
   at Garmin.Auth.GarminAuthenticationService.FindCsrfToken(String rawResponseBody, Code failureStepCode) in /workspace/src/Garmin/Auth/GarminAuthenticationService.cs:line 292
</StackTrace>
        </ErrorInfo>
      </Output>
    </UnitTestResult>
    <UnitTestResult executionId="fe192504-78d4-49cb-ae82-1ee34b8c7cda" testId="3c993e2f-53f1-5efe-dae0-a0fe5a9dd2ce" testName="Fit_Converter_Creates_Valid_Fit(&quot;cycling_workout&quot;,Class_Targets)" computerName="cursor" duration="00:00:00.0277620" startTime="2025-07-04T17:19:17.3177067+00:00" endTime="2025-07-04T17:19:17.3454675+00:00" testType="13cdc9d9-ddb5-4fa4-a97d-d965ccfc6d4b" outcome="Passed" testListId="8c84fa94-04c1-424b-9868-57a2d4851a1d" relativeResultsDirectory="fe192504-78d4-49cb-ae82-1ee34b8c7cda" />
    <UnitTestResult executionId="8affa387-2768-4419-ac21-587ce02e19b8" testId="75253478-58a0-bb8b-60af-f2e03b85edc6" testName="GetWorkoutType_Should_Map_Correctly(Yoga,True)" computerName="cursor" duration="00:00:00.0000070" startTime="2025-07-04T17:19:16.2651905+00:00" endTime="2025-07-04T17:19:16.2651976+00:00" testType="13cdc9d9-ddb5-4fa4-a97d-d965ccfc6d4b" outcome="Passed" testListId="8c84fa94-04c1-424b-9868-57a2d4851a1d" relativeResultsDirectory="8affa387-2768-4419-ac21-587ce02e19b8" />
    <UnitTestResult executionId="fe4fdd2e-eca4-4aef-b212-546882658cf8" testId="6888598b-cb60-477f-2c20-bf0224fd9c36" testName="ConvertToMetersPerSecondTest_Is_Converted_To_MetersPerSecond(&quot;kph&quot;)" computerName="cursor" duration="00:00:00.0003360" startTime="2025-07-04T17:19:16.5050474+00:00" endTime="2025-07-04T17:19:16.5053832+00:00" testType="13cdc9d9-ddb5-4fa4-a97d-d965ccfc6d4b" outcome="Passed" testListId="8c84fa94-04c1-424b-9868-57a2d4851a1d" relativeResultsDirectory="fe4fdd2e-eca4-4aef-b212-546882658cf8" />
    <UnitTestResult executionId="974cc3ed-123b-490f-a02b-0b6e4235357d" testId="53f6b12f-61bb-1cab-a25e-97d13b4340ec" testName="ValidateConfig_WhenGarminSettingsIsNull_ShouldThrowException" computerName="cursor" duration="00:00:00.0002850" startTime="2025-07-04T17:19:17.6937640+00:00" endTime="2025-07-04T17:19:17.6940491+00:00" testType="13cdc9d9-ddb5-4fa4-a97d-d965ccfc6d4b" outcome="Passed" testListId="8c84fa94-04c1-424b-9868-57a2d4851a1d" relativeResultsDirectory="974cc3ed-123b-490f-a02b-0b6e4235357d" />
    <UnitTestResult executionId="0e97c7ea-4c2c-48f6-99b4-eed30f903eaa" testId="47acaf49-109d-c29f-0b5f-3e98c6129300" testName="GetCustomDeviceInfoAsync_Choose_CorrectDevice_For_WorkoutType(Cycling)" computerName="cursor" duration="00:00:00.0013200" startTime="2025-07-04T17:19:16.3806640+00:00" endTime="2025-07-04T17:19:16.3819835+00:00" testType="13cdc9d9-ddb5-4fa4-a97d-d965ccfc6d4b" outcome="Passed" testListId="8c84fa94-04c1-424b-9868-57a2d4851a1d" relativeResultsDirectory="0e97c7ea-4c2c-48f6-99b4-eed30f903eaa" />
    <UnitTestResult executionId="6975a504-70b3-4c70-b433-83a7aec98c63" testId="d4c769a8-aaf0-fc74-a370-7fe129616c88" testName="GetCsrfTokenAsync_WhenHttpRequestFails_ShouldThrowException" computerName="cursor" duration="00:00:00.0011830" startTime="2025-07-04T17:19:17.5341711+00:00" endTime="2025-07-04T17:19:17.5353533+00:00" testType="13cdc9d9-ddb5-4fa4-a97d-d965ccfc6d4b" outcome="Passed" testListId="8c84fa94-04c1-424b-9868-57a2d4851a1d" relativeResultsDirectory="6975a504-70b3-4c70-b433-83a7aec98c63" />
    <UnitTestResult executionId="be6605ac-d8e3-4b10-8e48-ac56f570f795" testId="6bd02653-e5f0-d4ef-1cd6-21d55dd9399e" testName="GetTimeStampTest(10L)" computerName="cursor" duration="00:00:00.0002810" startTime="2025-07-04T17:19:16.5186799+00:00" endTime="2025-07-04T17:19:16.5189610+00:00" testType="13cdc9d9-ddb5-4fa4-a97d-d965ccfc6d4b" outcome="Passed" testListId="8c84fa94-04c1-424b-9868-57a2d4851a1d" relativeResultsDirectory="be6605ac-d8e3-4b10-8e48-ac56f570f795" />
    <UnitTestResult executionId="5c2901da-bd3a-4f3b-830b-373708992c28" testId="9e4a166f-9dd6-6fc3-0366-061d8403a00e" testName="GetWorkoutDetailsAsync_Should_Only_Enrich_ValidRideIds(&quot;&quot;)" computerName="cursor" duration="00:00:00.0013140" startTime="2025-07-04T17:19:17.7351991+00:00" endTime="2025-07-04T17:19:17.7365129+00:00" testType="13cdc9d9-ddb5-4fa4-a97d-d965ccfc6d4b" outcome="Passed" testListId="8c84fa94-04c1-424b-9868-57a2d4851a1d" relativeResultsDirectory="5c2901da-bd3a-4f3b-830b-373708992c28" />
    <UnitTestResult executionId="b0989217-2c09-41db-aaeb-0ad54480652d" testId="cedf5e26-eb4c-4ff4-1c76-8686f05baa27" testName="GetCsrfTokenAsync_ShouldReturnValidToken" computerName="cursor" duration="00:00:00.0193130" startTime="2025-07-04T17:19:17.5148071+00:00" endTime="2025-07-04T17:19:17.5341192+00:00" testType="13cdc9d9-ddb5-4fa4-a97d-d965ccfc6d4b" outcome="Passed" testListId="8c84fa94-04c1-424b-9868-57a2d4851a1d" relativeResultsDirectory="b0989217-2c09-41db-aaeb-0ad54480652d" />
    <UnitTestResult executionId="786070f3-f736-4d68-81c6-9ce9c4d207e5" testId="bd753835-4ced-3abd-66ef-28cdb1c1718b" testName="RowingWorkout_CanBe_Deserialized_To_Workout" computerName="cursor" duration="00:00:00.0098359" startTime="2025-07-04T17:19:17.6949853+00:00" endTime="2025-07-04T17:19:17.7048202+00:00" testType="13cdc9d9-ddb5-4fa4-a97d-d965ccfc6d4b" outcome="Passed" testListId="8c84fa94-04c1-424b-9868-57a2d4851a1d" relativeResultsDirectory="786070f3-f736-4d68-81c6-9ce9c4d207e5" />
    <UnitTestResult executionId="cb7e9ffd-d82d-4c71-bde0-3224a013a4d2" testId="024762ec-6de4-9e73-3e08-4415f864ad90" testName="Fit_Converter_Creates_Valid_Fit(&quot;cycling_workout&quot;,Class_Segments)" computerName="cursor" duration="00:00:00.0451430" startTime="2025-07-04T17:19:17.1180039+00:00" endTime="2025-07-04T17:19:17.1631460+00:00" testType="13cdc9d9-ddb5-4fa4-a97d-d965ccfc6d4b" outcome="Passed" testListId="8c84fa94-04c1-424b-9868-57a2d4851a1d" relativeResultsDirectory="cb7e9ffd-d82d-4c71-bde0-3224a013a4d2" />
    <UnitTestResult executionId="4845f893-c116-4f44-a3e6-1aa0ff8b4b2c" testId="4544cee2-8917-8868-ee21-101be734537c" testName="CombineLocationData_Calculates_Correctly" computerName="cursor" duration="00:00:00.0095990" startTime="2025-07-04T17:19:17.7708426+00:00" endTime="2025-07-04T17:19:17.7804417+00:00" testType="13cdc9d9-ddb5-4fa4-a97d-d965ccfc6d4b" outcome="Passed" testListId="8c84fa94-04c1-424b-9868-57a2d4851a1d" relativeResultsDirectory="4845f893-c116-4f44-a3e6-1aa0ff8b4b2c" />
    <UnitTestResult executionId="c1a903a1-fc35-47e0-a81b-dd67136b925b" testId="fa1aff09-89e9-c9c9-8e43-3435185dc5da" testName="Fit_Converter_Creates_Valid_Fit(&quot;tread_run_workout&quot;,Class_Segments)" computerName="cursor" duration="00:00:00.0370679" startTime="2025-07-04T17:19:17.1739380+00:00" endTime="2025-07-04T17:19:17.2110043+00:00" testType="13cdc9d9-ddb5-4fa4-a97d-d965ccfc6d4b" outcome="Passed" testListId="8c84fa94-04c1-424b-9868-57a2d4851a1d" relativeResultsDirectory="c1a903a1-fc35-47e0-a81b-dd67136b925b" />
    <UnitTestResult executionId="84775d6d-8c57-4b2a-aa7f-a406ad8883aa" testId="0cb0438a-3990-4a3d-96bc-962401db1b65" testName="GetRecentWorkoutsAsync_FetchesXNumberOfWorkoutsAcrossPages" computerName="cursor" duration="00:00:00.0019890" startTime="2025-07-04T17:19:17.7206419+00:00" endTime="2025-07-04T17:19:17.7226309+00:00" testType="13cdc9d9-ddb5-4fa4-a97d-d965ccfc6d4b" outcome="Passed" testListId="8c84fa94-04c1-424b-9868-57a2d4851a1d" relativeResultsDirectory="84775d6d-8c57-4b2a-aa7f-a406ad8883aa" />
    <UnitTestResult executionId="ae57ad90-5339-486d-927e-b6c9005c6e88" testId="720849a8-818b-65b4-5ac1-bd570d4477a9" testName="Fit_Converter_Creates_Valid_Fit(&quot;ride_based_on_distance&quot;,Class_Targets)" computerName="cursor" duration="00:00:00.0136140" startTime="2025-07-04T17:19:17.4402323+00:00" endTime="2025-07-04T17:19:17.4538455+00:00" testType="13cdc9d9-ddb5-4fa4-a97d-d965ccfc6d4b" outcome="Passed" testListId="8c84fa94-04c1-424b-9868-57a2d4851a1d" relativeResultsDirectory="ae57ad90-5339-486d-927e-b6c9005c6e88" />
    <UnitTestResult executionId="01d07010-e4dc-4178-8f0b-049d72540b45" testId="16d66a0a-e4b5-459c-2bd6-a4f61ac608f2" testName="GetTotalDistanceTest_Distance_Is_Converted_To_Meters(&quot;mi&quot;)" computerName="cursor" duration="00:00:00.0005710" startTime="2025-07-04T17:19:16.5190087+00:00" endTime="2025-07-04T17:19:16.5195793+00:00" testType="13cdc9d9-ddb5-4fa4-a97d-d965ccfc6d4b" outcome="Passed" testListId="8c84fa94-04c1-424b-9868-57a2d4851a1d" relativeResultsDirectory="01d07010-e4dc-4178-8f0b-049d72540b45" />
    <UnitTestResult executionId="769ed3f8-b48f-4f4d-8e13-f20e2dcd8df6" testId="52dc1c81-0736-57d7-96a9-ac2ac0cb058d" testName="ValidateConfig_InvalidPort_Throws(0)" computerName="cursor" duration="00:00:00.0003820" startTime="2025-07-04T17:19:16.3681826+00:00" endTime="2025-07-04T17:19:16.3685642+00:00" testType="13cdc9d9-ddb5-4fa4-a97d-d965ccfc6d4b" outcome="Passed" testListId="8c84fa94-04c1-424b-9868-57a2d4851a1d" relativeResultsDirectory="769ed3f8-b48f-4f4d-8e13-f20e2dcd8df6" />
    <UnitTestResult executionId="f96148a2-d76f-49bc-af81-18aa2e3e7e6c" testId="0d66b15b-c53e-6054-f5ef-9f189a66faee" testName="Fit_Converter_Creates_Valid_Fit(&quot;ride_based_on_distance&quot;,Distance)" computerName="cursor" duration="00:00:00.0186930" startTime="2025-07-04T17:19:17.0836323+00:00" endTime="2025-07-04T17:19:17.1023243+00:00" testType="13cdc9d9-ddb5-4fa4-a97d-d965ccfc6d4b" outcome="Passed" testListId="8c84fa94-04c1-424b-9868-57a2d4851a1d" relativeResultsDirectory="f96148a2-d76f-49bc-af81-18aa2e3e7e6c" />
    <UnitTestResult executionId="1ee20826-8ab0-45f8-aeb0-0824ca7d6807" testId="590353f7-0343-b410-3784-f9ebd31c91c3" testName="GetCustomDeviceInfoAsync_Choose_CorrectDevice_For_WorkoutType(Cardio)" computerName="cursor" duration="00:00:00.0002460" startTime="2025-07-04T17:19:16.3837459+00:00" endTime="2025-07-04T17:19:16.3839923+00:00" testType="13cdc9d9-ddb5-4fa4-a97d-d965ccfc6d4b" outcome="Passed" testListId="8c84fa94-04c1-424b-9868-57a2d4851a1d" relativeResultsDirectory="1ee20826-8ab0-45f8-aeb0-0824ca7d6807" />
    <UnitTestResult executionId="7270ca8b-878c-4759-841f-f610e2a77c38" testId="444cca3b-2483-9d7e-d765-ff03f8236c9a" testName="GarminAuthTokenExistsAndIsValidAsync_WhenOAuth1TokenExists_ShouldReturnTrue" computerName="cursor" duration="00:00:00.0011000" startTime="2025-07-04T17:19:17.6391549+00:00" endTime="2025-07-04T17:19:17.6402546+00:00" testType="13cdc9d9-ddb5-4fa4-a97d-d965ccfc6d4b" outcome="Passed" testListId="8c84fa94-04c1-424b-9868-57a2d4851a1d" relativeResultsDirectory="7270ca8b-878c-4759-841f-f610e2a77c38" />
    <UnitTestResult executionId="4dee0e3e-d95c-4f7e-9cbe-2b0f58fc5f5a" testId="62bf0dc9-a343-a0de-bd40-7ad06d05a1d9" testName="GetGarminAuthenticationAsync_WhenValidOAuth1Token_ShouldExchangeForOAuth2" computerName="cursor" duration="00:00:00.0020410" startTime="2025-07-04T17:19:17.6720724+00:00" endTime="2025-07-04T17:19:17.6741128+00:00" testType="13cdc9d9-ddb5-4fa4-a97d-d965ccfc6d4b" outcome="Passed" testListId="8c84fa94-04c1-424b-9868-57a2d4851a1d" relativeResultsDirectory="4dee0e3e-d95c-4f7e-9cbe-2b0f58fc5f5a" />
    <UnitTestResult executionId="d8987439-e666-4b4e-bca6-136d916fdb37" testId="2c775ea8-6ee4-4ec5-2449-c81a0c078091" testName="SyncAsync_With_DefaultRequest_Returns400" computerName="cursor" duration="00:00:00.0008190" startTime="2025-07-04T17:19:16.2009856+00:00" endTime="2025-07-04T17:19:16.2018042+00:00" testType="13cdc9d9-ddb5-4fa4-a97d-d965ccfc6d4b" outcome="Passed" testListId="8c84fa94-04c1-424b-9868-57a2d4851a1d" relativeResultsDirectory="d8987439-e666-4b4e-bca6-136d916fdb37" />
    <UnitTestResult executionId="677284ce-0e80-46a3-a2e6-287166936ce4" testId="aeff62e9-8176-e437-7449-a9a85dfb783d" testName="GetTotalDistanceTest_Distance_Is_Converted_To_Meters(&quot;km&quot;)" computerName="cursor" duration="00:00:00.0000060" startTime="2025-07-04T17:19:16.5197270+00:00" endTime="2025-07-04T17:19:16.5197332+00:00" testType="13cdc9d9-ddb5-4fa4-a97d-d965ccfc6d4b" outcome="Passed" testListId="8c84fa94-04c1-424b-9868-57a2d4851a1d" relativeResultsDirectory="677284ce-0e80-46a3-a2e6-287166936ce4" />
    <UnitTestResult executionId="a534e370-e299-401d-855d-a25f48538f1c" testId="e6206494-1fd5-7cce-b12d-03dc2164d6bc" testName="GetTitle_Should_ReplaceInvalidChars(&quot;My/Title&quot;,&quot;Some/Instructor&quot;)" computerName="cursor" duration="00:00:00.0010070" startTime="2025-07-04T17:19:16.4799460+00:00" endTime="2025-07-04T17:19:16.4809530+00:00" testType="13cdc9d9-ddb5-4fa4-a97d-d965ccfc6d4b" outcome="NotExecuted" testListId="8c84fa94-04c1-424b-9868-57a2d4851a1d" relativeResultsDirectory="a534e370-e299-401d-855d-a25f48538f1c">
      <Output>
        <StdOut>OneTimeSetUp: Not supported on Unix,Linux,MacOSX</StdOut>
        <ErrorInfo>
          <Message>OneTimeSetUp: Not supported on Unix,Linux,MacOSX</Message>
        </ErrorInfo>
      </Output>
    </UnitTestResult>
    <UnitTestResult executionId="9bcc8673-5b76-4005-b92c-a0b598ad035d" testId="a64dc5d1-fa73-43f2-6ecb-a8207ac84e2d" testName="SendCredentialsAsync_WhenValidCredentials_ShouldReturnSuccess" computerName="cursor" duration="00:00:00.0014950" startTime="2025-07-04T17:19:17.5699148+00:00" endTime="2025-07-04T17:19:17.5714088+00:00" testType="13cdc9d9-ddb5-4fa4-a97d-d965ccfc6d4b" outcome="Passed" testListId="8c84fa94-04c1-424b-9868-57a2d4851a1d" relativeResultsDirectory="9bcc8673-5b76-4005-b92c-a0b598ad035d" />
    <UnitTestResult executionId="9985f18c-aba9-491d-92d7-be82e12757df" testId="dd67079e-4f7c-100f-b844-f26b3873901b" testName="GetWorkoutDetailsAsync_Should_Only_Enrich_ValidRideIds(&quot;   &quot;)" computerName="cursor" duration="00:00:00.0005019" startTime="2025-07-04T17:19:17.7365479+00:00" endTime="2025-07-04T17:19:17.7370494+00:00" testType="13cdc9d9-ddb5-4fa4-a97d-d965ccfc6d4b" outcome="Passed" testListId="8c84fa94-04c1-424b-9868-57a2d4851a1d" relativeResultsDirectory="9985f18c-aba9-491d-92d7-be82e12757df" />
    <UnitTestResult executionId="98ff9a6f-53d1-44e4-8c6c-c5e69bb69fa4" testId="ae4de01a-1d12-e7d6-986b-cf06269c1d43" testName="ShouldConvert_ShouldOnly_Support_TCX(False,False,False)" computerName="cursor" duration="00:00:00.0000390" startTime="2025-07-04T17:19:17.4725484+00:00" endTime="2025-07-04T17:19:17.4725872+00:00" testType="13cdc9d9-ddb5-4fa4-a97d-d965ccfc6d4b" outcome="Passed" testListId="8c84fa94-04c1-424b-9868-57a2d4851a1d" relativeResultsDirectory="98ff9a6f-53d1-44e4-8c6c-c5e69bb69fa4" />
    <UnitTestResult executionId="744d8ac3-b489-4972-92b8-d6811adb8271" testId="e501a9f8-54f7-a0b0-cbb5-51ae0bc08f12" testName="GetExercisesTrackedByMovementTracker_WhenNoData(null)" computerName="cursor" duration="00:00:00.0015640" startTime="2025-07-04T17:19:17.7102446+00:00" endTime="2025-07-04T17:19:17.7118084+00:00" testType="13cdc9d9-ddb5-4fa4-a97d-d965ccfc6d4b" outcome="Passed" testListId="8c84fa94-04c1-424b-9868-57a2d4851a1d" relativeResultsDirectory="744d8ac3-b489-4972-92b8-d6811adb8271" />
    <UnitTestResult executionId="c3258876-ce8b-4d5f-a963-891de36b1ca3" testId="8e3b671a-f12b-175f-1c6c-01e75fec10bf" testName="GetCustomDeviceInfoAsync_Choose_CorrectDevice_For_WorkoutType(TreadmillWalking)" computerName="cursor" duration="00:00:00.0003080" startTime="2025-07-04T17:19:16.3831542+00:00" endTime="2025-07-04T17:19:16.3834620+00:00" testType="13cdc9d9-ddb5-4fa4-a97d-d965ccfc6d4b" outcome="Passed" testListId="8c84fa94-04c1-424b-9868-57a2d4851a1d" relativeResultsDirectory="c3258876-ce8b-4d5f-a963-891de36b1ca3" />
    <UnitTestResult executionId="a3e5d387-a6fb-44a3-af2d-40775ae61c8a" testId="f0978bc4-a6a0-b1ad-6bf2-490678e05fef" testName="GetStackedWorkouts_Should_Only_Group_By_Common_Type" computerName="cursor" duration="00:00:00.0027410" startTime="2025-07-04T17:19:17.7901830+00:00" endTime="2025-07-04T17:19:17.7929236+00:00" testType="13cdc9d9-ddb5-4fa4-a97d-d965ccfc6d4b" outcome="Passed" testListId="8c84fa94-04c1-424b-9868-57a2d4851a1d" relativeResultsDirectory="a3e5d387-a6fb-44a3-af2d-40775ae61c8a" />
    <UnitTestResult executionId="fa2db9b8-0e71-49db-a52a-161733c669b3" testId="caaa3f69-f586-8e5d-689c-9d77330d313a" testName="Converter_Should_Provide_Formt_of_FIT" computerName="cursor" duration="00:00:00.0003120" startTime="2025-07-04T17:19:16.5339938+00:00" endTime="2025-07-04T17:19:16.5343058+00:00" testType="13cdc9d9-ddb5-4fa4-a97d-d965ccfc6d4b" outcome="Passed" testListId="8c84fa94-04c1-424b-9868-57a2d4851a1d" relativeResultsDirectory="fa2db9b8-0e71-49db-a52a-161733c669b3" />
    <UnitTestResult executionId="9a42fc22-593b-4441-a238-f278c65e3764" testId="06849b64-2154-b087-5109-18de9574906c" testName="ShouldConvert_ShouldOnly_Support_Fit(False,True,False)" computerName="cursor" duration="00:00:00.0000420" startTime="2025-07-04T17:19:17.4682064+00:00" endTime="2025-07-04T17:19:17.4682487+00:00" testType="13cdc9d9-ddb5-4fa4-a97d-d965ccfc6d4b" outcome="Passed" testListId="8c84fa94-04c1-424b-9868-57a2d4851a1d" relativeResultsDirectory="9a42fc22-593b-4441-a238-f278c65e3764" />
    <UnitTestResult executionId="644903b5-a34e-47a2-839b-e2977c82e933" testId="f74f384c-4e55-794f-cd70-dd0147c8016d" testName="Fit_Converter_Builds_Valid_DeviceInfoMesg(5,-1)" computerName="cursor" duration="00:00:00.0003780" startTime="2025-07-04T17:19:16.5446379+00:00" endTime="2025-07-04T17:19:16.5450155+00:00" testType="13cdc9d9-ddb5-4fa4-a97d-d965ccfc6d4b" outcome="Passed" testListId="8c84fa94-04c1-424b-9868-57a2d4851a1d" relativeResultsDirectory="644903b5-a34e-47a2-839b-e2977c82e933" />
    <UnitTestResult executionId="832d5f46-31b1-418a-bbae-321083c4d934" testId="fec7dedc-c946-c21e-b247-b1399ec429d4" testName="GetAllAsync_Honors_ExcludedWorkoutTypes" computerName="cursor" duration="00:00:00.0688870" startTime="2025-07-04T17:19:16.0607687+00:00" endTime="2025-07-04T17:19:16.1296137+00:00" testType="13cdc9d9-ddb5-4fa4-a97d-d965ccfc6d4b" outcome="Passed" testListId="8c84fa94-04c1-424b-9868-57a2d4851a1d" relativeResultsDirectory="832d5f46-31b1-418a-bbae-321083c4d934">
      <Output>
        <StdOut>Warning:
     The component "Fluent Assertions" is governed by the rules defined in the Xceed License Agreement and
     the Xceed Fluent Assertions Community License. You may use Fluent Assertions free of charge for
     non-commercial use only. An active subscription is required to use Fluent Assertions for commercial use.

     Please contact Xceed Sales mailto:sales@xceed.com to acquire a subscription at a very low cost.

     A paid commercial license supports the development and continued increasing support of
     Fluent Assertions users under both commercial and community licenses. Help us
     keep Fluent Assertions at the forefront of unit testing.

     For more information, visit https://xceed.com/products/unit-testing/fluent-assertions/</StdOut>
      </Output>
    </UnitTestResult>
    <UnitTestResult executionId="f5fcfdf6-efbe-440e-8f47-89471576a537" testId="35465844-54ba-2a46-45af-ba78c3783273" testName="ValidateConfig_InvalidHost_Throws(&quot;&quot;)" computerName="cursor" duration="00:00:00.0002210" startTime="2025-07-04T17:19:16.3886518+00:00" endTime="2025-07-04T17:19:16.3888727+00:00" testType="13cdc9d9-ddb5-4fa4-a97d-d965ccfc6d4b" outcome="Passed" testListId="8c84fa94-04c1-424b-9868-57a2d4851a1d" relativeResultsDirectory="f5fcfdf6-efbe-440e-8f47-89471576a537" />
    <UnitTestResult executionId="c16b25c4-2786-4c75-ac33-ad9736249aa2" testId="3d8547d6-8c33-ee82-ce77-fd4ee3e3fb05" testName="GetCustomDeviceInfoAsync_Choose_CorrectDevice_For_WorkoutType(OutdoorCycling)" computerName="cursor" duration="00:00:00.0004470" startTime="2025-07-04T17:19:16.3863045+00:00" endTime="2025-07-04T17:19:16.3867509+00:00" testType="13cdc9d9-ddb5-4fa4-a97d-d965ccfc6d4b" outcome="Passed" testListId="8c84fa94-04c1-424b-9868-57a2d4851a1d" relativeResultsDirectory="c16b25c4-2786-4c75-ac33-ad9736249aa2" />
    <UnitTestResult executionId="1929b4c3-0ce3-4373-909d-95ca0ae9d4a1" testId="e2aa94f8-1c8d-1145-aae2-0911626908bc" testName="Fit_Converter_Creates_Valid_Fit(&quot;meditation_workout&quot;,Class_Targets)" computerName="cursor" duration="00:00:00.0065890" startTime="2025-07-04T17:19:17.3807337+00:00" endTime="2025-07-04T17:19:17.3873228+00:00" testType="13cdc9d9-ddb5-4fa4-a97d-d965ccfc6d4b" outcome="Passed" testListId="8c84fa94-04c1-424b-9868-57a2d4851a1d" relativeResultsDirectory="1929b4c3-0ce3-4373-909d-95ca0ae9d4a1" />
    <UnitTestResult executionId="d322af85-db56-4a3b-acac-c94d2388c3e5" testId="dfc0d184-cfcd-09fc-2e9c-a58966e86734" testName="StrengthExerciseMappings_ShouldMapCorrectExerciseCategories" computerName="cursor" duration="00:00:00.0037780" startTime="2025-07-04T17:19:16.5288003+00:00" endTime="2025-07-04T17:19:16.5325779+00:00" testType="13cdc9d9-ddb5-4fa4-a97d-d965ccfc6d4b" outcome="Passed" testListId="8c84fa94-04c1-424b-9868-57a2d4851a1d" relativeResultsDirectory="d322af85-db56-4a3b-acac-c94d2388c3e5" />
    <UnitTestResult executionId="e6dea11d-bb0a-4868-9b99-6cb0b5248a9d" testId="325e81e6-f19d-b36c-9db6-e10f9c478eae" testName="CombineLocationData_When_WorkoutSamples_Is_Null_SkipsEmpty" computerName="cursor" duration="00:00:00.0002460" startTime="2025-07-04T17:19:17.7823466+00:00" endTime="2025-07-04T17:19:17.7825923+00:00" testType="13cdc9d9-ddb5-4fa4-a97d-d965ccfc6d4b" outcome="Passed" testListId="8c84fa94-04c1-424b-9868-57a2d4851a1d" relativeResultsDirectory="e6dea11d-bb0a-4868-9b99-6cb0b5248a9d" />
    <UnitTestResult executionId="eb915c82-dd05-4321-9332-9444213a5a3d" testId="158d33c8-f8b3-d476-4077-60af83bd7d25" testName="GetExercisesTrackedByMovementTracker_WhenNoData(Workout { Id = , Status = , Title = , Name = , Created_At = 0, Fitness_Discipline = None, Is_Outdoor = False, Ride = , End_Time = , Start_Time = 0, Total_Work = 0, Ftp_Info = , Movement_Tracker_Data = MovementTrackerData { Completed_Movements_Summary_Data = CompletedMovementsSummaryData { Repetition_Summary_Data =  } } })" computerName="cursor" duration="00:00:00.0000060" startTime="2025-07-04T17:19:17.7120839+00:00" endTime="2025-07-04T17:19:17.7120901+00:00" testType="13cdc9d9-ddb5-4fa4-a97d-d965ccfc6d4b" outcome="Passed" testListId="8c84fa94-04c1-424b-9868-57a2d4851a1d" relativeResultsDirectory="eb915c82-dd05-4321-9332-9444213a5a3d" />
    <UnitTestResult executionId="783e4952-a8c3-4bb8-a32b-c68a93c87a56" testId="93235d72-eee4-13ad-92f8-ea702adf43f7" testName="ConvertDistanceToMetersTest(&quot;ft&quot;)" computerName="cursor" duration="00:00:00.0000260" startTime="2025-07-04T17:19:16.5041816+00:00" endTime="2025-07-04T17:19:16.5042074+00:00" testType="13cdc9d9-ddb5-4fa4-a97d-d965ccfc6d4b" outcome="Passed" testListId="8c84fa94-04c1-424b-9868-57a2d4851a1d" relativeResultsDirectory="783e4952-a8c3-4bb8-a32b-c68a93c87a56" />
    <UnitTestResult executionId="7f928c86-1832-45ae-808c-2e30661e7452" testId="cc0e110a-7d43-3755-7ceb-38b0aafb5f26" testName="Fit_Converter_Creates_Valid_Fit(&quot;cycling_just_ride&quot;,Default)" computerName="cursor" duration="00:00:00.0160499" startTime="2025-07-04T17:19:16.6826957+00:00" endTime="2025-07-04T17:19:16.6987454+00:00" testType="13cdc9d9-ddb5-4fa4-a97d-d965ccfc6d4b" outcome="Passed" testListId="8c84fa94-04c1-424b-9868-57a2d4851a1d" relativeResultsDirectory="7f928c86-1832-45ae-808c-2e30661e7452" />
    <UnitTestResult executionId="f3be649d-fff4-431d-ada2-542b79b98675" testId="cd12b41f-af21-0e72-d29b-99ed70de03ed" testName="CompleteMFAAuthAsync_WhenValidCode_ShouldCompleteAuth" computerName="cursor" duration="00:00:00.0052010" startTime="2025-07-04T17:19:17.6295078+00:00" endTime="2025-07-04T17:19:17.6347088+00:00" testType="13cdc9d9-ddb5-4fa4-a97d-d965ccfc6d4b" outcome="Failed" testListId="8c84fa94-04c1-424b-9868-57a2d4851a1d" relativeResultsDirectory="f3be649d-fff4-431d-ada2-542b79b98675">
      <Output>
        <ErrorInfo>
          <Message>Garmin.Auth.GarminAuthenticationError : Auth appeared successful but failed to find regex match for service ticket.</Message>
          <StackTrace>   at Garmin.Auth.GarminAuthenticationService.CompleteGarminAuthenticationAsync(String loginResult) in /workspace/src/Garmin/Auth/GarminAuthenticationService.cs:line 195
   at Garmin.Auth.GarminAuthenticationService.CompleteMFAAuthAsync(String mfaCode) in /workspace/src/Garmin/Auth/GarminAuthenticationService.cs:line 272
   at UnitTests.Garmin.GarminAuthenticationServiceTests.CompleteMFAAuthAsync_WhenValidCode_ShouldCompleteAuth() in /workspace/src/UnitTests/Garmin/GarminAuthenticationServiceTests.cs:line 376
   at NUnit.Framework.Internal.TaskAwaitAdapter.GenericAdapter`1.GetResult()
   at NUnit.Framework.Internal.AsyncToSyncAdapter.Await[TResult](TestExecutionContext context, Func`1 invoke)
   at NUnit.Framework.Internal.AsyncToSyncAdapter.Await(TestExecutionContext context, Func`1 invoke)
   at NUnit.Framework.Internal.Commands.TestMethodCommand.RunTestMethod(TestExecutionContext context)
   at NUnit.Framework.Internal.Commands.TestMethodCommand.Execute(TestExecutionContext context)
   at NUnit.Framework.Internal.Commands.BeforeAndAfterTestCommand.&lt;&gt;c__DisplayClass1_0.&lt;Execute&gt;b__0()
   at NUnit.Framework.Internal.Commands.DelegatingTestCommand.RunTestMethodInThreadAbortSafeZone(TestExecutionContext context, Action action)
</StackTrace>
        </ErrorInfo>
      </Output>
    </UnitTestResult>
    <UnitTestResult executionId="6994acc2-80a1-4037-9fd3-07a0486eaf50" testId="b8ee6749-5aa5-cfda-9c6a-3b65aefd2913" testName="ShouldConvert_ShouldOnly_Support_Fit(False,False,True)" computerName="cursor" duration="00:00:00.0001290" startTime="2025-07-04T17:19:17.4682532+00:00" endTime="2025-07-04T17:19:17.4683823+00:00" testType="13cdc9d9-ddb5-4fa4-a97d-d965ccfc6d4b" outcome="Passed" testListId="8c84fa94-04c1-424b-9868-57a2d4851a1d" relativeResultsDirectory="6994acc2-80a1-4037-9fd3-07a0486eaf50" />
    <UnitTestResult executionId="0d6ef75d-2a2a-4e79-97da-107c1acab18c" testId="0f29f4e4-be56-e99f-0bcd-8a56163a2b98" testName="ValidateConfig_WhenConfigIsNull_ShouldThrowException" computerName="cursor" duration="00:00:00.0007150" startTime="2025-07-04T17:19:17.6930265+00:00" endTime="2025-07-04T17:19:17.6937411+00:00" testType="13cdc9d9-ddb5-4fa4-a97d-d965ccfc6d4b" outcome="Passed" testListId="8c84fa94-04c1-424b-9868-57a2d4851a1d" relativeResultsDirectory="0d6ef75d-2a2a-4e79-97da-107c1acab18c" />
    <UnitTestResult executionId="e0a0ed65-6df1-4666-8e73-dba49da36c6c" testId="de7c1bd0-e537-ab61-88d4-75704e53fc67" testName="GetMaxSpeedMetersPerSecond_MaxSpeed_Is_Converted(&quot;mi&quot;)" computerName="cursor" duration="00:00:00.0005970" startTime="2025-07-04T17:19:16.5151274+00:00" endTime="2025-07-04T17:19:16.5157237+00:00" testType="13cdc9d9-ddb5-4fa4-a97d-d965ccfc6d4b" outcome="Passed" testListId="8c84fa94-04c1-424b-9868-57a2d4851a1d" relativeResultsDirectory="e0a0ed65-6df1-4666-8e73-dba49da36c6c" />
    <UnitTestResult executionId="20cfa810-f9b8-43d3-940a-7198ac80a5b7" testId="0d49088f-ad55-4dcc-dc87-46d098412d72" testName="Converter_Should_Provide_Formt_of_TCX" computerName="cursor" duration="00:00:00.0003780" startTime="2025-07-04T17:19:17.4707814+00:00" endTime="2025-07-04T17:19:17.4711591+00:00" testType="13cdc9d9-ddb5-4fa4-a97d-d965ccfc6d4b" outcome="Passed" testListId="8c84fa94-04c1-424b-9868-57a2d4851a1d" relativeResultsDirectory="20cfa810-f9b8-43d3-940a-7198ac80a5b7" />
    <UnitTestResult executionId="c91fceba-715e-4436-b993-907213970433" testId="9b063be3-df40-a136-722a-1aebabe11579" testName="GetCyclingFtp_Should_PickCorrectValue(Workout { Id = , Status = , Title = , Name = , Created_At = 0, Fitness_Discipline = None, Is_Outdoor = False, Ride = , End_Time = , Start_Time = 0, Total_Work = 0, Ftp_Info = , Movement_Tracker_Data =  },UserData { Cycling_Ftp_Source = , Cycling_Workout_Ftp = 0, Cycling_Ftp_Workout_Id = , Cycling_Ftp = 0, Estimated_Cycling_Ftp = 0, Default_Max_Heart_Rate = 0, Customized_Max_Heart_Rate = 0, Weight = 0 },ushort.MinValue)" computerName="cursor" duration="00:00:00.0004250" startTime="2025-07-04T17:19:16.5103684+00:00" endTime="2025-07-04T17:19:16.5107937+00:00" testType="13cdc9d9-ddb5-4fa4-a97d-d965ccfc6d4b" outcome="Passed" testListId="8c84fa94-04c1-424b-9868-57a2d4851a1d" relativeResultsDirectory="c91fceba-715e-4436-b993-907213970433" />
    <UnitTestResult executionId="16e90b0d-f094-48b3-92c3-a5c84a1993d7" testId="0a54ab5c-f771-0014-a799-08b773737ab1" testName="SendMfaCodeAsync_WhenValidCode_ShouldReturnSuccess" computerName="cursor" duration="00:00:00.0014370" startTime="2025-07-04T17:19:17.5815412+00:00" endTime="2025-07-04T17:19:17.5829778+00:00" testType="13cdc9d9-ddb5-4fa4-a97d-d965ccfc6d4b" outcome="Passed" testListId="8c84fa94-04c1-424b-9868-57a2d4851a1d" relativeResultsDirectory="16e90b0d-f094-48b3-92c3-a5c84a1993d7" />
    <UnitTestResult executionId="bfd40177-3a0a-4566-bb14-6287dbbaff87" testId="e628d5a0-58b3-df88-8b9f-ebc0640b6406" testName="ShouldConvert_ShouldOnly_Support_Fit(True,True,True)" computerName="cursor" duration="00:00:00.0009180" startTime="2025-07-04T17:19:17.4665620+00:00" endTime="2025-07-04T17:19:17.4674791+00:00" testType="13cdc9d9-ddb5-4fa4-a97d-d965ccfc6d4b" outcome="Passed" testListId="8c84fa94-04c1-424b-9868-57a2d4851a1d" relativeResultsDirectory="bfd40177-3a0a-4566-bb14-6287dbbaff87" />
    <UnitTestResult executionId="3674c44f-6913-42f6-ae8d-82c07f8a38b1" testId="fbcd2a36-e717-107e-8eb0-27790465b365" testName="PelotonPost_With_PasswordChange_Should_Validate_Characters(&quot;a\\a&quot;)" computerName="cursor" duration="00:00:00.0000680" startTime="2025-07-04T17:19:16.2377934+00:00" endTime="2025-07-04T17:19:16.2378614+00:00" testType="13cdc9d9-ddb5-4fa4-a97d-d965ccfc6d4b" outcome="Passed" testListId="8c84fa94-04c1-424b-9868-57a2d4851a1d" relativeResultsDirectory="3674c44f-6913-42f6-ae8d-82c07f8a38b1" />
    <UnitTestResult executionId="10330feb-3842-4b81-9eac-0b1b17717537" testId="41a07f2f-0104-f308-07d3-837b632e4333" testName="GetExercisesTrackedByMovementTracker_WhenNoData(Workout { Id = , Status = , Title = , Name = , Created_At = 0, Fitness_Discipline = None, Is_Outdoor = False, Ride = , End_Time = , Start_Time = 0, Total_Work = 0, Ftp_Info = , Movement_Tracker_Data = MovementTrackerData { Completed_Movements_Summary_Data = CompletedMovementsSummaryData { Repetition_Summary_Data = System.Collections.Generic.List`1[Common.Dto.Peloton.RepetitionSummaryData] } } })" computerName="cursor" duration="00:00:00.0000280" startTime="2025-07-04T17:19:17.7120936+00:00" endTime="2025-07-04T17:19:17.7121220+00:00" testType="13cdc9d9-ddb5-4fa4-a97d-d965ccfc6d4b" outcome="Passed" testListId="8c84fa94-04c1-424b-9868-57a2d4851a1d" relativeResultsDirectory="10330feb-3842-4b81-9eac-0b1b17717537" />
    <UnitTestResult executionId="529c47f9-1d67-4a4d-b868-e373852d2ede" testId="d1c64d1a-1824-50d1-0539-5ceed713d1a6" testName="PagingResponseBase_Calculates_HasPrevious_Correctly(-1)" computerName="cursor" duration="00:00:00.0000790" startTime="2025-07-04T17:19:16.2470078+00:00" endTime="2025-07-04T17:19:16.2470865+00:00" testType="13cdc9d9-ddb5-4fa4-a97d-d965ccfc6d4b" outcome="Passed" testListId="8c84fa94-04c1-424b-9868-57a2d4851a1d" relativeResultsDirectory="529c47f9-1d67-4a4d-b868-e373852d2ede" />
    <UnitTestResult executionId="2d3e4e21-3e34-4a1f-bb6b-e7c70732bcd0" testId="dc78183a-3301-6d2f-bfc2-96017ddfdaab" testName="GetExercisesTrackedByMovementTracker_WhenNoData(Workout { Id = , Status = , Title = , Name = , Created_At = 0, Fitness_Discipline = None, Is_Outdoor = False, Ride = , End_Time = , Start_Time = 0, Total_Work = 0, Ftp_Info = , Movement_Tracker_Data =  })" computerName="cursor" duration="00:00:00.0002090" startTime="2025-07-04T17:19:17.7118429+00:00" endTime="2025-07-04T17:19:17.7120521+00:00" testType="13cdc9d9-ddb5-4fa4-a97d-d965ccfc6d4b" outcome="Passed" testListId="8c84fa94-04c1-424b-9868-57a2d4851a1d" relativeResultsDirectory="2d3e4e21-3e34-4a1f-bb6b-e7c70732bcd0" />
    <UnitTestResult executionId="4b49b1b3-f667-4a22-92d1-ce79c47f612f" testId="4cc5da5f-c89a-cc41-1f0d-920ccf5f3e8d" testName="GetHeartRateSummary_NoCalorieSlug_ReturnsNull" computerName="cursor" duration="00:00:00.0001160" startTime="2025-07-04T17:19:16.5140467+00:00" endTime="2025-07-04T17:19:16.5141632+00:00" testType="13cdc9d9-ddb5-4fa4-a97d-d965ccfc6d4b" outcome="Passed" testListId="8c84fa94-04c1-424b-9868-57a2d4851a1d" relativeResultsDirectory="4b49b1b3-f667-4a22-92d1-ce79c47f612f" />
    <UnitTestResult executionId="36851444-1566-4976-999c-83e82087f787" testId="0fab622d-92a1-c592-acf0-a508c8f3d4d8" testName="GetTitle_NullInstructor_ShouldReturn_EmptyInstructorName" computerName="cursor" duration="00:00:00.0754050" startTime="2025-07-04T17:19:16.3897165+00:00" endTime="2025-07-04T17:19:16.4651207+00:00" testType="13cdc9d9-ddb5-4fa4-a97d-d965ccfc6d4b" outcome="Passed" testListId="8c84fa94-04c1-424b-9868-57a2d4851a1d" relativeResultsDirectory="36851444-1566-4976-999c-83e82087f787" />
    <UnitTestResult executionId="ed99b47a-805d-4b57-ad29-3441d24b1023" testId="a1eae981-15fc-9585-9ce2-ccd29fa697b1" testName="GetAsync_Returns_Results_SortedBy_MostRecentFirst" computerName="cursor" duration="00:00:00.0015720" startTime="2025-07-04T17:19:16.1564377+00:00" endTime="2025-07-04T17:19:16.1580095+00:00" testType="13cdc9d9-ddb5-4fa4-a97d-d965ccfc6d4b" outcome="Passed" testListId="8c84fa94-04c1-424b-9868-57a2d4851a1d" relativeResultsDirectory="ed99b47a-805d-4b57-ad29-3441d24b1023" />
    <UnitTestResult executionId="0882943d-b514-49fc-b930-2001beed7728" testId="a9511aab-7b33-fc7f-f075-d2b592ca1492" testName="PagingResponseBase_Calculates_HasPrevious_Correctly(100)" computerName="cursor" duration="00:00:00.0000040" startTime="2025-07-04T17:19:16.2472395+00:00" endTime="2025-07-04T17:19:16.2472438+00:00" testType="13cdc9d9-ddb5-4fa4-a97d-d965ccfc6d4b" outcome="Passed" testListId="8c84fa94-04c1-424b-9868-57a2d4851a1d" relativeResultsDirectory="0882943d-b514-49fc-b930-2001beed7728" />
    <UnitTestResult executionId="955a3716-a84a-4ff8-93f4-f001ae016ff2" testId="9fd31870-93ad-2d9b-0aaa-ad125f5392cb" testName="CompleteMFAAuthAsync_WhenNoPartialAuth_ShouldThrowException" computerName="cursor" duration="00:00:00.0014250" startTime="2025-07-04T17:19:17.6280588+00:00" endTime="2025-07-04T17:19:17.6294831+00:00" testType="13cdc9d9-ddb5-4fa4-a97d-d965ccfc6d4b" outcome="Passed" testListId="8c84fa94-04c1-424b-9868-57a2d4851a1d" relativeResultsDirectory="955a3716-a84a-4ff8-93f4-f001ae016ff2" />
    <UnitTestResult executionId="afb4bd11-5f63-40b1-be9e-8afc07509332" testId="69dea2dc-fad0-8685-5cf5-d563d03316ed" testName="GetOutputSummary_NoCalorieSlug_ReturnsNull" computerName="cursor" duration="00:00:00.0002410" startTime="2025-07-04T17:19:16.5171111+00:00" endTime="2025-07-04T17:19:16.5173517+00:00" testType="13cdc9d9-ddb5-4fa4-a97d-d965ccfc6d4b" outcome="Passed" testListId="8c84fa94-04c1-424b-9868-57a2d4851a1d" relativeResultsDirectory="afb4bd11-5f63-40b1-be9e-8afc07509332" />
    <UnitTestResult executionId="cbf1b773-edee-4b1b-b6f7-d0a3e1cb29a8" testId="f2bcf158-9919-42e4-ef05-c6cf5779c5ea" testName="ShouldConvert_ShouldOnly_Support_TCX(False,False,True)" computerName="cursor" duration="00:00:00.0000430" startTime="2025-07-04T17:19:17.4725003+00:00" endTime="2025-07-04T17:19:17.4725435+00:00" testType="13cdc9d9-ddb5-4fa4-a97d-d965ccfc6d4b" outcome="Passed" testListId="8c84fa94-04c1-424b-9868-57a2d4851a1d" relativeResultsDirectory="cbf1b773-edee-4b1b-b6f7-d0a3e1cb29a8" />
    <UnitTestResult executionId="7d46f9fc-e963-4ca2-9ebd-5e3d511efe9f" testId="223ce6d6-386c-bd46-6969-3d7c017e6938" testName="Fit_Converter_Creates_Valid_Fit(&quot;tread_run_workout&quot;,Class_Targets)" computerName="cursor" duration="00:00:00.0265080" startTime="2025-07-04T17:19:17.3541393+00:00" endTime="2025-07-04T17:19:17.3806465+00:00" testType="13cdc9d9-ddb5-4fa4-a97d-d965ccfc6d4b" outcome="Passed" testListId="8c84fa94-04c1-424b-9868-57a2d4851a1d" relativeResultsDirectory="7d46f9fc-e963-4ca2-9ebd-5e3d511efe9f" />
    <UnitTestResult executionId="11f458d8-9805-4bfa-b647-100ac19737a5" testId="90572729-ba69-9ea4-f91f-f49ccc8bd507" testName="InitCookieJarAsync_WhenSettingsServiceThrows_ShouldPropagateException" computerName="cursor" duration="00:00:00.0018310" startTime="2025-07-04T17:19:17.5608087+00:00" endTime="2025-07-04T17:19:17.5626392+00:00" testType="13cdc9d9-ddb5-4fa4-a97d-d965ccfc6d4b" outcome="Passed" testListId="8c84fa94-04c1-424b-9868-57a2d4851a1d" relativeResultsDirectory="11f458d8-9805-4bfa-b647-100ac19737a5" />
    <UnitTestResult executionId="ddfaf34f-ca59-4192-a3e0-d9fc7ed31106" testId="faa5ccad-3cf9-51a2-6991-e547e18a1011" testName="GetWorkoutType_Should_Map_Correctly(Caesar_Bootcamp,False)" computerName="cursor" duration="00:00:00.0000040" startTime="2025-07-04T17:19:16.2652952+00:00" endTime="2025-07-04T17:19:16.2652990+00:00" testType="13cdc9d9-ddb5-4fa4-a97d-d965ccfc6d4b" outcome="Passed" testListId="8c84fa94-04c1-424b-9868-57a2d4851a1d" relativeResultsDirectory="ddfaf34f-ca59-4192-a3e0-d9fc7ed31106" />
    <UnitTestResult executionId="cc385788-6578-42ff-8a31-81e40a325866" testId="77575707-3d28-ac61-4c32-8163231ff49a" testName="GetHeartRateZone_NullSamples_ReturnsNull" computerName="cursor" duration="00:00:00.0001730" startTime="2025-07-04T17:19:16.5146219+00:00" endTime="2025-07-04T17:19:16.5147947+00:00" testType="13cdc9d9-ddb5-4fa4-a97d-d965ccfc6d4b" outcome="Passed" testListId="8c84fa94-04c1-424b-9868-57a2d4851a1d" relativeResultsDirectory="cc385788-6578-42ff-8a31-81e40a325866" />
  </Results>
  <TestDefinitions>
    <UnitTest name="Fit_Converter_Creates_Valid_Fit(&quot;rower_workout&quot;,Class_Targets)" storage="/workspace/src/unittests/bin/debug/net9.0/unittests.dll" id="3284b07a-7571-dcf3-ead1-d8814491e90e">
      <Execution id="d5221178-7ebd-4d70-9b33-35a8651bb82b" />
      <TestMethod codeBase="/workspace/src/UnitTests/bin/Debug/net9.0/UnitTests.dll" adapterTypeName="executor://nunit3testexecutor/" className="UnitTests.Conversion.FitConverterTests" name="Fit_Converter_Creates_Valid_Fit(&quot;rower_workout&quot;,Class_Targets)" />
    </UnitTest>
    <UnitTest name="PagingResponseBase_Calculates_HasPrevious_Correctly(100)" storage="/workspace/src/unittests/bin/debug/net9.0/unittests.dll" id="a9511aab-7b33-fc7f-f075-d2b592ca1492">
      <Execution id="0882943d-b514-49fc-b930-2001beed7728" />
      <TestMethod codeBase="/workspace/src/UnitTests/bin/Debug/net9.0/UnitTests.dll" adapterTypeName="executor://nunit3testexecutor/" className="UnitTests.Common.Api.PagingTests" name="PagingResponseBase_Calculates_HasPrevious_Correctly(100)" />
    </UnitTest>
    <UnitTest name="GetWorkoutType_Should_Map_Correctly(Circuit,False)" storage="/workspace/src/unittests/bin/debug/net9.0/unittests.dll" id="0117e8c7-9c5a-58e6-feed-262bdb64bb58">
      <Execution id="fc96d6c9-99cc-4cad-9625-826733f7e798" />
      <TestMethod codeBase="/workspace/src/UnitTests/bin/Debug/net9.0/UnitTests.dll" adapterTypeName="executor://nunit3testexecutor/" className="UnitTests.Common.Dto.P2GWorkoutTests" name="GetWorkoutType_Should_Map_Correctly(Circuit,False)" />
    </UnitTest>
    <UnitTest name="GetWorkoutType_Should_Map_Correctly(Cycling,False)" storage="/workspace/src/unittests/bin/debug/net9.0/unittests.dll" id="ecf23342-08d1-9743-912b-4dd2ea8bbf0d">
      <Execution id="1d059109-ad6d-44ff-9d99-3de8d3bc7de1" />
      <TestMethod codeBase="/workspace/src/UnitTests/bin/Debug/net9.0/UnitTests.dll" adapterTypeName="executor://nunit3testexecutor/" className="UnitTests.Common.Dto.P2GWorkoutTests" name="GetWorkoutType_Should_Map_Correctly(Cycling,False)" />
    </UnitTest>
    <UnitTest name="GetWorkoutType_Should_Map_Correctly(None,True)" storage="/workspace/src/unittests/bin/debug/net9.0/unittests.dll" id="0949149e-7a9e-de1f-a0b7-532e339c1eb4">
      <Execution id="80a996fc-5c88-46ee-b173-8e63a91db0c3" />
      <TestMethod codeBase="/workspace/src/UnitTests/bin/Debug/net9.0/UnitTests.dll" adapterTypeName="executor://nunit3testexecutor/" className="UnitTests.Common.Dto.P2GWorkoutTests" name="GetWorkoutType_Should_Map_Correctly(None,True)" />
    </UnitTest>
    <UnitTest name="GetGarminAuthenticationAsync_WhenOAuth1ExchangeFails_ShouldFallbackToSignIn" storage="/workspace/src/unittests/bin/debug/net9.0/unittests.dll" id="990d39b7-12eb-a43b-a0d1-e7000c4a3239">
      <Execution id="c20add08-7b82-4a5f-be0f-aacc00537923" />
      <TestMethod codeBase="/workspace/src/UnitTests/bin/Debug/net9.0/UnitTests.dll" adapterTypeName="executor://nunit3testexecutor/" className="UnitTests.Garmin.GarminAuthenticationServiceTests" name="GetGarminAuthenticationAsync_WhenOAuth1ExchangeFails_ShouldFallbackToSignIn" />
    </UnitTest>
    <UnitTest name="GetCalorieSummary_ShouldPickCorrectValue(Common.Dto.Peloton.WorkoutSamples,20)" storage="/workspace/src/unittests/bin/debug/net9.0/unittests.dll" id="28fe3ef7-2f7a-190c-208d-bca61bfd040b">
      <Execution id="fef28d33-203d-44cb-a7f1-cd71800461fa" />
      <TestMethod codeBase="/workspace/src/UnitTests/bin/Debug/net9.0/UnitTests.dll" adapterTypeName="executor://nunit3testexecutor/" className="UnitTests.Conversion.ConverterTests" name="GetCalorieSummary_ShouldPickCorrectValue(Common.Dto.Peloton.WorkoutSamples,20)" />
    </UnitTest>
    <UnitTest name="GetStackedWorkouts_When_BareMinimumData_DoesNotThrow" storage="/workspace/src/unittests/bin/debug/net9.0/unittests.dll" id="e4abb676-de72-0ff0-7009-aaa86158224c">
      <Execution id="5b0d0df6-fc74-4aec-82ec-6780a048b84c" />
      <TestMethod codeBase="/workspace/src/UnitTests/bin/Debug/net9.0/UnitTests.dll" adapterTypeName="executor://nunit3testexecutor/" className="UnitTests.Sync.StackedWorkoutsCalculatorTests" name="GetStackedWorkouts_When_BareMinimumData_DoesNotThrow" />
    </UnitTest>
    <UnitTest name="GetWorkoutType_Should_Map_Correctly(Yoga,False)" storage="/workspace/src/unittests/bin/debug/net9.0/unittests.dll" id="1c7e864b-0b3e-da32-5ffc-4127262e13c9">
      <Execution id="39bdc812-6052-48f4-947c-3da71b1383c1" />
      <TestMethod codeBase="/workspace/src/UnitTests/bin/Debug/net9.0/UnitTests.dll" adapterTypeName="executor://nunit3testexecutor/" className="UnitTests.Common.Dto.P2GWorkoutTests" name="GetWorkoutType_Should_Map_Correctly(Yoga,False)" />
    </UnitTest>
    <UnitTest name="GetHeartRateZone_NullZones_ReturnsNull" storage="/workspace/src/unittests/bin/debug/net9.0/unittests.dll" id="cc790c13-d14d-9b1a-bf16-cdb2f3f7a571">
      <Execution id="7606e825-9fef-44b8-b5af-75bef4211c04" />
      <TestMethod codeBase="/workspace/src/UnitTests/bin/Debug/net9.0/UnitTests.dll" adapterTypeName="executor://nunit3testexecutor/" className="UnitTests.Conversion.ConverterTests" name="GetHeartRateZone_NullZones_ReturnsNull" />
    </UnitTest>
    <UnitTest name="SendCredentialsAsync_WhenHttpRequestFails_ShouldThrowException" storage="/workspace/src/unittests/bin/debug/net9.0/unittests.dll" id="728f4fce-f778-2925-5f0d-e4e53c001ad6">
      <Execution id="3fbd7603-2a8b-475f-a3a9-2a9c989fe75e" />
      <TestMethod codeBase="/workspace/src/UnitTests/bin/Debug/net9.0/UnitTests.dll" adapterTypeName="executor://nunit3testexecutor/" className="UnitTests.Garmin.GarminApiClientTests" name="SendCredentialsAsync_WhenHttpRequestFails_ShouldThrowException" />
    </UnitTest>
    <UnitTest name="CompleteMFAAuthAsync_WhenNoPartialAuth_ShouldThrowException" storage="/workspace/src/unittests/bin/debug/net9.0/unittests.dll" id="9fd31870-93ad-2d9b-0aaa-ad125f5392cb">
      <Execution id="955a3716-a84a-4ff8-93f4-f001ae016ff2" />
      <TestMethod codeBase="/workspace/src/UnitTests/bin/Debug/net9.0/UnitTests.dll" adapterTypeName="executor://nunit3testexecutor/" className="UnitTests.Garmin.GarminAuthenticationServiceTests" name="CompleteMFAAuthAsync_WhenNoPartialAuth_ShouldThrowException" />
    </UnitTest>
    <UnitTest name="GetAsync_WithInvalid_PageSize_Returns400(0)" storage="/workspace/src/unittests/bin/debug/net9.0/unittests.dll" id="7e6b377b-da80-8660-0cbe-f8207030359e">
      <Execution id="7cc4d525-56ed-46e7-9c87-f6c7abb44829" />
      <TestMethod codeBase="/workspace/src/UnitTests/bin/Debug/net9.0/UnitTests.dll" adapterTypeName="executor://nunit3testexecutor/" className="UnitTests.Api.Controllers.PelotonWorkoutsControllerTests" name="GetAsync_WithInvalid_PageSize_Returns400(0)" />
    </UnitTest>
    <UnitTest name="GetHeartRateZone_NullMetrics_ReturnsNull" storage="/workspace/src/unittests/bin/debug/net9.0/unittests.dll" id="18d8a376-60f0-190d-ba44-a72a1cd79b63">
      <Execution id="5f1fc82e-946c-41aa-8d56-5aa9b75ba09c" />
      <TestMethod codeBase="/workspace/src/UnitTests/bin/Debug/net9.0/UnitTests.dll" adapterTypeName="executor://nunit3testexecutor/" className="UnitTests.Conversion.ConverterTests" name="GetHeartRateZone_NullMetrics_ReturnsNull" />
    </UnitTest>
    <UnitTest name="GetTotalDistanceTest_NullSummary_Should_Return0" storage="/workspace/src/unittests/bin/debug/net9.0/unittests.dll" id="abbd0d1a-0c6a-24b3-6949-2c8175ceb910">
      <Execution id="691c41c8-689f-490d-af3e-d2327c488014" />
      <TestMethod codeBase="/workspace/src/UnitTests/bin/Debug/net9.0/UnitTests.dll" adapterTypeName="executor://nunit3testexecutor/" className="UnitTests.Conversion.ConverterTests" name="GetTotalDistanceTest_NullSummary_Should_Return0" />
    </UnitTest>
    <UnitTest name="GetEndTime_FallsbackToDuration_Test" storage="/workspace/src/unittests/bin/debug/net9.0/unittests.dll" id="9bf7aecf-f67c-5735-4db0-dc505b7fb305">
      <Execution id="ae82d600-5c96-420e-b790-de2c6a7e57dd" />
      <TestMethod codeBase="/workspace/src/UnitTests/bin/Debug/net9.0/UnitTests.dll" adapterTypeName="executor://nunit3testexecutor/" className="UnitTests.Conversion.ConverterTests" name="GetEndTime_FallsbackToDuration_Test" />
    </UnitTest>
    <UnitTest name="SyncAsync_When_CheckForUpdates_Disabled_Should_NotCheck" storage="/workspace/src/unittests/bin/debug/net9.0/unittests.dll" id="59f38d5a-b192-9bd3-715f-90c810db1fc2">
      <Execution id="b713232d-9058-48dc-a8be-fea2ea00d9da" />
      <TestMethod codeBase="/workspace/src/UnitTests/bin/Debug/net9.0/UnitTests.dll" adapterTypeName="executor://nunit3testexecutor/" className="UnitTests.Sync.SyncServiceTests" name="SyncAsync_When_CheckForUpdates_Disabled_Should_NotCheck" />
    </UnitTest>
    <UnitTest name="GetTitle_With_Template_ShouldReturn_TemplateAppliedToTitle" storage="/workspace/src/unittests/bin/debug/net9.0/unittests.dll" id="164e0ece-2885-3623-f5c8-0b1879247307">
      <Execution id="c35958de-c9b3-4b4a-9fed-424964bc1146" />
      <TestMethod codeBase="/workspace/src/UnitTests/bin/Debug/net9.0/UnitTests.dll" adapterTypeName="executor://nunit3testexecutor/" className="UnitTests.Common.WorkoutHelperTests" name="GetTitle_With_Template_ShouldReturn_TemplateAppliedToTitle" />
    </UnitTest>
    <UnitTest name="GetMaxSpeedMetersPerSecond_NullMetrics_Returns0" storage="/workspace/src/unittests/bin/debug/net9.0/unittests.dll" id="e98034a5-c706-60a8-e0ab-cefc246c9ed1">
      <Execution id="142959db-f519-41a5-914a-b45af392513d" />
      <TestMethod codeBase="/workspace/src/UnitTests/bin/Debug/net9.0/UnitTests.dll" adapterTypeName="executor://nunit3testexecutor/" className="UnitTests.Conversion.ConverterTests" name="GetMaxSpeedMetersPerSecond_NullMetrics_Returns0" />
    </UnitTest>
    <UnitTest name="GarminPost_With_PasswordChange_Should_Validate_Characters(&quot;a\\a&quot;)" storage="/workspace/src/unittests/bin/debug/net9.0/unittests.dll" id="3c82cb38-7fe0-9ca0-9a54-46ea4405b331">
      <Execution id="1c74a5c7-e99e-47f2-8a48-90d8afa983c5" />
      <TestMethod codeBase="/workspace/src/UnitTests/bin/Debug/net9.0/UnitTests.dll" adapterTypeName="executor://nunit3testexecutor/" className="UnitTests.Api.Service.SettingsUpdaterServiceTests" name="GarminPost_With_PasswordChange_Should_Validate_Characters(&quot;a\\a&quot;)" />
    </UnitTest>
    <UnitTest name="GetWorkoutType_Should_Map_Correctly(Bike_Bootcamp,False)" storage="/workspace/src/unittests/bin/debug/net9.0/unittests.dll" id="37e94512-8bbc-a900-5e2e-69ba1c2e30ce">
      <Execution id="f1a2c085-8acd-45f8-affd-061f9156ffff" />
      <TestMethod codeBase="/workspace/src/UnitTests/bin/Debug/net9.0/UnitTests.dll" adapterTypeName="executor://nunit3testexecutor/" className="UnitTests.Common.Dto.P2GWorkoutTests" name="GetWorkoutType_Should_Map_Correctly(Bike_Bootcamp,False)" />
    </UnitTest>
    <UnitTest name="SyncAsync_When_Conversion_StepFails_Should_ReturnCorrectResponse" storage="/workspace/src/unittests/bin/debug/net9.0/unittests.dll" id="db858c54-5ca6-5112-334f-1a2074085872">
      <Execution id="27158ad6-163c-4f93-b9fd-2385e876836c" />
      <TestMethod codeBase="/workspace/src/UnitTests/bin/Debug/net9.0/UnitTests.dll" adapterTypeName="executor://nunit3testexecutor/" className="UnitTests.Sync.SyncServiceTests" name="SyncAsync_When_Conversion_StepFails_Should_ReturnCorrectResponse" />
    </UnitTest>
    <UnitTest name="GetAvgSpeedMetersPerSecond_MaxSpeed_Is_Converted(&quot;km&quot;)" storage="/workspace/src/unittests/bin/debug/net9.0/unittests.dll" id="d3e023bb-a976-a14d-a18c-f7444af4c631">
      <Execution id="1d906bcb-0c7d-4551-84cc-9836b4e9087e" />
      <TestMethod codeBase="/workspace/src/UnitTests/bin/Debug/net9.0/UnitTests.dll" adapterTypeName="executor://nunit3testexecutor/" className="UnitTests.Conversion.ConverterTests" name="GetAvgSpeedMetersPerSecond_MaxSpeed_Is_Converted(&quot;km&quot;)" />
    </UnitTest>
    <UnitTest name="ConvertDistanceToMetersTest(&quot;mi&quot;)" storage="/workspace/src/unittests/bin/debug/net9.0/unittests.dll" id="d6ffb23b-d252-950e-a23f-43e134c5b351">
      <Execution id="8a48c5ed-4c32-47ab-8b2c-0d9a053d8fea" />
      <TestMethod codeBase="/workspace/src/UnitTests/bin/Debug/net9.0/UnitTests.dll" adapterTypeName="executor://nunit3testexecutor/" className="UnitTests.Conversion.ConverterTests" name="ConvertDistanceToMetersTest(&quot;mi&quot;)" />
    </UnitTest>
    <UnitTest name="GetExercisesTrackedByMovementTracker_WhenNoData(Workout { Id = , Status = , Title = , Name = , Created_At = 0, Fitness_Discipline = None, Is_Outdoor = False, Ride = , End_Time = , Start_Time = 0, Total_Work = 0, Ftp_Info = , Movement_Tracker_Data = MovementTrackerData { Completed_Movements_Summary_Data =  } })" storage="/workspace/src/unittests/bin/debug/net9.0/unittests.dll" id="8f0a30f1-398f-c971-4923-3f66a5a73c2d">
      <Execution id="5d9684b6-bfa5-46b4-b1aa-6bdba92a5474" />
      <TestMethod codeBase="/workspace/src/UnitTests/bin/Debug/net9.0/UnitTests.dll" adapterTypeName="executor://nunit3testexecutor/" className="UnitTests.PelotonTests.P2GWorkoutExerciseMapperTests" name="GetExercisesTrackedByMovementTracker_WhenNoData(Workout { Id = , Status = , Title = , Name = , Created_At = 0, Fitness_Discipline = None, Is_Outdoor = False, Ride = , End_Time = , Start_Time = 0, Total_Work = 0, Ftp_Info = , Movement_Tracker_Data = MovementTrackerData { Completed_Movements_Summary_Data =  } })" />
    </UnitTest>
    <UnitTest name="GetTitle_Should_Handle_SpecialChars(&quot;My Title&quot;,&quot;&amp;&quot;)" storage="/workspace/src/unittests/bin/debug/net9.0/unittests.dll" id="ea068faa-b980-f2dc-c742-45ace51c445c">
      <Execution id="ce302c3f-ae17-4d6f-af2e-9755eca95dfc" />
      <TestMethod codeBase="/workspace/src/UnitTests/bin/Debug/net9.0/UnitTests.dll" adapterTypeName="executor://nunit3testexecutor/" className="UnitTests.Common.WorkoutHelperTests" name="GetTitle_Should_Handle_SpecialChars(&quot;My Title&quot;,&quot;&amp;&quot;)" />
    </UnitTest>
    <UnitTest name="GetExercisesTrackedByMovementTracker_WhenNoData(null)" storage="/workspace/src/unittests/bin/debug/net9.0/unittests.dll" id="e501a9f8-54f7-a0b0-cbb5-51ae0bc08f12">
      <Execution id="744d8ac3-b489-4972-92b8-d6811adb8271" />
      <TestMethod codeBase="/workspace/src/UnitTests/bin/Debug/net9.0/UnitTests.dll" adapterTypeName="executor://nunit3testexecutor/" className="UnitTests.PelotonTests.P2GWorkoutExerciseMapperTests" name="GetExercisesTrackedByMovementTracker_WhenNoData(null)" />
    </UnitTest>
    <UnitTest name="Fit_Converter_Creates_Valid_Fit(&quot;ride_based_on_distance&quot;,Class_Targets)" storage="/workspace/src/unittests/bin/debug/net9.0/unittests.dll" id="720849a8-818b-65b4-5ac1-bd570d4477a9">
      <Execution id="ae57ad90-5339-486d-927e-b6c9005c6e88" />
      <TestMethod codeBase="/workspace/src/UnitTests/bin/Debug/net9.0/UnitTests.dll" adapterTypeName="executor://nunit3testexecutor/" className="UnitTests.Conversion.FitConverterTests" name="Fit_Converter_Creates_Valid_Fit(&quot;ride_based_on_distance&quot;,Class_Targets)" />
    </UnitTest>
    <UnitTest name="CompleteMFAAuthAsync_WhenWrongAuthStage_ShouldThrowException" storage="/workspace/src/unittests/bin/debug/net9.0/unittests.dll" id="cb68c355-6bfa-b011-745e-3a9f50b6a807">
      <Execution id="95732f02-216c-4b8d-a152-4faa233cf3ce" />
      <TestMethod codeBase="/workspace/src/UnitTests/bin/Debug/net9.0/UnitTests.dll" adapterTypeName="executor://nunit3testexecutor/" className="UnitTests.Garmin.GarminAuthenticationServiceTests" name="CompleteMFAAuthAsync_WhenWrongAuthStage_ShouldThrowException" />
    </UnitTest>
    <UnitTest name="GetAsync_PageProperties_Should_Be_Mapped_Correctly" storage="/workspace/src/unittests/bin/debug/net9.0/unittests.dll" id="ac39fe87-b406-baf4-1ead-02ee0e9490f2">
      <Execution id="6f264202-05d1-4179-bb85-821f9bf4fdbc" />
      <TestMethod codeBase="/workspace/src/UnitTests/bin/Debug/net9.0/UnitTests.dll" adapterTypeName="executor://nunit3testexecutor/" className="UnitTests.Api.Controllers.PelotonWorkoutsControllerTests" name="GetAsync_PageProperties_Should_Be_Mapped_Correctly" />
    </UnitTest>
    <UnitTest name="GetCustomDeviceInfoAsync_Choose_CorrectDevice_For_WorkoutType(Meditation)" storage="/workspace/src/unittests/bin/debug/net9.0/unittests.dll" id="2f7de2c0-2199-52d5-03cd-31fe9d35742e">
      <Execution id="4af49503-d5f4-4df0-8fd2-fd703d2ca9f4" />
      <TestMethod codeBase="/workspace/src/UnitTests/bin/Debug/net9.0/UnitTests.dll" adapterTypeName="executor://nunit3testexecutor/" className="UnitTests.Common.Service.SettingServiceTests" name="GetCustomDeviceInfoAsync_Choose_CorrectDevice_For_WorkoutType(Meditation)" />
    </UnitTest>
    <UnitTest name="SyncAsync_With_EmptyWorkoutIdsRequest_Returns400" storage="/workspace/src/unittests/bin/debug/net9.0/unittests.dll" id="d549615e-37a6-5b86-fd01-48e9c51b024a">
      <Execution id="5dbcd545-3bac-4ee4-bc14-fec453afb360" />
      <TestMethod codeBase="/workspace/src/UnitTests/bin/Debug/net9.0/UnitTests.dll" adapterTypeName="executor://nunit3testexecutor/" className="UnitTests.Api.Controllers.SyncControllerTests" name="SyncAsync_With_EmptyWorkoutIdsRequest_Returns400" />
    </UnitTest>
    <UnitTest name="UploadActivity_WhenFileAlreadyExists_ShouldHandleGracefully" storage="/workspace/src/unittests/bin/debug/net9.0/unittests.dll" id="bc5b7814-7239-6a17-05e6-e4323f646ac3">
      <Execution id="b72088c0-86b4-4df1-bea9-79a7d47a4bf6" />
      <TestMethod codeBase="/workspace/src/UnitTests/bin/Debug/net9.0/UnitTests.dll" adapterTypeName="executor://nunit3testexecutor/" className="UnitTests.Garmin.GarminApiClientTests" name="UploadActivity_WhenFileAlreadyExists_ShouldHandleGracefully" />
    </UnitTest>
    <UnitTest name="Fit_Converter_Creates_Valid_Fit(&quot;walking_outdoor_01&quot;,Class_Targets)" storage="/workspace/src/unittests/bin/debug/net9.0/unittests.dll" id="8ffd8b18-d6d0-548c-74c2-04f1656b2a67">
      <Execution id="55861e77-5477-4e9d-a01a-1649fd6e2404" />
      <TestMethod codeBase="/workspace/src/UnitTests/bin/Debug/net9.0/UnitTests.dll" adapterTypeName="executor://nunit3testexecutor/" className="UnitTests.Conversion.FitConverterTests" name="Fit_Converter_Creates_Valid_Fit(&quot;walking_outdoor_01&quot;,Class_Targets)" />
    </UnitTest>
    <UnitTest name="GetWorkoutType_Should_Map_Correctly(Walking,True)" storage="/workspace/src/unittests/bin/debug/net9.0/unittests.dll" id="14118ba1-3e16-0557-a7d6-67329481bdad">
      <Execution id="6ee22c58-3c40-411d-8665-b1ad4c3e6e5d" />
      <TestMethod codeBase="/workspace/src/UnitTests/bin/Debug/net9.0/UnitTests.dll" adapterTypeName="executor://nunit3testexecutor/" className="UnitTests.Common.Dto.P2GWorkoutTests" name="GetWorkoutType_Should_Map_Correctly(Walking,True)" />
    </UnitTest>
    <UnitTest name="GetExercisesTrackedByMovementTracker_WhenNoWeight" storage="/workspace/src/unittests/bin/debug/net9.0/unittests.dll" id="ff20ad51-3fe7-1bec-294d-76f7ead9492d">
      <Execution id="d889075b-28a9-42fa-af2b-f4a94bb6c3f4" />
      <TestMethod codeBase="/workspace/src/UnitTests/bin/Debug/net9.0/UnitTests.dll" adapterTypeName="executor://nunit3testexecutor/" className="UnitTests.PelotonTests.P2GWorkoutExerciseMapperTests" name="GetExercisesTrackedByMovementTracker_WhenNoWeight" />
    </UnitTest>
    <UnitTest name="StrengthExerciseMappings_SquatVariations_ShouldMapToSquatCategory" storage="/workspace/src/unittests/bin/debug/net9.0/unittests.dll" id="6bb117d1-94e5-51e3-6903-da2e2b9dba3c">
      <Execution id="ad3aaa97-5cc1-485a-a52c-ee6699bdc04f" />
      <TestMethod codeBase="/workspace/src/UnitTests/bin/Debug/net9.0/UnitTests.dll" adapterTypeName="executor://nunit3testexecutor/" className="UnitTests.Conversion.ExerciseMappingTests" name="StrengthExerciseMappings_SquatVariations_ShouldMapToSquatCategory" />
    </UnitTest>
    <UnitTest name="Fit_Converter_Creates_Valid_Fit(&quot;cycling_workout&quot;,Class_Targets)" storage="/workspace/src/unittests/bin/debug/net9.0/unittests.dll" id="3c993e2f-53f1-5efe-dae0-a0fe5a9dd2ce">
      <Execution id="fe192504-78d4-49cb-ae82-1ee34b8c7cda" />
      <TestMethod codeBase="/workspace/src/UnitTests/bin/Debug/net9.0/UnitTests.dll" adapterTypeName="executor://nunit3testexecutor/" className="UnitTests.Conversion.FitConverterTests" name="Fit_Converter_Creates_Valid_Fit(&quot;cycling_workout&quot;,Class_Targets)" />
    </UnitTest>
    <UnitTest name="InitCookieJarAsync_ShouldInitializeCookieJar" storage="/workspace/src/unittests/bin/debug/net9.0/unittests.dll" id="4c5deca3-bfe9-0cf7-1731-7958d4bb8efe">
      <Execution id="9ff73660-bd43-4053-b08d-1531d48c1402" />
      <TestMethod codeBase="/workspace/src/UnitTests/bin/Debug/net9.0/UnitTests.dll" adapterTypeName="executor://nunit3testexecutor/" className="UnitTests.Garmin.GarminApiClientTests" name="InitCookieJarAsync_ShouldInitializeCookieJar" />
    </UnitTest>
    <UnitTest name="DefaultConfigInit_Developer_ShouldHaveDefaulValues" storage="/workspace/src/unittests/bin/debug/net9.0/unittests.dll" id="b1fdbb99-a491-6f58-9cd4-a32d3381e20e">
      <Execution id="00cef228-3c01-450a-9014-de7106d6f4d8" />
      <TestMethod codeBase="/workspace/src/UnitTests/bin/Debug/net9.0/UnitTests.dll" adapterTypeName="executor://nunit3testexecutor/" className="UnitTests.Common.ConfigurationTests" name="DefaultConfigInit_Developer_ShouldHaveDefaulValues" />
    </UnitTest>
    <UnitTest name="GetTitle_NullRide_ShouldReturn_RideId" storage="/workspace/src/unittests/bin/debug/net9.0/unittests.dll" id="3007729f-a613-5805-213d-0cebf02b0e3e">
      <Execution id="6606fc89-2101-4dbe-b982-23151cc0eac8" />
      <TestMethod codeBase="/workspace/src/UnitTests/bin/Debug/net9.0/UnitTests.dll" adapterTypeName="executor://nunit3testexecutor/" className="UnitTests.Common.WorkoutHelperTests" name="GetTitle_NullRide_ShouldReturn_RideId" />
    </UnitTest>
    <UnitTest name="DefaultConfigInit_Format_ShouldHaveDefaulValues" storage="/workspace/src/unittests/bin/debug/net9.0/unittests.dll" id="2363ee34-a01c-6457-3c08-71994bc97ae6">
      <Execution id="1553fd0d-4ef6-4003-ac57-a385436af969" />
      <TestMethod codeBase="/workspace/src/UnitTests/bin/Debug/net9.0/UnitTests.dll" adapterTypeName="executor://nunit3testexecutor/" className="UnitTests.Common.ConfigurationTests" name="DefaultConfigInit_Format_ShouldHaveDefaulValues" />
    </UnitTest>
    <UnitTest name="GetAsync_Calls_Service" storage="/workspace/src/unittests/bin/debug/net9.0/unittests.dll" id="2b942204-73d5-5e1a-b900-79a487486712">
      <Execution id="b125be49-01ce-4e14-bbdd-cabe093f47dd" />
      <TestMethod codeBase="/workspace/src/UnitTests/bin/Debug/net9.0/UnitTests.dll" adapterTypeName="executor://nunit3testexecutor/" className="UnitTests.Api.Controllers.SystemInfoControllerTests" name="GetAsync_Calls_Service" />
    </UnitTest>
    <UnitTest name="Constructor_ShouldInitializeCorrectly" storage="/workspace/src/unittests/bin/debug/net9.0/unittests.dll" id="b4818bdb-9721-29a3-8561-8e9504a3d80a">
      <Execution id="7985cc47-d121-4a18-b1e5-f60d1c7983f4" />
      <TestMethod codeBase="/workspace/src/UnitTests/bin/Debug/net9.0/UnitTests.dll" adapterTypeName="executor://nunit3testexecutor/" className="UnitTests.Garmin.GarminUploaderTests" name="Constructor_ShouldInitializeCorrectly" />
    </UnitTest>
    <UnitTest name="SyncAsync_When_SyncSuccess_Should_ReturnCorrectResponse" storage="/workspace/src/unittests/bin/debug/net9.0/unittests.dll" id="c6b40543-f253-b0b7-9aa5-954faa77faae">
      <Execution id="9db6cf4b-563d-4b5f-b81a-6db0830ef7bd" />
      <TestMethod codeBase="/workspace/src/UnitTests/bin/Debug/net9.0/UnitTests.dll" adapterTypeName="executor://nunit3testexecutor/" className="UnitTests.Sync.SyncServiceTests" name="SyncAsync_When_SyncSuccess_Should_ReturnCorrectResponse" />
    </UnitTest>
    <UnitTest name="GetOutputSummary_Metrics_ReturnsNull" storage="/workspace/src/unittests/bin/debug/net9.0/unittests.dll" id="429fc958-a7fd-e403-2f76-5f49eab150a7">
      <Execution id="4e5f3bac-6e91-4573-9c93-57114830fb79" />
      <TestMethod codeBase="/workspace/src/UnitTests/bin/Debug/net9.0/UnitTests.dll" adapterTypeName="executor://nunit3testexecutor/" className="UnitTests.Conversion.ConverterTests" name="GetOutputSummary_Metrics_ReturnsNull" />
    </UnitTest>
    <UnitTest name="GetExercisesTrackedByMovementTracker_WhenNoData(Workout { Id = , Status = , Title = , Name = , Created_At = 0, Fitness_Discipline = None, Is_Outdoor = False, Ride = , End_Time = , Start_Time = 0, Total_Work = 0, Ftp_Info = , Movement_Tracker_Data = MovementTrackerData { Completed_Movements_Summary_Data = CompletedMovementsSummaryData { Repetition_Summary_Data = System.Collections.Generic.List`1[Common.Dto.Peloton.RepetitionSummaryData] } } })" storage="/workspace/src/unittests/bin/debug/net9.0/unittests.dll" id="41a07f2f-0104-f308-07d3-837b632e4333">
      <Execution id="10330feb-3842-4b81-9eac-0b1b17717537" />
      <TestMethod codeBase="/workspace/src/UnitTests/bin/Debug/net9.0/UnitTests.dll" adapterTypeName="executor://nunit3testexecutor/" className="UnitTests.PelotonTests.P2GWorkoutExerciseMapperTests" name="GetExercisesTrackedByMovementTracker_WhenNoData(Workout { Id = , Status = , Title = , Name = , Created_At = 0, Fitness_Discipline = None, Is_Outdoor = False, Ride = , End_Time = , Start_Time = 0, Total_Work = 0, Ftp_Info = , Movement_Tracker_Data = MovementTrackerData { Completed_Movements_Summary_Data = CompletedMovementsSummaryData { Repetition_Summary_Data = System.Collections.Generic.List`1[Common.Dto.Peloton.RepetitionSummaryData] } } })" />
    </UnitTest>
    <UnitTest name="ShouldConvert_ShouldOnly_Support_Fit(False,True,True)" storage="/workspace/src/unittests/bin/debug/net9.0/unittests.dll" id="bcb59029-4013-44e5-44e0-773cef3135ff">
      <Execution id="ac7c2716-fb95-4ea7-bd1e-2eabba992276" />
      <TestMethod codeBase="/workspace/src/UnitTests/bin/Debug/net9.0/UnitTests.dll" adapterTypeName="executor://nunit3testexecutor/" className="UnitTests.Conversion.FitConverterTests" name="ShouldConvert_ShouldOnly_Support_Fit(False,True,True)" />
    </UnitTest>
    <UnitTest name="StrengthExerciseMappings_ShouldNotBeEmpty" storage="/workspace/src/unittests/bin/debug/net9.0/unittests.dll" id="096b064d-1428-b9d8-fa26-d57393951678">
      <Execution id="052d2ed2-4773-4060-bce3-0900b03d39a8" />
      <TestMethod codeBase="/workspace/src/UnitTests/bin/Debug/net9.0/UnitTests.dll" adapterTypeName="executor://nunit3testexecutor/" className="UnitTests.Conversion.ExerciseMappingTests" name="StrengthExerciseMappings_ShouldNotBeEmpty" />
    </UnitTest>
    <UnitTest name="ShouldConvert_ShouldOnly_Support_TCX(True,False,False)" storage="/workspace/src/unittests/bin/debug/net9.0/unittests.dll" id="52f2e7d1-05f8-a8b3-72fb-8fb8b6080a9f">
      <Execution id="7f56c449-88db-4775-8bf0-180e07370ade" />
      <TestMethod codeBase="/workspace/src/UnitTests/bin/Debug/net9.0/UnitTests.dll" adapterTypeName="executor://nunit3testexecutor/" className="UnitTests.Conversion.JsonConverterTests" name="ShouldConvert_ShouldOnly_Support_TCX(True,False,False)" />
    </UnitTest>
    <UnitTest name="GetMaxSpeedMetersPerSecond_MaxSpeed_Is_Converted(&quot;kph&quot;)" storage="/workspace/src/unittests/bin/debug/net9.0/unittests.dll" id="860c9fe0-b7f0-10e4-c793-826181732116">
      <Execution id="d1acc5b2-0d62-4e9b-af76-269bda6e1fd2" />
      <TestMethod codeBase="/workspace/src/UnitTests/bin/Debug/net9.0/UnitTests.dll" adapterTypeName="executor://nunit3testexecutor/" className="UnitTests.Conversion.ConverterTests" name="GetMaxSpeedMetersPerSecond_MaxSpeed_Is_Converted(&quot;kph&quot;)" />
    </UnitTest>
    <UnitTest name="RowingWorkout_CanBe_Deserialized_To_WorkoutSamples" storage="/workspace/src/unittests/bin/debug/net9.0/unittests.dll" id="266acd3f-05f0-7f05-925e-96206b985b98">
      <Execution id="f2e889ea-048e-4623-9941-a2adf25fec4c" />
      <TestMethod codeBase="/workspace/src/UnitTests/bin/Debug/net9.0/UnitTests.dll" adapterTypeName="executor://nunit3testexecutor/" className="UnitTests.PelotonTests.ApiClientTests" name="RowingWorkout_CanBe_Deserialized_To_WorkoutSamples" />
    </UnitTest>
    <UnitTest name="ConvertDistanceToMetersTest(&quot;KM&quot;)" storage="/workspace/src/unittests/bin/debug/net9.0/unittests.dll" id="bbc1ffe3-9214-8c97-a7b1-dc448d582233">
      <Execution id="c2496afc-d74a-49af-a082-bb1ab68217ef" />
      <TestMethod codeBase="/workspace/src/UnitTests/bin/Debug/net9.0/UnitTests.dll" adapterTypeName="executor://nunit3testexecutor/" className="UnitTests.Conversion.ConverterTests" name="ConvertDistanceToMetersTest(&quot;KM&quot;)" />
    </UnitTest>
    <UnitTest name="GetAsync_WhenNotRequested_DoesNotEnrich_LatestVersionInfo" storage="/workspace/src/unittests/bin/debug/net9.0/unittests.dll" id="2ad365a4-7690-f909-9b00-353a5ed34e80">
      <Execution id="e919370b-42f1-424f-b667-2389146101a9" />
      <TestMethod codeBase="/workspace/src/UnitTests/bin/Debug/net9.0/UnitTests.dll" adapterTypeName="executor://nunit3testexecutor/" className="UnitTests.Api.Service.SystemInfoServiceTests" name="GetAsync_WhenNotRequested_DoesNotEnrich_LatestVersionInfo" />
    </UnitTest>
    <UnitTest name="GetOAuth1TokenAsync_WhenNetworkError_ShouldThrowException" storage="/workspace/src/unittests/bin/debug/net9.0/unittests.dll" id="f07ec14b-f484-ba9b-8269-66d16c50ab95">
      <Execution id="f28fd1d7-b758-425d-8b1f-3f56535b0203" />
      <TestMethod codeBase="/workspace/src/UnitTests/bin/Debug/net9.0/UnitTests.dll" adapterTypeName="executor://nunit3testexecutor/" className="UnitTests.Garmin.GarminApiClientTests" name="GetOAuth1TokenAsync_WhenNetworkError_ShouldThrowException" />
    </UnitTest>
    <UnitTest name="StrengthExerciseMappings_PushUpVariations_ShouldMapToPushUpCategory" storage="/workspace/src/unittests/bin/debug/net9.0/unittests.dll" id="a7b99d22-ee3f-ab47-ab68-89dfe253a5a4">
      <Execution id="fc604a32-ec5c-45cf-8720-624011f824e0" />
      <TestMethod codeBase="/workspace/src/UnitTests/bin/Debug/net9.0/UnitTests.dll" adapterTypeName="executor://nunit3testexecutor/" className="UnitTests.Conversion.ExerciseMappingTests" name="StrengthExerciseMappings_PushUpVariations_ShouldMapToPushUpCategory" />
    </UnitTest>
    <UnitTest name="Fit_Converter_Creates_Valid_Fit(&quot;tread_run_workout&quot;,Class_Segments)" storage="/workspace/src/unittests/bin/debug/net9.0/unittests.dll" id="fa1aff09-89e9-c9c9-8e43-3435185dc5da">
      <Execution id="c1a903a1-fc35-47e0-a81b-dd67136b925b" />
      <TestMethod codeBase="/workspace/src/UnitTests/bin/Debug/net9.0/UnitTests.dll" adapterTypeName="executor://nunit3testexecutor/" className="UnitTests.Conversion.FitConverterTests" name="Fit_Converter_Creates_Valid_Fit(&quot;tread_run_workout&quot;,Class_Segments)" />
    </UnitTest>
    <UnitTest name="GetCalorieSummary_ShouldPickCorrectValue(Common.Dto.Peloton.WorkoutSamples,null)" storage="/workspace/src/unittests/bin/debug/net9.0/unittests.dll" id="47afcd5b-fcc7-5518-3629-dc9b20fc97f8">
      <Execution id="37bc611f-5753-4122-a67a-c31cc4dc588f" />
      <TestMethod codeBase="/workspace/src/UnitTests/bin/Debug/net9.0/UnitTests.dll" adapterTypeName="executor://nunit3testexecutor/" className="UnitTests.Conversion.ConverterTests" name="GetCalorieSummary_ShouldPickCorrectValue(Common.Dto.Peloton.WorkoutSamples,null)" />
    </UnitTest>
    <UnitTest name="PagingResponseBase_Calculates_HasNext_Correctly(0,0)" storage="/workspace/src/unittests/bin/debug/net9.0/unittests.dll" id="b3d2bc06-5cb0-6cbe-2dac-a17793a45748">
      <Execution id="5797d117-3257-4d89-b4ca-c1958795b069" />
      <TestMethod codeBase="/workspace/src/UnitTests/bin/Debug/net9.0/UnitTests.dll" adapterTypeName="executor://nunit3testexecutor/" className="UnitTests.Common.Api.PagingTests" name="PagingResponseBase_Calculates_HasNext_Correctly(0,0)" />
    </UnitTest>
    <UnitTest name="GetGarminAuthenticationAsync_WhenValidOAuth1Token_ShouldExchangeForOAuth2" storage="/workspace/src/unittests/bin/debug/net9.0/unittests.dll" id="62bf0dc9-a343-a0de-bd40-7ad06d05a1d9">
      <Execution id="4dee0e3e-d95c-4f7e-9cbe-2b0f58fc5f5a" />
      <TestMethod codeBase="/workspace/src/UnitTests/bin/Debug/net9.0/UnitTests.dll" adapterTypeName="executor://nunit3testexecutor/" className="UnitTests.Garmin.GarminAuthenticationServiceTests" name="GetGarminAuthenticationAsync_WhenValidOAuth1Token_ShouldExchangeForOAuth2" />
    </UnitTest>
    <UnitTest name="PagingResponseBase_Calculates_HasPrevious_Correctly(-1)" storage="/workspace/src/unittests/bin/debug/net9.0/unittests.dll" id="d1c64d1a-1824-50d1-0539-5ceed713d1a6">
      <Execution id="529c47f9-1d67-4a4d-b868-e373852d2ede" />
      <TestMethod codeBase="/workspace/src/UnitTests/bin/Debug/net9.0/UnitTests.dll" adapterTypeName="executor://nunit3testexecutor/" className="UnitTests.Common.Api.PagingTests" name="PagingResponseBase_Calculates_HasPrevious_Correctly(-1)" />
    </UnitTest>
    <UnitTest name="GetAllAsync_When_Future_SinceDate_Returns400" storage="/workspace/src/unittests/bin/debug/net9.0/unittests.dll" id="93c5c585-3908-44b4-b7b1-3a7e9e7c4d26">
      <Execution id="7af23118-8e44-4ec7-a982-8a4b2a485311" />
      <TestMethod codeBase="/workspace/src/UnitTests/bin/Debug/net9.0/UnitTests.dll" adapterTypeName="executor://nunit3testexecutor/" className="UnitTests.Api.Controllers.PelotonWorkoutsControllerTests" name="GetAllAsync_When_Future_SinceDate_Returns400" />
    </UnitTest>
    <UnitTest name="Converter_Should_Provide_Formt_of_TCX" storage="/workspace/src/unittests/bin/debug/net9.0/unittests.dll" id="0d49088f-ad55-4dcc-dc87-46d098412d72">
      <Execution id="20cfa810-f9b8-43d3-940a-7198ac80a5b7" />
      <TestMethod codeBase="/workspace/src/UnitTests/bin/Debug/net9.0/UnitTests.dll" adapterTypeName="executor://nunit3testexecutor/" className="UnitTests.Conversion.TcxConverterTests" name="Converter_Should_Provide_Formt_of_TCX" />
    </UnitTest>
    <UnitTest name="GetOAuth1TokenAsync_ShouldReturnValidOAuth1Token" storage="/workspace/src/unittests/bin/debug/net9.0/unittests.dll" id="c98e2074-ed27-4fc7-d66c-9637e2cbb509">
      <Execution id="4b03ae7f-87a0-443a-9e54-033345df5340" />
      <TestMethod codeBase="/workspace/src/UnitTests/bin/Debug/net9.0/UnitTests.dll" adapterTypeName="executor://nunit3testexecutor/" className="UnitTests.Garmin.GarminApiClientTests" name="GetOAuth1TokenAsync_ShouldReturnValidOAuth1Token" />
    </UnitTest>
    <UnitTest name="Fit_Converter_Creates_Valid_Fit(&quot;cycling_workout&quot;,Distance)" storage="/workspace/src/unittests/bin/debug/net9.0/unittests.dll" id="356f89fb-8a90-5da8-902f-888a6aa96117">
      <Execution id="4de286d8-ed56-49c1-9b29-213153b99e5f" />
      <TestMethod codeBase="/workspace/src/UnitTests/bin/Debug/net9.0/UnitTests.dll" adapterTypeName="executor://nunit3testexecutor/" className="UnitTests.Conversion.FitConverterTests" name="Fit_Converter_Creates_Valid_Fit(&quot;cycling_workout&quot;,Distance)" />
    </UnitTest>
    <UnitTest name="GetMaxSpeedMetersPerSecond_MaxSpeed_Is_Converted(&quot;m&quot;)" storage="/workspace/src/unittests/bin/debug/net9.0/unittests.dll" id="ea26bba9-26a9-f3ea-e08a-46ddb2f7a2e3">
      <Execution id="0cf13be1-e261-402a-8610-32555d25190f" />
      <TestMethod codeBase="/workspace/src/UnitTests/bin/Debug/net9.0/UnitTests.dll" adapterTypeName="executor://nunit3testexecutor/" className="UnitTests.Conversion.ConverterTests" name="GetMaxSpeedMetersPerSecond_MaxSpeed_Is_Converted(&quot;m&quot;)" />
    </UnitTest>
    <UnitTest name="GetWorkoutType_Should_Map_Correctly(Yoga,True)" storage="/workspace/src/unittests/bin/debug/net9.0/unittests.dll" id="75253478-58a0-bb8b-60af-f2e03b85edc6">
      <Execution id="8affa387-2768-4419-ac21-587ce02e19b8" />
      <TestMethod codeBase="/workspace/src/UnitTests/bin/Debug/net9.0/UnitTests.dll" adapterTypeName="executor://nunit3testexecutor/" className="UnitTests.Common.Dto.P2GWorkoutTests" name="GetWorkoutType_Should_Map_Correctly(Yoga,True)" />
    </UnitTest>
    <UnitTest name="DefaultConfigInit_App_ShouldHaveDefaulValues" storage="/workspace/src/unittests/bin/debug/net9.0/unittests.dll" id="60123ba9-8c0d-8a64-f91a-5e13ce5ae077">
      <Execution id="ba12be80-a25d-45fc-b55d-92cf70fea9e3" />
      <TestMethod codeBase="/workspace/src/UnitTests/bin/Debug/net9.0/UnitTests.dll" adapterTypeName="executor://nunit3testexecutor/" className="UnitTests.Common.ConfigurationTests" name="DefaultConfigInit_App_ShouldHaveDefaulValues" />
    </UnitTest>
    <UnitTest name="GetCsrfTokenAsync_ShouldReturnValidToken" storage="/workspace/src/unittests/bin/debug/net9.0/unittests.dll" id="cedf5e26-eb4c-4ff4-1c76-8686f05baa27">
      <Execution id="b0989217-2c09-41db-aaeb-0ad54480652d" />
      <TestMethod codeBase="/workspace/src/UnitTests/bin/Debug/net9.0/UnitTests.dll" adapterTypeName="executor://nunit3testexecutor/" className="UnitTests.Garmin.GarminApiClientTests" name="GetCsrfTokenAsync_ShouldReturnValidToken" />
    </UnitTest>
    <UnitTest name="ConvertToMetersPerSecondTest_Is_Converted_To_MetersPerSecond(&quot;mph&quot;)" storage="/workspace/src/unittests/bin/debug/net9.0/unittests.dll" id="9c7301e8-474b-ab11-2708-80b36a1ddada">
      <Execution id="09187e37-af1d-4fea-aeb3-70a5d2105be1" />
      <TestMethod codeBase="/workspace/src/UnitTests/bin/Debug/net9.0/UnitTests.dll" adapterTypeName="executor://nunit3testexecutor/" className="UnitTests.Conversion.ConverterTests" name="ConvertToMetersPerSecondTest_Is_Converted_To_MetersPerSecond(&quot;mph&quot;)" />
    </UnitTest>
    <UnitTest name="GetRecentWorkoutsAsync_DoesNothing_WhenNoCount(0)" storage="/workspace/src/unittests/bin/debug/net9.0/unittests.dll" id="378e2b9b-70a1-9c7c-76e4-7abd17042b3d">
      <Execution id="dba2a61c-c789-4863-92f4-23bac009c9bc" />
      <TestMethod codeBase="/workspace/src/UnitTests/bin/Debug/net9.0/UnitTests.dll" adapterTypeName="executor://nunit3testexecutor/" className="UnitTests.PelotonTests.PelotonServiceTests" name="GetRecentWorkoutsAsync_DoesNothing_WhenNoCount(0)" />
    </UnitTest>
    <UnitTest name="GetTitle_NullInstructor_ShouldReturn_EmptyInstructorName" storage="/workspace/src/unittests/bin/debug/net9.0/unittests.dll" id="0fab622d-92a1-c592-acf0-a508c8f3d4d8">
      <Execution id="36851444-1566-4976-999c-83e82087f787" />
      <TestMethod codeBase="/workspace/src/UnitTests/bin/Debug/net9.0/UnitTests.dll" adapterTypeName="executor://nunit3testexecutor/" className="UnitTests.Common.WorkoutHelperTests" name="GetTitle_NullInstructor_ShouldReturn_EmptyInstructorName" />
    </UnitTest>
    <UnitTest name="GetTitle_Should_ReplaceInvalidChars(&quot;My/Title&quot;,&quot;Some/Instructor&quot;)" storage="/workspace/src/unittests/bin/debug/net9.0/unittests.dll" id="e6206494-1fd5-7cce-b12d-03dc2164d6bc">
      <Execution id="a534e370-e299-401d-855d-a25f48538f1c" />
      <TestMethod codeBase="/workspace/src/UnitTests/bin/Debug/net9.0/UnitTests.dll" adapterTypeName="executor://nunit3testexecutor/" className="UnitTests.Common.WorkoutHelperTests" name="GetTitle_Should_ReplaceInvalidChars(&quot;My/Title&quot;,&quot;Some/Instructor&quot;)" />
    </UnitTest>
    <UnitTest name="GetAllAsync_Honors_ExcludedWorkoutTypes" storage="/workspace/src/unittests/bin/debug/net9.0/unittests.dll" id="fec7dedc-c946-c21e-b247-b1399ec429d4">
      <Execution id="832d5f46-31b1-418a-bbae-321083c4d934" />
      <TestMethod codeBase="/workspace/src/UnitTests/bin/Debug/net9.0/UnitTests.dll" adapterTypeName="executor://nunit3testexecutor/" className="UnitTests.Api.Controllers.PelotonWorkoutsControllerTests" name="GetAllAsync_Honors_ExcludedWorkoutTypes" />
    </UnitTest>
    <UnitTest name="GetCyclingFtp_Should_PickCorrectValue(null,UserData { Cycling_Ftp_Source = Ftp_Manual_Source, Cycling_Workout_Ftp = 0, Cycling_Ftp_Workout_Id = , Cycling_Ftp = 0, Estimated_Cycling_Ftp = 100, Default_Max_Heart_Rate = 0, Customized_Max_Heart_Rate = 0, Weight = 0 },100)" storage="/workspace/src/unittests/bin/debug/net9.0/unittests.dll" id="b5e89cb9-a5d1-e7dc-d10c-4ca766a33e40">
      <Execution id="4f65aebd-c5ba-42cc-aa1f-a2f382065179" />
      <TestMethod codeBase="/workspace/src/UnitTests/bin/Debug/net9.0/UnitTests.dll" adapterTypeName="executor://nunit3testexecutor/" className="UnitTests.Conversion.ConverterTests" name="GetCyclingFtp_Should_PickCorrectValue(null,UserData { Cycling_Ftp_Source = Ftp_Manual_Source, Cycling_Workout_Ftp = 0, Cycling_Ftp_Workout_Id = , Cycling_Ftp = 0, Estimated_Cycling_Ftp = 100, Default_Max_Heart_Rate = 0, Customized_Max_Heart_Rate = 0, Weight = 0 },100)" />
    </UnitTest>
    <UnitTest name="GarminPost_With_PasswordChange_Should_SignOut_of_Garmin" storage="/workspace/src/unittests/bin/debug/net9.0/unittests.dll" id="249fb9cf-a2bf-c28f-b9d5-4ef4a23d459c">
      <Execution id="4e7354fd-f14c-4792-ba2b-6327867b71a9" />
      <TestMethod codeBase="/workspace/src/UnitTests/bin/Debug/net9.0/UnitTests.dll" adapterTypeName="executor://nunit3testexecutor/" className="UnitTests.Api.Service.SettingsUpdaterServiceTests" name="GarminPost_With_PasswordChange_Should_SignOut_of_Garmin" />
    </UnitTest>
    <UnitTest name="PelotonPost_With_PasswordChange_Should_Validate_Characters(&quot;a\\&quot;)" storage="/workspace/src/unittests/bin/debug/net9.0/unittests.dll" id="a45b0da2-eb2b-b9b6-85db-5a1df2e22596">
      <Execution id="3a1c4ed0-3bb8-4c88-847e-198b09f34212" />
      <TestMethod codeBase="/workspace/src/UnitTests/bin/Debug/net9.0/UnitTests.dll" adapterTypeName="executor://nunit3testexecutor/" className="UnitTests.Api.Service.SettingsUpdaterServiceTests" name="PelotonPost_With_PasswordChange_Should_Validate_Characters(&quot;a\\&quot;)" />
    </UnitTest>
    <UnitTest name="GetAllAsync_Returns_Results_SortedBy_MostRecentFirst" storage="/workspace/src/unittests/bin/debug/net9.0/unittests.dll" id="a1d5e58e-a3ed-a811-2f4a-39a63b26814e">
      <Execution id="6cf82eef-c2f0-4a4c-a95f-03f9cad6093b" />
      <TestMethod codeBase="/workspace/src/UnitTests/bin/Debug/net9.0/UnitTests.dll" adapterTypeName="executor://nunit3testexecutor/" className="UnitTests.Api.Controllers.PelotonWorkoutsControllerTests" name="GetAllAsync_Returns_Results_SortedBy_MostRecentFirst" />
    </UnitTest>
    <UnitTest name="Constructor_WhenSettingsServiceIsNull_ShouldNotThrow" storage="/workspace/src/unittests/bin/debug/net9.0/unittests.dll" id="bb1a317a-f603-fd34-847e-2a6fecc00af2">
      <Execution id="bfe24b3f-0c24-474e-b5ba-12c0fe964a66" />
      <TestMethod codeBase="/workspace/src/UnitTests/bin/Debug/net9.0/UnitTests.dll" adapterTypeName="executor://nunit3testexecutor/" className="UnitTests.Garmin.GarminApiClientTests" name="Constructor_WhenSettingsServiceIsNull_ShouldNotThrow" />
    </UnitTest>
    <UnitTest name="GetWorkoutType_Should_Map_Correctly(Stretching,True)" storage="/workspace/src/unittests/bin/debug/net9.0/unittests.dll" id="d26bb60f-4042-678a-8d98-9cd1fa6f6343">
      <Execution id="b373fac8-06f3-42f5-9154-f0af0849ea24" />
      <TestMethod codeBase="/workspace/src/UnitTests/bin/Debug/net9.0/UnitTests.dll" adapterTypeName="executor://nunit3testexecutor/" className="UnitTests.Common.Dto.P2GWorkoutTests" name="GetWorkoutType_Should_Map_Correctly(Stretching,True)" />
    </UnitTest>
    <UnitTest name="ValidateConfig_ValidHostPort_DoesNotThrow" storage="/workspace/src/unittests/bin/debug/net9.0/unittests.dll" id="d41d09d9-47e4-6a0e-3520-bb2673be8aa2">
      <Execution id="22aa22c1-ba20-44c9-8154-dde51cc30193" />
      <TestMethod codeBase="/workspace/src/UnitTests/bin/Debug/net9.0/UnitTests.dll" adapterTypeName="executor://nunit3testexecutor/" className="UnitTests.Common.TracingTests" name="ValidateConfig_ValidHostPort_DoesNotThrow" />
    </UnitTest>
    <UnitTest name="ShouldConvert_ShouldOnly_Support_Fit(True,True,False)" storage="/workspace/src/unittests/bin/debug/net9.0/unittests.dll" id="f462a461-4209-1e5e-3555-ae640f044d96">
      <Execution id="3d4173d2-4a69-419e-acba-b8daca8db9d6" />
      <TestMethod codeBase="/workspace/src/UnitTests/bin/Debug/net9.0/UnitTests.dll" adapterTypeName="executor://nunit3testexecutor/" className="UnitTests.Conversion.FitConverterTests" name="ShouldConvert_ShouldOnly_Support_Fit(True,True,False)" />
    </UnitTest>
    <UnitTest name="GetCustomDeviceInfoAsync_Choose_CorrectDevice_For_WorkoutType(Cardio)" storage="/workspace/src/unittests/bin/debug/net9.0/unittests.dll" id="590353f7-0343-b410-3784-f9ebd31c91c3">
      <Execution id="1ee20826-8ab0-45f8-aeb0-0824ca7d6807" />
      <TestMethod codeBase="/workspace/src/UnitTests/bin/Debug/net9.0/UnitTests.dll" adapterTypeName="executor://nunit3testexecutor/" className="UnitTests.Common.Service.SettingServiceTests" name="GetCustomDeviceInfoAsync_Choose_CorrectDevice_For_WorkoutType(Cardio)" />
    </UnitTest>
    <UnitTest name="ValidateConfig_Disabled_DoesNotThrow" storage="/workspace/src/unittests/bin/debug/net9.0/unittests.dll" id="32b482d6-93d8-7c20-38aa-1450f325d87f">
      <Execution id="465ea379-933e-413b-8d69-e048682d2efa" />
      <TestMethod codeBase="/workspace/src/UnitTests/bin/Debug/net9.0/UnitTests.dll" adapterTypeName="executor://nunit3testexecutor/" className="UnitTests.Common.TracingTests" name="ValidateConfig_Disabled_DoesNotThrow" />
    </UnitTest>
    <UnitTest name="CombineLocationData_When_Coordinate_Is_Null_SkipsEmpty" storage="/workspace/src/unittests/bin/debug/net9.0/unittests.dll" id="7cafaab9-88ea-6550-36c3-d0f55dd10b21">
      <Execution id="27d81544-901b-4b0f-9516-88e9e655b1c3" />
      <TestMethod codeBase="/workspace/src/UnitTests/bin/Debug/net9.0/UnitTests.dll" adapterTypeName="executor://nunit3testexecutor/" className="UnitTests.Sync.StackedWorkoutsCalculatorTests" name="CombineLocationData_When_Coordinate_Is_Null_SkipsEmpty" />
    </UnitTest>
    <UnitTest name="GetWorkoutDetailsAsync_Should_Only_Enrich_ValidRideIds(&quot;&quot;)" storage="/workspace/src/unittests/bin/debug/net9.0/unittests.dll" id="9e4a166f-9dd6-6fc3-0366-061d8403a00e">
      <Execution id="5c2901da-bd3a-4f3b-830b-373708992c28" />
      <TestMethod codeBase="/workspace/src/UnitTests/bin/Debug/net9.0/UnitTests.dll" adapterTypeName="executor://nunit3testexecutor/" className="UnitTests.PelotonTests.PelotonServiceTests" name="GetWorkoutDetailsAsync_Should_Only_Enrich_ValidRideIds(&quot;&quot;)" />
    </UnitTest>
    <UnitTest name="ShouldConvert_ShouldOnly_Support_TCX(False,False,False)" storage="/workspace/src/unittests/bin/debug/net9.0/unittests.dll" id="ae4de01a-1d12-e7d6-986b-cf06269c1d43">
      <Execution id="98ff9a6f-53d1-44e4-8c6c-c5e69bb69fa4" />
      <TestMethod codeBase="/workspace/src/UnitTests/bin/Debug/net9.0/UnitTests.dll" adapterTypeName="executor://nunit3testexecutor/" className="UnitTests.Conversion.TcxConverterTests" name="ShouldConvert_ShouldOnly_Support_TCX(False,False,False)" />
    </UnitTest>
    <UnitTest name="PagingResponseBase_Calculates_HasNext_Correctly(1,0)" storage="/workspace/src/unittests/bin/debug/net9.0/unittests.dll" id="ca9219fd-27b5-f98f-69d6-f4a236265e4f">
      <Execution id="c19ad1ce-f53b-4646-8e89-adb9110f1fe6" />
      <TestMethod codeBase="/workspace/src/UnitTests/bin/Debug/net9.0/UnitTests.dll" adapterTypeName="executor://nunit3testexecutor/" className="UnitTests.Common.Api.PagingTests" name="PagingResponseBase_Calculates_HasNext_Correctly(1,0)" />
    </UnitTest>
    <UnitTest name="GetWorkoutType_Should_Map_Correctly(Strength,False)" storage="/workspace/src/unittests/bin/debug/net9.0/unittests.dll" id="f01466b1-9eed-a834-70fe-05694dcd6329">
      <Execution id="07489b41-1cec-431f-b754-e0580be50379" />
      <TestMethod codeBase="/workspace/src/UnitTests/bin/Debug/net9.0/UnitTests.dll" adapterTypeName="executor://nunit3testexecutor/" className="UnitTests.Common.Dto.P2GWorkoutTests" name="GetWorkoutType_Should_Map_Correctly(Strength,False)" />
    </UnitTest>
    <UnitTest name="IsRest_WhenNullOrEmpty_ShouldReturnFalse" storage="/workspace/src/unittests/bin/debug/net9.0/unittests.dll" id="ef799867-ba48-b99a-3202-edf0b6a86be1">
      <Execution id="4127434f-bc5f-43d3-99a6-0f3020e087d7" />
      <TestMethod codeBase="/workspace/src/UnitTests/bin/Debug/net9.0/UnitTests.dll" adapterTypeName="executor://nunit3testexecutor/" className="UnitTests.Conversion.ExerciseMappingTests" name="IsRest_WhenNullOrEmpty_ShouldReturnFalse" />
    </UnitTest>
    <UnitTest name="ShouldConvert_ShouldOnly_Support_TCX(False,False,False)" storage="/workspace/src/unittests/bin/debug/net9.0/unittests.dll" id="f227a819-2a67-8cc4-9f97-0d0e685c0f0f">
      <Execution id="38d5b182-152b-4fe8-91b5-97568c63c01f" />
      <TestMethod codeBase="/workspace/src/UnitTests/bin/Debug/net9.0/UnitTests.dll" adapterTypeName="executor://nunit3testexecutor/" className="UnitTests.Conversion.JsonConverterTests" name="ShouldConvert_ShouldOnly_Support_TCX(False,False,False)" />
    </UnitTest>
    <UnitTest name="MigrateToAdminUserAsync_When_NoLegacySettings_NoOp" storage="/workspace/src/unittests/bin/debug/net9.0/unittests.dll" id="f71539d0-9988-91d1-71c5-d86493ed2948">
      <Execution id="d2e12b3f-e4b2-4a29-9be4-fbb0e08e505a" />
      <TestMethod codeBase="/workspace/src/UnitTests/bin/Debug/net9.0/UnitTests.dll" adapterTypeName="executor://nunit3testexecutor/" className="UnitTests.Common.Database.DbMigrationsTests" name="MigrateToAdminUserAsync_When_NoLegacySettings_NoOp" />
    </UnitTest>
    <UnitTest name="GetTotalDistanceTest_Distance_Is_Converted_To_Meters(&quot;ft&quot;)" storage="/workspace/src/unittests/bin/debug/net9.0/unittests.dll" id="35f78f67-27d9-c541-c70a-00c7dcd82935">
      <Execution id="187278fa-058c-422c-bb31-4a021567e72f" />
      <TestMethod codeBase="/workspace/src/UnitTests/bin/Debug/net9.0/UnitTests.dll" adapterTypeName="executor://nunit3testexecutor/" className="UnitTests.Conversion.ConverterTests" name="GetTotalDistanceTest_Distance_Is_Converted_To_Meters(&quot;ft&quot;)" />
    </UnitTest>
    <UnitTest name="ConvertToMetersPerSecondTest_Is_Converted_To_MetersPerSecond(&quot;kph&quot;)" storage="/workspace/src/unittests/bin/debug/net9.0/unittests.dll" id="6888598b-cb60-477f-2c20-bf0224fd9c36">
      <Execution id="fe4fdd2e-eca4-4aef-b212-546882658cf8" />
      <TestMethod codeBase="/workspace/src/UnitTests/bin/Debug/net9.0/UnitTests.dll" adapterTypeName="executor://nunit3testexecutor/" className="UnitTests.Conversion.ConverterTests" name="ConvertToMetersPerSecondTest_Is_Converted_To_MetersPerSecond(&quot;kph&quot;)" />
    </UnitTest>
    <UnitTest name="GetExercisesTrackedByMovementTracker_WhenNoData(Workout { Id = , Status = , Title = , Name = , Created_At = 0, Fitness_Discipline = None, Is_Outdoor = False, Ride = , End_Time = , Start_Time = 0, Total_Work = 0, Ftp_Info = , Movement_Tracker_Data =  })" storage="/workspace/src/unittests/bin/debug/net9.0/unittests.dll" id="dc78183a-3301-6d2f-bfc2-96017ddfdaab">
      <Execution id="2d3e4e21-3e34-4a1f-bb6b-e7c70732bcd0" />
      <TestMethod codeBase="/workspace/src/UnitTests/bin/Debug/net9.0/UnitTests.dll" adapterTypeName="executor://nunit3testexecutor/" className="UnitTests.PelotonTests.P2GWorkoutExerciseMapperTests" name="GetExercisesTrackedByMovementTracker_WhenNoData(Workout { Id = , Status = , Title = , Name = , Created_At = 0, Fitness_Discipline = None, Is_Outdoor = False, Ride = , End_Time = , Start_Time = 0, Total_Work = 0, Ftp_Info = , Movement_Tracker_Data =  })" />
    </UnitTest>
    <UnitTest name="Fit_Converter_Creates_Valid_Fit(&quot;running_workout_no_metrics&quot;,Class_Segments)" storage="/workspace/src/unittests/bin/debug/net9.0/unittests.dll" id="6364f89d-e9b5-09be-80f9-4b631b3c548e">
      <Execution id="7c21ba0f-646d-4761-a030-257ff4fce70a" />
      <TestMethod codeBase="/workspace/src/UnitTests/bin/Debug/net9.0/UnitTests.dll" adapterTypeName="executor://nunit3testexecutor/" className="UnitTests.Conversion.FitConverterTests" name="Fit_Converter_Creates_Valid_Fit(&quot;running_workout_no_metrics&quot;,Class_Segments)" />
    </UnitTest>
    <UnitTest name="SignInAsync_WhenMfaRequired_ShouldReturnNeedMfaToken" storage="/workspace/src/unittests/bin/debug/net9.0/unittests.dll" id="4692bdef-824c-2da9-2b8f-73cf5e60e9b6">
      <Execution id="0e639b31-79ca-451c-84cb-98424f35c2f6" />
      <TestMethod codeBase="/workspace/src/UnitTests/bin/Debug/net9.0/UnitTests.dll" adapterTypeName="executor://nunit3testexecutor/" className="UnitTests.Garmin.GarminAuthenticationServiceTests" name="SignInAsync_WhenMfaRequired_ShouldReturnNeedMfaToken" />
    </UnitTest>
    <UnitTest name="GetHeartRateSummary_Metrics_ReturnsNull" storage="/workspace/src/unittests/bin/debug/net9.0/unittests.dll" id="76e0271b-85c4-90ea-aed2-72a6495ef213">
      <Execution id="90d75b40-4940-4143-8e99-3d420f42d1c8" />
      <TestMethod codeBase="/workspace/src/UnitTests/bin/Debug/net9.0/UnitTests.dll" adapterTypeName="executor://nunit3testexecutor/" className="UnitTests.Conversion.ConverterTests" name="GetHeartRateSummary_Metrics_ReturnsNull" />
    </UnitTest>
    <UnitTest name="GarminAuthTokenExistsAndIsValidAsync_WhenExpiredToken_ShouldReturnFalse" storage="/workspace/src/unittests/bin/debug/net9.0/unittests.dll" id="53bd1552-7549-7526-31ea-0d733217eee6">
      <Execution id="f264d513-6200-4a64-88db-44f25cb47c27" />
      <TestMethod codeBase="/workspace/src/UnitTests/bin/Debug/net9.0/UnitTests.dll" adapterTypeName="executor://nunit3testexecutor/" className="UnitTests.Garmin.GarminAuthenticationServiceTests" name="GarminAuthTokenExistsAndIsValidAsync_WhenExpiredToken_ShouldReturnFalse" />
    </UnitTest>
    <UnitTest name="SendCredentialsAsync_WhenValidCredentials_ShouldReturnSuccess" storage="/workspace/src/unittests/bin/debug/net9.0/unittests.dll" id="a64dc5d1-fa73-43f2-6ecb-a8207ac84e2d">
      <Execution id="9bcc8673-5b76-4005-b92c-a0b598ad035d" />
      <TestMethod codeBase="/workspace/src/UnitTests/bin/Debug/net9.0/UnitTests.dll" adapterTypeName="executor://nunit3testexecutor/" className="UnitTests.Garmin.GarminApiClientTests" name="SendCredentialsAsync_WhenValidCredentials_ShouldReturnSuccess" />
    </UnitTest>
    <UnitTest name="Fit_Converter_Creates_Valid_Fit(&quot;meditation_workout&quot;,Distance)" storage="/workspace/src/unittests/bin/debug/net9.0/unittests.dll" id="4e963c65-d36b-621f-1e27-b7f2f0cf1013">
      <Execution id="d83785bc-8323-4736-bed9-e1b9ed669cb4" />
      <TestMethod codeBase="/workspace/src/UnitTests/bin/Debug/net9.0/UnitTests.dll" adapterTypeName="executor://nunit3testexecutor/" className="UnitTests.Conversion.FitConverterTests" name="Fit_Converter_Creates_Valid_Fit(&quot;meditation_workout&quot;,Distance)" />
    </UnitTest>
    <UnitTest name="GetOutputSummary_NullWorkoutSamples_ReturnsNull" storage="/workspace/src/unittests/bin/debug/net9.0/unittests.dll" id="268d93db-2570-34ff-4ac3-2be55c3fdd53">
      <Execution id="f9aeb324-1198-4e27-989f-4e8d662a8d42" />
      <TestMethod codeBase="/workspace/src/UnitTests/bin/Debug/net9.0/UnitTests.dll" adapterTypeName="executor://nunit3testexecutor/" className="UnitTests.Conversion.ConverterTests" name="GetOutputSummary_NullWorkoutSamples_ReturnsNull" />
    </UnitTest>
    <UnitTest name="UploadActivity_WhenNetworkError_ShouldThrowException" storage="/workspace/src/unittests/bin/debug/net9.0/unittests.dll" id="765355bb-85aa-5089-57c0-fceb33f00719">
      <Execution id="a9e81d8c-ce7f-4d17-a995-7ea482931dc1" />
      <TestMethod codeBase="/workspace/src/UnitTests/bin/Debug/net9.0/UnitTests.dll" adapterTypeName="executor://nunit3testexecutor/" className="UnitTests.Garmin.GarminApiClientTests" name="UploadActivity_WhenNetworkError_ShouldThrowException" />
    </UnitTest>
    <UnitTest name="GetTitle_Should_ReplaceInvalidChars(&quot;My*Title&quot;,&quot;Some*Instructor&quot;)" storage="/workspace/src/unittests/bin/debug/net9.0/unittests.dll" id="2110bc6e-fba0-1c6f-ec93-c31a40d8cfb6">
      <Execution id="0cad898b-9354-4091-8ff4-7b5a8228a14e" />
      <TestMethod codeBase="/workspace/src/UnitTests/bin/Debug/net9.0/UnitTests.dll" adapterTypeName="executor://nunit3testexecutor/" className="UnitTests.Common.WorkoutHelperTests" name="GetTitle_Should_ReplaceInvalidChars(&quot;My*Title&quot;,&quot;Some*Instructor&quot;)" />
    </UnitTest>
    <UnitTest name="Constructor_ShouldInitializeCorrectly" storage="/workspace/src/unittests/bin/debug/net9.0/unittests.dll" id="a9cdeb2a-c214-4411-5768-e37d7c76a1f4">
      <Execution id="722bc591-7e90-4c49-9150-328702080d5d" />
      <TestMethod codeBase="/workspace/src/UnitTests/bin/Debug/net9.0/UnitTests.dll" adapterTypeName="executor://nunit3testexecutor/" className="UnitTests.Garmin.GarminApiClientTests" name="Constructor_ShouldInitializeCorrectly" />
    </UnitTest>
    <UnitTest name="StrengthExerciseMappings_CurlVariations_ShouldMapToCurlCategory" storage="/workspace/src/unittests/bin/debug/net9.0/unittests.dll" id="4e0c6c25-d6c8-8ad0-b8d7-d624e6f7c604">
      <Execution id="62871aec-41bc-45dc-9068-43341da81b79" />
      <TestMethod codeBase="/workspace/src/UnitTests/bin/Debug/net9.0/UnitTests.dll" adapterTypeName="executor://nunit3testexecutor/" className="UnitTests.Conversion.ExerciseMappingTests" name="StrengthExerciseMappings_CurlVariations_ShouldMapToCurlCategory" />
    </UnitTest>
    <UnitTest name="DefaultConfigInit_Peloton_ShouldHaveDefaulValues" storage="/workspace/src/unittests/bin/debug/net9.0/unittests.dll" id="0153e39d-fc01-401a-b752-5ada10912238">
      <Execution id="3bfb24e5-d284-4fa7-b786-7ab1d4063c28" />
      <TestMethod codeBase="/workspace/src/UnitTests/bin/Debug/net9.0/UnitTests.dll" adapterTypeName="executor://nunit3testexecutor/" className="UnitTests.Common.ConfigurationTests" name="DefaultConfigInit_Peloton_ShouldHaveDefaulValues" />
    </UnitTest>
    <UnitTest name="GetAsync_Returns_Results_SortedBy_MostRecentFirst" storage="/workspace/src/unittests/bin/debug/net9.0/unittests.dll" id="a1eae981-15fc-9585-9ce2-ccd29fa697b1">
      <Execution id="ed99b47a-805d-4b57-ad29-3441d24b1023" />
      <TestMethod codeBase="/workspace/src/UnitTests/bin/Debug/net9.0/UnitTests.dll" adapterTypeName="executor://nunit3testexecutor/" className="UnitTests.Api.Controllers.PelotonWorkoutsControllerTests" name="GetAsync_Returns_Results_SortedBy_MostRecentFirst" />
    </UnitTest>
    <UnitTest name="ShouldConvert_ShouldOnly_Support_TCX(True,True,True)" storage="/workspace/src/unittests/bin/debug/net9.0/unittests.dll" id="738e5c98-030d-7775-230f-848afa42a22f">
      <Execution id="9095fff8-13ea-4104-8a42-5cd0b5cf8e42" />
      <TestMethod codeBase="/workspace/src/UnitTests/bin/Debug/net9.0/UnitTests.dll" adapterTypeName="executor://nunit3testexecutor/" className="UnitTests.Conversion.JsonConverterTests" name="ShouldConvert_ShouldOnly_Support_TCX(True,True,True)" />
    </UnitTest>
    <UnitTest name="ShouldConvert_ShouldOnly_Support_TCX(False,True,True)" storage="/workspace/src/unittests/bin/debug/net9.0/unittests.dll" id="1f4f2efb-76ac-0df0-4616-bcaedde445b7">
      <Execution id="adea141f-bf31-4a23-adf5-f8f05cd97477" />
      <TestMethod codeBase="/workspace/src/UnitTests/bin/Debug/net9.0/UnitTests.dll" adapterTypeName="executor://nunit3testexecutor/" className="UnitTests.Conversion.TcxConverterTests" name="ShouldConvert_ShouldOnly_Support_TCX(False,True,True)" />
    </UnitTest>
    <UnitTest name="GetOutputSummary_NoCalorieSlug_ReturnsNull" storage="/workspace/src/unittests/bin/debug/net9.0/unittests.dll" id="69dea2dc-fad0-8685-5cf5-d563d03316ed">
      <Execution id="afb4bd11-5f63-40b1-be9e-8afc07509332" />
      <TestMethod codeBase="/workspace/src/UnitTests/bin/Debug/net9.0/UnitTests.dll" adapterTypeName="executor://nunit3testexecutor/" className="UnitTests.Conversion.ConverterTests" name="GetOutputSummary_NoCalorieSlug_ReturnsNull" />
    </UnitTest>
    <UnitTest name="IsRest_WhenRestExerciseId_ShouldReturnTrue" storage="/workspace/src/unittests/bin/debug/net9.0/unittests.dll" id="c9206a37-69dd-d0c2-7817-2b9527b99edf">
      <Execution id="8b5b772b-75cb-4d5f-92ee-b8678331d3e9" />
      <TestMethod codeBase="/workspace/src/UnitTests/bin/Debug/net9.0/UnitTests.dll" adapterTypeName="executor://nunit3testexecutor/" className="UnitTests.Conversion.ExerciseMappingTests" name="IsRest_WhenRestExerciseId_ShouldReturnTrue" />
    </UnitTest>
    <UnitTest name="StrengthExerciseMappings_OverheadMovements_ShouldMapToShoulderPress" storage="/workspace/src/unittests/bin/debug/net9.0/unittests.dll" id="ff1f8e51-22b6-57cc-4d3e-e50fee72f0ef">
      <Execution id="dbb19efe-707e-4c43-a1a4-e5747f6e342e" />
      <TestMethod codeBase="/workspace/src/UnitTests/bin/Debug/net9.0/UnitTests.dll" adapterTypeName="executor://nunit3testexecutor/" className="UnitTests.Conversion.ExerciseMappingTests" name="StrengthExerciseMappings_OverheadMovements_ShouldMapToShoulderPress" />
    </UnitTest>
    <UnitTest name="GarminExercise_Constructor_ShouldSetProperties" storage="/workspace/src/unittests/bin/debug/net9.0/unittests.dll" id="e5148d61-6a1f-4ceb-0ad8-fb67024b7aa1">
      <Execution id="ebcccddc-c8f1-4430-8c8a-7e5fc1ee0b60" />
      <TestMethod codeBase="/workspace/src/UnitTests/bin/Debug/net9.0/UnitTests.dll" adapterTypeName="executor://nunit3testexecutor/" className="UnitTests.Conversion.ExerciseMappingTests" name="GarminExercise_Constructor_ShouldSetProperties" />
    </UnitTest>
    <UnitTest name="GetGarminAuthenticationAsync_WhenValidOAuth2Token_ShouldReturnCompleted" storage="/workspace/src/unittests/bin/debug/net9.0/unittests.dll" id="907383d2-f552-bfad-d91c-b70280b356e5">
      <Execution id="da2eb88c-4792-4b52-b383-f5215d8adca3" />
      <TestMethod codeBase="/workspace/src/UnitTests/bin/Debug/net9.0/UnitTests.dll" adapterTypeName="executor://nunit3testexecutor/" className="UnitTests.Garmin.GarminAuthenticationServiceTests" name="GetGarminAuthenticationAsync_WhenValidOAuth2Token_ShouldReturnCompleted" />
    </UnitTest>
    <UnitTest name="GarminPost_With_PasswordChange_Should_Validate_Characters(&quot;a\\ads\\adf&quot;)" storage="/workspace/src/unittests/bin/debug/net9.0/unittests.dll" id="5a7fd466-b0ba-5fc7-6c23-ca33470220b2">
      <Execution id="6756f19d-a29e-4934-8004-131ab58052fe" />
      <TestMethod codeBase="/workspace/src/UnitTests/bin/Debug/net9.0/UnitTests.dll" adapterTypeName="executor://nunit3testexecutor/" className="UnitTests.Api.Service.SettingsUpdaterServiceTests" name="GarminPost_With_PasswordChange_Should_Validate_Characters(&quot;a\\ads\\adf&quot;)" />
    </UnitTest>
    <UnitTest name="ShouldConvert_ShouldOnly_Support_TCX(True,False,True)" storage="/workspace/src/unittests/bin/debug/net9.0/unittests.dll" id="97df3935-67e3-f4a9-e35f-d1185c26ea7e">
      <Execution id="a3dc340d-52fa-4f3a-a04e-0dfab2a72b34" />
      <TestMethod codeBase="/workspace/src/UnitTests/bin/Debug/net9.0/UnitTests.dll" adapterTypeName="executor://nunit3testexecutor/" className="UnitTests.Conversion.TcxConverterTests" name="ShouldConvert_ShouldOnly_Support_TCX(True,False,True)" />
    </UnitTest>
    <UnitTest name="GetCyclingFtp_Should_PickCorrectValue(Workout { Id = , Status = , Title = , Name = , Created_At = 0, Fitness_Discipline = None, Is_Outdoor = False, Ride = , End_Time = , Start_Time = 0, Total_Work = 0, Ftp_Info = , Movement_Tracker_Data =  },UserData { Cycling_Ftp_Source = , Cycling_Workout_Ftp = 0, Cycling_Ftp_Workout_Id = , Cycling_Ftp = 0, Estimated_Cycling_Ftp = 0, Default_Max_Heart_Rate = 0, Customized_Max_Heart_Rate = 0, Weight = 0 },ushort.MinValue)" storage="/workspace/src/unittests/bin/debug/net9.0/unittests.dll" id="9b063be3-df40-a136-722a-1aebabe11579">
      <Execution id="c91fceba-715e-4436-b993-907213970433" />
      <TestMethod codeBase="/workspace/src/UnitTests/bin/Debug/net9.0/UnitTests.dll" adapterTypeName="executor://nunit3testexecutor/" className="UnitTests.Conversion.ConverterTests" name="GetCyclingFtp_Should_PickCorrectValue(Workout { Id = , Status = , Title = , Name = , Created_At = 0, Fitness_Discipline = None, Is_Outdoor = False, Ride = , End_Time = , Start_Time = 0, Total_Work = 0, Ftp_Info = , Movement_Tracker_Data =  },UserData { Cycling_Ftp_Source = , Cycling_Workout_Ftp = 0, Cycling_Ftp_Workout_Id = , Cycling_Ftp = 0, Estimated_Cycling_Ftp = 0, Default_Max_Heart_Rate = 0, Customized_Max_Heart_Rate = 0, Weight = 0 },ushort.MinValue)" />
    </UnitTest>
    <UnitTest name="PagingResponseBase_Calculates_HasNext_Correctly(-1,0)" storage="/workspace/src/unittests/bin/debug/net9.0/unittests.dll" id="6be0c6cd-5df1-25b4-5146-441545fc3568">
      <Execution id="d4872bbe-aa00-451d-95c6-2765b99e6cb1" />
      <TestMethod codeBase="/workspace/src/UnitTests/bin/Debug/net9.0/UnitTests.dll" adapterTypeName="executor://nunit3testexecutor/" className="UnitTests.Common.Api.PagingTests" name="PagingResponseBase_Calculates_HasNext_Correctly(-1,0)" />
    </UnitTest>
    <UnitTest name="ShouldConvert_ShouldOnly_Support_TCX(False,False,True)" storage="/workspace/src/unittests/bin/debug/net9.0/unittests.dll" id="f2bcf158-9919-42e4-ef05-c6cf5779c5ea">
      <Execution id="cbf1b773-edee-4b1b-b6f7-d0a3e1cb29a8" />
      <TestMethod codeBase="/workspace/src/UnitTests/bin/Debug/net9.0/UnitTests.dll" adapterTypeName="executor://nunit3testexecutor/" className="UnitTests.Conversion.TcxConverterTests" name="ShouldConvert_ShouldOnly_Support_TCX(False,False,True)" />
    </UnitTest>
    <UnitTest name="GetStartTimeTest" storage="/workspace/src/unittests/bin/debug/net9.0/unittests.dll" id="fb73e6b0-78d9-48e0-6e73-19a80dd43c81">
      <Execution id="c9c08695-3785-4432-899e-41c1a0d375d6" />
      <TestMethod codeBase="/workspace/src/UnitTests/bin/Debug/net9.0/UnitTests.dll" adapterTypeName="executor://nunit3testexecutor/" className="UnitTests.Conversion.ConverterTests" name="GetStartTimeTest" />
    </UnitTest>
    <UnitTest name="PagingResponseBase_Calculates_HasNext_Correctly(100,5)" storage="/workspace/src/unittests/bin/debug/net9.0/unittests.dll" id="d33c3551-a2e2-8781-705e-8e05544431c0">
      <Execution id="aff5bda5-2014-4504-87ea-6876b015729d" />
      <TestMethod codeBase="/workspace/src/UnitTests/bin/Debug/net9.0/UnitTests.dll" adapterTypeName="executor://nunit3testexecutor/" className="UnitTests.Common.Api.PagingTests" name="PagingResponseBase_Calculates_HasNext_Correctly(100,5)" />
    </UnitTest>
    <UnitTest name="GarminAuthTokenExistsAndIsValidAsync_WhenOAuth1TokenExists_ShouldReturnTrue" storage="/workspace/src/unittests/bin/debug/net9.0/unittests.dll" id="444cca3b-2483-9d7e-d765-ff03f8236c9a">
      <Execution id="7270ca8b-878c-4759-841f-f610e2a77c38" />
      <TestMethod codeBase="/workspace/src/UnitTests/bin/Debug/net9.0/UnitTests.dll" adapterTypeName="executor://nunit3testexecutor/" className="UnitTests.Garmin.GarminAuthenticationServiceTests" name="GarminAuthTokenExistsAndIsValidAsync_WhenOAuth1TokenExists_ShouldReturnTrue" />
    </UnitTest>
    <UnitTest name="GetCustomDeviceInfoAsync_Choose_CorrectDevice_For_WorkoutType(OutdoorWalking)" storage="/workspace/src/unittests/bin/debug/net9.0/unittests.dll" id="40d62d25-6314-3e34-3219-b1749d2933c4">
      <Execution id="5fe750a7-486c-4190-8ab9-e11f6dc8fa78" />
      <TestMethod codeBase="/workspace/src/UnitTests/bin/Debug/net9.0/UnitTests.dll" adapterTypeName="executor://nunit3testexecutor/" className="UnitTests.Common.Service.SettingServiceTests" name="GetCustomDeviceInfoAsync_Choose_CorrectDevice_For_WorkoutType(OutdoorWalking)" />
    </UnitTest>
    <UnitTest name="PelotonPost_With_PasswordChange_Should_Validate_Characters(&quot;\\a&quot;)" storage="/workspace/src/unittests/bin/debug/net9.0/unittests.dll" id="998818fc-baf9-7ce7-23ed-afcf2f4bbd98">
      <Execution id="1f2f04ac-2593-48c4-b5c1-feba375cd2df" />
      <TestMethod codeBase="/workspace/src/UnitTests/bin/Debug/net9.0/UnitTests.dll" adapterTypeName="executor://nunit3testexecutor/" className="UnitTests.Api.Service.SettingsUpdaterServiceTests" name="PelotonPost_With_PasswordChange_Should_Validate_Characters(&quot;\\a&quot;)" />
    </UnitTest>
    <UnitTest name="Fit_Converter_Creates_Valid_Fit(&quot;rower_workout&quot;,Class_Segments)" storage="/workspace/src/unittests/bin/debug/net9.0/unittests.dll" id="23695267-b094-249b-9a8b-1f82094383de">
      <Execution id="9bdd9cbb-a5b4-4461-8171-feab2d5a25a7" />
      <TestMethod codeBase="/workspace/src/UnitTests/bin/Debug/net9.0/UnitTests.dll" adapterTypeName="executor://nunit3testexecutor/" className="UnitTests.Conversion.FitConverterTests" name="Fit_Converter_Creates_Valid_Fit(&quot;rower_workout&quot;,Class_Segments)" />
    </UnitTest>
    <UnitTest name="CombineMetricsData_When_WorkoutsToStack_Is_NullOrEmpty_NoOp" storage="/workspace/src/unittests/bin/debug/net9.0/unittests.dll" id="e1d0126b-b39a-acb2-ae40-940004ffe5c5">
      <Execution id="108ce57a-6347-412a-bdf4-eb6cdd896028" />
      <TestMethod codeBase="/workspace/src/UnitTests/bin/Debug/net9.0/UnitTests.dll" adapterTypeName="executor://nunit3testexecutor/" className="UnitTests.Sync.StackedWorkoutsCalculatorTests" name="CombineMetricsData_When_WorkoutsToStack_Is_NullOrEmpty_NoOp" />
    </UnitTest>
    <UnitTest name="GetCustomDeviceInfoAsync_Choose_CorrectDevice_For_WorkoutType(BikeBootcamp)" storage="/workspace/src/unittests/bin/debug/net9.0/unittests.dll" id="ceb0dffb-096a-12f4-eb83-b0c92e63c404">
      <Execution id="eb7e0778-37bf-4a27-adfc-c224d847adf7" />
      <TestMethod codeBase="/workspace/src/UnitTests/bin/Debug/net9.0/UnitTests.dll" adapterTypeName="executor://nunit3testexecutor/" className="UnitTests.Common.Service.SettingServiceTests" name="GetCustomDeviceInfoAsync_Choose_CorrectDevice_For_WorkoutType(BikeBootcamp)" />
    </UnitTest>
    <UnitTest name="Fit_Converter_Creates_Valid_Fit(&quot;meditation_workout&quot;,Default)" storage="/workspace/src/unittests/bin/debug/net9.0/unittests.dll" id="4b7cc2b4-5fdb-804f-ca2f-d480cf61bf67">
      <Execution id="54f63598-a529-4509-b7a5-e4e08cc7c9d2" />
      <TestMethod codeBase="/workspace/src/UnitTests/bin/Debug/net9.0/UnitTests.dll" adapterTypeName="executor://nunit3testexecutor/" className="UnitTests.Conversion.FitConverterTests" name="Fit_Converter_Creates_Valid_Fit(&quot;meditation_workout&quot;,Default)" />
    </UnitTest>
    <UnitTest name="SignInAsync_WhenValidCredentials_ShouldReturnAuthentication" storage="/workspace/src/unittests/bin/debug/net9.0/unittests.dll" id="1c161d40-6f81-55f6-2fc5-a2aaa91db134">
      <Execution id="3d6cdf71-7bf8-45bd-82b8-437f1cdb37bf" />
      <TestMethod codeBase="/workspace/src/UnitTests/bin/Debug/net9.0/UnitTests.dll" adapterTypeName="executor://nunit3testexecutor/" className="UnitTests.Garmin.GarminAuthenticationServiceTests" name="SignInAsync_WhenValidCredentials_ShouldReturnAuthentication" />
    </UnitTest>
    <UnitTest name="SyncAsync_When_GarminUpload_StepFails_Should_ReturnCorrectResponse" storage="/workspace/src/unittests/bin/debug/net9.0/unittests.dll" id="d0f98705-cec5-e3e1-c3a7-f7355b9a5565">
      <Execution id="3752fd10-aa97-4023-89c5-bff6e86065c7" />
      <TestMethod codeBase="/workspace/src/UnitTests/bin/Debug/net9.0/UnitTests.dll" adapterTypeName="executor://nunit3testexecutor/" className="UnitTests.Sync.SyncServiceTests" name="SyncAsync_When_GarminUpload_StepFails_Should_ReturnCorrectResponse" />
    </UnitTest>
    <UnitTest name="GetCsrfTokenAsync_WhenHttpRequestFails_ShouldThrowException" storage="/workspace/src/unittests/bin/debug/net9.0/unittests.dll" id="d4c769a8-aaf0-fc74-a370-7fe129616c88">
      <Execution id="6975a504-70b3-4c70-b433-83a7aec98c63" />
      <TestMethod codeBase="/workspace/src/UnitTests/bin/Debug/net9.0/UnitTests.dll" adapterTypeName="executor://nunit3testexecutor/" className="UnitTests.Garmin.GarminApiClientTests" name="GetCsrfTokenAsync_WhenHttpRequestFails_ShouldThrowException" />
    </UnitTest>
    <UnitTest name="GetWorkoutType_Should_Map_Correctly(Strength,True)" storage="/workspace/src/unittests/bin/debug/net9.0/unittests.dll" id="3b0ea915-efb1-ed00-4aec-75ec27bae9e1">
      <Execution id="7704f926-b2dc-4833-be05-bfab10ce03ed" />
      <TestMethod codeBase="/workspace/src/UnitTests/bin/Debug/net9.0/UnitTests.dll" adapterTypeName="executor://nunit3testexecutor/" className="UnitTests.Common.Dto.P2GWorkoutTests" name="GetWorkoutType_Should_Map_Correctly(Strength,True)" />
    </UnitTest>
    <UnitTest name="ShouldConvert_ShouldOnly_Support_TCX(False,True,False)" storage="/workspace/src/unittests/bin/debug/net9.0/unittests.dll" id="8016d13c-c026-4eab-3b1a-f6a102363f44">
      <Execution id="c03c3205-43ba-427a-b952-3c823ec69ac7" />
      <TestMethod codeBase="/workspace/src/UnitTests/bin/Debug/net9.0/UnitTests.dll" adapterTypeName="executor://nunit3testexecutor/" className="UnitTests.Conversion.JsonConverterTests" name="ShouldConvert_ShouldOnly_Support_TCX(False,True,False)" />
    </UnitTest>
    <UnitTest name="Fit_Converter_Creates_Valid_Fit(&quot;ride_based_on_distance&quot;,Class_Segments)" storage="/workspace/src/unittests/bin/debug/net9.0/unittests.dll" id="3bef546d-2c73-feb3-5bfb-b8193692e2ab">
      <Execution id="1a17e5b0-22b4-4b38-b9cf-a0550e0b7042" />
      <TestMethod codeBase="/workspace/src/UnitTests/bin/Debug/net9.0/UnitTests.dll" adapterTypeName="executor://nunit3testexecutor/" className="UnitTests.Conversion.FitConverterTests" name="Fit_Converter_Creates_Valid_Fit(&quot;ride_based_on_distance&quot;,Class_Segments)" />
    </UnitTest>
    <UnitTest name="GetWorkoutType_Should_Map_Correctly(Bike_Bootcamp,True)" storage="/workspace/src/unittests/bin/debug/net9.0/unittests.dll" id="500371e6-00d0-3056-c610-6225fcff441e">
      <Execution id="5e0814fd-95c8-4cee-ba8a-d5f71d262370" />
      <TestMethod codeBase="/workspace/src/UnitTests/bin/Debug/net9.0/UnitTests.dll" adapterTypeName="executor://nunit3testexecutor/" className="UnitTests.Common.Dto.P2GWorkoutTests" name="GetWorkoutType_Should_Map_Correctly(Bike_Bootcamp,True)" />
    </UnitTest>
    <UnitTest name="ShouldConvert_ShouldOnly_Support_TCX(True,True,True)" storage="/workspace/src/unittests/bin/debug/net9.0/unittests.dll" id="3edb81eb-4b7b-f4c8-2836-4f3b2107d7f6">
      <Execution id="e7558876-39d5-47f1-a3ac-606920016e9c" />
      <TestMethod codeBase="/workspace/src/UnitTests/bin/Debug/net9.0/UnitTests.dll" adapterTypeName="executor://nunit3testexecutor/" className="UnitTests.Conversion.TcxConverterTests" name="ShouldConvert_ShouldOnly_Support_TCX(True,True,True)" />
    </UnitTest>
    <UnitTest name="StrengthExerciseMappings_ShouldContainValidMappings" storage="/workspace/src/unittests/bin/debug/net9.0/unittests.dll" id="73fd6b32-ad56-6164-485b-fa89df0af261">
      <Execution id="74bc11b0-5908-43b8-aee5-10e1e9666668" />
      <TestMethod codeBase="/workspace/src/UnitTests/bin/Debug/net9.0/UnitTests.dll" adapterTypeName="executor://nunit3testexecutor/" className="UnitTests.Conversion.ExerciseMappingTests" name="StrengthExerciseMappings_ShouldContainValidMappings" />
    </UnitTest>
    <UnitTest name="GetHeartRateSummary_CalorieSlug_ReturnsSummary" storage="/workspace/src/unittests/bin/debug/net9.0/unittests.dll" id="f226df2c-240f-9fcd-e75b-e44c9a490cf6">
      <Execution id="ed212343-519e-4818-a7a4-4425136c2d33" />
      <TestMethod codeBase="/workspace/src/UnitTests/bin/Debug/net9.0/UnitTests.dll" adapterTypeName="executor://nunit3testexecutor/" className="UnitTests.Conversion.ConverterTests" name="GetHeartRateSummary_CalorieSlug_ReturnsSummary" />
    </UnitTest>
    <UnitTest name="ValidateConfig_Disabled_ShouldNotThrow" storage="/workspace/src/unittests/bin/debug/net9.0/unittests.dll" id="b6e623d2-bfed-d470-04c8-e1e9dee410eb">
      <Execution id="9147e76b-25cb-48d8-b6d5-f196d8e5f387" />
      <TestMethod codeBase="/workspace/src/UnitTests/bin/Debug/net9.0/UnitTests.dll" adapterTypeName="executor://nunit3testexecutor/" className="UnitTests.Common.MetricsTests" name="ValidateConfig_Disabled_ShouldNotThrow" />
    </UnitTest>
    <UnitTest name="ValidateConfig_WhenGarminSettingsIsNull_ShouldThrowException" storage="/workspace/src/unittests/bin/debug/net9.0/unittests.dll" id="53f6b12f-61bb-1cab-a25e-97d13b4340ec">
      <Execution id="974cc3ed-123b-490f-a02b-0b6e4235357d" />
      <TestMethod codeBase="/workspace/src/UnitTests/bin/Debug/net9.0/UnitTests.dll" adapterTypeName="executor://nunit3testexecutor/" className="UnitTests.Garmin.GarminUploaderTests" name="ValidateConfig_WhenGarminSettingsIsNull_ShouldThrowException" />
    </UnitTest>
    <UnitTest name="GetCustomDeviceInfoAsync_Choose_CorrectDevice_For_WorkoutType(TreadmillRunning)" storage="/workspace/src/unittests/bin/debug/net9.0/unittests.dll" id="adcba74b-8049-9f15-8f59-2b6a8504d81e">
      <Execution id="001ed4d0-c461-49db-b7e4-d347d3fb5639" />
      <TestMethod codeBase="/workspace/src/UnitTests/bin/Debug/net9.0/UnitTests.dll" adapterTypeName="executor://nunit3testexecutor/" className="UnitTests.Common.Service.SettingServiceTests" name="GetCustomDeviceInfoAsync_Choose_CorrectDevice_For_WorkoutType(TreadmillRunning)" />
    </UnitTest>
    <UnitTest name="GetWorkoutType_Should_Map_Correctly(Walking,False)" storage="/workspace/src/unittests/bin/debug/net9.0/unittests.dll" id="559641db-6f13-a4c4-3c88-cd49a96de08b">
      <Execution id="0cab5eac-125a-481a-bafb-fff22a28fa7b" />
      <TestMethod codeBase="/workspace/src/UnitTests/bin/Debug/net9.0/UnitTests.dll" adapterTypeName="executor://nunit3testexecutor/" className="UnitTests.Common.Dto.P2GWorkoutTests" name="GetWorkoutType_Should_Map_Correctly(Walking,False)" />
    </UnitTest>
    <UnitTest name="StrengthExerciseMappings_PlankVariations_ShouldMapToPlankCategory" storage="/workspace/src/unittests/bin/debug/net9.0/unittests.dll" id="b4199274-6c0f-e8b2-8529-712ee4a5b18e">
      <Execution id="12d6c7dc-5c9d-4466-a3bf-d51c5b6278f8" />
      <TestMethod codeBase="/workspace/src/UnitTests/bin/Debug/net9.0/UnitTests.dll" adapterTypeName="executor://nunit3testexecutor/" className="UnitTests.Conversion.ExerciseMappingTests" name="StrengthExerciseMappings_PlankVariations_ShouldMapToPlankCategory" />
    </UnitTest>
    <UnitTest name="ShouldConvert_ShouldOnly_Support_Fit(True,False,False)" storage="/workspace/src/unittests/bin/debug/net9.0/unittests.dll" id="cf6a5e91-b6c6-bade-9fde-1592fb81767c">
      <Execution id="e5840ff8-2e4b-4da2-8e68-fc6f18d9c88d" />
      <TestMethod codeBase="/workspace/src/UnitTests/bin/Debug/net9.0/UnitTests.dll" adapterTypeName="executor://nunit3testexecutor/" className="UnitTests.Conversion.FitConverterTests" name="ShouldConvert_ShouldOnly_Support_Fit(True,False,False)" />
    </UnitTest>
    <UnitTest name="GetTitle_Should_ReplaceInvalidChars(&quot;My Title&quot;,&quot;Some Instructor&quot;)" storage="/workspace/src/unittests/bin/debug/net9.0/unittests.dll" id="3ca99e82-4aeb-324f-c71a-0460d242731c">
      <Execution id="e6d87979-081a-4eb8-9633-a1d2e44788d6" />
      <TestMethod codeBase="/workspace/src/UnitTests/bin/Debug/net9.0/UnitTests.dll" adapterTypeName="executor://nunit3testexecutor/" className="UnitTests.Common.WorkoutHelperTests" name="GetTitle_Should_ReplaceInvalidChars(&quot;My Title&quot;,&quot;Some Instructor&quot;)" />
    </UnitTest>
    <UnitTest name="ConvertToMetersPerSecondTest_Is_Converted_To_MetersPerSecond_ForRower(&quot;min/500m&quot;)" storage="/workspace/src/unittests/bin/debug/net9.0/unittests.dll" id="ab436d55-955b-4b55-54f7-5f3f2290fbcb">
      <Execution id="3c7e1b0a-f4fb-463a-ba86-cc544234bc78" />
      <TestMethod codeBase="/workspace/src/UnitTests/bin/Debug/net9.0/UnitTests.dll" adapterTypeName="executor://nunit3testexecutor/" className="UnitTests.Conversion.ConverterTests" name="ConvertToMetersPerSecondTest_Is_Converted_To_MetersPerSecond_ForRower(&quot;min/500m&quot;)" />
    </UnitTest>
    <UnitTest name="GetMaxSpeedMetersPerSecond_MaxSpeed_Is_Converted(&quot;km&quot;)" storage="/workspace/src/unittests/bin/debug/net9.0/unittests.dll" id="ae69910e-29f6-c558-816f-f6c28287e89d">
      <Execution id="2bfae124-8e32-42dc-9627-43b44a6b8f77" />
      <TestMethod codeBase="/workspace/src/UnitTests/bin/Debug/net9.0/UnitTests.dll" adapterTypeName="executor://nunit3testexecutor/" className="UnitTests.Conversion.ConverterTests" name="GetMaxSpeedMetersPerSecond_MaxSpeed_Is_Converted(&quot;km&quot;)" />
    </UnitTest>
    <UnitTest name="GarminPost_With_PasswordChange_Should_Validate_Characters(&quot;\\&quot;)" storage="/workspace/src/unittests/bin/debug/net9.0/unittests.dll" id="7713c70a-8768-620b-5c88-ff32f7ce1d34">
      <Execution id="169f693c-5562-433c-9a83-5ea859d6fca1" />
      <TestMethod codeBase="/workspace/src/UnitTests/bin/Debug/net9.0/UnitTests.dll" adapterTypeName="executor://nunit3testexecutor/" className="UnitTests.Api.Service.SettingsUpdaterServiceTests" name="GarminPost_With_PasswordChange_Should_Validate_Characters(&quot;\\&quot;)" />
    </UnitTest>
    <UnitTest name="SignInAsync_WhenInvalidCredentials_ShouldThrowException" storage="/workspace/src/unittests/bin/debug/net9.0/unittests.dll" id="fea81199-2eda-7cc0-5447-b8c7203b67c6">
      <Execution id="5af2677b-f164-475d-856a-b6bba1fc60f0" />
      <TestMethod codeBase="/workspace/src/UnitTests/bin/Debug/net9.0/UnitTests.dll" adapterTypeName="executor://nunit3testexecutor/" className="UnitTests.Garmin.GarminAuthenticationServiceTests" name="SignInAsync_WhenInvalidCredentials_ShouldThrowException" />
    </UnitTest>
    <UnitTest name="GetWorkoutType_Should_Map_Correctly(Running,False)" storage="/workspace/src/unittests/bin/debug/net9.0/unittests.dll" id="1a6ee4d5-7a68-7839-3fd0-d276f1ebf759">
      <Execution id="0422d3de-438f-4def-b202-fb87ea256ff3" />
      <TestMethod codeBase="/workspace/src/UnitTests/bin/Debug/net9.0/UnitTests.dll" adapterTypeName="executor://nunit3testexecutor/" className="UnitTests.Common.Dto.P2GWorkoutTests" name="GetWorkoutType_Should_Map_Correctly(Running,False)" />
    </UnitTest>
    <UnitTest name="IsRest_WhenNotRestExerciseId_ShouldReturnFalse" storage="/workspace/src/unittests/bin/debug/net9.0/unittests.dll" id="aaaa3256-d978-8c2d-a1cb-bf2139c5503e">
      <Execution id="685d7bec-b6a9-43dd-862c-aa6d98810b67" />
      <TestMethod codeBase="/workspace/src/UnitTests/bin/Debug/net9.0/UnitTests.dll" adapterTypeName="executor://nunit3testexecutor/" className="UnitTests.Conversion.ExerciseMappingTests" name="IsRest_WhenNotRestExerciseId_ShouldReturnFalse" />
    </UnitTest>
    <UnitTest name="GetHeartRateSummary_NoCalorieSlug_ReturnsNull" storage="/workspace/src/unittests/bin/debug/net9.0/unittests.dll" id="4cc5da5f-c89a-cc41-1f0d-920ccf5f3e8d">
      <Execution id="4b49b1b3-f667-4a22-92d1-ce79c47f612f" />
      <TestMethod codeBase="/workspace/src/UnitTests/bin/Debug/net9.0/UnitTests.dll" adapterTypeName="executor://nunit3testexecutor/" className="UnitTests.Conversion.ConverterTests" name="GetHeartRateSummary_NoCalorieSlug_ReturnsNull" />
    </UnitTest>
    <UnitTest name="GetRecentWorkoutsAsync_FetchesXNumberOfWorkoutsAcrossPages" storage="/workspace/src/unittests/bin/debug/net9.0/unittests.dll" id="0cb0438a-3990-4a3d-96bc-962401db1b65">
      <Execution id="84775d6d-8c57-4b2a-aa7f-a406ad8883aa" />
      <TestMethod codeBase="/workspace/src/UnitTests/bin/Debug/net9.0/UnitTests.dll" adapterTypeName="executor://nunit3testexecutor/" className="UnitTests.PelotonTests.PelotonServiceTests" name="GetRecentWorkoutsAsync_FetchesXNumberOfWorkoutsAcrossPages" />
    </UnitTest>
    <UnitTest name="SyncAsync_When_Should_Excluded_ExcludedWorkoutTypes" storage="/workspace/src/unittests/bin/debug/net9.0/unittests.dll" id="8bbb5536-e880-c232-5401-5ccf490f756c">
      <Execution id="79f76a3e-b2c0-4c9b-957c-7b4c7828835b" />
      <TestMethod codeBase="/workspace/src/UnitTests/bin/Debug/net9.0/UnitTests.dll" adapterTypeName="executor://nunit3testexecutor/" className="UnitTests.Sync.SyncServiceTests" name="SyncAsync_When_Should_Excluded_ExcludedWorkoutTypes" />
    </UnitTest>
    <UnitTest name="GetMaxSpeedMetersPerSecond_MaxSpeed_Is_Converted(&quot;mph&quot;)" storage="/workspace/src/unittests/bin/debug/net9.0/unittests.dll" id="c5edfa28-98cf-2731-3e28-848ac5ce875c">
      <Execution id="d2f75218-d450-498f-9943-ccaa17712ec5" />
      <TestMethod codeBase="/workspace/src/UnitTests/bin/Debug/net9.0/UnitTests.dll" adapterTypeName="executor://nunit3testexecutor/" className="UnitTests.Conversion.ConverterTests" name="GetMaxSpeedMetersPerSecond_MaxSpeed_Is_Converted(&quot;mph&quot;)" />
    </UnitTest>
    <UnitTest name="GarminPost_With_PasswordChange_Should_Validate_Characters(&quot;a\\&quot;)" storage="/workspace/src/unittests/bin/debug/net9.0/unittests.dll" id="237b07d9-9785-5200-b185-5a6e10f8002a">
      <Execution id="64985ab9-7588-4a50-b22d-46d0d8916a5c" />
      <TestMethod codeBase="/workspace/src/UnitTests/bin/Debug/net9.0/UnitTests.dll" adapterTypeName="executor://nunit3testexecutor/" className="UnitTests.Api.Service.SettingsUpdaterServiceTests" name="GarminPost_With_PasswordChange_Should_Validate_Characters(&quot;a\\&quot;)" />
    </UnitTest>
    <UnitTest name="GetAsync_WhenRequest_Enriches_LatestVersionInfo" storage="/workspace/src/unittests/bin/debug/net9.0/unittests.dll" id="15d3c971-2e43-ba8e-f944-5da63daf7120">
      <Execution id="fbdcf2a2-2219-4eb5-bbd3-71db730cc7a3" />
      <TestMethod codeBase="/workspace/src/UnitTests/bin/Debug/net9.0/UnitTests.dll" adapterTypeName="executor://nunit3testexecutor/" className="UnitTests.Api.Service.SystemInfoServiceTests" name="GetAsync_WhenRequest_Enriches_LatestVersionInfo" />
    </UnitTest>
    <UnitTest name="SyncAsync_WhenNoWorkouts_Should_NotThrow" storage="/workspace/src/unittests/bin/debug/net9.0/unittests.dll" id="e0e889ee-a9ce-4836-9adc-dcc5194648da">
      <Execution id="ffacd5b8-a8a7-4800-abf9-94c693980f16" />
      <TestMethod codeBase="/workspace/src/UnitTests/bin/Debug/net9.0/UnitTests.dll" adapterTypeName="executor://nunit3testexecutor/" className="UnitTests.Sync.SyncServiceTests" name="SyncAsync_WhenNoWorkouts_Should_NotThrow" />
    </UnitTest>
    <UnitTest name="ShouldConvert_ShouldOnly_Support_Fit(True,True,True)" storage="/workspace/src/unittests/bin/debug/net9.0/unittests.dll" id="e628d5a0-58b3-df88-8b9f-ebc0640b6406">
      <Execution id="bfd40177-3a0a-4566-bb14-6287dbbaff87" />
      <TestMethod codeBase="/workspace/src/UnitTests/bin/Debug/net9.0/UnitTests.dll" adapterTypeName="executor://nunit3testexecutor/" className="UnitTests.Conversion.FitConverterTests" name="ShouldConvert_ShouldOnly_Support_Fit(True,True,True)" />
    </UnitTest>
    <UnitTest name="GetRecentWorkoutsAsync_DoesNothing_WhenNoCount(-1)" storage="/workspace/src/unittests/bin/debug/net9.0/unittests.dll" id="a4c1e622-b9e9-1738-8d8d-b3c7003ffb3a">
      <Execution id="d7855721-989b-4976-b4a7-29e2121ff50c" />
      <TestMethod codeBase="/workspace/src/UnitTests/bin/Debug/net9.0/UnitTests.dll" adapterTypeName="executor://nunit3testexecutor/" className="UnitTests.PelotonTests.PelotonServiceTests" name="GetRecentWorkoutsAsync_DoesNothing_WhenNoCount(-1)" />
    </UnitTest>
    <UnitTest name="SyncAsync_When_PelotonStep_Fails_Should_ReturnCorrectResponse" storage="/workspace/src/unittests/bin/debug/net9.0/unittests.dll" id="d9fddeff-7322-601b-7da9-5711e11f0fe5">
      <Execution id="941daa6e-8bdd-490d-be93-d376dc1febd8" />
      <TestMethod codeBase="/workspace/src/UnitTests/bin/Debug/net9.0/UnitTests.dll" adapterTypeName="executor://nunit3testexecutor/" className="UnitTests.Sync.SyncServiceTests" name="SyncAsync_When_PelotonStep_Fails_Should_ReturnCorrectResponse" />
    </UnitTest>
    <UnitTest name="TryDeserializeXml_ReturnsFalse_ForInvalidFile" storage="/workspace/src/unittests/bin/debug/net9.0/unittests.dll" id="1978ec45-4e84-e3eb-ebd3-2cd3bcac1f3f">
      <Execution id="5fa06929-0604-4ac6-9e86-7953dafd6d7d" />
      <TestMethod codeBase="/workspace/src/UnitTests/bin/Debug/net9.0/UnitTests.dll" adapterTypeName="executor://nunit3testexecutor/" className="UnitTests.Common.FileHandlingTests" name="TryDeserializeXml_ReturnsFalse_ForInvalidFile" />
    </UnitTest>
    <UnitTest name="ShouldConvert_ShouldOnly_Support_Fit(False,True,False)" storage="/workspace/src/unittests/bin/debug/net9.0/unittests.dll" id="06849b64-2154-b087-5109-18de9574906c">
      <Execution id="9a42fc22-593b-4441-a238-f278c65e3764" />
      <TestMethod codeBase="/workspace/src/UnitTests/bin/Debug/net9.0/UnitTests.dll" adapterTypeName="executor://nunit3testexecutor/" className="UnitTests.Conversion.FitConverterTests" name="ShouldConvert_ShouldOnly_Support_Fit(False,True,False)" />
    </UnitTest>
    <UnitTest name="SyncAsync_WhenGarminMfaEnabled_AndNoAuthTokenYet_Returns401" storage="/workspace/src/unittests/bin/debug/net9.0/unittests.dll" id="1ca92fc7-e3c6-7524-0643-04b74c0f6f6b">
      <Execution id="56234d18-e221-4507-80c8-ed5fef94ed4b" />
      <TestMethod codeBase="/workspace/src/UnitTests/bin/Debug/net9.0/UnitTests.dll" adapterTypeName="executor://nunit3testexecutor/" className="UnitTests.Api.Controllers.SyncControllerTests" name="SyncAsync_WhenGarminMfaEnabled_AndNoAuthTokenYet_Returns401" />
    </UnitTest>
    <UnitTest name="Fit_Converter_Creates_Valid_Fit(&quot;meditation_workout&quot;,Class_Targets)" storage="/workspace/src/unittests/bin/debug/net9.0/unittests.dll" id="e2aa94f8-1c8d-1145-aae2-0911626908bc">
      <Execution id="1929b4c3-0ce3-4373-909d-95ca0ae9d4a1" />
      <TestMethod codeBase="/workspace/src/UnitTests/bin/Debug/net9.0/UnitTests.dll" adapterTypeName="executor://nunit3testexecutor/" className="UnitTests.Conversion.FitConverterTests" name="Fit_Converter_Creates_Valid_Fit(&quot;meditation_workout&quot;,Class_Targets)" />
    </UnitTest>
    <UnitTest name="GetCyclingFtp_Should_PickCorrectValue(null,UserData { Cycling_Ftp_Source = Ftp_Manual_Source, Cycling_Workout_Ftp = 2, Cycling_Ftp_Workout_Id = , Cycling_Ftp = 100, Estimated_Cycling_Ftp = 3, Default_Max_Heart_Rate = 0, Customized_Max_Heart_Rate = 0, Weight = 0 },95)" storage="/workspace/src/unittests/bin/debug/net9.0/unittests.dll" id="6fb834a5-79fd-9861-a797-b2a3f40a7fc1">
      <Execution id="ec3ce5e1-76f4-4cf5-9639-eed05b8afcfb" />
      <TestMethod codeBase="/workspace/src/UnitTests/bin/Debug/net9.0/UnitTests.dll" adapterTypeName="executor://nunit3testexecutor/" className="UnitTests.Conversion.ConverterTests" name="GetCyclingFtp_Should_PickCorrectValue(null,UserData { Cycling_Ftp_Source = Ftp_Manual_Source, Cycling_Workout_Ftp = 2, Cycling_Ftp_Workout_Id = , Cycling_Ftp = 100, Estimated_Cycling_Ftp = 3, Default_Max_Heart_Rate = 0, Customized_Max_Heart_Rate = 0, Weight = 0 },95)" />
    </UnitTest>
    <UnitTest name="DefaultConfigInit_Observability_Prometheus_ShouldHaveDefaulValues" storage="/workspace/src/unittests/bin/debug/net9.0/unittests.dll" id="f3419d14-be7c-64f4-b8d0-70c944d70339">
      <Execution id="4f436e6d-9e53-4144-aa40-6c65ffb53c7f" />
      <TestMethod codeBase="/workspace/src/UnitTests/bin/Debug/net9.0/UnitTests.dll" adapterTypeName="executor://nunit3testexecutor/" className="UnitTests.Common.ConfigurationTests" name="DefaultConfigInit_Observability_Prometheus_ShouldHaveDefaulValues" />
    </UnitTest>
    <UnitTest name="Fit_Converter_Creates_Valid_Fit(&quot;ride_based_on_distance&quot;,Distance)" storage="/workspace/src/unittests/bin/debug/net9.0/unittests.dll" id="0d66b15b-c53e-6054-f5ef-9f189a66faee">
      <Execution id="f96148a2-d76f-49bc-af81-18aa2e3e7e6c" />
      <TestMethod codeBase="/workspace/src/UnitTests/bin/Debug/net9.0/UnitTests.dll" adapterTypeName="executor://nunit3testexecutor/" className="UnitTests.Conversion.FitConverterTests" name="Fit_Converter_Creates_Valid_Fit(&quot;ride_based_on_distance&quot;,Distance)" />
    </UnitTest>
    <UnitTest name="GetHeartRateSummary_NullWorkoutSamples_ReturnsNull" storage="/workspace/src/unittests/bin/debug/net9.0/unittests.dll" id="164043c1-8b89-4b90-060a-951aa3808268">
      <Execution id="27f8cd32-6714-4de1-8b5d-ffa4c2f8161f" />
      <TestMethod codeBase="/workspace/src/UnitTests/bin/Debug/net9.0/UnitTests.dll" adapterTypeName="executor://nunit3testexecutor/" className="UnitTests.Conversion.ConverterTests" name="GetHeartRateSummary_NullWorkoutSamples_ReturnsNull" />
    </UnitTest>
    <UnitTest name="Fit_Converter_Creates_Valid_Fit(&quot;walking_outdoor_01&quot;,Default)" storage="/workspace/src/unittests/bin/debug/net9.0/unittests.dll" id="7c056526-87e1-0b1b-ae91-940a253edafa">
      <Execution id="bb464156-ba25-4169-a1a8-2be07158582f" />
      <TestMethod codeBase="/workspace/src/UnitTests/bin/Debug/net9.0/UnitTests.dll" adapterTypeName="executor://nunit3testexecutor/" className="UnitTests.Conversion.FitConverterTests" name="Fit_Converter_Creates_Valid_Fit(&quot;walking_outdoor_01&quot;,Default)" />
    </UnitTest>
    <UnitTest name="PelotonPost_With_PasswordChange_Should_Validate_Characters(&quot;\\&quot;)" storage="/workspace/src/unittests/bin/debug/net9.0/unittests.dll" id="5bc5b8a2-aaeb-0ab7-986f-4a4ddf5047ca">
      <Execution id="0c6ed5e0-2b22-4f7d-a6b4-34581c04ead7" />
      <TestMethod codeBase="/workspace/src/UnitTests/bin/Debug/net9.0/UnitTests.dll" adapterTypeName="executor://nunit3testexecutor/" className="UnitTests.Api.Service.SettingsUpdaterServiceTests" name="PelotonPost_With_PasswordChange_Should_Validate_Characters(&quot;\\&quot;)" />
    </UnitTest>
    <UnitTest name="Fit_Converter_Builds_Valid_DeviceInfoMesg(5,-1)" storage="/workspace/src/unittests/bin/debug/net9.0/unittests.dll" id="f74f384c-4e55-794f-cd70-dd0147c8016d">
      <Execution id="644903b5-a34e-47a2-839b-e2977c82e933" />
      <TestMethod codeBase="/workspace/src/UnitTests/bin/Debug/net9.0/UnitTests.dll" adapterTypeName="executor://nunit3testexecutor/" className="UnitTests.Conversion.FitConverterTests" name="Fit_Converter_Builds_Valid_DeviceInfoMesg(5,-1)" />
    </UnitTest>
    <UnitTest name="TryDeserializeXml_Validate_Async_ReadAccess" storage="/workspace/src/unittests/bin/debug/net9.0/unittests.dll" id="bb678a6e-ec56-e1f0-69a7-ebac1a815aec">
      <Execution id="9c5fc406-2305-41a1-8f1c-bc612a0ea9df" />
      <TestMethod codeBase="/workspace/src/UnitTests/bin/Debug/net9.0/UnitTests.dll" adapterTypeName="executor://nunit3testexecutor/" className="UnitTests.Common.FileHandlingTests" name="TryDeserializeXml_Validate_Async_ReadAccess" />
    </UnitTest>
    <UnitTest name="GetHeartRateZone_NullSamples_ReturnsNull" storage="/workspace/src/unittests/bin/debug/net9.0/unittests.dll" id="77575707-3d28-ac61-4c32-8163231ff49a">
      <Execution id="cc385788-6578-42ff-8a31-81e40a325866" />
      <TestMethod codeBase="/workspace/src/UnitTests/bin/Debug/net9.0/UnitTests.dll" adapterTypeName="executor://nunit3testexecutor/" className="UnitTests.Conversion.ConverterTests" name="GetHeartRateZone_NullSamples_ReturnsNull" />
    </UnitTest>
    <UnitTest name="GetStackedWorkouts_Should_Honor_TimeGap(100)" storage="/workspace/src/unittests/bin/debug/net9.0/unittests.dll" id="8295ddec-770c-14e6-b606-dce5449eaea6">
      <Execution id="07280ae7-76eb-41b0-8dbe-d6ca2f864d39" />
      <TestMethod codeBase="/workspace/src/UnitTests/bin/Debug/net9.0/UnitTests.dll" adapterTypeName="executor://nunit3testexecutor/" className="UnitTests.Sync.StackedWorkoutsCalculatorTests" name="GetStackedWorkouts_Should_Honor_TimeGap(100)" />
    </UnitTest>
    <UnitTest name="Fit_Converter_Creates_Valid_Fit(&quot;rower_workout&quot;,Default)" storage="/workspace/src/unittests/bin/debug/net9.0/unittests.dll" id="dcd7c3cc-bb2b-9867-81b5-778be618c95d">
      <Execution id="f4fd98eb-38c8-4773-9425-38cde1dcf446" />
      <TestMethod codeBase="/workspace/src/UnitTests/bin/Debug/net9.0/UnitTests.dll" adapterTypeName="executor://nunit3testexecutor/" className="UnitTests.Conversion.FitConverterTests" name="Fit_Converter_Creates_Valid_Fit(&quot;rower_workout&quot;,Default)" />
    </UnitTest>
    <UnitTest name="GetAvgSpeedMetersPerSecond_MaxSpeed_Is_Converted(&quot;mi&quot;)" storage="/workspace/src/unittests/bin/debug/net9.0/unittests.dll" id="09942d98-1aaf-e6f8-8494-a5bbebc32f75">
      <Execution id="4388ebaa-939c-4114-9bbe-434d5377c7c1" />
      <TestMethod codeBase="/workspace/src/UnitTests/bin/Debug/net9.0/UnitTests.dll" adapterTypeName="executor://nunit3testexecutor/" className="UnitTests.Conversion.ConverterTests" name="GetAvgSpeedMetersPerSecond_MaxSpeed_Is_Converted(&quot;mi&quot;)" />
    </UnitTest>
    <UnitTest name="SendMfaCodeAsync_WhenValidCode_ShouldReturnSuccess" storage="/workspace/src/unittests/bin/debug/net9.0/unittests.dll" id="0a54ab5c-f771-0014-a799-08b773737ab1">
      <Execution id="16e90b0d-f094-48b3-92c3-a5c84a1993d7" />
      <TestMethod codeBase="/workspace/src/UnitTests/bin/Debug/net9.0/UnitTests.dll" adapterTypeName="executor://nunit3testexecutor/" className="UnitTests.Garmin.GarminApiClientTests" name="SendMfaCodeAsync_WhenValidCode_ShouldReturnSuccess" />
    </UnitTest>
    <UnitTest name="ShouldConvert_ShouldOnly_Support_TCX(True,True,False)" storage="/workspace/src/unittests/bin/debug/net9.0/unittests.dll" id="5a65731b-e389-699c-d05f-1f40d4727ede">
      <Execution id="48951ea5-2036-4db5-8595-614b8f381a23" />
      <TestMethod codeBase="/workspace/src/UnitTests/bin/Debug/net9.0/UnitTests.dll" adapterTypeName="executor://nunit3testexecutor/" className="UnitTests.Conversion.TcxConverterTests" name="ShouldConvert_ShouldOnly_Support_TCX(True,True,False)" />
    </UnitTest>
    <UnitTest name="GetTitle_Should_Handle_SpecialChars(&quot;My Title&quot;,&quot;é&quot;)" storage="/workspace/src/unittests/bin/debug/net9.0/unittests.dll" id="3a24be44-f3fb-d4d2-2b26-3ddbb95a0632">
      <Execution id="9636faab-e177-45b3-9803-9ac3b2dcf0e1" />
      <TestMethod codeBase="/workspace/src/UnitTests/bin/Debug/net9.0/UnitTests.dll" adapterTypeName="executor://nunit3testexecutor/" className="UnitTests.Common.WorkoutHelperTests" name="GetTitle_Should_Handle_SpecialChars(&quot;My Title&quot;,&quot;é&quot;)" />
    </UnitTest>
    <UnitTest name="SyncAsync_When_Service_Throws_Exception_Returns_BadRequest" storage="/workspace/src/unittests/bin/debug/net9.0/unittests.dll" id="e10d7093-8250-8624-4561-2fb755fc56c8">
      <Execution id="a139fcb4-cfaf-4070-88cb-b8bd62bed3cb" />
      <TestMethod codeBase="/workspace/src/UnitTests/bin/Debug/net9.0/UnitTests.dll" adapterTypeName="executor://nunit3testexecutor/" className="UnitTests.Api.Controllers.SyncControllerTests" name="SyncAsync_When_Service_Throws_Exception_Returns_BadRequest" />
    </UnitTest>
    <UnitTest name="GarminAuthTokenExistsAndIsValidAsync_WhenValidToken_ShouldReturnTrue" storage="/workspace/src/unittests/bin/debug/net9.0/unittests.dll" id="0d5ea9a5-e766-e27c-62d6-1ab97d135490">
      <Execution id="751f8455-881c-4c7e-a9ec-eb86647c627e" />
      <TestMethod codeBase="/workspace/src/UnitTests/bin/Debug/net9.0/UnitTests.dll" adapterTypeName="executor://nunit3testexecutor/" className="UnitTests.Garmin.GarminAuthenticationServiceTests" name="GarminAuthTokenExistsAndIsValidAsync_WhenValidToken_ShouldReturnTrue" />
    </UnitTest>
    <UnitTest name="GetWorkoutType_Should_Map_Correctly(Caesar_Bootcamp,True)" storage="/workspace/src/unittests/bin/debug/net9.0/unittests.dll" id="9e40d7f7-182b-bab9-82e3-bb0dcbb731fc">
      <Execution id="721d8fd9-ebff-42bf-b723-38e5596dfec0" />
      <TestMethod codeBase="/workspace/src/UnitTests/bin/Debug/net9.0/UnitTests.dll" adapterTypeName="executor://nunit3testexecutor/" className="UnitTests.Common.Dto.P2GWorkoutTests" name="GetWorkoutType_Should_Map_Correctly(Caesar_Bootcamp,True)" />
    </UnitTest>
    <UnitTest name="GetStackedWorkouts_When_Workouts_Is_NullOrEmpty_DoesNothing" storage="/workspace/src/unittests/bin/debug/net9.0/unittests.dll" id="41ba31c5-e015-3b58-b0d1-e862f9a31ff4">
      <Execution id="158b8674-72c3-4785-a50a-17fd1631e33e" />
      <TestMethod codeBase="/workspace/src/UnitTests/bin/Debug/net9.0/UnitTests.dll" adapterTypeName="executor://nunit3testexecutor/" className="UnitTests.Sync.StackedWorkoutsCalculatorTests" name="GetStackedWorkouts_When_Workouts_Is_NullOrEmpty_DoesNothing" />
    </UnitTest>
    <UnitTest name="CompleteMFAAuthAsync_WhenInvalidCode_ShouldThrowException" storage="/workspace/src/unittests/bin/debug/net9.0/unittests.dll" id="92679e3d-d661-be15-cbdf-a3fbbc1fd13a">
      <Execution id="46d49f45-ca75-4d58-bd11-358cf4037425" />
      <TestMethod codeBase="/workspace/src/UnitTests/bin/Debug/net9.0/UnitTests.dll" adapterTypeName="executor://nunit3testexecutor/" className="UnitTests.Garmin.GarminAuthenticationServiceTests" name="CompleteMFAAuthAsync_WhenInvalidCode_ShouldThrowException" />
    </UnitTest>
    <UnitTest name="SyncAsync_With_DefaultRequest_Returns400" storage="/workspace/src/unittests/bin/debug/net9.0/unittests.dll" id="2c775ea8-6ee4-4ec5-2449-c81a0c078091">
      <Execution id="d8987439-e666-4b4e-bca6-136d916fdb37" />
      <TestMethod codeBase="/workspace/src/UnitTests/bin/Debug/net9.0/UnitTests.dll" adapterTypeName="executor://nunit3testexecutor/" className="UnitTests.Api.Controllers.SyncControllerTests" name="SyncAsync_With_DefaultRequest_Returns400" />
    </UnitTest>
    <UnitTest name="PagingResponseBase_Calculates_HasNext_Correctly(5,100)" storage="/workspace/src/unittests/bin/debug/net9.0/unittests.dll" id="9b4cb81b-5546-7c7c-51ec-7727370de86a">
      <Execution id="09b5c2ec-87df-4dba-b020-b2020f6b96ff" />
      <TestMethod codeBase="/workspace/src/UnitTests/bin/Debug/net9.0/UnitTests.dll" adapterTypeName="executor://nunit3testexecutor/" className="UnitTests.Common.Api.PagingTests" name="PagingResponseBase_Calculates_HasNext_Correctly(5,100)" />
    </UnitTest>
    <UnitTest name="ValidateConfig_InvalidPort_Throws(-1)" storage="/workspace/src/unittests/bin/debug/net9.0/unittests.dll" id="14b4d962-f7f2-ac8b-cce5-4b1ed17e27f6">
      <Execution id="fd234e93-c4ca-44fb-ad49-587c7056785f" />
      <TestMethod codeBase="/workspace/src/UnitTests/bin/Debug/net9.0/UnitTests.dll" adapterTypeName="executor://nunit3testexecutor/" className="UnitTests.Common.TracingTests" name="ValidateConfig_InvalidPort_Throws(-1)" />
    </UnitTest>
    <UnitTest name="StrengthExerciseMappings_ShouldNotHaveDuplicateIds" storage="/workspace/src/unittests/bin/debug/net9.0/unittests.dll" id="bf4c9772-2cf2-1cd7-ab86-0f3e2d7a1134">
      <Execution id="9c3930b7-bc20-4d2d-8a9f-8970253e785f" />
      <TestMethod codeBase="/workspace/src/UnitTests/bin/Debug/net9.0/UnitTests.dll" adapterTypeName="executor://nunit3testexecutor/" className="UnitTests.Conversion.ExerciseMappingTests" name="StrengthExerciseMappings_ShouldNotHaveDuplicateIds" />
    </UnitTest>
    <UnitTest name="UploadToGarminAsync_WhenSettingsServiceThrows_ShouldPropagateException" storage="/workspace/src/unittests/bin/debug/net9.0/unittests.dll" id="74ea4b73-2f76-e3b1-713c-9658c7474e5f">
      <Execution id="b597f7ee-8bae-4d8d-9773-8668fadc54b9" />
      <TestMethod codeBase="/workspace/src/UnitTests/bin/Debug/net9.0/UnitTests.dll" adapterTypeName="executor://nunit3testexecutor/" className="UnitTests.Garmin.GarminUploaderTests" name="UploadToGarminAsync_WhenSettingsServiceThrows_ShouldPropagateException" />
    </UnitTest>
    <UnitTest name="Fit_Converter_Creates_Valid_Fit(&quot;tread_run_workout&quot;,Default)" storage="/workspace/src/unittests/bin/debug/net9.0/unittests.dll" id="5d5662b6-d31d-32d3-84ac-9589078c82c3">
      <Execution id="b612437a-4e49-4995-b386-8670d8074b13" />
      <TestMethod codeBase="/workspace/src/UnitTests/bin/Debug/net9.0/UnitTests.dll" adapterTypeName="executor://nunit3testexecutor/" className="UnitTests.Conversion.FitConverterTests" name="Fit_Converter_Creates_Valid_Fit(&quot;tread_run_workout&quot;,Default)" />
    </UnitTest>
    <UnitTest name="InitCookieJarAsync_WhenSettingsServiceThrows_ShouldPropagateException" storage="/workspace/src/unittests/bin/debug/net9.0/unittests.dll" id="90572729-ba69-9ea4-f91f-f49ccc8bd507">
      <Execution id="11f458d8-9805-4bfa-b647-100ac19737a5" />
      <TestMethod codeBase="/workspace/src/UnitTests/bin/Debug/net9.0/UnitTests.dll" adapterTypeName="executor://nunit3testexecutor/" className="UnitTests.Garmin.GarminApiClientTests" name="InitCookieJarAsync_WhenSettingsServiceThrows_ShouldPropagateException" />
    </UnitTest>
    <UnitTest name="GetStackedWorkouts_Should_Honor_TimeGap(300)" storage="/workspace/src/unittests/bin/debug/net9.0/unittests.dll" id="91230b95-4cc3-de7c-060a-759628c104c9">
      <Execution id="95a8d2b0-c090-46b2-9498-c6b45439ccf8" />
      <TestMethod codeBase="/workspace/src/UnitTests/bin/Debug/net9.0/UnitTests.dll" adapterTypeName="executor://nunit3testexecutor/" className="UnitTests.Sync.StackedWorkoutsCalculatorTests" name="GetStackedWorkouts_Should_Honor_TimeGap(300)" />
    </UnitTest>
    <UnitTest name="ShouldConvert_ShouldOnly_Support_TCX(False,False,True)" storage="/workspace/src/unittests/bin/debug/net9.0/unittests.dll" id="0ea8ad0c-ed07-87f6-0eb9-ade3155648fe">
      <Execution id="da19d1ad-c82d-4207-ad8d-eb19861fae23" />
      <TestMethod codeBase="/workspace/src/UnitTests/bin/Debug/net9.0/UnitTests.dll" adapterTypeName="executor://nunit3testexecutor/" className="UnitTests.Conversion.JsonConverterTests" name="ShouldConvert_ShouldOnly_Support_TCX(False,False,True)" />
    </UnitTest>
    <UnitTest name="PagingResponseBase_Calculates_HasPrevious_Correctly(1)" storage="/workspace/src/unittests/bin/debug/net9.0/unittests.dll" id="55d81d83-ae6f-5c82-491d-0516e9bcf5dc">
      <Execution id="e76c8f44-26bb-4d4b-8b74-bb532da73e31" />
      <TestMethod codeBase="/workspace/src/UnitTests/bin/Debug/net9.0/UnitTests.dll" adapterTypeName="executor://nunit3testexecutor/" className="UnitTests.Common.Api.PagingTests" name="PagingResponseBase_Calculates_HasPrevious_Correctly(1)" />
    </UnitTest>
    <UnitTest name="SignOutAsync_ShouldClearAllTokens" storage="/workspace/src/unittests/bin/debug/net9.0/unittests.dll" id="facbc2fa-2782-495e-b566-3c0160b941d0">
      <Execution id="26343506-7e86-4769-8b15-0c76a14d3da8" />
      <TestMethod codeBase="/workspace/src/UnitTests/bin/Debug/net9.0/UnitTests.dll" adapterTypeName="executor://nunit3testexecutor/" className="UnitTests.Garmin.GarminAuthenticationServiceTests" name="SignOutAsync_ShouldClearAllTokens" />
    </UnitTest>
    <UnitTest name="SyncAsync_With_NullRequest_Returns400" storage="/workspace/src/unittests/bin/debug/net9.0/unittests.dll" id="f71c24be-a83b-8f80-8fa8-303d407e89a5">
      <Execution id="b3578918-3135-4f96-8611-025f9f98dc71" />
      <TestMethod codeBase="/workspace/src/UnitTests/bin/Debug/net9.0/UnitTests.dll" adapterTypeName="executor://nunit3testexecutor/" className="UnitTests.Api.Controllers.SyncControllerTests" name="SyncAsync_With_NullRequest_Returns400" />
    </UnitTest>
    <UnitTest name="SyncAsync_WorkoutIds_Calls_CorrectMethod" storage="/workspace/src/unittests/bin/debug/net9.0/unittests.dll" id="95748184-2e23-34f4-f30a-ed8f0a761409">
      <Execution id="4a49a72e-df77-475a-beaa-72744093debd" />
      <TestMethod codeBase="/workspace/src/UnitTests/bin/Debug/net9.0/UnitTests.dll" adapterTypeName="executor://nunit3testexecutor/" className="UnitTests.Api.Controllers.SyncControllerTests" name="SyncAsync_WorkoutIds_Calls_CorrectMethod" />
    </UnitTest>
    <UnitTest name="GetWorkoutType_Should_Map_Correctly(Running,True)" storage="/workspace/src/unittests/bin/debug/net9.0/unittests.dll" id="e89b8a9f-c780-da3a-7150-6e0f464d0bde">
      <Execution id="baa9a1e4-ddf7-4be2-b290-fa0623753676" />
      <TestMethod codeBase="/workspace/src/UnitTests/bin/Debug/net9.0/UnitTests.dll" adapterTypeName="executor://nunit3testexecutor/" className="UnitTests.Common.Dto.P2GWorkoutTests" name="GetWorkoutType_Should_Map_Correctly(Running,True)" />
    </UnitTest>
    <UnitTest name="ConvertDistanceToMetersTest(&quot;unknown&quot;)" storage="/workspace/src/unittests/bin/debug/net9.0/unittests.dll" id="1f16eed6-5356-56da-0c8a-3d649af7e2b6">
      <Execution id="fa07a2aa-85c1-4aec-9a2c-4b4456b6ae2d" />
      <TestMethod codeBase="/workspace/src/UnitTests/bin/Debug/net9.0/UnitTests.dll" adapterTypeName="executor://nunit3testexecutor/" className="UnitTests.Conversion.ConverterTests" name="ConvertDistanceToMetersTest(&quot;unknown&quot;)" />
    </UnitTest>
    <UnitTest name="GetCyclingFtp_Should_PickCorrectValue(Workout { Id = , Status = , Title = , Name = , Created_At = 0, Fitness_Discipline = None, Is_Outdoor = False, Ride = , End_Time = , Start_Time = 0, Total_Work = 0, Ftp_Info = Common.Dto.Peloton.FTPInfo, Movement_Tracker_Data =  },UserData { Cycling_Ftp_Source = , Cycling_Workout_Ftp = 0, Cycling_Ftp_Workout_Id = , Cycling_Ftp = 0, Estimated_Cycling_Ftp = 0, Default_Max_Heart_Rate = 0, Customized_Max_Heart_Rate = 0, Weight = 0 },100)" storage="/workspace/src/unittests/bin/debug/net9.0/unittests.dll" id="d6dde4b8-a4fc-4b5b-9a35-fb6803cc084a">
      <Execution id="2290c73c-4193-478c-b22d-04484a41190d" />
      <TestMethod codeBase="/workspace/src/UnitTests/bin/Debug/net9.0/UnitTests.dll" adapterTypeName="executor://nunit3testexecutor/" className="UnitTests.Conversion.ConverterTests" name="GetCyclingFtp_Should_PickCorrectValue(Workout { Id = , Status = , Title = , Name = , Created_At = 0, Fitness_Discipline = None, Is_Outdoor = False, Ride = , End_Time = , Start_Time = 0, Total_Work = 0, Ftp_Info = Common.Dto.Peloton.FTPInfo, Movement_Tracker_Data =  },UserData { Cycling_Ftp_Source = , Cycling_Workout_Ftp = 0, Cycling_Ftp_Workout_Id = , Cycling_Ftp = 0, Estimated_Cycling_Ftp = 0, Default_Max_Heart_Rate = 0, Customized_Max_Heart_Rate = 0, Weight = 0 },100)" />
    </UnitTest>
    <UnitTest name="GetAsync_WithInvalid_PageIndex_Returns400(-1)" storage="/workspace/src/unittests/bin/debug/net9.0/unittests.dll" id="92fda280-c4fb-442b-e883-7176a9e8efce">
      <Execution id="e234b54a-8acc-48fd-a03d-d71657499edf" />
      <TestMethod codeBase="/workspace/src/UnitTests/bin/Debug/net9.0/UnitTests.dll" adapterTypeName="executor://nunit3testexecutor/" className="UnitTests.Api.Controllers.PelotonWorkoutsControllerTests" name="GetAsync_WithInvalid_PageIndex_Returns400(-1)" />
    </UnitTest>
    <UnitTest name="ValidateConfig_InvalidHost_Throws(null)" storage="/workspace/src/unittests/bin/debug/net9.0/unittests.dll" id="d2c0c821-8a66-4165-6497-58300a75a696">
      <Execution id="5eb87d1a-9152-4bf4-a925-32cc5c4257a8" />
      <TestMethod codeBase="/workspace/src/UnitTests/bin/Debug/net9.0/UnitTests.dll" adapterTypeName="executor://nunit3testexecutor/" className="UnitTests.Common.TracingTests" name="ValidateConfig_InvalidHost_Throws(null)" />
    </UnitTest>
    <UnitTest name="ConvertDistanceToMetersTest(&quot;km&quot;)" storage="/workspace/src/unittests/bin/debug/net9.0/unittests.dll" id="9e061af7-8969-3cb7-42ec-94f39bf5effb">
      <Execution id="e40faa8e-bb6f-48d9-8b19-f641953bd5bf" />
      <TestMethod codeBase="/workspace/src/UnitTests/bin/Debug/net9.0/UnitTests.dll" adapterTypeName="executor://nunit3testexecutor/" className="UnitTests.Conversion.ConverterTests" name="ConvertDistanceToMetersTest(&quot;km&quot;)" />
    </UnitTest>
    <UnitTest name="SyncAsync_When_SyncErrors_MapsErrorsCorrectly" storage="/workspace/src/unittests/bin/debug/net9.0/unittests.dll" id="a869e792-ca4e-5496-f380-4de04c793554">
      <Execution id="94267562-6659-4eed-81f2-733fd0d4aa3b" />
      <TestMethod codeBase="/workspace/src/UnitTests/bin/Debug/net9.0/UnitTests.dll" adapterTypeName="executor://nunit3testexecutor/" className="UnitTests.Api.Controllers.SyncControllerTests" name="SyncAsync_When_SyncErrors_MapsErrorsCorrectly" />
    </UnitTest>
    <UnitTest name="Fit_Converter_Creates_Valid_Fit(&quot;tread_run_workout&quot;,Distance)" storage="/workspace/src/unittests/bin/debug/net9.0/unittests.dll" id="50a50460-ef18-ddcc-6082-e5f270fa26bf">
      <Execution id="2b6ec12e-fa11-4523-a1aa-b7d2e76b0f99" />
      <TestMethod codeBase="/workspace/src/UnitTests/bin/Debug/net9.0/UnitTests.dll" adapterTypeName="executor://nunit3testexecutor/" className="UnitTests.Conversion.FitConverterTests" name="Fit_Converter_Creates_Valid_Fit(&quot;tread_run_workout&quot;,Distance)" />
    </UnitTest>
    <UnitTest name="GetAsync_When_Service_Throws_ArgumentException_Returns_BadRequest" storage="/workspace/src/unittests/bin/debug/net9.0/unittests.dll" id="d6496406-25e6-4f95-dcc9-c044ad2f4af4">
      <Execution id="f4251e94-80f3-4f9c-b901-3b0407204113" />
      <TestMethod codeBase="/workspace/src/UnitTests/bin/Debug/net9.0/UnitTests.dll" adapterTypeName="executor://nunit3testexecutor/" className="UnitTests.Api.Controllers.PelotonWorkoutsControllerTests" name="GetAsync_When_Service_Throws_ArgumentException_Returns_BadRequest" />
    </UnitTest>
    <UnitTest name="GetTimeStampTest(0L)" storage="/workspace/src/unittests/bin/debug/net9.0/unittests.dll" id="68e2219d-c4aa-3dde-5711-40eee752b346">
      <Execution id="bb5bdd67-e01c-4a32-b31c-ce7f405af69f" />
      <TestMethod codeBase="/workspace/src/UnitTests/bin/Debug/net9.0/UnitTests.dll" adapterTypeName="executor://nunit3testexecutor/" className="UnitTests.Conversion.ConverterTests" name="GetTimeStampTest(0L)" />
    </UnitTest>
    <UnitTest name="GetStackedWorkouts_Should_Honor_TimeGap(301)" storage="/workspace/src/unittests/bin/debug/net9.0/unittests.dll" id="8541576e-161f-b1df-536b-bdaadface2bd">
      <Execution id="0fa82ce6-127b-4ac7-b8e3-c5329f9b2e64" />
      <TestMethod codeBase="/workspace/src/UnitTests/bin/Debug/net9.0/UnitTests.dll" adapterTypeName="executor://nunit3testexecutor/" className="UnitTests.Sync.StackedWorkoutsCalculatorTests" name="GetStackedWorkouts_Should_Honor_TimeGap(301)" />
    </UnitTest>
    <UnitTest name="Fit_Converter_Creates_Valid_Fit(&quot;ride_based_on_distance&quot;,Default)" storage="/workspace/src/unittests/bin/debug/net9.0/unittests.dll" id="acbdaa04-ddd9-e76b-1250-10b38b5cdd74">
      <Execution id="32406561-ad45-448f-83a6-39bc2a9df337" />
      <TestMethod codeBase="/workspace/src/UnitTests/bin/Debug/net9.0/UnitTests.dll" adapterTypeName="executor://nunit3testexecutor/" className="UnitTests.Conversion.FitConverterTests" name="Fit_Converter_Creates_Valid_Fit(&quot;ride_based_on_distance&quot;,Default)" />
    </UnitTest>
    <UnitTest name="GarminPost_With_PasswordChange_Should_Validate_Characters(&quot;\\a&quot;)" storage="/workspace/src/unittests/bin/debug/net9.0/unittests.dll" id="1aa0862f-ff6f-1535-03c7-43b45799ab3f">
      <Execution id="7c6a5def-8dd3-44e8-b2ab-cc2394c76089" />
      <TestMethod codeBase="/workspace/src/UnitTests/bin/Debug/net9.0/UnitTests.dll" adapterTypeName="executor://nunit3testexecutor/" className="UnitTests.Api.Service.SettingsUpdaterServiceTests" name="GarminPost_With_PasswordChange_Should_Validate_Characters(&quot;\\a&quot;)" />
    </UnitTest>
    <UnitTest name="TryDeserializeXml_Deserializes" storage="/workspace/src/unittests/bin/debug/net9.0/unittests.dll" id="d8e78bed-195a-a7d5-9244-e8397f3f093b">
      <Execution id="75360367-1f21-49a4-a717-c95f3bfe6619" />
      <TestMethod codeBase="/workspace/src/UnitTests/bin/Debug/net9.0/UnitTests.dll" adapterTypeName="executor://nunit3testexecutor/" className="UnitTests.Common.FileHandlingTests" name="TryDeserializeXml_Deserializes" />
    </UnitTest>
    <UnitTest name="GetStackedWorkouts_Should_Only_Group_By_Common_Type" storage="/workspace/src/unittests/bin/debug/net9.0/unittests.dll" id="f0978bc4-a6a0-b1ad-6bf2-490678e05fef">
      <Execution id="a3e5d387-a6fb-44a3-af2d-40775ae61c8a" />
      <TestMethod codeBase="/workspace/src/UnitTests/bin/Debug/net9.0/UnitTests.dll" adapterTypeName="executor://nunit3testexecutor/" className="UnitTests.Sync.StackedWorkoutsCalculatorTests" name="GetStackedWorkouts_Should_Only_Group_By_Common_Type" />
    </UnitTest>
    <UnitTest name="ShouldConvert_ShouldOnly_Support_TCX(True,False,False)" storage="/workspace/src/unittests/bin/debug/net9.0/unittests.dll" id="4a5d5949-0c88-56fe-5e7c-a9326000123b">
      <Execution id="882346aa-5460-44f9-97ca-8709be258fd9" />
      <TestMethod codeBase="/workspace/src/UnitTests/bin/Debug/net9.0/UnitTests.dll" adapterTypeName="executor://nunit3testexecutor/" className="UnitTests.Conversion.TcxConverterTests" name="ShouldConvert_ShouldOnly_Support_TCX(True,False,False)" />
    </UnitTest>
    <UnitTest name="GetCustomDeviceInfoAsync_Choose_CorrectDevice_For_WorkoutType(TreadmillWalking)" storage="/workspace/src/unittests/bin/debug/net9.0/unittests.dll" id="8e3b671a-f12b-175f-1c6c-01e75fec10bf">
      <Execution id="c3258876-ce8b-4d5f-a963-891de36b1ca3" />
      <TestMethod codeBase="/workspace/src/UnitTests/bin/Debug/net9.0/UnitTests.dll" adapterTypeName="executor://nunit3testexecutor/" className="UnitTests.Common.Service.SettingServiceTests" name="GetCustomDeviceInfoAsync_Choose_CorrectDevice_For_WorkoutType(TreadmillWalking)" />
    </UnitTest>
    <UnitTest name="GarminPost_With_NullRequest_Returns400" storage="/workspace/src/unittests/bin/debug/net9.0/unittests.dll" id="4d0a77b4-859e-e9eb-f096-7cc6da60780a">
      <Execution id="d4d9acd1-ac5d-4b83-8b64-b464b77bcb15" />
      <TestMethod codeBase="/workspace/src/UnitTests/bin/Debug/net9.0/UnitTests.dll" adapterTypeName="executor://nunit3testexecutor/" className="UnitTests.Api.Service.SettingsUpdaterServiceTests" name="GarminPost_With_NullRequest_Returns400" />
    </UnitTest>
    <UnitTest name="Converter_Should_Provide_Formt_of_TCX" storage="/workspace/src/unittests/bin/debug/net9.0/unittests.dll" id="565ea594-4a42-bf6a-d49f-4c5ca7b4f7af">
      <Execution id="932d7c2d-e852-463f-a014-0df103a622b8" />
      <TestMethod codeBase="/workspace/src/UnitTests/bin/Debug/net9.0/UnitTests.dll" adapterTypeName="executor://nunit3testexecutor/" className="UnitTests.Conversion.JsonConverterTests" name="Converter_Should_Provide_Formt_of_TCX" />
    </UnitTest>
    <UnitTest name="StrengthExerciseMappings_AllIdsShouldBeValidFormat" storage="/workspace/src/unittests/bin/debug/net9.0/unittests.dll" id="498cc7c3-1cb9-89e2-4405-01ada2bd05f7">
      <Execution id="fc6a242a-20b9-4452-9bb1-3cff8ca16094" />
      <TestMethod codeBase="/workspace/src/UnitTests/bin/Debug/net9.0/UnitTests.dll" adapterTypeName="executor://nunit3testexecutor/" className="UnitTests.Conversion.ExerciseMappingTests" name="StrengthExerciseMappings_AllIdsShouldBeValidFormat" />
    </UnitTest>
    <UnitTest name="MigrateToAdminUserAsync_When_LegacySettings_Migrates" storage="/workspace/src/unittests/bin/debug/net9.0/unittests.dll" id="1e9d0621-8305-7828-af7a-409a8880fdd4">
      <Execution id="d166b3bc-760c-40ad-80fc-848d7ac44ae4" />
      <TestMethod codeBase="/workspace/src/UnitTests/bin/Debug/net9.0/UnitTests.dll" adapterTypeName="executor://nunit3testexecutor/" className="UnitTests.Common.Database.DbMigrationsTests" name="MigrateToAdminUserAsync_When_LegacySettings_Migrates" />
    </UnitTest>
    <UnitTest name="GetCustomDeviceInfoAsync_Choose_CorrectDevice_For_WorkoutType(Circuit)" storage="/workspace/src/unittests/bin/debug/net9.0/unittests.dll" id="61a66b7d-f265-2ce8-5c72-363964efc937">
      <Execution id="f05ad166-27a6-459f-96ef-dfbf9d0d9eaf" />
      <TestMethod codeBase="/workspace/src/UnitTests/bin/Debug/net9.0/UnitTests.dll" adapterTypeName="executor://nunit3testexecutor/" className="UnitTests.Common.Service.SettingServiceTests" name="GetCustomDeviceInfoAsync_Choose_CorrectDevice_For_WorkoutType(Circuit)" />
    </UnitTest>
    <UnitTest name="GetWorkoutDetailsAsync_Should_Only_Enrich_ValidRideIds(&quot;00000000000000000000000000000000&quot;)" storage="/workspace/src/unittests/bin/debug/net9.0/unittests.dll" id="51ee4b4c-dd8d-e42d-eca5-b25bb54e0d3a">
      <Execution id="3e164196-137d-4226-b234-352a8050ccc4" />
      <TestMethod codeBase="/workspace/src/UnitTests/bin/Debug/net9.0/UnitTests.dll" adapterTypeName="executor://nunit3testexecutor/" className="UnitTests.PelotonTests.PelotonServiceTests" name="GetWorkoutDetailsAsync_Should_Only_Enrich_ValidRideIds(&quot;00000000000000000000000000000000&quot;)" />
    </UnitTest>
    <UnitTest name="Constructor_ShouldInitializeCorrectly" storage="/workspace/src/unittests/bin/debug/net9.0/unittests.dll" id="868c7be5-cfbd-065b-6f91-c374862a7a8b">
      <Execution id="e6daf18b-b05e-4f60-b238-ccf7722c48c4" />
      <TestMethod codeBase="/workspace/src/UnitTests/bin/Debug/net9.0/UnitTests.dll" adapterTypeName="executor://nunit3testexecutor/" className="UnitTests.Garmin.GarminAuthenticationServiceTests" name="Constructor_ShouldInitializeCorrectly" />
    </UnitTest>
    <UnitTest name="UploadActivity_WhenValidFile_ShouldReturnUploadResponse" storage="/workspace/src/unittests/bin/debug/net9.0/unittests.dll" id="4e26259a-1b02-586b-082a-b53c071413ff">
      <Execution id="71e60a19-7af4-485d-ba45-466d7d098b61" />
      <TestMethod codeBase="/workspace/src/UnitTests/bin/Debug/net9.0/UnitTests.dll" adapterTypeName="executor://nunit3testexecutor/" className="UnitTests.Garmin.GarminApiClientTests" name="UploadActivity_WhenValidFile_ShouldReturnUploadResponse" />
    </UnitTest>
    <UnitTest name="GetWorkoutType_Should_Map_Correctly(Caesar,False)" storage="/workspace/src/unittests/bin/debug/net9.0/unittests.dll" id="0cc7f3aa-f0d7-1b81-ab81-fbb4b82c74b0">
      <Execution id="10b50a5d-cbc7-4fd3-acc3-f7814e5ec5a9" />
      <TestMethod codeBase="/workspace/src/UnitTests/bin/Debug/net9.0/UnitTests.dll" adapterTypeName="executor://nunit3testexecutor/" className="UnitTests.Common.Dto.P2GWorkoutTests" name="GetWorkoutType_Should_Map_Correctly(Caesar,False)" />
    </UnitTest>
    <UnitTest name="CombineLocationData_When_WorkoutsToStack_Is_NullOrEmpty_NoOp" storage="/workspace/src/unittests/bin/debug/net9.0/unittests.dll" id="001eaa05-24de-1a6f-4796-a20a49ef55f6">
      <Execution id="547dbec0-0bd5-4bbd-a08b-6829d24105cd" />
      <TestMethod codeBase="/workspace/src/UnitTests/bin/Debug/net9.0/UnitTests.dll" adapterTypeName="executor://nunit3testexecutor/" className="UnitTests.Sync.StackedWorkoutsCalculatorTests" name="CombineLocationData_When_WorkoutsToStack_Is_NullOrEmpty_NoOp" />
    </UnitTest>
    <UnitTest name="GetWorkoutDetailsAsync_Should_Only_Enrich_ValidRideIds(&quot;   &quot;)" storage="/workspace/src/unittests/bin/debug/net9.0/unittests.dll" id="dd67079e-4f7c-100f-b844-f26b3873901b">
      <Execution id="9985f18c-aba9-491d-92d7-be82e12757df" />
      <TestMethod codeBase="/workspace/src/UnitTests/bin/Debug/net9.0/UnitTests.dll" adapterTypeName="executor://nunit3testexecutor/" className="UnitTests.PelotonTests.PelotonServiceTests" name="GetWorkoutDetailsAsync_Should_Only_Enrich_ValidRideIds(&quot;   &quot;)" />
    </UnitTest>
    <UnitTest name="UploadActivity_WhenInvalidFile_ShouldThrowException" storage="/workspace/src/unittests/bin/debug/net9.0/unittests.dll" id="d1d4a324-9577-ffbe-55b8-4af24ac0c077">
      <Execution id="0f351c93-47d6-4556-aeb6-cce46b2ba6e2" />
      <TestMethod codeBase="/workspace/src/UnitTests/bin/Debug/net9.0/UnitTests.dll" adapterTypeName="executor://nunit3testexecutor/" className="UnitTests.Garmin.GarminApiClientTests" name="UploadActivity_WhenInvalidFile_ShouldThrowException" />
    </UnitTest>
    <UnitTest name="GetWorkoutType_Should_Map_Correctly(Caesar_Bootcamp,False)" storage="/workspace/src/unittests/bin/debug/net9.0/unittests.dll" id="faa5ccad-3cf9-51a2-6991-e547e18a1011">
      <Execution id="ddfaf34f-ca59-4192-a3e0-d9fc7ed31106" />
      <TestMethod codeBase="/workspace/src/UnitTests/bin/Debug/net9.0/UnitTests.dll" adapterTypeName="executor://nunit3testexecutor/" className="UnitTests.Common.Dto.P2GWorkoutTests" name="GetWorkoutType_Should_Map_Correctly(Caesar_Bootcamp,False)" />
    </UnitTest>
    <UnitTest name="GetTitle_NullTemplate_ShouldReturn_DefaultTemplate" storage="/workspace/src/unittests/bin/debug/net9.0/unittests.dll" id="834688af-d948-b267-9d52-df9b13a0c676">
      <Execution id="68b04f86-1aec-40bb-bd69-46dec06cefe7" />
      <TestMethod codeBase="/workspace/src/UnitTests/bin/Debug/net9.0/UnitTests.dll" adapterTypeName="executor://nunit3testexecutor/" className="UnitTests.Common.WorkoutHelperTests" name="GetTitle_NullTemplate_ShouldReturn_DefaultTemplate" />
    </UnitTest>
    <UnitTest name="GetCyclingFtp_Should_PickCorrectValue(null,UserData { Cycling_Ftp_Source = Ftp_Workout_Source, Cycling_Workout_Ftp = 0, Cycling_Ftp_Workout_Id = , Cycling_Ftp = 1, Estimated_Cycling_Ftp = 100, Default_Max_Heart_Rate = 0, Customized_Max_Heart_Rate = 0, Weight = 0 },100)" storage="/workspace/src/unittests/bin/debug/net9.0/unittests.dll" id="5ff971c1-c71d-1ccf-c287-9ba289350e84">
      <Execution id="c1ea9b6e-f0e7-47b3-bf9f-94f7d46f1027" />
      <TestMethod codeBase="/workspace/src/UnitTests/bin/Debug/net9.0/UnitTests.dll" adapterTypeName="executor://nunit3testexecutor/" className="UnitTests.Conversion.ConverterTests" name="GetCyclingFtp_Should_PickCorrectValue(null,UserData { Cycling_Ftp_Source = Ftp_Workout_Source, Cycling_Workout_Ftp = 0, Cycling_Ftp_Workout_Id = , Cycling_Ftp = 1, Estimated_Cycling_Ftp = 100, Default_Max_Heart_Rate = 0, Customized_Max_Heart_Rate = 0, Weight = 0 },100)" />
    </UnitTest>
    <UnitTest name="Fit_Converter_Creates_Valid_Fit(&quot;cycling_workout&quot;,Class_Segments)" storage="/workspace/src/unittests/bin/debug/net9.0/unittests.dll" id="024762ec-6de4-9e73-3e08-4415f864ad90">
      <Execution id="cb7e9ffd-d82d-4c71-bde0-3224a013a4d2" />
      <TestMethod codeBase="/workspace/src/UnitTests/bin/Debug/net9.0/UnitTests.dll" adapterTypeName="executor://nunit3testexecutor/" className="UnitTests.Conversion.FitConverterTests" name="Fit_Converter_Creates_Valid_Fit(&quot;cycling_workout&quot;,Class_Segments)" />
    </UnitTest>
    <UnitTest name="GetStackedWorkouts_Should_Honor_TimeGap(0)" storage="/workspace/src/unittests/bin/debug/net9.0/unittests.dll" id="2c8f4979-1655-f332-06f6-53e805976a06">
      <Execution id="ecaa0cc5-d4ac-4cc4-9099-2ed1dd700e64" />
      <TestMethod codeBase="/workspace/src/UnitTests/bin/Debug/net9.0/UnitTests.dll" adapterTypeName="executor://nunit3testexecutor/" className="UnitTests.Sync.StackedWorkoutsCalculatorTests" name="GetStackedWorkouts_Should_Honor_TimeGap(0)" />
    </UnitTest>
    <UnitTest name="ValidateConfig_InvalidPort_Throws(-1)" storage="/workspace/src/unittests/bin/debug/net9.0/unittests.dll" id="e0f99cbf-2d29-3c80-a624-7b6e13dd1390">
      <Execution id="0fcb682c-9a9a-45cd-b933-29e49450a3ab" />
      <TestMethod codeBase="/workspace/src/UnitTests/bin/Debug/net9.0/UnitTests.dll" adapterTypeName="executor://nunit3testexecutor/" className="UnitTests.Common.MetricsTests" name="ValidateConfig_InvalidPort_Throws(-1)" />
    </UnitTest>
    <UnitTest name="GarminPost_With_EmailChange_Should_SignOut_of_Garmin" storage="/workspace/src/unittests/bin/debug/net9.0/unittests.dll" id="59ec3057-e73c-9bdc-c923-5de846e585bc">
      <Execution id="42fe26c8-4258-437d-8ffd-bf1f546a8ce9" />
      <TestMethod codeBase="/workspace/src/UnitTests/bin/Debug/net9.0/UnitTests.dll" adapterTypeName="executor://nunit3testexecutor/" className="UnitTests.Api.Service.SettingsUpdaterServiceTests" name="GarminPost_With_EmailChange_Should_SignOut_of_Garmin" />
    </UnitTest>
    <UnitTest name="UpdateAppSettingsAsync_With_NullRequest_Returns400" storage="/workspace/src/unittests/bin/debug/net9.0/unittests.dll" id="26eaa644-cba6-d67c-e436-0668796ca225">
      <Execution id="6416ab09-7c29-4c76-9f53-22304761ddc7" />
      <TestMethod codeBase="/workspace/src/UnitTests/bin/Debug/net9.0/UnitTests.dll" adapterTypeName="executor://nunit3testexecutor/" className="UnitTests.Api.Service.SettingsUpdaterServiceTests" name="UpdateAppSettingsAsync_With_NullRequest_Returns400" />
    </UnitTest>
    <UnitTest name="GetCyclingFtp_Should_PickCorrectValue(null,null,null)" storage="/workspace/src/unittests/bin/debug/net9.0/unittests.dll" id="a48d31d2-8b14-7fbe-3e20-68e8f8ee61d3">
      <Execution id="892b9941-aca6-4b63-a2f4-ef63d6bb3c21" />
      <TestMethod codeBase="/workspace/src/UnitTests/bin/Debug/net9.0/UnitTests.dll" adapterTypeName="executor://nunit3testexecutor/" className="UnitTests.Conversion.ConverterTests" name="GetCyclingFtp_Should_PickCorrectValue(null,null,null)" />
    </UnitTest>
    <UnitTest name="ConvertDistanceToMetersTest(&quot;m&quot;)" storage="/workspace/src/unittests/bin/debug/net9.0/unittests.dll" id="94bd48db-54a3-d63b-4c2b-1c89db1efaf3">
      <Execution id="36f4dd4c-e997-42b9-8c2a-6d4f69950613" />
      <TestMethod codeBase="/workspace/src/UnitTests/bin/Debug/net9.0/UnitTests.dll" adapterTypeName="executor://nunit3testexecutor/" className="UnitTests.Conversion.ConverterTests" name="ConvertDistanceToMetersTest(&quot;m&quot;)" />
    </UnitTest>
    <UnitTest name="GetConsumerCredentialsAsync_ShouldReturnValidCredentials" storage="/workspace/src/unittests/bin/debug/net9.0/unittests.dll" id="3f206ca6-da4d-81d4-4009-b17edef07e39">
      <Execution id="03ebc665-5f31-409c-b44f-333076264811" />
      <TestMethod codeBase="/workspace/src/UnitTests/bin/Debug/net9.0/UnitTests.dll" adapterTypeName="executor://nunit3testexecutor/" className="UnitTests.Garmin.GarminApiClientTests" name="GetConsumerCredentialsAsync_ShouldReturnValidCredentials" />
    </UnitTest>
    <UnitTest name="GetCustomDeviceInfoAsync_Choose_CorrectDevice_For_WorkoutType(Yoga)" storage="/workspace/src/unittests/bin/debug/net9.0/unittests.dll" id="248d5f3f-97e6-5c8e-3113-984eb4fab62a">
      <Execution id="63d5861f-44c3-4fe8-9bad-206c9191f96c" />
      <TestMethod codeBase="/workspace/src/UnitTests/bin/Debug/net9.0/UnitTests.dll" adapterTypeName="executor://nunit3testexecutor/" className="UnitTests.Common.Service.SettingServiceTests" name="GetCustomDeviceInfoAsync_Choose_CorrectDevice_For_WorkoutType(Yoga)" />
    </UnitTest>
    <UnitTest name="CombineMetricsData_When_WorkoutSamples_Is_Null_SkipsEmpty" storage="/workspace/src/unittests/bin/debug/net9.0/unittests.dll" id="1292910c-c26a-af95-32b2-bbd8135a83bf">
      <Execution id="9cb64ce6-d206-49f2-8cd6-a81b7804e8cc" />
      <TestMethod codeBase="/workspace/src/UnitTests/bin/Debug/net9.0/UnitTests.dll" adapterTypeName="executor://nunit3testexecutor/" className="UnitTests.Sync.StackedWorkoutsCalculatorTests" name="CombineMetricsData_When_WorkoutSamples_Is_Null_SkipsEmpty" />
    </UnitTest>
    <UnitTest name="ShouldConvert_ShouldOnly_Support_TCX(True,False,True)" storage="/workspace/src/unittests/bin/debug/net9.0/unittests.dll" id="7fd77b4f-2865-307d-1d9d-9dbd8cb2a6ee">
      <Execution id="68795871-c6d1-40f2-a050-848a23e13fbe" />
      <TestMethod codeBase="/workspace/src/UnitTests/bin/Debug/net9.0/UnitTests.dll" adapterTypeName="executor://nunit3testexecutor/" className="UnitTests.Conversion.JsonConverterTests" name="ShouldConvert_ShouldOnly_Support_TCX(True,False,True)" />
    </UnitTest>
    <UnitTest name="GetAvgSpeedMetersPerSecond_MaxSpeed_Is_Converted(&quot;kph&quot;)" storage="/workspace/src/unittests/bin/debug/net9.0/unittests.dll" id="26cb9a0c-9732-0e98-cfef-fd3942afbd88">
      <Execution id="b0422064-59c9-41c9-b769-4c89ce8fbf99" />
      <TestMethod codeBase="/workspace/src/UnitTests/bin/Debug/net9.0/UnitTests.dll" adapterTypeName="executor://nunit3testexecutor/" className="UnitTests.Conversion.ConverterTests" name="GetAvgSpeedMetersPerSecond_MaxSpeed_Is_Converted(&quot;kph&quot;)" />
    </UnitTest>
    <UnitTest name="StrengthExerciseMappings_ShouldMapCorrectExerciseCategories" storage="/workspace/src/unittests/bin/debug/net9.0/unittests.dll" id="dfc0d184-cfcd-09fc-2e9c-a58966e86734">
      <Execution id="d322af85-db56-4a3b-acac-c94d2388c3e5" />
      <TestMethod codeBase="/workspace/src/UnitTests/bin/Debug/net9.0/UnitTests.dll" adapterTypeName="executor://nunit3testexecutor/" className="UnitTests.Conversion.ExerciseMappingTests" name="StrengthExerciseMappings_ShouldMapCorrectExerciseCategories" />
    </UnitTest>
    <UnitTest name="GetAvgSpeedMetersPerSecond_NullMetrics_Returns0" storage="/workspace/src/unittests/bin/debug/net9.0/unittests.dll" id="7d3f3bee-187c-5af5-8058-bf14cf827929">
      <Execution id="79b585f1-273d-4b1d-a99f-66d879c209a7" />
      <TestMethod codeBase="/workspace/src/UnitTests/bin/Debug/net9.0/UnitTests.dll" adapterTypeName="executor://nunit3testexecutor/" className="UnitTests.Conversion.ConverterTests" name="GetAvgSpeedMetersPerSecond_NullMetrics_Returns0" />
    </UnitTest>
    <UnitTest name="GetWorkoutType_Should_Map_Correctly(Circuit,True)" storage="/workspace/src/unittests/bin/debug/net9.0/unittests.dll" id="9ee0eb13-c27d-9b0c-f2f4-4561c0a9350e">
      <Execution id="c29cb5f1-7fac-40cb-9cb6-47eb28186c0a" />
      <TestMethod codeBase="/workspace/src/UnitTests/bin/Debug/net9.0/UnitTests.dll" adapterTypeName="executor://nunit3testexecutor/" className="UnitTests.Common.Dto.P2GWorkoutTests" name="GetWorkoutType_Should_Map_Correctly(Circuit,True)" />
    </UnitTest>
    <UnitTest name="PagingResponseBase_Calculates_HasNext_Correctly(-1,-1)" storage="/workspace/src/unittests/bin/debug/net9.0/unittests.dll" id="d673f751-f8e9-a52d-95f0-a6dc176b75a2">
      <Execution id="e85b1994-7240-424f-9fcb-961146f5c017" />
      <TestMethod codeBase="/workspace/src/UnitTests/bin/Debug/net9.0/UnitTests.dll" adapterTypeName="executor://nunit3testexecutor/" className="UnitTests.Common.Api.PagingTests" name="PagingResponseBase_Calculates_HasNext_Correctly(-1,-1)" />
    </UnitTest>
    <UnitTest name="GetCustomDeviceInfoAsync_Choose_CorrectDevice_For_WorkoutType(Strength)" storage="/workspace/src/unittests/bin/debug/net9.0/unittests.dll" id="582f0edc-f793-49fc-2dc3-b59b6fef13d9">
      <Execution id="636ca910-f809-4a8c-af69-8cc8c9d98c87" />
      <TestMethod codeBase="/workspace/src/UnitTests/bin/Debug/net9.0/UnitTests.dll" adapterTypeName="executor://nunit3testexecutor/" className="UnitTests.Common.Service.SettingServiceTests" name="GetCustomDeviceInfoAsync_Choose_CorrectDevice_For_WorkoutType(Strength)" />
    </UnitTest>
    <UnitTest name="Fit_Converter_Creates_Valid_Fit(&quot;cycling_just_ride&quot;,Class_Segments)" storage="/workspace/src/unittests/bin/debug/net9.0/unittests.dll" id="4b0481dc-3b3e-c8ad-e505-7f7ffc1d55a6">
      <Execution id="44506143-c02e-444f-b193-f60e03c2bac9" />
      <TestMethod codeBase="/workspace/src/UnitTests/bin/Debug/net9.0/UnitTests.dll" adapterTypeName="executor://nunit3testexecutor/" className="UnitTests.Conversion.FitConverterTests" name="Fit_Converter_Creates_Valid_Fit(&quot;cycling_just_ride&quot;,Class_Segments)" />
    </UnitTest>
    <UnitTest name="GetAsync_WithInvalid_PageSize_Returns400(-1)" storage="/workspace/src/unittests/bin/debug/net9.0/unittests.dll" id="8c732e17-fb21-60bf-dc33-2081987c6946">
      <Execution id="3cf60e5c-c4f3-411f-a234-6c7189723cd4" />
      <TestMethod codeBase="/workspace/src/UnitTests/bin/Debug/net9.0/UnitTests.dll" adapterTypeName="executor://nunit3testexecutor/" className="UnitTests.Api.Controllers.PelotonWorkoutsControllerTests" name="GetAsync_WithInvalid_PageSize_Returns400(-1)" />
    </UnitTest>
    <UnitTest name="GetWorkoutType_Should_Map_Correctly(Cardio,True)" storage="/workspace/src/unittests/bin/debug/net9.0/unittests.dll" id="d68ed5bd-39a3-6663-0efe-e41e95998d98">
      <Execution id="667bbd00-305c-43d0-b1af-8c89bafa9d23" />
      <TestMethod codeBase="/workspace/src/UnitTests/bin/Debug/net9.0/UnitTests.dll" adapterTypeName="executor://nunit3testexecutor/" className="UnitTests.Common.Dto.P2GWorkoutTests" name="GetWorkoutType_Should_Map_Correctly(Cardio,True)" />
    </UnitTest>
    <UnitTest name="DefaultConfigInit_Garmin_ShouldHaveDefaulValues" storage="/workspace/src/unittests/bin/debug/net9.0/unittests.dll" id="0afa58fd-6240-6049-1c3f-87d4db08ddd5">
      <Execution id="74b58994-04fe-43a2-b902-9d8f9bd8b3a5" />
      <TestMethod codeBase="/workspace/src/UnitTests/bin/Debug/net9.0/UnitTests.dll" adapterTypeName="executor://nunit3testexecutor/" className="UnitTests.Common.ConfigurationTests" name="DefaultConfigInit_Garmin_ShouldHaveDefaulValues" />
    </UnitTest>
    <UnitTest name="FormatPost_With_NullRequest_Returns400" storage="/workspace/src/unittests/bin/debug/net9.0/unittests.dll" id="8e2f4b9a-aecb-c781-3dd2-d433cb480f63">
      <Execution id="c5769f96-7483-4bf4-b9e8-95ec6d2d2cde" />
      <TestMethod codeBase="/workspace/src/UnitTests/bin/Debug/net9.0/UnitTests.dll" adapterTypeName="executor://nunit3testexecutor/" className="UnitTests.Api.Service.SettingsUpdaterServiceTests" name="FormatPost_With_NullRequest_Returns400" />
    </UnitTest>
    <UnitTest name="UploadToGarminAsync_WhenUploadDisabled_ShouldReturnWithoutProcessing" storage="/workspace/src/unittests/bin/debug/net9.0/unittests.dll" id="b57878e7-556e-88c0-047b-2a893a3bfaea">
      <Execution id="2228adeb-49e2-4473-971b-a69d07fe645f" />
      <TestMethod codeBase="/workspace/src/UnitTests/bin/Debug/net9.0/UnitTests.dll" adapterTypeName="executor://nunit3testexecutor/" className="UnitTests.Garmin.GarminUploaderTests" name="UploadToGarminAsync_WhenUploadDisabled_ShouldReturnWithoutProcessing" />
    </UnitTest>
    <UnitTest name="GetTitle_NullInstructorName_ShouldReturn_EmptyInstructorName" storage="/workspace/src/unittests/bin/debug/net9.0/unittests.dll" id="53c94778-6304-3468-47d9-789a07277d4e">
      <Execution id="5f45c72c-50d1-45e6-8487-fa9842ca1572" />
      <TestMethod codeBase="/workspace/src/UnitTests/bin/Debug/net9.0/UnitTests.dll" adapterTypeName="executor://nunit3testexecutor/" className="UnitTests.Common.WorkoutHelperTests" name="GetTitle_NullInstructorName_ShouldReturn_EmptyInstructorName" />
    </UnitTest>
    <UnitTest name="ShouldConvert_ShouldOnly_Support_Fit(False,False,True)" storage="/workspace/src/unittests/bin/debug/net9.0/unittests.dll" id="b8ee6749-5aa5-cfda-9c6a-3b65aefd2913">
      <Execution id="6994acc2-80a1-4037-9fd3-07a0486eaf50" />
      <TestMethod codeBase="/workspace/src/UnitTests/bin/Debug/net9.0/UnitTests.dll" adapterTypeName="executor://nunit3testexecutor/" className="UnitTests.Conversion.FitConverterTests" name="ShouldConvert_ShouldOnly_Support_Fit(False,False,True)" />
    </UnitTest>
    <UnitTest name="SendCredentialsAsync_WhenRedirected_ShouldCaptureRedirection" storage="/workspace/src/unittests/bin/debug/net9.0/unittests.dll" id="6f647fb1-f61a-98c6-9059-a1c0f49860db">
      <Execution id="77ff2f87-8f67-48f0-9151-333841f1811c" />
      <TestMethod codeBase="/workspace/src/UnitTests/bin/Debug/net9.0/UnitTests.dll" adapterTypeName="executor://nunit3testexecutor/" className="UnitTests.Garmin.GarminApiClientTests" name="SendCredentialsAsync_WhenRedirected_ShouldCaptureRedirection" />
    </UnitTest>
    <UnitTest name="Json_WithNullAvgVlaue_Can_Deserialzize_To_Metric" storage="/workspace/src/unittests/bin/debug/net9.0/unittests.dll" id="27b2cd73-6788-78c2-8f2b-b1d4688529a0">
      <Execution id="ce92a604-bb14-4c3c-aab8-89831968f60b" />
      <TestMethod codeBase="/workspace/src/UnitTests/bin/Debug/net9.0/UnitTests.dll" adapterTypeName="executor://nunit3testexecutor/" className="UnitTests.Common.Dto.Peloton.MetricTests" name="Json_WithNullAvgVlaue_Can_Deserialzize_To_Metric" />
    </UnitTest>
    <UnitTest name="Fit_Converter_Creates_Valid_Fit(&quot;walking_outdoor_01&quot;,Distance)" storage="/workspace/src/unittests/bin/debug/net9.0/unittests.dll" id="dd674274-ba43-8940-2626-71ce4e04448c">
      <Execution id="cc1f4671-bcc7-48d2-9c76-e0a004ef09e5" />
      <TestMethod codeBase="/workspace/src/UnitTests/bin/Debug/net9.0/UnitTests.dll" adapterTypeName="executor://nunit3testexecutor/" className="UnitTests.Conversion.FitConverterTests" name="Fit_Converter_Creates_Valid_Fit(&quot;walking_outdoor_01&quot;,Distance)" />
    </UnitTest>
    <UnitTest name="GetAvgSpeedMetersPerSecond_MaxSpeed_Is_Converted(&quot;ft&quot;)" storage="/workspace/src/unittests/bin/debug/net9.0/unittests.dll" id="daed5026-5f53-0768-97fa-2d38c9533a79">
      <Execution id="ec3a8571-4220-4377-9249-de2b1cab5710" />
      <TestMethod codeBase="/workspace/src/UnitTests/bin/Debug/net9.0/UnitTests.dll" adapterTypeName="executor://nunit3testexecutor/" className="UnitTests.Conversion.ConverterTests" name="GetAvgSpeedMetersPerSecond_MaxSpeed_Is_Converted(&quot;ft&quot;)" />
    </UnitTest>
    <UnitTest name="Fit_Converter_Creates_Valid_Fit(&quot;cycling_just_ride&quot;,Default)" storage="/workspace/src/unittests/bin/debug/net9.0/unittests.dll" id="cc0e110a-7d43-3755-7ceb-38b0aafb5f26">
      <Execution id="7f928c86-1832-45ae-808c-2e30661e7452" />
      <TestMethod codeBase="/workspace/src/UnitTests/bin/Debug/net9.0/UnitTests.dll" adapterTypeName="executor://nunit3testexecutor/" className="UnitTests.Conversion.FitConverterTests" name="Fit_Converter_Creates_Valid_Fit(&quot;cycling_just_ride&quot;,Default)" />
    </UnitTest>
    <UnitTest name="Fit_Converter_Builds_Valid_DeviceInfoMesg(5,3)" storage="/workspace/src/unittests/bin/debug/net9.0/unittests.dll" id="bd5aa7b1-246c-6dab-cbdf-cfe9b0823566">
      <Execution id="7a351826-f736-49a7-b8f8-005457a02a96" />
      <TestMethod codeBase="/workspace/src/UnitTests/bin/Debug/net9.0/UnitTests.dll" adapterTypeName="executor://nunit3testexecutor/" className="UnitTests.Conversion.FitConverterTests" name="Fit_Converter_Builds_Valid_DeviceInfoMesg(5,3)" />
    </UnitTest>
    <UnitTest name="Fit_Converter_Creates_Valid_Fit(&quot;running_workout_no_metrics&quot;,Distance)" storage="/workspace/src/unittests/bin/debug/net9.0/unittests.dll" id="37b43e18-8176-d931-8f8a-96c2aeceb9ed">
      <Execution id="831b830a-943d-4f0e-a86a-67c84c1fb370" />
      <TestMethod codeBase="/workspace/src/UnitTests/bin/Debug/net9.0/UnitTests.dll" adapterTypeName="executor://nunit3testexecutor/" className="UnitTests.Conversion.FitConverterTests" name="Fit_Converter_Creates_Valid_Fit(&quot;running_workout_no_metrics&quot;,Distance)" />
    </UnitTest>
    <UnitTest name="SyncAsync_When_SyncUnsuccessful_OkResult_Returned" storage="/workspace/src/unittests/bin/debug/net9.0/unittests.dll" id="98523b04-0b64-512a-fc6b-20bcb74b8475">
      <Execution id="3ee6b69f-49b6-4d7c-9909-4520dd67534d" />
      <TestMethod codeBase="/workspace/src/UnitTests/bin/Debug/net9.0/UnitTests.dll" adapterTypeName="executor://nunit3testexecutor/" className="UnitTests.Api.Controllers.SyncControllerTests" name="SyncAsync_When_SyncUnsuccessful_OkResult_Returned" />
    </UnitTest>
    <UnitTest name="GetAsync_When_Service_Throws_Exception_Returns_BadRequest" storage="/workspace/src/unittests/bin/debug/net9.0/unittests.dll" id="7f1783c7-cde5-f3ed-b4f8-1abce9f6cb6c">
      <Execution id="2e40430d-390c-4001-a25f-347dacbd76d8" />
      <TestMethod codeBase="/workspace/src/UnitTests/bin/Debug/net9.0/UnitTests.dll" adapterTypeName="executor://nunit3testexecutor/" className="UnitTests.Api.Controllers.PelotonWorkoutsControllerTests" name="GetAsync_When_Service_Throws_Exception_Returns_BadRequest" />
    </UnitTest>
    <UnitTest name="ValidateConfig_ValidPort_ShouldNotThrow" storage="/workspace/src/unittests/bin/debug/net9.0/unittests.dll" id="eda327a8-43f0-eb29-46cf-6cdf168c607b">
      <Execution id="a6d12ae5-d1dd-4b15-acce-9e3d16752a1a" />
      <TestMethod codeBase="/workspace/src/UnitTests/bin/Debug/net9.0/UnitTests.dll" adapterTypeName="executor://nunit3testexecutor/" className="UnitTests.Common.MetricsTests" name="ValidateConfig_ValidPort_ShouldNotThrow" />
    </UnitTest>
    <UnitTest name="GetAvgSpeedMetersPerSecond_MaxSpeed_Is_Converted_ForRower(&quot;min/500m&quot;)" storage="/workspace/src/unittests/bin/debug/net9.0/unittests.dll" id="c1342d3f-cfe5-2a38-0aa5-5bb1dded60d1">
      <Execution id="a0a5400c-4fef-4d53-a779-bfa7273da772" />
      <TestMethod codeBase="/workspace/src/UnitTests/bin/Debug/net9.0/UnitTests.dll" adapterTypeName="executor://nunit3testexecutor/" className="UnitTests.Conversion.ConverterTests" name="GetAvgSpeedMetersPerSecond_MaxSpeed_Is_Converted_ForRower(&quot;min/500m&quot;)" />
    </UnitTest>
    <UnitTest name="SignInAsync_WhenInitCookieJarFails_ShouldThrowAuthenticationError" storage="/workspace/src/unittests/bin/debug/net9.0/unittests.dll" id="f998499a-614e-ff27-ca3d-a560deec8923">
      <Execution id="87874303-a478-46f7-9539-39aeb1cfe3e2" />
      <TestMethod codeBase="/workspace/src/UnitTests/bin/Debug/net9.0/UnitTests.dll" adapterTypeName="executor://nunit3testexecutor/" className="UnitTests.Garmin.GarminAuthenticationServiceTests" name="SignInAsync_WhenInitCookieJarFails_ShouldThrowAuthenticationError" />
    </UnitTest>
    <UnitTest name="GetCalorieSummary_ShouldPickCorrectValue(Common.Dto.Peloton.WorkoutSamples,10)" storage="/workspace/src/unittests/bin/debug/net9.0/unittests.dll" id="73d075be-fab1-ee80-0dd0-df090006c2e6">
      <Execution id="a9593644-e7ba-48e4-90b2-3ccc2da54b99" />
      <TestMethod codeBase="/workspace/src/UnitTests/bin/Debug/net9.0/UnitTests.dll" adapterTypeName="executor://nunit3testexecutor/" className="UnitTests.Conversion.ConverterTests" name="GetCalorieSummary_ShouldPickCorrectValue(Common.Dto.Peloton.WorkoutSamples,10)" />
    </UnitTest>
    <UnitTest name="GetTimeStampTest(10L)" storage="/workspace/src/unittests/bin/debug/net9.0/unittests.dll" id="6bd02653-e5f0-d4ef-1cd6-21d55dd9399e">
      <Execution id="be6605ac-d8e3-4b10-8e48-ac56f570f795" />
      <TestMethod codeBase="/workspace/src/UnitTests/bin/Debug/net9.0/UnitTests.dll" adapterTypeName="executor://nunit3testexecutor/" className="UnitTests.Conversion.ConverterTests" name="GetTimeStampTest(10L)" />
    </UnitTest>
    <UnitTest name="GetWorkoutDetailsAsync_Should_EnrichAllWorkouts" storage="/workspace/src/unittests/bin/debug/net9.0/unittests.dll" id="488459ee-d120-d7fc-1652-0d4582274b8e">
      <Execution id="5ff05306-597e-4e96-a69b-549842e4fba6" />
      <TestMethod codeBase="/workspace/src/UnitTests/bin/Debug/net9.0/UnitTests.dll" adapterTypeName="executor://nunit3testexecutor/" className="UnitTests.PelotonTests.PelotonServiceTests" name="GetWorkoutDetailsAsync_Should_EnrichAllWorkouts" />
    </UnitTest>
    <UnitTest name="GetMaxSpeedMetersPerSecond_MaxSpeed_Is_Converted_ForRower(&quot;min/500m&quot;)" storage="/workspace/src/unittests/bin/debug/net9.0/unittests.dll" id="88ea8bc1-64c6-1ed7-dff7-6876c9743dc1">
      <Execution id="92def446-4c18-4937-a086-728f7a0a6993" />
      <TestMethod codeBase="/workspace/src/UnitTests/bin/Debug/net9.0/UnitTests.dll" adapterTypeName="executor://nunit3testexecutor/" className="UnitTests.Conversion.ConverterTests" name="GetMaxSpeedMetersPerSecond_MaxSpeed_Is_Converted_ForRower(&quot;min/500m&quot;)" />
    </UnitTest>
    <UnitTest name="GetConsumerCredentialsAsync_WhenHttpRequestFails_ShouldThrowException" storage="/workspace/src/unittests/bin/debug/net9.0/unittests.dll" id="b70c1bfa-94e6-da8f-8633-1ff1ee7b484a">
      <Execution id="a7dca243-3637-4495-9de5-f7ef018bd310" />
      <TestMethod codeBase="/workspace/src/UnitTests/bin/Debug/net9.0/UnitTests.dll" adapterTypeName="executor://nunit3testexecutor/" className="UnitTests.Garmin.GarminApiClientTests" name="GetConsumerCredentialsAsync_WhenHttpRequestFails_ShouldThrowException" />
    </UnitTest>
    <UnitTest name="GetCustomDeviceInfoAsync_When_LegacyDeviceFile_Fails_And_NoNewSettings_FallsBackToDefaults" storage="/workspace/src/unittests/bin/debug/net9.0/unittests.dll" id="034c6664-ed87-1aef-6400-fd4f2563e44c">
      <Execution id="f24f546b-133b-44ba-ad77-df0f16589a5f" />
      <TestMethod codeBase="/workspace/src/UnitTests/bin/Debug/net9.0/UnitTests.dll" adapterTypeName="executor://nunit3testexecutor/" className="UnitTests.Common.Service.SettingServiceTests" name="GetCustomDeviceInfoAsync_When_LegacyDeviceFile_Fails_And_NoNewSettings_FallsBackToDefaults" />
    </UnitTest>
    <UnitTest name="CompleteMFAAuthAsync_WhenValidCode_ShouldCompleteAuth" storage="/workspace/src/unittests/bin/debug/net9.0/unittests.dll" id="cd12b41f-af21-0e72-d29b-99ed70de03ed">
      <Execution id="f3be649d-fff4-431d-ada2-542b79b98675" />
      <TestMethod codeBase="/workspace/src/UnitTests/bin/Debug/net9.0/UnitTests.dll" adapterTypeName="executor://nunit3testexecutor/" className="UnitTests.Garmin.GarminAuthenticationServiceTests" name="CompleteMFAAuthAsync_WhenValidCode_ShouldCompleteAuth" />
    </UnitTest>
    <UnitTest name="Constructor_WhenDependenciesAreNull_ShouldNotThrow" storage="/workspace/src/unittests/bin/debug/net9.0/unittests.dll" id="fbc32450-3db5-5196-df70-c2c3b3967d88">
      <Execution id="c66b26d9-c8d1-47c8-8e4a-bae153b6e665" />
      <TestMethod codeBase="/workspace/src/UnitTests/bin/Debug/net9.0/UnitTests.dll" adapterTypeName="executor://nunit3testexecutor/" className="UnitTests.Garmin.GarminAuthenticationServiceTests" name="Constructor_WhenDependenciesAreNull_ShouldNotThrow" />
    </UnitTest>
    <UnitTest name="ValidateConfig_WhenUploadEnabled_ShouldValidateCredentials" storage="/workspace/src/unittests/bin/debug/net9.0/unittests.dll" id="8109c158-c3a9-a310-516d-ab350523a443">
      <Execution id="6a7e8faa-00cb-4a0a-a1ce-6756edab6214" />
      <TestMethod codeBase="/workspace/src/UnitTests/bin/Debug/net9.0/UnitTests.dll" adapterTypeName="executor://nunit3testexecutor/" className="UnitTests.Garmin.GarminUploaderTests" name="ValidateConfig_WhenUploadEnabled_ShouldValidateCredentials" />
    </UnitTest>
    <UnitTest name="ConvertDistanceToMetersTest(&quot;ft&quot;)" storage="/workspace/src/unittests/bin/debug/net9.0/unittests.dll" id="93235d72-eee4-13ad-92f8-ea702adf43f7">
      <Execution id="783e4952-a8c3-4bb8-a32b-c68a93c87a56" />
      <TestMethod codeBase="/workspace/src/UnitTests/bin/Debug/net9.0/UnitTests.dll" adapterTypeName="executor://nunit3testexecutor/" className="UnitTests.Conversion.ConverterTests" name="ConvertDistanceToMetersTest(&quot;ft&quot;)" />
    </UnitTest>
    <UnitTest name="Json_WithNullMaxVlaue_Can_Deserialzize_To_Metric" storage="/workspace/src/unittests/bin/debug/net9.0/unittests.dll" id="5531531b-3cdc-85ea-99dc-40236a3fb01d">
      <Execution id="8333758b-40eb-43f8-89bb-33f410a83c30" />
      <TestMethod codeBase="/workspace/src/UnitTests/bin/Debug/net9.0/UnitTests.dll" adapterTypeName="executor://nunit3testexecutor/" className="UnitTests.Common.Dto.Peloton.MetricTests" name="Json_WithNullMaxVlaue_Can_Deserialzize_To_Metric" />
    </UnitTest>
    <UnitTest name="Fit_Converter_Creates_Valid_Fit(&quot;cycling_just_ride&quot;,Class_Targets)" storage="/workspace/src/unittests/bin/debug/net9.0/unittests.dll" id="8d70e33e-8d60-77f4-1f3a-62d733fafa4b">
      <Execution id="f1a14049-ed25-44aa-89d9-0e420ad064e9" />
      <TestMethod codeBase="/workspace/src/UnitTests/bin/Debug/net9.0/UnitTests.dll" adapterTypeName="executor://nunit3testexecutor/" className="UnitTests.Conversion.FitConverterTests" name="Fit_Converter_Creates_Valid_Fit(&quot;cycling_just_ride&quot;,Class_Targets)" />
    </UnitTest>
    <UnitTest name="GetTotalDistanceTest_Distance_Is_Converted_To_Meters(&quot;km&quot;)" storage="/workspace/src/unittests/bin/debug/net9.0/unittests.dll" id="aeff62e9-8176-e437-7449-a9a85dfb783d">
      <Execution id="677284ce-0e80-46a3-a2e6-287166936ce4" />
      <TestMethod codeBase="/workspace/src/UnitTests/bin/Debug/net9.0/UnitTests.dll" adapterTypeName="executor://nunit3testexecutor/" className="UnitTests.Conversion.ConverterTests" name="GetTotalDistanceTest_Distance_Is_Converted_To_Meters(&quot;km&quot;)" />
    </UnitTest>
    <UnitTest name="GetUserMaxHeartRate_NullMetrics_ReturnsNull" storage="/workspace/src/unittests/bin/debug/net9.0/unittests.dll" id="1b1c81ec-4748-1ab4-a634-315a5e08abe0">
      <Execution id="cc19ab26-b6f3-445d-9307-65a86a92182e" />
      <TestMethod codeBase="/workspace/src/UnitTests/bin/Debug/net9.0/UnitTests.dll" adapterTypeName="executor://nunit3testexecutor/" className="UnitTests.Conversion.ConverterTests" name="GetUserMaxHeartRate_NullMetrics_ReturnsNull" />
    </UnitTest>
    <UnitTest name="Fit_Converter_Builds_Valid_DeviceInfoMesg(5,12)" storage="/workspace/src/unittests/bin/debug/net9.0/unittests.dll" id="63256dc5-2444-bcdb-2f15-307be7ebfed3">
      <Execution id="4d6fec97-2ca7-4360-955d-4ab14589f457" />
      <TestMethod codeBase="/workspace/src/UnitTests/bin/Debug/net9.0/UnitTests.dll" adapterTypeName="executor://nunit3testexecutor/" className="UnitTests.Conversion.FitConverterTests" name="Fit_Converter_Builds_Valid_DeviceInfoMesg(5,12)" />
    </UnitTest>
    <UnitTest name="Fit_Converter_Creates_Valid_Fit(&quot;row_bootcamp&quot;,Default)" storage="/workspace/src/unittests/bin/debug/net9.0/unittests.dll" id="7cd229c5-2548-c467-2e74-7fe0bb091375">
      <Execution id="5f51c974-c877-4d01-b5b5-9afe20c6e306" />
      <TestMethod codeBase="/workspace/src/UnitTests/bin/Debug/net9.0/UnitTests.dll" adapterTypeName="executor://nunit3testexecutor/" className="UnitTests.Conversion.FitConverterTests" name="Fit_Converter_Creates_Valid_Fit(&quot;row_bootcamp&quot;,Default)" />
    </UnitTest>
    <UnitTest name="GetOutputSummary_CalorieSlug_ReturnsSummary" storage="/workspace/src/unittests/bin/debug/net9.0/unittests.dll" id="ca2818e9-29c0-46dd-edf8-21d9bbaed850">
      <Execution id="1929537e-904b-45a7-b4d8-afc11cc31022" />
      <TestMethod codeBase="/workspace/src/UnitTests/bin/Debug/net9.0/UnitTests.dll" adapterTypeName="executor://nunit3testexecutor/" className="UnitTests.Conversion.ConverterTests" name="GetOutputSummary_CalorieSlug_ReturnsSummary" />
    </UnitTest>
    <UnitTest name="GetCustomDeviceInfoAsync_Choose_CorrectDevice_For_WorkoutType(Cycling)" storage="/workspace/src/unittests/bin/debug/net9.0/unittests.dll" id="47acaf49-109d-c29f-0b5f-3e98c6129300">
      <Execution id="0e97c7ea-4c2c-48f6-99b4-eed30f903eaa" />
      <TestMethod codeBase="/workspace/src/UnitTests/bin/Debug/net9.0/UnitTests.dll" adapterTypeName="executor://nunit3testexecutor/" className="UnitTests.Common.Service.SettingServiceTests" name="GetCustomDeviceInfoAsync_Choose_CorrectDevice_For_WorkoutType(Cycling)" />
    </UnitTest>
    <UnitTest name="ValidateConfig_WhenUploadDisabled_ShouldNotValidateCredentials" storage="/workspace/src/unittests/bin/debug/net9.0/unittests.dll" id="15d8f164-ed9b-0afc-af0e-42874a05e947">
      <Execution id="82639c25-eaa0-4964-97f9-d122a8acbdb6" />
      <TestMethod codeBase="/workspace/src/UnitTests/bin/Debug/net9.0/UnitTests.dll" adapterTypeName="executor://nunit3testexecutor/" className="UnitTests.Garmin.GarminUploaderTests" name="ValidateConfig_WhenUploadDisabled_ShouldNotValidateCredentials" />
    </UnitTest>
    <UnitTest name="GetWorkoutType_Should_Map_Correctly(Meditation,True)" storage="/workspace/src/unittests/bin/debug/net9.0/unittests.dll" id="4de5a3ab-393d-8d27-6e98-fe3a6c94c715">
      <Execution id="b8ed0a7d-f8f1-48c2-91d7-5ddcc5904186" />
      <TestMethod codeBase="/workspace/src/UnitTests/bin/Debug/net9.0/UnitTests.dll" adapterTypeName="executor://nunit3testexecutor/" className="UnitTests.Common.Dto.P2GWorkoutTests" name="GetWorkoutType_Should_Map_Correctly(Meditation,True)" />
    </UnitTest>
    <UnitTest name="GetTitle_Should_ReplaceInvalidChars(&quot;My:Title&quot;,&quot;Some:Instructor&quot;)" storage="/workspace/src/unittests/bin/debug/net9.0/unittests.dll" id="d8d0fb80-4630-f911-4fbb-f279e3c0cfe1">
      <Execution id="c5fdd60b-c97c-4086-a2d0-cbcd4432d5f1" />
      <TestMethod codeBase="/workspace/src/UnitTests/bin/Debug/net9.0/UnitTests.dll" adapterTypeName="executor://nunit3testexecutor/" className="UnitTests.Common.WorkoutHelperTests" name="GetTitle_Should_ReplaceInvalidChars(&quot;My:Title&quot;,&quot;Some:Instructor&quot;)" />
    </UnitTest>
    <UnitTest name="CombineMetricData_When_Metrics_Is_Null_SkipsEmpty" storage="/workspace/src/unittests/bin/debug/net9.0/unittests.dll" id="3d20861b-d0b1-5b12-a559-4328bdcf8447">
      <Execution id="3d1303f4-c00c-4964-855b-133e0ad3f89d" />
      <TestMethod codeBase="/workspace/src/UnitTests/bin/Debug/net9.0/UnitTests.dll" adapterTypeName="executor://nunit3testexecutor/" className="UnitTests.Sync.StackedWorkoutsCalculatorTests" name="CombineMetricData_When_Metrics_Is_Null_SkipsEmpty" />
    </UnitTest>
    <UnitTest name="GetWorkoutType_Should_Map_Correctly(Cardio,False)" storage="/workspace/src/unittests/bin/debug/net9.0/unittests.dll" id="2a9f7fbb-1357-fa53-4ff4-d260cac31c15">
      <Execution id="0acb2721-1721-491e-ad84-54fe2835caf9" />
      <TestMethod codeBase="/workspace/src/UnitTests/bin/Debug/net9.0/UnitTests.dll" adapterTypeName="executor://nunit3testexecutor/" className="UnitTests.Common.Dto.P2GWorkoutTests" name="GetWorkoutType_Should_Map_Correctly(Cardio,False)" />
    </UnitTest>
    <UnitTest name="CombineLocationData_Calculates_Correctly" storage="/workspace/src/unittests/bin/debug/net9.0/unittests.dll" id="4544cee2-8917-8868-ee21-101be734537c">
      <Execution id="4845f893-c116-4f44-a3e6-1aa0ff8b4b2c" />
      <TestMethod codeBase="/workspace/src/UnitTests/bin/Debug/net9.0/UnitTests.dll" adapterTypeName="executor://nunit3testexecutor/" className="UnitTests.Sync.StackedWorkoutsCalculatorTests" name="CombineLocationData_Calculates_Correctly" />
    </UnitTest>
    <UnitTest name="GetWorkoutDetailsAsync_Should_Only_Enrich_ValidRideIds(null)" storage="/workspace/src/unittests/bin/debug/net9.0/unittests.dll" id="bf5d0f26-4b57-cc96-473d-c81ac6338dbd">
      <Execution id="4d7f9d65-d02f-417a-9511-ebf6a3a3bb07" />
      <TestMethod codeBase="/workspace/src/UnitTests/bin/Debug/net9.0/UnitTests.dll" adapterTypeName="executor://nunit3testexecutor/" className="UnitTests.PelotonTests.PelotonServiceTests" name="GetWorkoutDetailsAsync_Should_Only_Enrich_ValidRideIds(null)" />
    </UnitTest>
    <UnitTest name="GetCustomDeviceInfoAsync_Choose_CorrectDevice_For_WorkoutType(OutdoorCycling)" storage="/workspace/src/unittests/bin/debug/net9.0/unittests.dll" id="3d8547d6-8c33-ee82-ce77-fd4ee3e3fb05">
      <Execution id="c16b25c4-2786-4c75-ac33-ad9736249aa2" />
      <TestMethod codeBase="/workspace/src/UnitTests/bin/Debug/net9.0/UnitTests.dll" adapterTypeName="executor://nunit3testexecutor/" className="UnitTests.Common.Service.SettingServiceTests" name="GetCustomDeviceInfoAsync_Choose_CorrectDevice_For_WorkoutType(OutdoorCycling)" />
    </UnitTest>
    <UnitTest name="Fit_Converter_Creates_Valid_Fit(&quot;meditation_workout&quot;,Class_Segments)" storage="/workspace/src/unittests/bin/debug/net9.0/unittests.dll" id="56d0afaf-76a6-7c86-ed21-bf77bbeda613">
      <Execution id="071ebda8-c214-4ce3-b10d-78b5625cae75" />
      <TestMethod codeBase="/workspace/src/UnitTests/bin/Debug/net9.0/UnitTests.dll" adapterTypeName="executor://nunit3testexecutor/" className="UnitTests.Conversion.FitConverterTests" name="Fit_Converter_Creates_Valid_Fit(&quot;meditation_workout&quot;,Class_Segments)" />
    </UnitTest>
    <UnitTest name="UpdatePelotonSettingsAsync_With_NullRequest_ReturnsError" storage="/workspace/src/unittests/bin/debug/net9.0/unittests.dll" id="b8aad2c7-2eba-e5db-6418-6d64439beb70">
      <Execution id="90746b33-3db6-4fbb-8b72-414fe8c50296" />
      <TestMethod codeBase="/workspace/src/UnitTests/bin/Debug/net9.0/UnitTests.dll" adapterTypeName="executor://nunit3testexecutor/" className="UnitTests.Api.Service.SettingsUpdaterServiceTests" name="UpdatePelotonSettingsAsync_With_NullRequest_ReturnsError" />
    </UnitTest>
    <UnitTest name="GetMaxSpeedMetersPerSecond_MaxSpeed_Is_Converted(&quot;ft&quot;)" storage="/workspace/src/unittests/bin/debug/net9.0/unittests.dll" id="63862178-9990-7cdb-ac9b-379cf4160859">
      <Execution id="9642bded-ba32-4d4c-b2fd-1fdf3bf3effc" />
      <TestMethod codeBase="/workspace/src/UnitTests/bin/Debug/net9.0/UnitTests.dll" adapterTypeName="executor://nunit3testexecutor/" className="UnitTests.Conversion.ConverterTests" name="GetMaxSpeedMetersPerSecond_MaxSpeed_Is_Converted(&quot;ft&quot;)" />
    </UnitTest>
    <UnitTest name="GetCustomDeviceInfoAsync_Choose_CorrectDevice_For_WorkoutType(Rowing)" storage="/workspace/src/unittests/bin/debug/net9.0/unittests.dll" id="aebb9ddd-1d97-2234-36d0-61927d26000e">
      <Execution id="782a89b4-5b44-49c1-9b5d-ecbdbad11823" />
      <TestMethod codeBase="/workspace/src/UnitTests/bin/Debug/net9.0/UnitTests.dll" adapterTypeName="executor://nunit3testexecutor/" className="UnitTests.Common.Service.SettingServiceTests" name="GetCustomDeviceInfoAsync_Choose_CorrectDevice_For_WorkoutType(Rowing)" />
    </UnitTest>
    <UnitTest name="UpdatePelotonSettingsAsync_With_Invalid_NumWorkoutsToDownload_And_PollingEnabled_ReturnsError" storage="/workspace/src/unittests/bin/debug/net9.0/unittests.dll" id="33a938f8-788a-de06-241a-889d0de1de0c">
      <Execution id="b32d493b-86b9-4156-83b8-f405d033504f" />
      <TestMethod codeBase="/workspace/src/UnitTests/bin/Debug/net9.0/UnitTests.dll" adapterTypeName="executor://nunit3testexecutor/" className="UnitTests.Api.Service.SettingsUpdaterServiceTests" name="UpdatePelotonSettingsAsync_With_Invalid_NumWorkoutsToDownload_And_PollingEnabled_ReturnsError" />
    </UnitTest>
    <UnitTest name="Converter_Should_Provide_Formt_of_FIT" storage="/workspace/src/unittests/bin/debug/net9.0/unittests.dll" id="caaa3f69-f586-8e5d-689c-9d77330d313a">
      <Execution id="fa2db9b8-0e71-49db-a52a-161733c669b3" />
      <TestMethod codeBase="/workspace/src/UnitTests/bin/Debug/net9.0/UnitTests.dll" adapterTypeName="executor://nunit3testexecutor/" className="UnitTests.Conversion.FitConverterTests" name="Converter_Should_Provide_Formt_of_FIT" />
    </UnitTest>
    <UnitTest name="SignInAsync_WhenGetCsrfTokenFails_ShouldThrowAuthenticationError" storage="/workspace/src/unittests/bin/debug/net9.0/unittests.dll" id="0029f72a-8851-6727-0ba3-2f8c2439bbd9">
      <Execution id="acbe9f2d-8262-47b9-8274-c1746cfbdb65" />
      <TestMethod codeBase="/workspace/src/UnitTests/bin/Debug/net9.0/UnitTests.dll" adapterTypeName="executor://nunit3testexecutor/" className="UnitTests.Garmin.GarminAuthenticationServiceTests" name="SignInAsync_WhenGetCsrfTokenFails_ShouldThrowAuthenticationError" />
    </UnitTest>
    <UnitTest name="GetGarminAuthenticationAsync_WhenNoTokens_ShouldSignIn" storage="/workspace/src/unittests/bin/debug/net9.0/unittests.dll" id="d7a6f086-e375-76ac-3b77-3efb22d2def2">
      <Execution id="9f694849-10ef-4c3d-8e57-8f5566ea930e" />
      <TestMethod codeBase="/workspace/src/UnitTests/bin/Debug/net9.0/UnitTests.dll" adapterTypeName="executor://nunit3testexecutor/" className="UnitTests.Garmin.GarminAuthenticationServiceTests" name="GetGarminAuthenticationAsync_WhenNoTokens_ShouldSignIn" />
    </UnitTest>
    <UnitTest name="ValidateConfig_InvalidPort_Throws(0)" storage="/workspace/src/unittests/bin/debug/net9.0/unittests.dll" id="ffebe071-ab50-b14b-0678-517287e48214">
      <Execution id="e9b08874-e289-4a77-9b90-aa8a74fa975d" />
      <TestMethod codeBase="/workspace/src/UnitTests/bin/Debug/net9.0/UnitTests.dll" adapterTypeName="executor://nunit3testexecutor/" className="UnitTests.Common.TracingTests" name="ValidateConfig_InvalidPort_Throws(0)" />
    </UnitTest>
    <UnitTest name="GetStackedWorkouts_When_OneWorkout_Returns_One" storage="/workspace/src/unittests/bin/debug/net9.0/unittests.dll" id="351c592c-fc72-5a82-9817-d79a90df7614">
      <Execution id="f1c294c8-6fc0-4a8f-9a54-15106f09e013" />
      <TestMethod codeBase="/workspace/src/UnitTests/bin/Debug/net9.0/UnitTests.dll" adapterTypeName="executor://nunit3testexecutor/" className="UnitTests.Sync.StackedWorkoutsCalculatorTests" name="GetStackedWorkouts_When_OneWorkout_Returns_One" />
    </UnitTest>
    <UnitTest name="SyncAsync_When_SyncSuccessful_CreatedResult_Returned" storage="/workspace/src/unittests/bin/debug/net9.0/unittests.dll" id="66af6f1d-987a-6930-1999-0967188f94d7">
      <Execution id="533128f1-8fb4-4fec-991f-418ee43b8509" />
      <TestMethod codeBase="/workspace/src/UnitTests/bin/Debug/net9.0/UnitTests.dll" adapterTypeName="executor://nunit3testexecutor/" className="UnitTests.Api.Controllers.SyncControllerTests" name="SyncAsync_When_SyncSuccessful_CreatedResult_Returned" />
    </UnitTest>
    <UnitTest name="PelotonPost_With_PasswordChange_Should_Validate_Characters(&quot;a\\ads\\adf&quot;)" storage="/workspace/src/unittests/bin/debug/net9.0/unittests.dll" id="b85c7baf-4670-5ecd-1ba1-7b3cc41cf1dd">
      <Execution id="f7d1bef5-d392-4bce-9508-0fc2d6e2d7a2" />
      <TestMethod codeBase="/workspace/src/UnitTests/bin/Debug/net9.0/UnitTests.dll" adapterTypeName="executor://nunit3testexecutor/" className="UnitTests.Api.Service.SettingsUpdaterServiceTests" name="PelotonPost_With_PasswordChange_Should_Validate_Characters(&quot;a\\ads\\adf&quot;)" />
    </UnitTest>
    <UnitTest name="GetAsync_When_Service_Throws_PelotonAuthenticationException_Returns_BadRequest" storage="/workspace/src/unittests/bin/debug/net9.0/unittests.dll" id="74b68762-823f-575b-a235-3b1eb9197fe7">
      <Execution id="ad94cee0-676e-4ae8-942d-cfc37c13d622" />
      <TestMethod codeBase="/workspace/src/UnitTests/bin/Debug/net9.0/UnitTests.dll" adapterTypeName="executor://nunit3testexecutor/" className="UnitTests.Api.Controllers.PelotonWorkoutsControllerTests" name="GetAsync_When_Service_Throws_PelotonAuthenticationException_Returns_BadRequest" />
    </UnitTest>
    <UnitTest name="GetCyclingFtp_Should_PickCorrectValue(Workout { Id = , Status = , Title = , Name = , Created_At = 0, Fitness_Discipline = None, Is_Outdoor = False, Ride = , End_Time = , Start_Time = 0, Total_Work = 0, Ftp_Info = Common.Dto.Peloton.FTPInfo, Movement_Tracker_Data =  },UserData { Cycling_Ftp_Source = , Cycling_Workout_Ftp = 0, Cycling_Ftp_Workout_Id = , Cycling_Ftp = 0, Estimated_Cycling_Ftp = 0, Default_Max_Heart_Rate = 0, Customized_Max_Heart_Rate = 0, Weight = 0 },ushort.MinValue)" storage="/workspace/src/unittests/bin/debug/net9.0/unittests.dll" id="8070e7f7-7d02-726a-bebc-3ef7eedf5c14">
      <Execution id="00e9d9dd-20f6-4acb-9c55-d67c7794fd04" />
      <TestMethod codeBase="/workspace/src/UnitTests/bin/Debug/net9.0/UnitTests.dll" adapterTypeName="executor://nunit3testexecutor/" className="UnitTests.Conversion.ConverterTests" name="GetCyclingFtp_Should_PickCorrectValue(Workout { Id = , Status = , Title = , Name = , Created_At = 0, Fitness_Discipline = None, Is_Outdoor = False, Ride = , End_Time = , Start_Time = 0, Total_Work = 0, Ftp_Info = Common.Dto.Peloton.FTPInfo, Movement_Tracker_Data =  },UserData { Cycling_Ftp_Source = , Cycling_Workout_Ftp = 0, Cycling_Ftp_Workout_Id = , Cycling_Ftp = 0, Estimated_Cycling_Ftp = 0, Default_Max_Heart_Rate = 0, Customized_Max_Heart_Rate = 0, Weight = 0 },ushort.MinValue)" />
    </UnitTest>
    <UnitTest name="IgnoredPelotonExercises_ShouldContainExpectedExercises" storage="/workspace/src/unittests/bin/debug/net9.0/unittests.dll" id="e6378227-686b-8b9c-533e-6cebe496380d">
      <Execution id="2d12d66b-d8df-464f-8a49-0558f3f04ec3" />
      <TestMethod codeBase="/workspace/src/UnitTests/bin/Debug/net9.0/UnitTests.dll" adapterTypeName="executor://nunit3testexecutor/" className="UnitTests.Conversion.ExerciseMappingTests" name="IgnoredPelotonExercises_ShouldContainExpectedExercises" />
    </UnitTest>
    <UnitTest name="GetEndTimeTest" storage="/workspace/src/unittests/bin/debug/net9.0/unittests.dll" id="1ee5a8be-7fbf-b2a3-f39d-41d7dc6a8265">
      <Execution id="83722ba5-3097-4ca2-a21b-a54f85d7f007" />
      <TestMethod codeBase="/workspace/src/UnitTests/bin/Debug/net9.0/UnitTests.dll" adapterTypeName="executor://nunit3testexecutor/" className="UnitTests.Conversion.ConverterTests" name="GetEndTimeTest" />
    </UnitTest>
    <UnitTest name="GetAvgSpeedMetersPerSecond_MaxSpeed_Is_Converted(&quot;m&quot;)" storage="/workspace/src/unittests/bin/debug/net9.0/unittests.dll" id="1b490480-fb95-34e0-b8f3-6d49e41cd490">
      <Execution id="c63c6ed4-c45f-42d4-8bd1-21d6272888dd" />
      <TestMethod codeBase="/workspace/src/UnitTests/bin/Debug/net9.0/UnitTests.dll" adapterTypeName="executor://nunit3testexecutor/" className="UnitTests.Conversion.ConverterTests" name="GetAvgSpeedMetersPerSecond_MaxSpeed_Is_Converted(&quot;m&quot;)" />
    </UnitTest>
    <UnitTest name="GetAllAsync_Honors_WorkoutStatusFilter_Flag(Completed)" storage="/workspace/src/unittests/bin/debug/net9.0/unittests.dll" id="0c199377-2588-d3ea-29a5-336cfe047b76">
      <Execution id="b78d9102-9711-4d41-90d2-ecd480db38b0" />
      <TestMethod codeBase="/workspace/src/UnitTests/bin/Debug/net9.0/UnitTests.dll" adapterTypeName="executor://nunit3testexecutor/" className="UnitTests.Api.Controllers.PelotonWorkoutsControllerTests" name="GetAllAsync_Honors_WorkoutStatusFilter_Flag(Completed)" />
    </UnitTest>
    <UnitTest name="SendMfaCodeAsync_WhenInvalidCode_ShouldThrowException" storage="/workspace/src/unittests/bin/debug/net9.0/unittests.dll" id="bba5c36e-9b94-e7a8-f0cc-f969ff0bc7b3">
      <Execution id="94c4eced-f443-484d-8198-8fcf5f3b214c" />
      <TestMethod codeBase="/workspace/src/UnitTests/bin/Debug/net9.0/UnitTests.dll" adapterTypeName="executor://nunit3testexecutor/" className="UnitTests.Garmin.GarminApiClientTests" name="SendMfaCodeAsync_WhenInvalidCode_ShouldThrowException" />
    </UnitTest>
    <UnitTest name="UploadToGarminAsync_WhenNoFilesToUpload_ShouldReturnEarlyWithoutAuthentication" storage="/workspace/src/unittests/bin/debug/net9.0/unittests.dll" id="e0cfa7c3-0342-5af7-1497-7d11fdf8076c">
      <Execution id="911e0721-671f-41d0-a097-6374e1634dd1" />
      <TestMethod codeBase="/workspace/src/UnitTests/bin/Debug/net9.0/UnitTests.dll" adapterTypeName="executor://nunit3testexecutor/" className="UnitTests.Garmin.GarminUploaderTests" name="UploadToGarminAsync_WhenNoFilesToUpload_ShouldReturnEarlyWithoutAuthentication" />
    </UnitTest>
    <UnitTest name="ShouldConvert_ShouldOnly_Support_TCX(False,True,False)" storage="/workspace/src/unittests/bin/debug/net9.0/unittests.dll" id="37ef04ad-f698-694b-d165-3e43c8009b4c">
      <Execution id="3f060d55-ef5d-4ea5-82d5-dd7dd7f3011b" />
      <TestMethod codeBase="/workspace/src/UnitTests/bin/Debug/net9.0/UnitTests.dll" adapterTypeName="executor://nunit3testexecutor/" className="UnitTests.Conversion.TcxConverterTests" name="ShouldConvert_ShouldOnly_Support_TCX(False,True,False)" />
    </UnitTest>
    <UnitTest name="GetCustomDeviceInfoAsync_Choose_CorrectDevice_For_WorkoutType(None)" storage="/workspace/src/unittests/bin/debug/net9.0/unittests.dll" id="5f6a6389-07d6-acb2-15d5-0ce5fd448a5f">
      <Execution id="53406cfd-71a2-41d4-943c-bfc60200ebb9" />
      <TestMethod codeBase="/workspace/src/UnitTests/bin/Debug/net9.0/UnitTests.dll" adapterTypeName="executor://nunit3testexecutor/" className="UnitTests.Common.Service.SettingServiceTests" name="GetCustomDeviceInfoAsync_Choose_CorrectDevice_For_WorkoutType(None)" />
    </UnitTest>
    <UnitTest name="GetWorkoutType_Should_Map_Correctly(Caesar,True)" storage="/workspace/src/unittests/bin/debug/net9.0/unittests.dll" id="1a5feea8-36a4-66bc-8126-a667fcdb403e">
      <Execution id="f343d695-28f0-4fd2-8f14-c63610d4d111" />
      <TestMethod codeBase="/workspace/src/UnitTests/bin/Debug/net9.0/UnitTests.dll" adapterTypeName="executor://nunit3testexecutor/" className="UnitTests.Common.Dto.P2GWorkoutTests" name="GetWorkoutType_Should_Map_Correctly(Caesar,True)" />
    </UnitTest>
    <UnitTest name="GetTotalDistanceTest_NoDistanceSlug_Should_Return0" storage="/workspace/src/unittests/bin/debug/net9.0/unittests.dll" id="ba6dc699-f2a6-3e2a-a2d0-2b8a2fe9e579">
      <Execution id="2c7fd95d-4e55-4271-bffa-eac923279a61" />
      <TestMethod codeBase="/workspace/src/UnitTests/bin/Debug/net9.0/UnitTests.dll" adapterTypeName="executor://nunit3testexecutor/" className="UnitTests.Conversion.ConverterTests" name="GetTotalDistanceTest_NoDistanceSlug_Should_Return0" />
    </UnitTest>
    <UnitTest name="RowingWorkout_CanBe_Deserialized_To_Workout" storage="/workspace/src/unittests/bin/debug/net9.0/unittests.dll" id="bd753835-4ced-3abd-66ef-28cdb1c1718b">
      <Execution id="786070f3-f736-4d68-81c6-9ce9c4d207e5" />
      <TestMethod codeBase="/workspace/src/UnitTests/bin/Debug/net9.0/UnitTests.dll" adapterTypeName="executor://nunit3testexecutor/" className="UnitTests.PelotonTests.ApiClientTests" name="RowingWorkout_CanBe_Deserialized_To_Workout" />
    </UnitTest>
    <UnitTest name="GetOAuth2TokenAsync_WhenOAuth1TokenInvalid_ShouldThrowException" storage="/workspace/src/unittests/bin/debug/net9.0/unittests.dll" id="4d66612e-0dae-f6e0-6b25-f37ccd8acd95">
      <Execution id="8c9b3433-fcb5-44ff-9c07-4709818b91c0" />
      <TestMethod codeBase="/workspace/src/UnitTests/bin/Debug/net9.0/UnitTests.dll" adapterTypeName="executor://nunit3testexecutor/" className="UnitTests.Garmin.GarminApiClientTests" name="GetOAuth2TokenAsync_WhenOAuth1TokenInvalid_ShouldThrowException" />
    </UnitTest>
    <UnitTest name="GetCalorieSummary_ShouldPickCorrectValue(null,null)" storage="/workspace/src/unittests/bin/debug/net9.0/unittests.dll" id="42f03ffa-f437-f05c-45e6-84b2cd5c6369">
      <Execution id="685d070d-b854-4342-ac5b-7ea8a5ddfbb5" />
      <TestMethod codeBase="/workspace/src/UnitTests/bin/Debug/net9.0/UnitTests.dll" adapterTypeName="executor://nunit3testexecutor/" className="UnitTests.Conversion.ConverterTests" name="GetCalorieSummary_ShouldPickCorrectValue(null,null)" />
    </UnitTest>
    <UnitTest name="PagingResponseBase_Calculates_HasPrevious_Correctly(0)" storage="/workspace/src/unittests/bin/debug/net9.0/unittests.dll" id="8716127c-0e51-41f8-96b4-cad13ac9e6a4">
      <Execution id="14a0217d-4de9-4c15-ba81-c7799fbc11af" />
      <TestMethod codeBase="/workspace/src/UnitTests/bin/Debug/net9.0/UnitTests.dll" adapterTypeName="executor://nunit3testexecutor/" className="UnitTests.Common.Api.PagingTests" name="PagingResponseBase_Calculates_HasPrevious_Correctly(0)" />
    </UnitTest>
    <UnitTest name="GetWorkoutType_Should_Map_Correctly(Cycling,True)" storage="/workspace/src/unittests/bin/debug/net9.0/unittests.dll" id="ca884c7e-f0a7-5df6-48da-a7247125fe65">
      <Execution id="b558f18b-aeee-4077-80b2-7c3d0d9eb627" />
      <TestMethod codeBase="/workspace/src/UnitTests/bin/Debug/net9.0/UnitTests.dll" adapterTypeName="executor://nunit3testexecutor/" className="UnitTests.Common.Dto.P2GWorkoutTests" name="GetWorkoutType_Should_Map_Correctly(Cycling,True)" />
    </UnitTest>
    <UnitTest name="PelotonPost_With_PasswordChange_Should_Validate_Characters(&quot;valid&quot;)" storage="/workspace/src/unittests/bin/debug/net9.0/unittests.dll" id="6ebc6db2-aa69-5a98-6493-31ef150933b1">
      <Execution id="1bed876c-5899-47ba-a99b-19b673198b06" />
      <TestMethod codeBase="/workspace/src/UnitTests/bin/Debug/net9.0/UnitTests.dll" adapterTypeName="executor://nunit3testexecutor/" className="UnitTests.Api.Service.SettingsUpdaterServiceTests" name="PelotonPost_With_PasswordChange_Should_Validate_Characters(&quot;valid&quot;)" />
    </UnitTest>
    <UnitTest name="Fit_Converter_Builds_Valid_DeviceInfoMesg(5,0)" storage="/workspace/src/unittests/bin/debug/net9.0/unittests.dll" id="1f11f397-ee55-128c-cbfe-d24a76ba64fc">
      <Execution id="2f5c7126-352a-4ef0-94ef-ce14dd630ce9" />
      <TestMethod codeBase="/workspace/src/UnitTests/bin/Debug/net9.0/UnitTests.dll" adapterTypeName="executor://nunit3testexecutor/" className="UnitTests.Conversion.FitConverterTests" name="Fit_Converter_Builds_Valid_DeviceInfoMesg(5,0)" />
    </UnitTest>
    <UnitTest name="GarminPost_With_PasswordChange_Should_Validate_Characters(&quot;valid&quot;)" storage="/workspace/src/unittests/bin/debug/net9.0/unittests.dll" id="84af200d-9d36-ed38-e025-4b0e8e917d1d">
      <Execution id="588c7f07-4fc1-4bd7-a0e6-f515a5346ccb" />
      <TestMethod codeBase="/workspace/src/UnitTests/bin/Debug/net9.0/UnitTests.dll" adapterTypeName="executor://nunit3testexecutor/" className="UnitTests.Api.Service.SettingsUpdaterServiceTests" name="GarminPost_With_PasswordChange_Should_Validate_Characters(&quot;valid&quot;)" />
    </UnitTest>
    <UnitTest name="SyncAsync_Should_ExcludeInProgress" storage="/workspace/src/unittests/bin/debug/net9.0/unittests.dll" id="c0b2bc39-7ebb-c64d-db6c-e437ca6d26eb">
      <Execution id="edf5b571-6360-4317-9b39-fe65f221ec66" />
      <TestMethod codeBase="/workspace/src/UnitTests/bin/Debug/net9.0/UnitTests.dll" adapterTypeName="executor://nunit3testexecutor/" className="UnitTests.Sync.SyncServiceTests" name="SyncAsync_Should_ExcludeInProgress" />
    </UnitTest>
    <UnitTest name="StrengthExerciseMappings_ShouldHaveSpecificExercises" storage="/workspace/src/unittests/bin/debug/net9.0/unittests.dll" id="8f5bf70f-be13-6e2e-64a8-60d4a77e8f0b">
      <Execution id="45d66dc5-d664-4cec-8003-2b3f557a0b0a" />
      <TestMethod codeBase="/workspace/src/UnitTests/bin/Debug/net9.0/UnitTests.dll" adapterTypeName="executor://nunit3testexecutor/" className="UnitTests.Conversion.ExerciseMappingTests" name="StrengthExerciseMappings_ShouldHaveSpecificExercises" />
    </UnitTest>
    <UnitTest name="GetCustomDeviceInfoAsync_Choose_CorrectDevice_For_WorkoutType(Stretching)" storage="/workspace/src/unittests/bin/debug/net9.0/unittests.dll" id="299f546a-84bb-aad8-e7a0-66ce90d400fc">
      <Execution id="93708c8f-9878-4556-ae95-50bf55cde7cc" />
      <TestMethod codeBase="/workspace/src/UnitTests/bin/Debug/net9.0/UnitTests.dll" adapterTypeName="executor://nunit3testexecutor/" className="UnitTests.Common.Service.SettingServiceTests" name="GetCustomDeviceInfoAsync_Choose_CorrectDevice_For_WorkoutType(Stretching)" />
    </UnitTest>
    <UnitTest name="Fit_Converter_Creates_Valid_Fit(&quot;cycling_workout&quot;,Default)" storage="/workspace/src/unittests/bin/debug/net9.0/unittests.dll" id="2bb9876a-467f-f530-c09d-3a5b987e6e41">
      <Execution id="9b80316a-3646-40da-9146-b6d96c99c580" />
      <TestMethod codeBase="/workspace/src/UnitTests/bin/Debug/net9.0/UnitTests.dll" adapterTypeName="executor://nunit3testexecutor/" className="UnitTests.Conversion.FitConverterTests" name="Fit_Converter_Creates_Valid_Fit(&quot;cycling_workout&quot;,Default)" />
    </UnitTest>
    <UnitTest name="CombineLocationData_When_WorkoutSamples_Is_Null_SkipsEmpty" storage="/workspace/src/unittests/bin/debug/net9.0/unittests.dll" id="325e81e6-f19d-b36c-9db6-e10f9c478eae">
      <Execution id="e6dea11d-bb0a-4868-9b99-6cb0b5248a9d" />
      <TestMethod codeBase="/workspace/src/UnitTests/bin/Debug/net9.0/UnitTests.dll" adapterTypeName="executor://nunit3testexecutor/" className="UnitTests.Sync.StackedWorkoutsCalculatorTests" name="CombineLocationData_When_WorkoutSamples_Is_Null_SkipsEmpty" />
    </UnitTest>
    <UnitTest name="GetOAuth2TokenAsync_ShouldExchangeOAuth1ForOAuth2" storage="/workspace/src/unittests/bin/debug/net9.0/unittests.dll" id="ee24efa4-f2cd-2850-47c0-4f8efb4efbda">
      <Execution id="3a821851-e44f-4ede-97f0-c73fc6ca41b3" />
      <TestMethod codeBase="/workspace/src/UnitTests/bin/Debug/net9.0/UnitTests.dll" adapterTypeName="executor://nunit3testexecutor/" className="UnitTests.Garmin.GarminApiClientTests" name="GetOAuth2TokenAsync_ShouldExchangeOAuth1ForOAuth2" />
    </UnitTest>
    <UnitTest name="Fit_Converter_Creates_Valid_Fit(&quot;walking_outdoor_01&quot;,Class_Segments)" storage="/workspace/src/unittests/bin/debug/net9.0/unittests.dll" id="71aea8d5-c18d-517a-2cea-5643906a4fa3">
      <Execution id="e73ca624-5fbc-4636-b938-2ec824f4412d" />
      <TestMethod codeBase="/workspace/src/UnitTests/bin/Debug/net9.0/UnitTests.dll" adapterTypeName="executor://nunit3testexecutor/" className="UnitTests.Conversion.FitConverterTests" name="Fit_Converter_Creates_Valid_Fit(&quot;walking_outdoor_01&quot;,Class_Segments)" />
    </UnitTest>
    <UnitTest name="PelotonPost_With_PasswordChange_Should_Validate_Characters(&quot;a\\a&quot;)" storage="/workspace/src/unittests/bin/debug/net9.0/unittests.dll" id="fbcd2a36-e717-107e-8eb0-27790465b365">
      <Execution id="3674c44f-6913-42f6-ae8d-82c07f8a38b1" />
      <TestMethod codeBase="/workspace/src/UnitTests/bin/Debug/net9.0/UnitTests.dll" adapterTypeName="executor://nunit3testexecutor/" className="UnitTests.Api.Service.SettingsUpdaterServiceTests" name="PelotonPost_With_PasswordChange_Should_Validate_Characters(&quot;a\\a&quot;)" />
    </UnitTest>
    <UnitTest name="GetExercisesTrackedByMovementTracker_WhenNoData(Workout { Id = , Status = , Title = , Name = , Created_At = 0, Fitness_Discipline = None, Is_Outdoor = False, Ride = , End_Time = , Start_Time = 0, Total_Work = 0, Ftp_Info = , Movement_Tracker_Data = MovementTrackerData { Completed_Movements_Summary_Data = CompletedMovementsSummaryData { Repetition_Summary_Data =  } } })" storage="/workspace/src/unittests/bin/debug/net9.0/unittests.dll" id="158d33c8-f8b3-d476-4077-60af83bd7d25">
      <Execution id="eb915c82-dd05-4321-9332-9444213a5a3d" />
      <TestMethod codeBase="/workspace/src/UnitTests/bin/Debug/net9.0/UnitTests.dll" adapterTypeName="executor://nunit3testexecutor/" className="UnitTests.PelotonTests.P2GWorkoutExerciseMapperTests" name="GetExercisesTrackedByMovementTracker_WhenNoData(Workout { Id = , Status = , Title = , Name = , Created_At = 0, Fitness_Discipline = None, Is_Outdoor = False, Ride = , End_Time = , Start_Time = 0, Total_Work = 0, Ftp_Info = , Movement_Tracker_Data = MovementTrackerData { Completed_Movements_Summary_Data = CompletedMovementsSummaryData { Repetition_Summary_Data =  } } })" />
    </UnitTest>
    <UnitTest name="GetCyclingFtp_Should_PickCorrectValue(null,UserData { Cycling_Ftp_Source = Ftp_Workout_Source, Cycling_Workout_Ftp = 100, Cycling_Ftp_Workout_Id = , Cycling_Ftp = 1, Estimated_Cycling_Ftp = 3, Default_Max_Heart_Rate = 0, Customized_Max_Heart_Rate = 0, Weight = 0 },100)" storage="/workspace/src/unittests/bin/debug/net9.0/unittests.dll" id="aaac0e7d-5f4a-069f-757e-76df0280cff4">
      <Execution id="e8fec28c-a33d-4f07-926b-bb1e541b0baa" />
      <TestMethod codeBase="/workspace/src/UnitTests/bin/Debug/net9.0/UnitTests.dll" adapterTypeName="executor://nunit3testexecutor/" className="UnitTests.Conversion.ConverterTests" name="GetCyclingFtp_Should_PickCorrectValue(null,UserData { Cycling_Ftp_Source = Ftp_Workout_Source, Cycling_Workout_Ftp = 100, Cycling_Ftp_Workout_Id = , Cycling_Ftp = 1, Estimated_Cycling_Ftp = 3, Default_Max_Heart_Rate = 0, Customized_Max_Heart_Rate = 0, Weight = 0 },100)" />
    </UnitTest>
    <UnitTest name="Json_Can_Deserialzize_To_Metric" storage="/workspace/src/unittests/bin/debug/net9.0/unittests.dll" id="679ffb1f-722e-7511-f018-537de05ea402">
      <Execution id="470969d9-ef50-4b35-ad99-66f63029eaa0" />
      <TestMethod codeBase="/workspace/src/UnitTests/bin/Debug/net9.0/UnitTests.dll" adapterTypeName="executor://nunit3testexecutor/" className="UnitTests.Common.Dto.Peloton.MetricTests" name="Json_Can_Deserialzize_To_Metric" />
    </UnitTest>
    <UnitTest name="GetWorkoutType_Should_Map_Correctly(Meditation,False)" storage="/workspace/src/unittests/bin/debug/net9.0/unittests.dll" id="6e4b6c2a-3582-c29a-4c4c-dbd15b49106a">
      <Execution id="2282b801-b94a-46a1-92a4-f5422d95b6a6" />
      <TestMethod codeBase="/workspace/src/UnitTests/bin/Debug/net9.0/UnitTests.dll" adapterTypeName="executor://nunit3testexecutor/" className="UnitTests.Common.Dto.P2GWorkoutTests" name="GetWorkoutType_Should_Map_Correctly(Meditation,False)" />
    </UnitTest>
    <UnitTest name="CombineLocationData_When_Coordinates_Is_NullOrEmpty_SkipsEmpty" storage="/workspace/src/unittests/bin/debug/net9.0/unittests.dll" id="eab8ebf0-54b4-13a2-2fb5-0a38dd3299e0">
      <Execution id="636f8222-698b-478c-a2ca-660e9f0cb83e" />
      <TestMethod codeBase="/workspace/src/UnitTests/bin/Debug/net9.0/UnitTests.dll" adapterTypeName="executor://nunit3testexecutor/" className="UnitTests.Sync.StackedWorkoutsCalculatorTests" name="CombineLocationData_When_Coordinates_Is_NullOrEmpty_SkipsEmpty" />
    </UnitTest>
    <UnitTest name="DefaultConfigInit_Observability_Jaeger_ShouldHaveDefaulValues" storage="/workspace/src/unittests/bin/debug/net9.0/unittests.dll" id="d2f7c43b-7a15-5c56-1100-64ce930e11ad">
      <Execution id="fbe96041-bd6b-4a1f-840d-54d686a8e255" />
      <TestMethod codeBase="/workspace/src/UnitTests/bin/Debug/net9.0/UnitTests.dll" adapterTypeName="executor://nunit3testexecutor/" className="UnitTests.Common.ConfigurationTests" name="DefaultConfigInit_Observability_Jaeger_ShouldHaveDefaulValues" />
    </UnitTest>
    <UnitTest name="ValidateConfig_InvalidHost_Throws(&quot;&quot;)" storage="/workspace/src/unittests/bin/debug/net9.0/unittests.dll" id="35465844-54ba-2a46-45af-ba78c3783273">
      <Execution id="f5fcfdf6-efbe-440e-8f47-89471576a537" />
      <TestMethod codeBase="/workspace/src/UnitTests/bin/Debug/net9.0/UnitTests.dll" adapterTypeName="executor://nunit3testexecutor/" className="UnitTests.Common.TracingTests" name="ValidateConfig_InvalidHost_Throws(&quot;&quot;)" />
    </UnitTest>
    <UnitTest name="GetTotalDistanceTest_Distance_Is_Converted_To_Meters(&quot;m&quot;)" storage="/workspace/src/unittests/bin/debug/net9.0/unittests.dll" id="64fe6d76-4be3-fbf9-7fa1-b2e98e27e97a">
      <Execution id="96fed998-95a3-429b-857a-1e3d014cb8d7" />
      <TestMethod codeBase="/workspace/src/UnitTests/bin/Debug/net9.0/UnitTests.dll" adapterTypeName="executor://nunit3testexecutor/" className="UnitTests.Conversion.ConverterTests" name="GetTotalDistanceTest_Distance_Is_Converted_To_Meters(&quot;m&quot;)" />
    </UnitTest>
    <UnitTest name="Fit_Converter_Creates_Valid_Fit(&quot;running_workout_no_metrics&quot;,Default)" storage="/workspace/src/unittests/bin/debug/net9.0/unittests.dll" id="6571bba8-1418-4317-2ad2-4f9436176ce5">
      <Execution id="d07d86bf-35dc-4aaf-acb8-79d9c54d0712" />
      <TestMethod codeBase="/workspace/src/UnitTests/bin/Debug/net9.0/UnitTests.dll" adapterTypeName="executor://nunit3testexecutor/" className="UnitTests.Conversion.FitConverterTests" name="Fit_Converter_Creates_Valid_Fit(&quot;running_workout_no_metrics&quot;,Default)" />
    </UnitTest>
    <UnitTest name="GetWorkoutType_Should_Map_Correctly(Stretching,False)" storage="/workspace/src/unittests/bin/debug/net9.0/unittests.dll" id="5dc5ff5a-2b01-503e-5d7e-47330abf8c64">
      <Execution id="60550760-2973-4dd9-95da-4c36babf5bc3" />
      <TestMethod codeBase="/workspace/src/UnitTests/bin/Debug/net9.0/UnitTests.dll" adapterTypeName="executor://nunit3testexecutor/" className="UnitTests.Common.Dto.P2GWorkoutTests" name="GetWorkoutType_Should_Map_Correctly(Stretching,False)" />
    </UnitTest>
    <UnitTest name="UploadToGarminAsync_WhenUploadDirectoryDoesNotExist_ShouldReturnWithoutProcessing" storage="/workspace/src/unittests/bin/debug/net9.0/unittests.dll" id="a178e1ae-b739-289c-cb62-4f110533d67d">
      <Execution id="940ff314-4808-4349-96c6-a05c6daf1c21" />
      <TestMethod codeBase="/workspace/src/UnitTests/bin/Debug/net9.0/UnitTests.dll" adapterTypeName="executor://nunit3testexecutor/" className="UnitTests.Garmin.GarminUploaderTests" name="UploadToGarminAsync_WhenUploadDirectoryDoesNotExist_ShouldReturnWithoutProcessing" />
    </UnitTest>
    <UnitTest name="GetMaxSpeedMetersPerSecond_MaxSpeed_Is_Converted(&quot;mi&quot;)" storage="/workspace/src/unittests/bin/debug/net9.0/unittests.dll" id="de7c1bd0-e537-ab61-88d4-75704e53fc67">
      <Execution id="e0a0ed65-6df1-4666-8e73-dba49da36c6c" />
      <TestMethod codeBase="/workspace/src/UnitTests/bin/Debug/net9.0/UnitTests.dll" adapterTypeName="executor://nunit3testexecutor/" className="UnitTests.Conversion.ConverterTests" name="GetMaxSpeedMetersPerSecond_MaxSpeed_Is_Converted(&quot;mi&quot;)" />
    </UnitTest>
    <UnitTest name="Fit_Converter_Creates_Valid_Fit(&quot;rower_workout&quot;,Distance)" storage="/workspace/src/unittests/bin/debug/net9.0/unittests.dll" id="c209169f-c260-b2d7-77d6-1ccf7f97823e">
      <Execution id="36e9be3d-ced3-4e38-9527-e00b7082402f" />
      <TestMethod codeBase="/workspace/src/UnitTests/bin/Debug/net9.0/UnitTests.dll" adapterTypeName="executor://nunit3testexecutor/" className="UnitTests.Conversion.FitConverterTests" name="Fit_Converter_Creates_Valid_Fit(&quot;rower_workout&quot;,Distance)" />
    </UnitTest>
    <UnitTest name="Fit_Converter_Creates_Valid_Fit(&quot;cycling_just_ride&quot;,Distance)" storage="/workspace/src/unittests/bin/debug/net9.0/unittests.dll" id="2d3d484c-8b55-579a-c941-c9464c7510dc">
      <Execution id="2587e300-4260-4e3e-b044-984339c4d624" />
      <TestMethod codeBase="/workspace/src/UnitTests/bin/Debug/net9.0/UnitTests.dll" adapterTypeName="executor://nunit3testexecutor/" className="UnitTests.Conversion.FitConverterTests" name="Fit_Converter_Creates_Valid_Fit(&quot;cycling_just_ride&quot;,Distance)" />
    </UnitTest>
    <UnitTest name="MigrateToAdminUserAsync_When_FailsToMigrate_DoesNotThrow" storage="/workspace/src/unittests/bin/debug/net9.0/unittests.dll" id="66ce8a3b-e460-c668-203e-af4091fa629b">
      <Execution id="3499459a-3457-479c-8b60-1c5b3d0613f0" />
      <TestMethod codeBase="/workspace/src/UnitTests/bin/Debug/net9.0/UnitTests.dll" adapterTypeName="executor://nunit3testexecutor/" className="UnitTests.Common.Database.DbMigrationsTests" name="MigrateToAdminUserAsync_When_FailsToMigrate_DoesNotThrow" />
    </UnitTest>
    <UnitTest name="GetCyclingFtp_Should_PickCorrectValue(Workout { Id = , Status = , Title = , Name = , Created_At = 0, Fitness_Discipline = None, Is_Outdoor = False, Ride = , End_Time = , Start_Time = 0, Total_Work = 0, Ftp_Info = Common.Dto.Peloton.FTPInfo, Movement_Tracker_Data =  },UserData { Cycling_Ftp_Source = , Cycling_Workout_Ftp = 0, Cycling_Ftp_Workout_Id = , Cycling_Ftp = 0, Estimated_Cycling_Ftp = 0, Default_Max_Heart_Rate = 0, Customized_Max_Heart_Rate = 0, Weight = 0 },95)" storage="/workspace/src/unittests/bin/debug/net9.0/unittests.dll" id="b5d17ff9-7f52-3054-c3e2-54c143047f1e">
      <Execution id="fc727f2d-55ee-4b4c-9268-f9cca178c4e0" />
      <TestMethod codeBase="/workspace/src/UnitTests/bin/Debug/net9.0/UnitTests.dll" adapterTypeName="executor://nunit3testexecutor/" className="UnitTests.Conversion.ConverterTests" name="GetCyclingFtp_Should_PickCorrectValue(Workout { Id = , Status = , Title = , Name = , Created_At = 0, Fitness_Discipline = None, Is_Outdoor = False, Ride = , End_Time = , Start_Time = 0, Total_Work = 0, Ftp_Info = Common.Dto.Peloton.FTPInfo, Movement_Tracker_Data =  },UserData { Cycling_Ftp_Source = , Cycling_Workout_Ftp = 0, Cycling_Ftp_Workout_Id = , Cycling_Ftp = 0, Estimated_Cycling_Ftp = 0, Default_Max_Heart_Rate = 0, Customized_Max_Heart_Rate = 0, Weight = 0 },95)" />
    </UnitTest>
    <UnitTest name="ShouldConvert_ShouldOnly_Support_TCX(False,True,True)" storage="/workspace/src/unittests/bin/debug/net9.0/unittests.dll" id="58cdaa47-7c03-80e7-00da-9551217f776a">
      <Execution id="c1cd0368-b191-441b-bf4b-a395ed09f8ec" />
      <TestMethod codeBase="/workspace/src/UnitTests/bin/Debug/net9.0/UnitTests.dll" adapterTypeName="executor://nunit3testexecutor/" className="UnitTests.Conversion.JsonConverterTests" name="ShouldConvert_ShouldOnly_Support_TCX(False,True,True)" />
    </UnitTest>
    <UnitTest name="ConvertDistanceToMetersTest(&quot;min/500m&quot;)" storage="/workspace/src/unittests/bin/debug/net9.0/unittests.dll" id="ca807f2f-686e-8ee2-2c5d-8bb89b2618ca">
      <Execution id="846de208-bda7-4582-beab-19448848e0eb" />
      <TestMethod codeBase="/workspace/src/UnitTests/bin/Debug/net9.0/UnitTests.dll" adapterTypeName="executor://nunit3testexecutor/" className="UnitTests.Conversion.ConverterTests" name="ConvertDistanceToMetersTest(&quot;min/500m&quot;)" />
    </UnitTest>
    <UnitTest name="SignInAsync_WhenCloudflareBlocked_ShouldThrowCloudflareException" storage="/workspace/src/unittests/bin/debug/net9.0/unittests.dll" id="9d2b5957-4f8f-fc22-f57e-f9eaded782e7">
      <Execution id="f4cccf3e-0273-4d5e-88c1-4d043e1bdff8" />
      <TestMethod codeBase="/workspace/src/UnitTests/bin/Debug/net9.0/UnitTests.dll" adapterTypeName="executor://nunit3testexecutor/" className="UnitTests.Garmin.GarminAuthenticationServiceTests" name="SignInAsync_WhenCloudflareBlocked_ShouldThrowCloudflareException" />
    </UnitTest>
    <UnitTest name="GetCyclingFtp_Should_PickCorrectValue(null,UserData { Cycling_Ftp_Source = , Cycling_Workout_Ftp = 2, Cycling_Ftp_Workout_Id = , Cycling_Ftp = 1, Estimated_Cycling_Ftp = 100, Default_Max_Heart_Rate = 0, Customized_Max_Heart_Rate = 0, Weight = 0 },100)" storage="/workspace/src/unittests/bin/debug/net9.0/unittests.dll" id="88565869-d507-5001-a0f5-5eb3f9e4be26">
      <Execution id="226afa18-81f2-41ee-ba42-11f3f955bccb" />
      <TestMethod codeBase="/workspace/src/UnitTests/bin/Debug/net9.0/UnitTests.dll" adapterTypeName="executor://nunit3testexecutor/" className="UnitTests.Conversion.ConverterTests" name="GetCyclingFtp_Should_PickCorrectValue(null,UserData { Cycling_Ftp_Source = , Cycling_Workout_Ftp = 2, Cycling_Ftp_Workout_Id = , Cycling_Ftp = 1, Estimated_Cycling_Ftp = 100, Default_Max_Heart_Rate = 0, Customized_Max_Heart_Rate = 0, Weight = 0 },100)" />
    </UnitTest>
    <UnitTest name="GetTotalDistanceTest_Distance_Is_Converted_To_Meters(&quot;mi&quot;)" storage="/workspace/src/unittests/bin/debug/net9.0/unittests.dll" id="16d66a0a-e4b5-459c-2bd6-a4f61ac608f2">
      <Execution id="01d07010-e4dc-4178-8f0b-049d72540b45" />
      <TestMethod codeBase="/workspace/src/UnitTests/bin/Debug/net9.0/UnitTests.dll" adapterTypeName="executor://nunit3testexecutor/" className="UnitTests.Conversion.ConverterTests" name="GetTotalDistanceTest_Distance_Is_Converted_To_Meters(&quot;mi&quot;)" />
    </UnitTest>
    <UnitTest name="GetWorkoutType_Should_Map_Correctly(None,False)" storage="/workspace/src/unittests/bin/debug/net9.0/unittests.dll" id="7f277a8c-7e2d-1c06-dc02-1584eb3f68df">
      <Execution id="bee124df-ca27-48a9-9ac6-a3865b49ee35" />
      <TestMethod codeBase="/workspace/src/UnitTests/bin/Debug/net9.0/UnitTests.dll" adapterTypeName="executor://nunit3testexecutor/" className="UnitTests.Common.Dto.P2GWorkoutTests" name="GetWorkoutType_Should_Map_Correctly(None,False)" />
    </UnitTest>
    <UnitTest name="GetCustomDeviceInfoAsync_Choose_CorrectDevice_For_WorkoutType(OutdoorRunning)" storage="/workspace/src/unittests/bin/debug/net9.0/unittests.dll" id="1ae52073-2009-2389-a5ed-134b4adf8ca2">
      <Execution id="95066550-ac02-4315-85f4-3e837dc99e4e" />
      <TestMethod codeBase="/workspace/src/UnitTests/bin/Debug/net9.0/UnitTests.dll" adapterTypeName="executor://nunit3testexecutor/" className="UnitTests.Common.Service.SettingServiceTests" name="GetCustomDeviceInfoAsync_Choose_CorrectDevice_For_WorkoutType(OutdoorRunning)" />
    </UnitTest>
    <UnitTest name="GetTotalDistanceTest_Distance_Is_Converted_To_Meters(&quot;min/500m&quot;)" storage="/workspace/src/unittests/bin/debug/net9.0/unittests.dll" id="8e269da5-325f-ca5e-095b-9a4d9a0d799a">
      <Execution id="28ad8831-39cb-432d-afbe-0180c19cf6c8" />
      <TestMethod codeBase="/workspace/src/UnitTests/bin/Debug/net9.0/UnitTests.dll" adapterTypeName="executor://nunit3testexecutor/" className="UnitTests.Conversion.ConverterTests" name="GetTotalDistanceTest_Distance_Is_Converted_To_Meters(&quot;min/500m&quot;)" />
    </UnitTest>
    <UnitTest name="ShouldConvert_ShouldOnly_Support_Fit(False,False,False)" storage="/workspace/src/unittests/bin/debug/net9.0/unittests.dll" id="ec4a38ab-b6b1-9e77-4589-e9d18b49bb44">
      <Execution id="bff8eb62-0be6-4be0-af49-4c29617c915a" />
      <TestMethod codeBase="/workspace/src/UnitTests/bin/Debug/net9.0/UnitTests.dll" adapterTypeName="executor://nunit3testexecutor/" className="UnitTests.Conversion.FitConverterTests" name="ShouldConvert_ShouldOnly_Support_Fit(False,False,False)" />
    </UnitTest>
    <UnitTest name="Fit_Converter_Creates_Valid_Fit(&quot;tread_run_workout&quot;,Class_Targets)" storage="/workspace/src/unittests/bin/debug/net9.0/unittests.dll" id="223ce6d6-386c-bd46-6969-3d7c017e6938">
      <Execution id="7d46f9fc-e963-4ca2-9ebd-5e3d511efe9f" />
      <TestMethod codeBase="/workspace/src/UnitTests/bin/Debug/net9.0/UnitTests.dll" adapterTypeName="executor://nunit3testexecutor/" className="UnitTests.Conversion.FitConverterTests" name="Fit_Converter_Creates_Valid_Fit(&quot;tread_run_workout&quot;,Class_Targets)" />
    </UnitTest>
    <UnitTest name="ValidateConfig_InvalidPort_Throws(0)" storage="/workspace/src/unittests/bin/debug/net9.0/unittests.dll" id="52dc1c81-0736-57d7-96a9-ac2ac0cb058d">
      <Execution id="769ed3f8-b48f-4f4d-8e13-f20e2dcd8df6" />
      <TestMethod codeBase="/workspace/src/UnitTests/bin/Debug/net9.0/UnitTests.dll" adapterTypeName="executor://nunit3testexecutor/" className="UnitTests.Common.MetricsTests" name="ValidateConfig_InvalidPort_Throws(0)" />
    </UnitTest>
    <UnitTest name="GetTitle_Should_Handle_SpecialChars(&quot;My Title&quot;,&quot;ä&quot;)" storage="/workspace/src/unittests/bin/debug/net9.0/unittests.dll" id="18bde04b-4c73-eda8-82d0-6d3ca2a04781">
      <Execution id="0722cd29-a6b7-48d1-baa3-027562f2f740" />
      <TestMethod codeBase="/workspace/src/UnitTests/bin/Debug/net9.0/UnitTests.dll" adapterTypeName="executor://nunit3testexecutor/" className="UnitTests.Common.WorkoutHelperTests" name="GetTitle_Should_Handle_SpecialChars(&quot;My Title&quot;,&quot;ä&quot;)" />
    </UnitTest>
    <UnitTest name="CombineLocationData_When_LocatioNData_Is_NullOrEmpty_SkipsEmpty" storage="/workspace/src/unittests/bin/debug/net9.0/unittests.dll" id="e3e00204-60e4-4696-1d7f-3694c2df1c99">
      <Execution id="f1a91647-aeac-4505-9ca6-e3c08164e52b" />
      <TestMethod codeBase="/workspace/src/UnitTests/bin/Debug/net9.0/UnitTests.dll" adapterTypeName="executor://nunit3testexecutor/" className="UnitTests.Sync.StackedWorkoutsCalculatorTests" name="CombineLocationData_When_LocatioNData_Is_NullOrEmpty_SkipsEmpty" />
    </UnitTest>
    <UnitTest name="Fit_Converter_Creates_Valid_Fit(&quot;running_workout_no_metrics&quot;,Class_Targets)" storage="/workspace/src/unittests/bin/debug/net9.0/unittests.dll" id="4ffa1572-3a75-3e1d-b438-49c773bd05f6">
      <Execution id="4e61bcbf-9cfc-4686-a953-3928428c1092" />
      <TestMethod codeBase="/workspace/src/UnitTests/bin/Debug/net9.0/UnitTests.dll" adapterTypeName="executor://nunit3testexecutor/" className="UnitTests.Conversion.FitConverterTests" name="Fit_Converter_Creates_Valid_Fit(&quot;running_workout_no_metrics&quot;,Class_Targets)" />
    </UnitTest>
    <UnitTest name="GetRecentWorkoutsAsync_StopsCallingPelotonWhenNoMoreWorkouts" storage="/workspace/src/unittests/bin/debug/net9.0/unittests.dll" id="61583b3e-2333-6fd6-de7d-c1cef5681ceb">
      <Execution id="865b99e9-4f0c-485e-8855-782485f5c4cd" />
      <TestMethod codeBase="/workspace/src/UnitTests/bin/Debug/net9.0/UnitTests.dll" adapterTypeName="executor://nunit3testexecutor/" className="UnitTests.PelotonTests.PelotonServiceTests" name="GetRecentWorkoutsAsync_StopsCallingPelotonWhenNoMoreWorkouts" />
    </UnitTest>
    <UnitTest name="ValidateConfig_WhenConfigIsNull_ShouldThrowException" storage="/workspace/src/unittests/bin/debug/net9.0/unittests.dll" id="0f29f4e4-be56-e99f-0bcd-8a56163a2b98">
      <Execution id="0d6ef75d-2a2a-4e79-97da-107c1acab18c" />
      <TestMethod codeBase="/workspace/src/UnitTests/bin/Debug/net9.0/UnitTests.dll" adapterTypeName="executor://nunit3testexecutor/" className="UnitTests.Garmin.GarminUploaderTests" name="ValidateConfig_WhenConfigIsNull_ShouldThrowException" />
    </UnitTest>
    <UnitTest name="ShouldConvert_ShouldOnly_Support_TCX(True,True,False)" storage="/workspace/src/unittests/bin/debug/net9.0/unittests.dll" id="fb28f6cb-0e0f-b5bd-5e90-b786682a6b3b">
      <Execution id="2998fd86-3c78-422f-933f-6133a89b71ee" />
      <TestMethod codeBase="/workspace/src/UnitTests/bin/Debug/net9.0/UnitTests.dll" adapterTypeName="executor://nunit3testexecutor/" className="UnitTests.Conversion.JsonConverterTests" name="ShouldConvert_ShouldOnly_Support_TCX(True,True,False)" />
    </UnitTest>
    <UnitTest name="GetAvgSpeedMetersPerSecond_MaxSpeed_Is_Converted(&quot;mph&quot;)" storage="/workspace/src/unittests/bin/debug/net9.0/unittests.dll" id="bb8ee3f0-1f27-6383-b591-238dc1e9f78f">
      <Execution id="49a104db-474b-4ed8-890a-4fc47431a705" />
      <TestMethod codeBase="/workspace/src/UnitTests/bin/Debug/net9.0/UnitTests.dll" adapterTypeName="executor://nunit3testexecutor/" className="UnitTests.Conversion.ConverterTests" name="GetAvgSpeedMetersPerSecond_MaxSpeed_Is_Converted(&quot;mph&quot;)" />
    </UnitTest>
    <UnitTest name="ShouldConvert_ShouldOnly_Support_Fit(True,False,True)" storage="/workspace/src/unittests/bin/debug/net9.0/unittests.dll" id="87f4e6d4-66fb-500c-9d11-749fffc87395">
      <Execution id="481f9804-3ad2-4915-b922-65554ec71da5" />
      <TestMethod codeBase="/workspace/src/UnitTests/bin/Debug/net9.0/UnitTests.dll" adapterTypeName="executor://nunit3testexecutor/" className="UnitTests.Conversion.FitConverterTests" name="ShouldConvert_ShouldOnly_Support_Fit(True,False,True)" />
    </UnitTest>
  </TestDefinitions>
  <TestEntries>
    <TestEntry testId="1f4f2efb-76ac-0df0-4616-bcaedde445b7" executionId="adea141f-bf31-4a23-adf5-f8f05cd97477" testListId="8c84fa94-04c1-424b-9868-57a2d4851a1d" />
    <TestEntry testId="b4818bdb-9721-29a3-8561-8e9504a3d80a" executionId="7985cc47-d121-4a18-b1e5-f60d1c7983f4" testListId="8c84fa94-04c1-424b-9868-57a2d4851a1d" />
    <TestEntry testId="1b490480-fb95-34e0-b8f3-6d49e41cd490" executionId="c63c6ed4-c45f-42d4-8bd1-21d6272888dd" testListId="8c84fa94-04c1-424b-9868-57a2d4851a1d" />
    <TestEntry testId="565ea594-4a42-bf6a-d49f-4c5ca7b4f7af" executionId="932d7c2d-e852-463f-a014-0df103a622b8" testListId="8c84fa94-04c1-424b-9868-57a2d4851a1d" />
    <TestEntry testId="51ee4b4c-dd8d-e42d-eca5-b25bb54e0d3a" executionId="3e164196-137d-4226-b234-352a8050ccc4" testListId="8c84fa94-04c1-424b-9868-57a2d4851a1d" />
    <TestEntry testId="299f546a-84bb-aad8-e7a0-66ce90d400fc" executionId="93708c8f-9878-4556-ae95-50bf55cde7cc" testListId="8c84fa94-04c1-424b-9868-57a2d4851a1d" />
    <TestEntry testId="2f7de2c0-2199-52d5-03cd-31fe9d35742e" executionId="4af49503-d5f4-4df0-8fd2-fd703d2ca9f4" testListId="8c84fa94-04c1-424b-9868-57a2d4851a1d" />
    <TestEntry testId="ae69910e-29f6-c558-816f-f6c28287e89d" executionId="2bfae124-8e32-42dc-9627-43b44a6b8f77" testListId="8c84fa94-04c1-424b-9868-57a2d4851a1d" />
    <TestEntry testId="bd5aa7b1-246c-6dab-cbdf-cfe9b0823566" executionId="7a351826-f736-49a7-b8f8-005457a02a96" testListId="8c84fa94-04c1-424b-9868-57a2d4851a1d" />
    <TestEntry testId="26cb9a0c-9732-0e98-cfef-fd3942afbd88" executionId="b0422064-59c9-41c9-b769-4c89ce8fbf99" testListId="8c84fa94-04c1-424b-9868-57a2d4851a1d" />
    <TestEntry testId="b4199274-6c0f-e8b2-8529-712ee4a5b18e" executionId="12d6c7dc-5c9d-4466-a3bf-d51c5b6278f8" testListId="8c84fa94-04c1-424b-9868-57a2d4851a1d" />
    <TestEntry testId="aebb9ddd-1d97-2234-36d0-61927d26000e" executionId="782a89b4-5b44-49c1-9b5d-ecbdbad11823" testListId="8c84fa94-04c1-424b-9868-57a2d4851a1d" />
    <TestEntry testId="74b68762-823f-575b-a235-3b1eb9197fe7" executionId="ad94cee0-676e-4ae8-942d-cfc37c13d622" testListId="8c84fa94-04c1-424b-9868-57a2d4851a1d" />
    <TestEntry testId="28fe3ef7-2f7a-190c-208d-bca61bfd040b" executionId="fef28d33-203d-44cb-a7f1-cd71800461fa" testListId="8c84fa94-04c1-424b-9868-57a2d4851a1d" />
    <TestEntry testId="9e40d7f7-182b-bab9-82e3-bb0dcbb731fc" executionId="721d8fd9-ebff-42bf-b723-38e5596dfec0" testListId="8c84fa94-04c1-424b-9868-57a2d4851a1d" />
    <TestEntry testId="15d8f164-ed9b-0afc-af0e-42874a05e947" executionId="82639c25-eaa0-4964-97f9-d122a8acbdb6" testListId="8c84fa94-04c1-424b-9868-57a2d4851a1d" />
    <TestEntry testId="860c9fe0-b7f0-10e4-c793-826181732116" executionId="d1acc5b2-0d62-4e9b-af76-269bda6e1fd2" testListId="8c84fa94-04c1-424b-9868-57a2d4851a1d" />
    <TestEntry testId="56d0afaf-76a6-7c86-ed21-bf77bbeda613" executionId="071ebda8-c214-4ce3-b10d-78b5625cae75" testListId="8c84fa94-04c1-424b-9868-57a2d4851a1d" />
    <TestEntry testId="27b2cd73-6788-78c2-8f2b-b1d4688529a0" executionId="ce92a604-bb14-4c3c-aab8-89831968f60b" testListId="8c84fa94-04c1-424b-9868-57a2d4851a1d" />
    <TestEntry testId="33a938f8-788a-de06-241a-889d0de1de0c" executionId="b32d493b-86b9-4156-83b8-f405d033504f" testListId="8c84fa94-04c1-424b-9868-57a2d4851a1d" />
    <TestEntry testId="488459ee-d120-d7fc-1652-0d4582274b8e" executionId="5ff05306-597e-4e96-a69b-549842e4fba6" testListId="8c84fa94-04c1-424b-9868-57a2d4851a1d" />
    <TestEntry testId="e1d0126b-b39a-acb2-ae40-940004ffe5c5" executionId="108ce57a-6347-412a-bdf4-eb6cdd896028" testListId="8c84fa94-04c1-424b-9868-57a2d4851a1d" />
    <TestEntry testId="8109c158-c3a9-a310-516d-ab350523a443" executionId="6a7e8faa-00cb-4a0a-a1ce-6756edab6214" testListId="8c84fa94-04c1-424b-9868-57a2d4851a1d" />
    <TestEntry testId="d33c3551-a2e2-8781-705e-8e05544431c0" executionId="aff5bda5-2014-4504-87ea-6876b015729d" testListId="8c84fa94-04c1-424b-9868-57a2d4851a1d" />
    <TestEntry testId="7cd229c5-2548-c467-2e74-7fe0bb091375" executionId="5f51c974-c877-4d01-b5b5-9afe20c6e306" testListId="8c84fa94-04c1-424b-9868-57a2d4851a1d" />
    <TestEntry testId="facbc2fa-2782-495e-b566-3c0160b941d0" executionId="26343506-7e86-4769-8b15-0c76a14d3da8" testListId="8c84fa94-04c1-424b-9868-57a2d4851a1d" />
    <TestEntry testId="ffebe071-ab50-b14b-0678-517287e48214" executionId="e9b08874-e289-4a77-9b90-aa8a74fa975d" testListId="8c84fa94-04c1-424b-9868-57a2d4851a1d" />
    <TestEntry testId="e89b8a9f-c780-da3a-7150-6e0f464d0bde" executionId="baa9a1e4-ddf7-4be2-b290-fa0623753676" testListId="8c84fa94-04c1-424b-9868-57a2d4851a1d" />
    <TestEntry testId="e0e889ee-a9ce-4836-9adc-dcc5194648da" executionId="ffacd5b8-a8a7-4800-abf9-94c693980f16" testListId="8c84fa94-04c1-424b-9868-57a2d4851a1d" />
    <TestEntry testId="73d075be-fab1-ee80-0dd0-df090006c2e6" executionId="a9593644-e7ba-48e4-90b2-3ccc2da54b99" testListId="8c84fa94-04c1-424b-9868-57a2d4851a1d" />
    <TestEntry testId="4e963c65-d36b-621f-1e27-b7f2f0cf1013" executionId="d83785bc-8323-4736-bed9-e1b9ed669cb4" testListId="8c84fa94-04c1-424b-9868-57a2d4851a1d" />
    <TestEntry testId="9ee0eb13-c27d-9b0c-f2f4-4561c0a9350e" executionId="c29cb5f1-7fac-40cb-9cb6-47eb28186c0a" testListId="8c84fa94-04c1-424b-9868-57a2d4851a1d" />
    <TestEntry testId="3d20861b-d0b1-5b12-a559-4328bdcf8447" executionId="3d1303f4-c00c-4964-855b-133e0ad3f89d" testListId="8c84fa94-04c1-424b-9868-57a2d4851a1d" />
    <TestEntry testId="58cdaa47-7c03-80e7-00da-9551217f776a" executionId="c1cd0368-b191-441b-bf4b-a395ed09f8ec" testListId="8c84fa94-04c1-424b-9868-57a2d4851a1d" />
    <TestEntry testId="88ea8bc1-64c6-1ed7-dff7-6876c9743dc1" executionId="92def446-4c18-4937-a086-728f7a0a6993" testListId="8c84fa94-04c1-424b-9868-57a2d4851a1d" />
    <TestEntry testId="63862178-9990-7cdb-ac9b-379cf4160859" executionId="9642bded-ba32-4d4c-b2fd-1fdf3bf3effc" testListId="8c84fa94-04c1-424b-9868-57a2d4851a1d" />
    <TestEntry testId="a869e792-ca4e-5496-f380-4de04c793554" executionId="94267562-6659-4eed-81f2-733fd0d4aa3b" testListId="8c84fa94-04c1-424b-9868-57a2d4851a1d" />
    <TestEntry testId="a1d5e58e-a3ed-a811-2f4a-39a63b26814e" executionId="6cf82eef-c2f0-4a4c-a95f-03f9cad6093b" testListId="8c84fa94-04c1-424b-9868-57a2d4851a1d" />
    <TestEntry testId="3f206ca6-da4d-81d4-4009-b17edef07e39" executionId="03ebc665-5f31-409c-b44f-333076264811" testListId="8c84fa94-04c1-424b-9868-57a2d4851a1d" />
    <TestEntry testId="8541576e-161f-b1df-536b-bdaadface2bd" executionId="0fa82ce6-127b-4ac7-b8e3-c5329f9b2e64" testListId="8c84fa94-04c1-424b-9868-57a2d4851a1d" />
    <TestEntry testId="d41d09d9-47e4-6a0e-3520-bb2673be8aa2" executionId="22aa22c1-ba20-44c9-8154-dde51cc30193" testListId="8c84fa94-04c1-424b-9868-57a2d4851a1d" />
    <TestEntry testId="71aea8d5-c18d-517a-2cea-5643906a4fa3" executionId="e73ca624-5fbc-4636-b938-2ec824f4412d" testListId="8c84fa94-04c1-424b-9868-57a2d4851a1d" />
    <TestEntry testId="cb68c355-6bfa-b011-745e-3a9f50b6a807" executionId="95732f02-216c-4b8d-a152-4faa233cf3ce" testListId="8c84fa94-04c1-424b-9868-57a2d4851a1d" />
    <TestEntry testId="66af6f1d-987a-6930-1999-0967188f94d7" executionId="533128f1-8fb4-4fec-991f-418ee43b8509" testListId="8c84fa94-04c1-424b-9868-57a2d4851a1d" />
    <TestEntry testId="7d3f3bee-187c-5af5-8058-bf14cf827929" executionId="79b585f1-273d-4b1d-a99f-66d879c209a7" testListId="8c84fa94-04c1-424b-9868-57a2d4851a1d" />
    <TestEntry testId="6f647fb1-f61a-98c6-9059-a1c0f49860db" executionId="77ff2f87-8f67-48f0-9151-333841f1811c" testListId="8c84fa94-04c1-424b-9868-57a2d4851a1d" />
    <TestEntry testId="034c6664-ed87-1aef-6400-fd4f2563e44c" executionId="f24f546b-133b-44ba-ad77-df0f16589a5f" testListId="8c84fa94-04c1-424b-9868-57a2d4851a1d" />
    <TestEntry testId="52f2e7d1-05f8-a8b3-72fb-8fb8b6080a9f" executionId="7f56c449-88db-4775-8bf0-180e07370ade" testListId="8c84fa94-04c1-424b-9868-57a2d4851a1d" />
    <TestEntry testId="c209169f-c260-b2d7-77d6-1ccf7f97823e" executionId="36e9be3d-ced3-4e38-9527-e00b7082402f" testListId="8c84fa94-04c1-424b-9868-57a2d4851a1d" />
    <TestEntry testId="1ae52073-2009-2389-a5ed-134b4adf8ca2" executionId="95066550-ac02-4315-85f4-3e837dc99e4e" testListId="8c84fa94-04c1-424b-9868-57a2d4851a1d" />
    <TestEntry testId="acbdaa04-ddd9-e76b-1250-10b38b5cdd74" executionId="32406561-ad45-448f-83a6-39bc2a9df337" testListId="8c84fa94-04c1-424b-9868-57a2d4851a1d" />
    <TestEntry testId="e10d7093-8250-8624-4561-2fb755fc56c8" executionId="a139fcb4-cfaf-4070-88cb-b8bd62bed3cb" testListId="8c84fa94-04c1-424b-9868-57a2d4851a1d" />
    <TestEntry testId="fb28f6cb-0e0f-b5bd-5e90-b786682a6b3b" executionId="2998fd86-3c78-422f-933f-6133a89b71ee" testListId="8c84fa94-04c1-424b-9868-57a2d4851a1d" />
    <TestEntry testId="9e061af7-8969-3cb7-42ec-94f39bf5effb" executionId="e40faa8e-bb6f-48d9-8b19-f641953bd5bf" testListId="8c84fa94-04c1-424b-9868-57a2d4851a1d" />
    <TestEntry testId="2363ee34-a01c-6457-3c08-71994bc97ae6" executionId="1553fd0d-4ef6-4003-ac57-a385436af969" testListId="8c84fa94-04c1-424b-9868-57a2d4851a1d" />
    <TestEntry testId="b85c7baf-4670-5ecd-1ba1-7b3cc41cf1dd" executionId="f7d1bef5-d392-4bce-9508-0fc2d6e2d7a2" testListId="8c84fa94-04c1-424b-9868-57a2d4851a1d" />
    <TestEntry testId="1aa0862f-ff6f-1535-03c7-43b45799ab3f" executionId="7c6a5def-8dd3-44e8-b2ab-cc2394c76089" testListId="8c84fa94-04c1-424b-9868-57a2d4851a1d" />
    <TestEntry testId="b3d2bc06-5cb0-6cbe-2dac-a17793a45748" executionId="5797d117-3257-4d89-b4ca-c1958795b069" testListId="8c84fa94-04c1-424b-9868-57a2d4851a1d" />
    <TestEntry testId="500371e6-00d0-3056-c610-6225fcff441e" executionId="5e0814fd-95c8-4cee-ba8a-d5f71d262370" testListId="8c84fa94-04c1-424b-9868-57a2d4851a1d" />
    <TestEntry testId="f998499a-614e-ff27-ca3d-a560deec8923" executionId="87874303-a478-46f7-9539-39aeb1cfe3e2" testListId="8c84fa94-04c1-424b-9868-57a2d4851a1d" />
    <TestEntry testId="53bd1552-7549-7526-31ea-0d733217eee6" executionId="f264d513-6200-4a64-88db-44f25cb47c27" testListId="8c84fa94-04c1-424b-9868-57a2d4851a1d" />
    <TestEntry testId="096b064d-1428-b9d8-fa26-d57393951678" executionId="052d2ed2-4773-4060-bce3-0900b03d39a8" testListId="8c84fa94-04c1-424b-9868-57a2d4851a1d" />
    <TestEntry testId="f01466b1-9eed-a834-70fe-05694dcd6329" executionId="07489b41-1cec-431f-b754-e0580be50379" testListId="8c84fa94-04c1-424b-9868-57a2d4851a1d" />
    <TestEntry testId="8f0a30f1-398f-c971-4923-3f66a5a73c2d" executionId="5d9684b6-bfa5-46b4-b1aa-6bdba92a5474" testListId="8c84fa94-04c1-424b-9868-57a2d4851a1d" />
    <TestEntry testId="7f277a8c-7e2d-1c06-dc02-1584eb3f68df" executionId="bee124df-ca27-48a9-9ac6-a3865b49ee35" testListId="8c84fa94-04c1-424b-9868-57a2d4851a1d" />
    <TestEntry testId="559641db-6f13-a4c4-3c88-cd49a96de08b" executionId="0cab5eac-125a-481a-bafb-fff22a28fa7b" testListId="8c84fa94-04c1-424b-9868-57a2d4851a1d" />
    <TestEntry testId="429fc958-a7fd-e403-2f76-5f49eab150a7" executionId="4e5f3bac-6e91-4573-9c93-57114830fb79" testListId="8c84fa94-04c1-424b-9868-57a2d4851a1d" />
    <TestEntry testId="d549615e-37a6-5b86-fd01-48e9c51b024a" executionId="5dbcd545-3bac-4ee4-bc14-fec453afb360" testListId="8c84fa94-04c1-424b-9868-57a2d4851a1d" />
    <TestEntry testId="fb73e6b0-78d9-48e0-6e73-19a80dd43c81" executionId="c9c08695-3785-4432-899e-41c1a0d375d6" testListId="8c84fa94-04c1-424b-9868-57a2d4851a1d" />
    <TestEntry testId="9b4cb81b-5546-7c7c-51ec-7727370de86a" executionId="09b5c2ec-87df-4dba-b020-b2020f6b96ff" testListId="8c84fa94-04c1-424b-9868-57a2d4851a1d" />
    <TestEntry testId="26eaa644-cba6-d67c-e436-0668796ca225" executionId="6416ab09-7c29-4c76-9f53-22304761ddc7" testListId="8c84fa94-04c1-424b-9868-57a2d4851a1d" />
    <TestEntry testId="6e4b6c2a-3582-c29a-4c4c-dbd15b49106a" executionId="2282b801-b94a-46a1-92a4-f5422d95b6a6" testListId="8c84fa94-04c1-424b-9868-57a2d4851a1d" />
    <TestEntry testId="2c8f4979-1655-f332-06f6-53e805976a06" executionId="ecaa0cc5-d4ac-4cc4-9099-2ed1dd700e64" testListId="8c84fa94-04c1-424b-9868-57a2d4851a1d" />
    <TestEntry testId="b1fdbb99-a491-6f58-9cd4-a32d3381e20e" executionId="00cef228-3c01-450a-9014-de7106d6f4d8" testListId="8c84fa94-04c1-424b-9868-57a2d4851a1d" />
    <TestEntry testId="c98e2074-ed27-4fc7-d66c-9637e2cbb509" executionId="4b03ae7f-87a0-443a-9e54-033345df5340" testListId="8c84fa94-04c1-424b-9868-57a2d4851a1d" />
    <TestEntry testId="378e2b9b-70a1-9c7c-76e4-7abd17042b3d" executionId="dba2a61c-c789-4863-92f4-23bac009c9bc" testListId="8c84fa94-04c1-424b-9868-57a2d4851a1d" />
    <TestEntry testId="4e0c6c25-d6c8-8ad0-b8d7-d624e6f7c604" executionId="62871aec-41bc-45dc-9068-43341da81b79" testListId="8c84fa94-04c1-424b-9868-57a2d4851a1d" />
    <TestEntry testId="84af200d-9d36-ed38-e025-4b0e8e917d1d" executionId="588c7f07-4fc1-4bd7-a0e6-f515a5346ccb" testListId="8c84fa94-04c1-424b-9868-57a2d4851a1d" />
    <TestEntry testId="a178e1ae-b739-289c-cb62-4f110533d67d" executionId="940ff314-4808-4349-96c6-a05c6daf1c21" testListId="8c84fa94-04c1-424b-9868-57a2d4851a1d" />
    <TestEntry testId="6364f89d-e9b5-09be-80f9-4b631b3c548e" executionId="7c21ba0f-646d-4761-a030-257ff4fce70a" testListId="8c84fa94-04c1-424b-9868-57a2d4851a1d" />
    <TestEntry testId="d68ed5bd-39a3-6663-0efe-e41e95998d98" executionId="667bbd00-305c-43d0-b1af-8c89bafa9d23" testListId="8c84fa94-04c1-424b-9868-57a2d4851a1d" />
    <TestEntry testId="fea81199-2eda-7cc0-5447-b8c7203b67c6" executionId="5af2677b-f164-475d-856a-b6bba1fc60f0" testListId="8c84fa94-04c1-424b-9868-57a2d4851a1d" />
    <TestEntry testId="d2c0c821-8a66-4165-6497-58300a75a696" executionId="5eb87d1a-9152-4bf4-a925-32cc5c4257a8" testListId="8c84fa94-04c1-424b-9868-57a2d4851a1d" />
    <TestEntry testId="8c732e17-fb21-60bf-dc33-2081987c6946" executionId="3cf60e5c-c4f3-411f-a234-6c7189723cd4" testListId="8c84fa94-04c1-424b-9868-57a2d4851a1d" />
    <TestEntry testId="7fd77b4f-2865-307d-1d9d-9dbd8cb2a6ee" executionId="68795871-c6d1-40f2-a050-848a23e13fbe" testListId="8c84fa94-04c1-424b-9868-57a2d4851a1d" />
    <TestEntry testId="c9206a37-69dd-d0c2-7817-2b9527b99edf" executionId="8b5b772b-75cb-4d5f-92ee-b8678331d3e9" testListId="8c84fa94-04c1-424b-9868-57a2d4851a1d" />
    <TestEntry testId="18d8a376-60f0-190d-ba44-a72a1cd79b63" executionId="5f1fc82e-946c-41aa-8d56-5aa9b75ba09c" testListId="8c84fa94-04c1-424b-9868-57a2d4851a1d" />
    <TestEntry testId="b57878e7-556e-88c0-047b-2a893a3bfaea" executionId="2228adeb-49e2-4473-971b-a69d07fe645f" testListId="8c84fa94-04c1-424b-9868-57a2d4851a1d" />
    <TestEntry testId="0117e8c7-9c5a-58e6-feed-262bdb64bb58" executionId="fc96d6c9-99cc-4cad-9625-826733f7e798" testListId="8c84fa94-04c1-424b-9868-57a2d4851a1d" />
    <TestEntry testId="7f1783c7-cde5-f3ed-b4f8-1abce9f6cb6c" executionId="2e40430d-390c-4001-a25f-347dacbd76d8" testListId="8c84fa94-04c1-424b-9868-57a2d4851a1d" />
    <TestEntry testId="e4abb676-de72-0ff0-7009-aaa86158224c" executionId="5b0d0df6-fc74-4aec-82ec-6780a048b84c" testListId="8c84fa94-04c1-424b-9868-57a2d4851a1d" />
    <TestEntry testId="f462a461-4209-1e5e-3555-ae640f044d96" executionId="3d4173d2-4a69-419e-acba-b8daca8db9d6" testListId="8c84fa94-04c1-424b-9868-57a2d4851a1d" />
    <TestEntry testId="907383d2-f552-bfad-d91c-b70280b356e5" executionId="da2eb88c-4792-4b52-b383-f5215d8adca3" testListId="8c84fa94-04c1-424b-9868-57a2d4851a1d" />
    <TestEntry testId="bba5c36e-9b94-e7a8-f0cc-f969ff0bc7b3" executionId="94c4eced-f443-484d-8198-8fcf5f3b214c" testListId="8c84fa94-04c1-424b-9868-57a2d4851a1d" />
    <TestEntry testId="268d93db-2570-34ff-4ac3-2be55c3fdd53" executionId="f9aeb324-1198-4e27-989f-4e8d662a8d42" testListId="8c84fa94-04c1-424b-9868-57a2d4851a1d" />
    <TestEntry testId="47afcd5b-fcc7-5518-3629-dc9b20fc97f8" executionId="4a624e94-82b1-4707-aafc-f49fe8256d1e" testListId="8c84fa94-04c1-424b-9868-57a2d4851a1d" />
    <TestEntry testId="237b07d9-9785-5200-b185-5a6e10f8002a" executionId="64985ab9-7588-4a50-b22d-46d0d8916a5c" testListId="8c84fa94-04c1-424b-9868-57a2d4851a1d" />
    <TestEntry testId="88565869-d507-5001-a0f5-5eb3f9e4be26" executionId="226afa18-81f2-41ee-ba42-11f3f955bccb" testListId="8c84fa94-04c1-424b-9868-57a2d4851a1d" />
    <TestEntry testId="9bf7aecf-f67c-5735-4db0-dc505b7fb305" executionId="ae82d600-5c96-420e-b790-de2c6a7e57dd" testListId="8c84fa94-04c1-424b-9868-57a2d4851a1d" />
    <TestEntry testId="ee24efa4-f2cd-2850-47c0-4f8efb4efbda" executionId="3a821851-e44f-4ede-97f0-c73fc6ca41b3" testListId="8c84fa94-04c1-424b-9868-57a2d4851a1d" />
    <TestEntry testId="87f4e6d4-66fb-500c-9d11-749fffc87395" executionId="481f9804-3ad2-4915-b922-65554ec71da5" testListId="8c84fa94-04c1-424b-9868-57a2d4851a1d" />
    <TestEntry testId="4692bdef-824c-2da9-2b8f-73cf5e60e9b6" executionId="0e639b31-79ca-451c-84cb-98424f35c2f6" testListId="8c84fa94-04c1-424b-9868-57a2d4851a1d" />
    <TestEntry testId="d8e78bed-195a-a7d5-9244-e8397f3f093b" executionId="75360367-1f21-49a4-a717-c95f3bfe6619" testListId="8c84fa94-04c1-424b-9868-57a2d4851a1d" />
    <TestEntry testId="4c5deca3-bfe9-0cf7-1731-7958d4bb8efe" executionId="9ff73660-bd43-4053-b08d-1531d48c1402" testListId="8c84fa94-04c1-424b-9868-57a2d4851a1d" />
    <TestEntry testId="0d5ea9a5-e766-e27c-62d6-1ab97d135490" executionId="751f8455-881c-4c7e-a9ec-eb86647c627e" testListId="8c84fa94-04c1-424b-9868-57a2d4851a1d" />
    <TestEntry testId="ec4a38ab-b6b1-9e77-4589-e9d18b49bb44" executionId="bff8eb62-0be6-4be0-af49-4c29617c915a" testListId="8c84fa94-04c1-424b-9868-57a2d4851a1d" />
    <TestEntry testId="c0b2bc39-7ebb-c64d-db6c-e437ca6d26eb" executionId="edf5b571-6360-4317-9b39-fe65f221ec66" testListId="8c84fa94-04c1-424b-9868-57a2d4851a1d" />
    <TestEntry testId="61583b3e-2333-6fd6-de7d-c1cef5681ceb" executionId="865b99e9-4f0c-485e-8855-782485f5c4cd" testListId="8c84fa94-04c1-424b-9868-57a2d4851a1d" />
    <TestEntry testId="23695267-b094-249b-9a8b-1f82094383de" executionId="9bdd9cbb-a5b4-4461-8171-feab2d5a25a7" testListId="8c84fa94-04c1-424b-9868-57a2d4851a1d" />
    <TestEntry testId="ff20ad51-3fe7-1bec-294d-76f7ead9492d" executionId="d889075b-28a9-42fa-af2b-f4a94bb6c3f4" testListId="8c84fa94-04c1-424b-9868-57a2d4851a1d" />
    <TestEntry testId="d8d0fb80-4630-f911-4fbb-f279e3c0cfe1" executionId="c5fdd60b-c97c-4086-a2d0-cbcd4432d5f1" testListId="8c84fa94-04c1-424b-9868-57a2d4851a1d" />
    <TestEntry testId="868c7be5-cfbd-065b-6f91-c374862a7a8b" executionId="e6daf18b-b05e-4f60-b238-ccf7722c48c4" testListId="8c84fa94-04c1-424b-9868-57a2d4851a1d" />
    <TestEntry testId="35f78f67-27d9-c541-c70a-00c7dcd82935" executionId="187278fa-058c-422c-bb31-4a021567e72f" testListId="8c84fa94-04c1-424b-9868-57a2d4851a1d" />
    <TestEntry testId="5a7fd466-b0ba-5fc7-6c23-ca33470220b2" executionId="6756f19d-a29e-4934-8004-131ab58052fe" testListId="8c84fa94-04c1-424b-9868-57a2d4851a1d" />
    <TestEntry testId="bc5b7814-7239-6a17-05e6-e4323f646ac3" executionId="b72088c0-86b4-4df1-bea9-79a7d47a4bf6" testListId="8c84fa94-04c1-424b-9868-57a2d4851a1d" />
    <TestEntry testId="3a24be44-f3fb-d4d2-2b26-3ddbb95a0632" executionId="9636faab-e177-45b3-9803-9ac3b2dcf0e1" testListId="8c84fa94-04c1-424b-9868-57a2d4851a1d" />
    <TestEntry testId="8716127c-0e51-41f8-96b4-cad13ac9e6a4" executionId="14a0217d-4de9-4c15-ba81-c7799fbc11af" testListId="8c84fa94-04c1-424b-9868-57a2d4851a1d" />
    <TestEntry testId="cf6a5e91-b6c6-bade-9fde-1592fb81767c" executionId="e5840ff8-2e4b-4da2-8e68-fc6f18d9c88d" testListId="8c84fa94-04c1-424b-9868-57a2d4851a1d" />
    <TestEntry testId="74ea4b73-2f76-e3b1-713c-9658c7474e5f" executionId="b597f7ee-8bae-4d8d-9773-8668fadc54b9" testListId="8c84fa94-04c1-424b-9868-57a2d4851a1d" />
    <TestEntry testId="a48d31d2-8b14-7fbe-3e20-68e8f8ee61d3" executionId="892b9941-aca6-4b63-a2f4-ef63d6bb3c21" testListId="8c84fa94-04c1-424b-9868-57a2d4851a1d" />
    <TestEntry testId="1a5feea8-36a4-66bc-8126-a667fcdb403e" executionId="f343d695-28f0-4fd2-8f14-c63610d4d111" testListId="8c84fa94-04c1-424b-9868-57a2d4851a1d" />
    <TestEntry testId="94bd48db-54a3-d63b-4c2b-1c89db1efaf3" executionId="36f4dd4c-e997-42b9-8c2a-6d4f69950613" testListId="8c84fa94-04c1-424b-9868-57a2d4851a1d" />
    <TestEntry testId="93c5c585-3908-44b4-b7b1-3a7e9e7c4d26" executionId="7af23118-8e44-4ec7-a982-8a4b2a485311" testListId="8c84fa94-04c1-424b-9868-57a2d4851a1d" />
    <TestEntry testId="47afcd5b-fcc7-5518-3629-dc9b20fc97f8" executionId="37bc611f-5753-4122-a67a-c31cc4dc588f" testListId="8c84fa94-04c1-424b-9868-57a2d4851a1d" />
    <TestEntry testId="cc790c13-d14d-9b1a-bf16-cdb2f3f7a571" executionId="7606e825-9fef-44b8-b5af-75bef4211c04" testListId="8c84fa94-04c1-424b-9868-57a2d4851a1d" />
    <TestEntry testId="6ebc6db2-aa69-5a98-6493-31ef150933b1" executionId="1bed876c-5899-47ba-a99b-19b673198b06" testListId="8c84fa94-04c1-424b-9868-57a2d4851a1d" />
    <TestEntry testId="c1342d3f-cfe5-2a38-0aa5-5bb1dded60d1" executionId="a0a5400c-4fef-4d53-a779-bfa7273da772" testListId="8c84fa94-04c1-424b-9868-57a2d4851a1d" />
    <TestEntry testId="8ffd8b18-d6d0-548c-74c2-04f1656b2a67" executionId="55861e77-5477-4e9d-a01a-1649fd6e2404" testListId="8c84fa94-04c1-424b-9868-57a2d4851a1d" />
    <TestEntry testId="7e6b377b-da80-8660-0cbe-f8207030359e" executionId="7cc4d525-56ed-46e7-9c87-f6c7abb44829" testListId="8c84fa94-04c1-424b-9868-57a2d4851a1d" />
    <TestEntry testId="d6dde4b8-a4fc-4b5b-9a35-fb6803cc084a" executionId="2290c73c-4193-478c-b22d-04484a41190d" testListId="8c84fa94-04c1-424b-9868-57a2d4851a1d" />
    <TestEntry testId="1f11f397-ee55-128c-cbfe-d24a76ba64fc" executionId="2f5c7126-352a-4ef0-94ef-ce14dd630ce9" testListId="8c84fa94-04c1-424b-9868-57a2d4851a1d" />
    <TestEntry testId="8295ddec-770c-14e6-b606-dce5449eaea6" executionId="07280ae7-76eb-41b0-8dbe-d6ca2f864d39" testListId="8c84fa94-04c1-424b-9868-57a2d4851a1d" />
    <TestEntry testId="98523b04-0b64-512a-fc6b-20bcb74b8475" executionId="3ee6b69f-49b6-4d7c-9909-4520dd67534d" testListId="8c84fa94-04c1-424b-9868-57a2d4851a1d" />
    <TestEntry testId="50a50460-ef18-ddcc-6082-e5f270fa26bf" executionId="2b6ec12e-fa11-4523-a1aa-b7d2e76b0f99" testListId="8c84fa94-04c1-424b-9868-57a2d4851a1d" />
    <TestEntry testId="0afa58fd-6240-6049-1c3f-87d4db08ddd5" executionId="74b58994-04fe-43a2-b902-9d8f9bd8b3a5" testListId="8c84fa94-04c1-424b-9868-57a2d4851a1d" />
    <TestEntry testId="42f03ffa-f437-f05c-45e6-84b2cd5c6369" executionId="685d070d-b854-4342-ac5b-7ea8a5ddfbb5" testListId="8c84fa94-04c1-424b-9868-57a2d4851a1d" />
    <TestEntry testId="3284b07a-7571-dcf3-ead1-d8814491e90e" executionId="d5221178-7ebd-4d70-9b33-35a8651bb82b" testListId="8c84fa94-04c1-424b-9868-57a2d4851a1d" />
    <TestEntry testId="eab8ebf0-54b4-13a2-2fb5-0a38dd3299e0" executionId="636f8222-698b-478c-a2ca-660e9f0cb83e" testListId="8c84fa94-04c1-424b-9868-57a2d4851a1d" />
    <TestEntry testId="bcb59029-4013-44e5-44e0-773cef3135ff" executionId="ac7c2716-fb95-4ea7-bd1e-2eabba992276" testListId="8c84fa94-04c1-424b-9868-57a2d4851a1d" />
    <TestEntry testId="64fe6d76-4be3-fbf9-7fa1-b2e98e27e97a" executionId="96fed998-95a3-429b-857a-1e3d014cb8d7" testListId="8c84fa94-04c1-424b-9868-57a2d4851a1d" />
    <TestEntry testId="2b942204-73d5-5e1a-b900-79a487486712" executionId="b125be49-01ce-4e14-bbdd-cabe093f47dd" testListId="8c84fa94-04c1-424b-9868-57a2d4851a1d" />
    <TestEntry testId="f71c24be-a83b-8f80-8fa8-303d407e89a5" executionId="b3578918-3135-4f96-8611-025f9f98dc71" testListId="8c84fa94-04c1-424b-9868-57a2d4851a1d" />
    <TestEntry testId="351c592c-fc72-5a82-9817-d79a90df7614" executionId="f1c294c8-6fc0-4a8f-9a54-15106f09e013" testListId="8c84fa94-04c1-424b-9868-57a2d4851a1d" />
    <TestEntry testId="92fda280-c4fb-442b-e883-7176a9e8efce" executionId="e234b54a-8acc-48fd-a03d-d71657499edf" testListId="8c84fa94-04c1-424b-9868-57a2d4851a1d" />
    <TestEntry testId="40d62d25-6314-3e34-3219-b1749d2933c4" executionId="5fe750a7-486c-4190-8ab9-e11f6dc8fa78" testListId="8c84fa94-04c1-424b-9868-57a2d4851a1d" />
    <TestEntry testId="d7a6f086-e375-76ac-3b77-3efb22d2def2" executionId="9f694849-10ef-4c3d-8e57-8f5566ea930e" testListId="8c84fa94-04c1-424b-9868-57a2d4851a1d" />
    <TestEntry testId="97df3935-67e3-f4a9-e35f-d1185c26ea7e" executionId="a3dc340d-52fa-4f3a-a04e-0dfab2a72b34" testListId="8c84fa94-04c1-424b-9868-57a2d4851a1d" />
    <TestEntry testId="66ce8a3b-e460-c668-203e-af4091fa629b" executionId="3499459a-3457-479c-8b60-1c5b3d0613f0" testListId="8c84fa94-04c1-424b-9868-57a2d4851a1d" />
    <TestEntry testId="15d3c971-2e43-ba8e-f944-5da63daf7120" executionId="fbdcf2a2-2219-4eb5-bbd3-71db730cc7a3" testListId="8c84fa94-04c1-424b-9868-57a2d4851a1d" />
    <TestEntry testId="5dc5ff5a-2b01-503e-5d7e-47330abf8c64" executionId="60550760-2973-4dd9-95da-4c36babf5bc3" testListId="8c84fa94-04c1-424b-9868-57a2d4851a1d" />
    <TestEntry testId="37ef04ad-f698-694b-d165-3e43c8009b4c" executionId="3f060d55-ef5d-4ea5-82d5-dd7dd7f3011b" testListId="8c84fa94-04c1-424b-9868-57a2d4851a1d" />
    <TestEntry testId="ecf23342-08d1-9743-912b-4dd2ea8bbf0d" executionId="1d059109-ad6d-44ff-9d99-3de8d3bc7de1" testListId="8c84fa94-04c1-424b-9868-57a2d4851a1d" />
    <TestEntry testId="61a66b7d-f265-2ce8-5c72-363964efc937" executionId="f05ad166-27a6-459f-96ef-dfbf9d0d9eaf" testListId="8c84fa94-04c1-424b-9868-57a2d4851a1d" />
    <TestEntry testId="bb678a6e-ec56-e1f0-69a7-ebac1a815aec" executionId="9c5fc406-2305-41a1-8f1c-bc612a0ea9df" testListId="8c84fa94-04c1-424b-9868-57a2d4851a1d" />
    <TestEntry testId="679ffb1f-722e-7511-f018-537de05ea402" executionId="470969d9-ef50-4b35-ad99-66f63029eaa0" testListId="8c84fa94-04c1-424b-9868-57a2d4851a1d" />
    <TestEntry testId="68e2219d-c4aa-3dde-5711-40eee752b346" executionId="bb5bdd67-e01c-4a32-b31c-ce7f405af69f" testListId="8c84fa94-04c1-424b-9868-57a2d4851a1d" />
    <TestEntry testId="1ee5a8be-7fbf-b2a3-f39d-41d7dc6a8265" executionId="83722ba5-3097-4ca2-a21b-a54f85d7f007" testListId="8c84fa94-04c1-424b-9868-57a2d4851a1d" />
    <TestEntry testId="c5edfa28-98cf-2731-3e28-848ac5ce875c" executionId="d2f75218-d450-498f-9943-ccaa17712ec5" testListId="8c84fa94-04c1-424b-9868-57a2d4851a1d" />
    <TestEntry testId="3ca99e82-4aeb-324f-c71a-0460d242731c" executionId="e6d87979-081a-4eb8-9633-a1d2e44788d6" testListId="8c84fa94-04c1-424b-9868-57a2d4851a1d" />
    <TestEntry testId="60123ba9-8c0d-8a64-f91a-5e13ce5ae077" executionId="ba12be80-a25d-45fc-b55d-92cf70fea9e3" testListId="8c84fa94-04c1-424b-9868-57a2d4851a1d" />
    <TestEntry testId="6fb834a5-79fd-9861-a797-b2a3f40a7fc1" executionId="ec3ce5e1-76f4-4cf5-9639-eed05b8afcfb" testListId="8c84fa94-04c1-424b-9868-57a2d4851a1d" />
    <TestEntry testId="0153e39d-fc01-401a-b752-5ada10912238" executionId="3bfb24e5-d284-4fa7-b786-7ab1d4063c28" testListId="8c84fa94-04c1-424b-9868-57a2d4851a1d" />
    <TestEntry testId="bf4c9772-2cf2-1cd7-ab86-0f3e2d7a1134" executionId="9c3930b7-bc20-4d2d-8a9f-8970253e785f" testListId="8c84fa94-04c1-424b-9868-57a2d4851a1d" />
    <TestEntry testId="a45b0da2-eb2b-b9b6-85db-5a1df2e22596" executionId="3a1c4ed0-3bb8-4c88-847e-198b09f34212" testListId="8c84fa94-04c1-424b-9868-57a2d4851a1d" />
    <TestEntry testId="a7b99d22-ee3f-ab47-ab68-89dfe253a5a4" executionId="fc604a32-ec5c-45cf-8720-624011f824e0" testListId="8c84fa94-04c1-424b-9868-57a2d4851a1d" />
    <TestEntry testId="32b482d6-93d8-7c20-38aa-1450f325d87f" executionId="465ea379-933e-413b-8d69-e048682d2efa" testListId="8c84fa94-04c1-424b-9868-57a2d4851a1d" />
    <TestEntry testId="59ec3057-e73c-9bdc-c923-5de846e585bc" executionId="42fe26c8-4258-437d-8ffd-bf1f546a8ce9" testListId="8c84fa94-04c1-424b-9868-57a2d4851a1d" />
    <TestEntry testId="ea26bba9-26a9-f3ea-e08a-46ddb2f7a2e3" executionId="0cf13be1-e261-402a-8610-32555d25190f" testListId="8c84fa94-04c1-424b-9868-57a2d4851a1d" />
    <TestEntry testId="bbc1ffe3-9214-8c97-a7b1-dc448d582233" executionId="c2496afc-d74a-49af-a082-bb1ab68217ef" testListId="8c84fa94-04c1-424b-9868-57a2d4851a1d" />
    <TestEntry testId="aaaa3256-d978-8c2d-a1cb-bf2139c5503e" executionId="685d7bec-b6a9-43dd-862c-aa6d98810b67" testListId="8c84fa94-04c1-424b-9868-57a2d4851a1d" />
    <TestEntry testId="91230b95-4cc3-de7c-060a-759628c104c9" executionId="95a8d2b0-c090-46b2-9498-c6b45439ccf8" testListId="8c84fa94-04c1-424b-9868-57a2d4851a1d" />
    <TestEntry testId="0cc7f3aa-f0d7-1b81-ab81-fbb4b82c74b0" executionId="10b50a5d-cbc7-4fd3-acc3-f7814e5ec5a9" testListId="8c84fa94-04c1-424b-9868-57a2d4851a1d" />
    <TestEntry testId="d673f751-f8e9-a52d-95f0-a6dc176b75a2" executionId="e85b1994-7240-424f-9fcb-961146f5c017" testListId="8c84fa94-04c1-424b-9868-57a2d4851a1d" />
    <TestEntry testId="ca884c7e-f0a7-5df6-48da-a7247125fe65" executionId="b558f18b-aeee-4077-80b2-7c3d0d9eb627" testListId="8c84fa94-04c1-424b-9868-57a2d4851a1d" />
    <TestEntry testId="f3419d14-be7c-64f4-b8d0-70c944d70339" executionId="4f436e6d-9e53-4144-aa40-6c65ffb53c7f" testListId="8c84fa94-04c1-424b-9868-57a2d4851a1d" />
    <TestEntry testId="248d5f3f-97e6-5c8e-3113-984eb4fab62a" executionId="63d5861f-44c3-4fe8-9bad-206c9191f96c" testListId="8c84fa94-04c1-424b-9868-57a2d4851a1d" />
    <TestEntry testId="e0f99cbf-2d29-3c80-a624-7b6e13dd1390" executionId="0fcb682c-9a9a-45cd-b933-29e49450a3ab" testListId="8c84fa94-04c1-424b-9868-57a2d4851a1d" />
    <TestEntry testId="b8aad2c7-2eba-e5db-6418-6d64439beb70" executionId="90746b33-3db6-4fbb-8b72-414fe8c50296" testListId="8c84fa94-04c1-424b-9868-57a2d4851a1d" />
    <TestEntry testId="e6378227-686b-8b9c-533e-6cebe496380d" executionId="2d12d66b-d8df-464f-8a49-0558f3f04ec3" testListId="8c84fa94-04c1-424b-9868-57a2d4851a1d" />
    <TestEntry testId="14b4d962-f7f2-ac8b-cce5-4b1ed17e27f6" executionId="fd234e93-c4ca-44fb-ad49-587c7056785f" testListId="8c84fa94-04c1-424b-9868-57a2d4851a1d" />
    <TestEntry testId="f07ec14b-f484-ba9b-8269-66d16c50ab95" executionId="f28fd1d7-b758-425d-8b1f-3f56535b0203" testListId="8c84fa94-04c1-424b-9868-57a2d4851a1d" />
    <TestEntry testId="728f4fce-f778-2925-5f0d-e4e53c001ad6" executionId="3fbd7603-2a8b-475f-a3a9-2a9c989fe75e" testListId="8c84fa94-04c1-424b-9868-57a2d4851a1d" />
    <TestEntry testId="356f89fb-8a90-5da8-902f-888a6aa96117" executionId="4de286d8-ed56-49c1-9b29-213153b99e5f" testListId="8c84fa94-04c1-424b-9868-57a2d4851a1d" />
    <TestEntry testId="582f0edc-f793-49fc-2dc3-b59b6fef13d9" executionId="636ca910-f809-4a8c-af69-8cc8c9d98c87" testListId="8c84fa94-04c1-424b-9868-57a2d4851a1d" />
    <TestEntry testId="14118ba1-3e16-0557-a7d6-67329481bdad" executionId="6ee22c58-3c40-411d-8665-b1ad4c3e6e5d" testListId="8c84fa94-04c1-424b-9868-57a2d4851a1d" />
    <TestEntry testId="1292910c-c26a-af95-32b2-bbd8135a83bf" executionId="9cb64ce6-d206-49f2-8cd6-a81b7804e8cc" testListId="8c84fa94-04c1-424b-9868-57a2d4851a1d" />
    <TestEntry testId="1ca92fc7-e3c6-7524-0643-04b74c0f6f6b" executionId="56234d18-e221-4507-80c8-ed5fef94ed4b" testListId="8c84fa94-04c1-424b-9868-57a2d4851a1d" />
    <TestEntry testId="2bb9876a-467f-f530-c09d-3a5b987e6e41" executionId="9b80316a-3646-40da-9146-b6d96c99c580" testListId="8c84fa94-04c1-424b-9868-57a2d4851a1d" />
    <TestEntry testId="1b1c81ec-4748-1ab4-a634-315a5e08abe0" executionId="cc19ab26-b6f3-445d-9307-65a86a92182e" testListId="8c84fa94-04c1-424b-9868-57a2d4851a1d" />
    <TestEntry testId="5bc5b8a2-aaeb-0ab7-986f-4a4ddf5047ca" executionId="0c6ed5e0-2b22-4f7d-a6b4-34581c04ead7" testListId="8c84fa94-04c1-424b-9868-57a2d4851a1d" />
    <TestEntry testId="4de5a3ab-393d-8d27-6e98-fe3a6c94c715" executionId="b8ed0a7d-f8f1-48c2-91d7-5ddcc5904186" testListId="8c84fa94-04c1-424b-9868-57a2d4851a1d" />
    <TestEntry testId="1a6ee4d5-7a68-7839-3fd0-d276f1ebf759" executionId="0422d3de-438f-4def-b202-fb87ea256ff3" testListId="8c84fa94-04c1-424b-9868-57a2d4851a1d" />
    <TestEntry testId="ac39fe87-b406-baf4-1ead-02ee0e9490f2" executionId="6f264202-05d1-4179-bb85-821f9bf4fdbc" testListId="8c84fa94-04c1-424b-9868-57a2d4851a1d" />
    <TestEntry testId="8f5bf70f-be13-6e2e-64a8-60d4a77e8f0b" executionId="45d66dc5-d664-4cec-8003-2b3f557a0b0a" testListId="8c84fa94-04c1-424b-9868-57a2d4851a1d" />
    <TestEntry testId="f71539d0-9988-91d1-71c5-d86493ed2948" executionId="d2e12b3f-e4b2-4a29-9be4-fbb0e08e505a" testListId="8c84fa94-04c1-424b-9868-57a2d4851a1d" />
    <TestEntry testId="d3e023bb-a976-a14d-a18c-f7444af4c631" executionId="1d906bcb-0c7d-4551-84cc-9836b4e9087e" testListId="8c84fa94-04c1-424b-9868-57a2d4851a1d" />
    <TestEntry testId="d9fddeff-7322-601b-7da9-5711e11f0fe5" executionId="941daa6e-8bdd-490d-be93-d376dc1febd8" testListId="8c84fa94-04c1-424b-9868-57a2d4851a1d" />
    <TestEntry testId="4d66612e-0dae-f6e0-6b25-f37ccd8acd95" executionId="8c9b3433-fcb5-44ff-9c07-4709818b91c0" testListId="8c84fa94-04c1-424b-9868-57a2d4851a1d" />
    <TestEntry testId="8e2f4b9a-aecb-c781-3dd2-d433cb480f63" executionId="c5769f96-7483-4bf4-b9e8-95ec6d2d2cde" testListId="8c84fa94-04c1-424b-9868-57a2d4851a1d" />
    <TestEntry testId="ea068faa-b980-f2dc-c742-45ace51c445c" executionId="ce302c3f-ae17-4d6f-af2e-9755eca95dfc" testListId="8c84fa94-04c1-424b-9868-57a2d4851a1d" />
    <TestEntry testId="b70c1bfa-94e6-da8f-8633-1ff1ee7b484a" executionId="a7dca243-3637-4495-9de5-f7ef018bd310" testListId="8c84fa94-04c1-424b-9868-57a2d4851a1d" />
    <TestEntry testId="55d81d83-ae6f-5c82-491d-0516e9bcf5dc" executionId="e76c8f44-26bb-4d4b-8b74-bb532da73e31" testListId="8c84fa94-04c1-424b-9868-57a2d4851a1d" />
    <TestEntry testId="5f6a6389-07d6-acb2-15d5-0ce5fd448a5f" executionId="53406cfd-71a2-41d4-943c-bfc60200ebb9" testListId="8c84fa94-04c1-424b-9868-57a2d4851a1d" />
    <TestEntry testId="1c7e864b-0b3e-da32-5ffc-4127262e13c9" executionId="39bdc812-6052-48f4-947c-3da71b1383c1" testListId="8c84fa94-04c1-424b-9868-57a2d4851a1d" />
    <TestEntry testId="f226df2c-240f-9fcd-e75b-e44c9a490cf6" executionId="ed212343-519e-4818-a7a4-4425136c2d33" testListId="8c84fa94-04c1-424b-9868-57a2d4851a1d" />
    <TestEntry testId="8016d13c-c026-4eab-3b1a-f6a102363f44" executionId="c03c3205-43ba-427a-b952-3c823ec69ac7" testListId="8c84fa94-04c1-424b-9868-57a2d4851a1d" />
    <TestEntry testId="1f16eed6-5356-56da-0c8a-3d649af7e2b6" executionId="fa07a2aa-85c1-4aec-9a2c-4b4456b6ae2d" testListId="8c84fa94-04c1-424b-9868-57a2d4851a1d" />
    <TestEntry testId="d6ffb23b-d252-950e-a23f-43e134c5b351" executionId="8a48c5ed-4c32-47ab-8b2c-0d9a053d8fea" testListId="8c84fa94-04c1-424b-9868-57a2d4851a1d" />
    <TestEntry testId="9c7301e8-474b-ab11-2708-80b36a1ddada" executionId="09187e37-af1d-4fea-aeb3-70a5d2105be1" testListId="8c84fa94-04c1-424b-9868-57a2d4851a1d" />
    <TestEntry testId="63256dc5-2444-bcdb-2f15-307be7ebfed3" executionId="4d6fec97-2ca7-4360-955d-4ab14589f457" testListId="8c84fa94-04c1-424b-9868-57a2d4851a1d" />
    <TestEntry testId="5531531b-3cdc-85ea-99dc-40236a3fb01d" executionId="8333758b-40eb-43f8-89bb-33f410a83c30" testListId="8c84fa94-04c1-424b-9868-57a2d4851a1d" />
    <TestEntry testId="aaac0e7d-5f4a-069f-757e-76df0280cff4" executionId="e8fec28c-a33d-4f07-926b-bb1e541b0baa" testListId="8c84fa94-04c1-424b-9868-57a2d4851a1d" />
    <TestEntry testId="3edb81eb-4b7b-f4c8-2836-4f3b2107d7f6" executionId="e7558876-39d5-47f1-a3ac-606920016e9c" testListId="8c84fa94-04c1-424b-9868-57a2d4851a1d" />
    <TestEntry testId="8d70e33e-8d60-77f4-1f3a-62d733fafa4b" executionId="f1a14049-ed25-44aa-89d9-0e420ad064e9" testListId="8c84fa94-04c1-424b-9868-57a2d4851a1d" />
    <TestEntry testId="6bb117d1-94e5-51e3-6903-da2e2b9dba3c" executionId="ad3aaa97-5cc1-485a-a52c-ee6699bdc04f" testListId="8c84fa94-04c1-424b-9868-57a2d4851a1d" />
    <TestEntry testId="ef799867-ba48-b99a-3202-edf0b6a86be1" executionId="4127434f-bc5f-43d3-99a6-0f3020e087d7" testListId="8c84fa94-04c1-424b-9868-57a2d4851a1d" />
    <TestEntry testId="3b0ea915-efb1-ed00-4aec-75ec27bae9e1" executionId="7704f926-b2dc-4833-be05-bfab10ce03ed" testListId="8c84fa94-04c1-424b-9868-57a2d4851a1d" />
    <TestEntry testId="6571bba8-1418-4317-2ad2-4f9436176ce5" executionId="d07d86bf-35dc-4aaf-acb8-79d9c54d0712" testListId="8c84fa94-04c1-424b-9868-57a2d4851a1d" />
    <TestEntry testId="1e9d0621-8305-7828-af7a-409a8880fdd4" executionId="d166b3bc-760c-40ad-80fc-848d7ac44ae4" testListId="8c84fa94-04c1-424b-9868-57a2d4851a1d" />
    <TestEntry testId="37b43e18-8176-d931-8f8a-96c2aeceb9ed" executionId="831b830a-943d-4f0e-a86a-67c84c1fb370" testListId="8c84fa94-04c1-424b-9868-57a2d4851a1d" />
    <TestEntry testId="8bbb5536-e880-c232-5401-5ccf490f756c" executionId="79f76a3e-b2c0-4c9b-957c-7b4c7828835b" testListId="8c84fa94-04c1-424b-9868-57a2d4851a1d" />
    <TestEntry testId="4e26259a-1b02-586b-082a-b53c071413ff" executionId="71e60a19-7af4-485d-ba45-466d7d098b61" testListId="8c84fa94-04c1-424b-9868-57a2d4851a1d" />
    <TestEntry testId="bb8ee3f0-1f27-6383-b591-238dc1e9f78f" executionId="49a104db-474b-4ed8-890a-4fc47431a705" testListId="8c84fa94-04c1-424b-9868-57a2d4851a1d" />
    <TestEntry testId="266acd3f-05f0-7f05-925e-96206b985b98" executionId="f2e889ea-048e-4623-9941-a2adf25fec4c" testListId="8c84fa94-04c1-424b-9868-57a2d4851a1d" />
    <TestEntry testId="6be0c6cd-5df1-25b4-5146-441545fc3568" executionId="d4872bbe-aa00-451d-95c6-2765b99e6cb1" testListId="8c84fa94-04c1-424b-9868-57a2d4851a1d" />
    <TestEntry testId="2110bc6e-fba0-1c6f-ec93-c31a40d8cfb6" executionId="0cad898b-9354-4091-8ff4-7b5a8228a14e" testListId="8c84fa94-04c1-424b-9868-57a2d4851a1d" />
    <TestEntry testId="738e5c98-030d-7775-230f-848afa42a22f" executionId="9095fff8-13ea-4104-8a42-5cd0b5cf8e42" testListId="8c84fa94-04c1-424b-9868-57a2d4851a1d" />
    <TestEntry testId="5d5662b6-d31d-32d3-84ac-9589078c82c3" executionId="b612437a-4e49-4995-b386-8670d8074b13" testListId="8c84fa94-04c1-424b-9868-57a2d4851a1d" />
    <TestEntry testId="92679e3d-d661-be15-cbdf-a3fbbc1fd13a" executionId="46d49f45-ca75-4d58-bd11-358cf4037425" testListId="8c84fa94-04c1-424b-9868-57a2d4851a1d" />
    <TestEntry testId="7cafaab9-88ea-6550-36c3-d0f55dd10b21" executionId="27d81544-901b-4b0f-9516-88e9e655b1c3" testListId="8c84fa94-04c1-424b-9868-57a2d4851a1d" />
    <TestEntry testId="59f38d5a-b192-9bd3-715f-90c810db1fc2" executionId="b713232d-9058-48dc-a8be-fea2ea00d9da" testListId="8c84fa94-04c1-424b-9868-57a2d4851a1d" />
    <TestEntry testId="0ea8ad0c-ed07-87f6-0eb9-ade3155648fe" executionId="da19d1ad-c82d-4207-ad8d-eb19861fae23" testListId="8c84fa94-04c1-424b-9868-57a2d4851a1d" />
    <TestEntry testId="998818fc-baf9-7ce7-23ed-afcf2f4bbd98" executionId="1f2f04ac-2593-48c4-b5c1-feba375cd2df" testListId="8c84fa94-04c1-424b-9868-57a2d4851a1d" />
    <TestEntry testId="2d3d484c-8b55-579a-c941-c9464c7510dc" executionId="2587e300-4260-4e3e-b044-984339c4d624" testListId="8c84fa94-04c1-424b-9868-57a2d4851a1d" />
    <TestEntry testId="eda327a8-43f0-eb29-46cf-6cdf168c607b" executionId="a6d12ae5-d1dd-4b15-acce-9e3d16752a1a" testListId="8c84fa94-04c1-424b-9868-57a2d4851a1d" />
    <TestEntry testId="990d39b7-12eb-a43b-a0d1-e7000c4a3239" executionId="c20add08-7b82-4a5f-be0f-aacc00537923" testListId="8c84fa94-04c1-424b-9868-57a2d4851a1d" />
    <TestEntry testId="e0cfa7c3-0342-5af7-1497-7d11fdf8076c" executionId="911e0721-671f-41d0-a097-6374e1634dd1" testListId="8c84fa94-04c1-424b-9868-57a2d4851a1d" />
    <TestEntry testId="d0f98705-cec5-e3e1-c3a7-f7355b9a5565" executionId="3752fd10-aa97-4023-89c5-bff6e86065c7" testListId="8c84fa94-04c1-424b-9868-57a2d4851a1d" />
    <TestEntry testId="fbc32450-3db5-5196-df70-c2c3b3967d88" executionId="c66b26d9-c8d1-47c8-8e4a-bae153b6e665" testListId="8c84fa94-04c1-424b-9868-57a2d4851a1d" />
    <TestEntry testId="abbd0d1a-0c6a-24b3-6949-2c8175ceb910" executionId="691c41c8-689f-490d-af3e-d2327c488014" testListId="8c84fa94-04c1-424b-9868-57a2d4851a1d" />
    <TestEntry testId="dd674274-ba43-8940-2626-71ce4e04448c" executionId="cc1f4671-bcc7-48d2-9c76-e0a004ef09e5" testListId="8c84fa94-04c1-424b-9868-57a2d4851a1d" />
    <TestEntry testId="7713c70a-8768-620b-5c88-ff32f7ce1d34" executionId="169f693c-5562-433c-9a83-5ea859d6fca1" testListId="8c84fa94-04c1-424b-9868-57a2d4851a1d" />
    <TestEntry testId="47afcd5b-fcc7-5518-3629-dc9b20fc97f8" executionId="9498b77b-4d28-4fa7-bd96-b65e64fb739c" testListId="8c84fa94-04c1-424b-9868-57a2d4851a1d" />
    <TestEntry testId="164e0ece-2885-3623-f5c8-0b1879247307" executionId="c35958de-c9b3-4b4a-9fed-424964bc1146" testListId="8c84fa94-04c1-424b-9868-57a2d4851a1d" />
    <TestEntry testId="a9cdeb2a-c214-4411-5768-e37d7c76a1f4" executionId="722bc591-7e90-4c49-9150-328702080d5d" testListId="8c84fa94-04c1-424b-9868-57a2d4851a1d" />
    <TestEntry testId="ff1f8e51-22b6-57cc-4d3e-e50fee72f0ef" executionId="dbb19efe-707e-4c43-a1a4-e5747f6e342e" testListId="8c84fa94-04c1-424b-9868-57a2d4851a1d" />
    <TestEntry testId="09942d98-1aaf-e6f8-8494-a5bbebc32f75" executionId="4388ebaa-939c-4114-9bbe-434d5377c7c1" testListId="8c84fa94-04c1-424b-9868-57a2d4851a1d" />
    <TestEntry testId="4ffa1572-3a75-3e1d-b438-49c773bd05f6" executionId="4e61bcbf-9cfc-4686-a953-3928428c1092" testListId="8c84fa94-04c1-424b-9868-57a2d4851a1d" />
    <TestEntry testId="2ad365a4-7690-f909-9b00-353a5ed34e80" executionId="e919370b-42f1-424f-b667-2389146101a9" testListId="8c84fa94-04c1-424b-9868-57a2d4851a1d" />
    <TestEntry testId="c6b40543-f253-b0b7-9aa5-954faa77faae" executionId="9db6cf4b-563d-4b5f-b81a-6db0830ef7bd" testListId="8c84fa94-04c1-424b-9868-57a2d4851a1d" />
    <TestEntry testId="ba6dc699-f2a6-3e2a-a2d0-2b8a2fe9e579" executionId="2c7fd95d-4e55-4271-bffa-eac923279a61" testListId="8c84fa94-04c1-424b-9868-57a2d4851a1d" />
    <TestEntry testId="4d0a77b4-859e-e9eb-f096-7cc6da60780a" executionId="d4d9acd1-ac5d-4b83-8b64-b464b77bcb15" testListId="8c84fa94-04c1-424b-9868-57a2d4851a1d" />
    <TestEntry testId="b5e89cb9-a5d1-e7dc-d10c-4ca766a33e40" executionId="4f65aebd-c5ba-42cc-aa1f-a2f382065179" testListId="8c84fa94-04c1-424b-9868-57a2d4851a1d" />
    <TestEntry testId="0029f72a-8851-6727-0ba3-2f8c2439bbd9" executionId="acbe9f2d-8262-47b9-8274-c1746cfbdb65" testListId="8c84fa94-04c1-424b-9868-57a2d4851a1d" />
    <TestEntry testId="0949149e-7a9e-de1f-a0b7-532e339c1eb4" executionId="80a996fc-5c88-46ee-b173-8e63a91db0c3" testListId="8c84fa94-04c1-424b-9868-57a2d4851a1d" />
    <TestEntry testId="001eaa05-24de-1a6f-4796-a20a49ef55f6" executionId="547dbec0-0bd5-4bbd-a08b-6829d24105cd" testListId="8c84fa94-04c1-424b-9868-57a2d4851a1d" />
    <TestEntry testId="e3e00204-60e4-4696-1d7f-3694c2df1c99" executionId="f1a91647-aeac-4505-9ca6-e3c08164e52b" testListId="8c84fa94-04c1-424b-9868-57a2d4851a1d" />
    <TestEntry testId="1978ec45-4e84-e3eb-ebd3-2cd3bcac1f3f" executionId="5fa06929-0604-4ac6-9e86-7953dafd6d7d" testListId="8c84fa94-04c1-424b-9868-57a2d4851a1d" />
    <TestEntry testId="dcd7c3cc-bb2b-9867-81b5-778be618c95d" executionId="f4fd98eb-38c8-4773-9425-38cde1dcf446" testListId="8c84fa94-04c1-424b-9868-57a2d4851a1d" />
    <TestEntry testId="4b0481dc-3b3e-c8ad-e505-7f7ffc1d55a6" executionId="44506143-c02e-444f-b193-f60e03c2bac9" testListId="8c84fa94-04c1-424b-9868-57a2d4851a1d" />
    <TestEntry testId="8e269da5-325f-ca5e-095b-9a4d9a0d799a" executionId="28ad8831-39cb-432d-afbe-0180c19cf6c8" testListId="8c84fa94-04c1-424b-9868-57a2d4851a1d" />
    <TestEntry testId="9d2b5957-4f8f-fc22-f57e-f9eaded782e7" executionId="f4cccf3e-0273-4d5e-88c1-4d043e1bdff8" testListId="8c84fa94-04c1-424b-9868-57a2d4851a1d" />
    <TestEntry testId="ca9219fd-27b5-f98f-69d6-f4a236265e4f" executionId="c19ad1ce-f53b-4646-8e89-adb9110f1fe6" testListId="8c84fa94-04c1-424b-9868-57a2d4851a1d" />
    <TestEntry testId="73fd6b32-ad56-6164-485b-fa89df0af261" executionId="74bc11b0-5908-43b8-aee5-10e1e9666668" testListId="8c84fa94-04c1-424b-9868-57a2d4851a1d" />
    <TestEntry testId="ca2818e9-29c0-46dd-edf8-21d9bbaed850" executionId="1929537e-904b-45a7-b4d8-afc11cc31022" testListId="8c84fa94-04c1-424b-9868-57a2d4851a1d" />
    <TestEntry testId="daed5026-5f53-0768-97fa-2d38c9533a79" executionId="ec3a8571-4220-4377-9249-de2b1cab5710" testListId="8c84fa94-04c1-424b-9868-57a2d4851a1d" />
    <TestEntry testId="834688af-d948-b267-9d52-df9b13a0c676" executionId="68b04f86-1aec-40bb-bd69-46dec06cefe7" testListId="8c84fa94-04c1-424b-9868-57a2d4851a1d" />
    <TestEntry testId="765355bb-85aa-5089-57c0-fceb33f00719" executionId="a9e81d8c-ce7f-4d17-a995-7ea482931dc1" testListId="8c84fa94-04c1-424b-9868-57a2d4851a1d" />
    <TestEntry testId="adcba74b-8049-9f15-8f59-2b6a8504d81e" executionId="001ed4d0-c461-49db-b7e4-d347d3fb5639" testListId="8c84fa94-04c1-424b-9868-57a2d4851a1d" />
    <TestEntry testId="db858c54-5ca6-5112-334f-1a2074085872" executionId="27158ad6-163c-4f93-b9fd-2385e876836c" testListId="8c84fa94-04c1-424b-9868-57a2d4851a1d" />
    <TestEntry testId="498cc7c3-1cb9-89e2-4405-01ada2bd05f7" executionId="fc6a242a-20b9-4452-9bb1-3cff8ca16094" testListId="8c84fa94-04c1-424b-9868-57a2d4851a1d" />
    <TestEntry testId="8070e7f7-7d02-726a-bebc-3ef7eedf5c14" executionId="00e9d9dd-20f6-4acb-9c55-d67c7794fd04" testListId="8c84fa94-04c1-424b-9868-57a2d4851a1d" />
    <TestEntry testId="4b7cc2b4-5fdb-804f-ca2f-d480cf61bf67" executionId="54f63598-a529-4509-b7a5-e4e08cc7c9d2" testListId="8c84fa94-04c1-424b-9868-57a2d4851a1d" />
    <TestEntry testId="53c94778-6304-3468-47d9-789a07277d4e" executionId="5f45c72c-50d1-45e6-8487-fa9842ca1572" testListId="8c84fa94-04c1-424b-9868-57a2d4851a1d" />
    <TestEntry testId="ab436d55-955b-4b55-54f7-5f3f2290fbcb" executionId="3c7e1b0a-f4fb-463a-ba86-cc544234bc78" testListId="8c84fa94-04c1-424b-9868-57a2d4851a1d" />
    <TestEntry testId="d6496406-25e6-4f95-dcc9-c044ad2f4af4" executionId="f4251e94-80f3-4f9c-b901-3b0407204113" testListId="8c84fa94-04c1-424b-9868-57a2d4851a1d" />
    <TestEntry testId="5ff971c1-c71d-1ccf-c287-9ba289350e84" executionId="c1ea9b6e-f0e7-47b3-bf9f-94f7d46f1027" testListId="8c84fa94-04c1-424b-9868-57a2d4851a1d" />
    <TestEntry testId="4a5d5949-0c88-56fe-5e7c-a9326000123b" executionId="882346aa-5460-44f9-97ca-8709be258fd9" testListId="8c84fa94-04c1-424b-9868-57a2d4851a1d" />
    <TestEntry testId="76e0271b-85c4-90ea-aed2-72a6495ef213" executionId="90d75b40-4940-4143-8e99-3d420f42d1c8" testListId="8c84fa94-04c1-424b-9868-57a2d4851a1d" />
    <TestEntry testId="249fb9cf-a2bf-c28f-b9d5-4ef4a23d459c" executionId="4e7354fd-f14c-4792-ba2b-6327867b71a9" testListId="8c84fa94-04c1-424b-9868-57a2d4851a1d" />
    <TestEntry testId="7c056526-87e1-0b1b-ae91-940a253edafa" executionId="bb464156-ba25-4169-a1a8-2be07158582f" testListId="8c84fa94-04c1-424b-9868-57a2d4851a1d" />
    <TestEntry testId="bb1a317a-f603-fd34-847e-2a6fecc00af2" executionId="bfe24b3f-0c24-474e-b5ba-12c0fe964a66" testListId="8c84fa94-04c1-424b-9868-57a2d4851a1d" />
    <TestEntry testId="2a9f7fbb-1357-fa53-4ff4-d260cac31c15" executionId="0acb2721-1721-491e-ad84-54fe2835caf9" testListId="8c84fa94-04c1-424b-9868-57a2d4851a1d" />
    <TestEntry testId="0c199377-2588-d3ea-29a5-336cfe047b76" executionId="b78d9102-9711-4d41-90d2-ecd480db38b0" testListId="8c84fa94-04c1-424b-9868-57a2d4851a1d" />
    <TestEntry testId="bf5d0f26-4b57-cc96-473d-c81ac6338dbd" executionId="4d7f9d65-d02f-417a-9511-ebf6a3a3bb07" testListId="8c84fa94-04c1-424b-9868-57a2d4851a1d" />
    <TestEntry testId="f227a819-2a67-8cc4-9f97-0d0e685c0f0f" executionId="38d5b182-152b-4fe8-91b5-97568c63c01f" testListId="8c84fa94-04c1-424b-9868-57a2d4851a1d" />
    <TestEntry testId="a4c1e622-b9e9-1738-8d8d-b3c7003ffb3a" executionId="d7855721-989b-4976-b4a7-29e2121ff50c" testListId="8c84fa94-04c1-424b-9868-57a2d4851a1d" />
    <TestEntry testId="18bde04b-4c73-eda8-82d0-6d3ca2a04781" executionId="0722cd29-a6b7-48d1-baa3-027562f2f740" testListId="8c84fa94-04c1-424b-9868-57a2d4851a1d" />
    <TestEntry testId="41ba31c5-e015-3b58-b0d1-e862f9a31ff4" executionId="158b8674-72c3-4785-a50a-17fd1631e33e" testListId="8c84fa94-04c1-424b-9868-57a2d4851a1d" />
    <TestEntry testId="d2f7c43b-7a15-5c56-1100-64ce930e11ad" executionId="fbe96041-bd6b-4a1f-840d-54d686a8e255" testListId="8c84fa94-04c1-424b-9868-57a2d4851a1d" />
    <TestEntry testId="73d075be-fab1-ee80-0dd0-df090006c2e6" executionId="548c265c-836e-4a1c-b546-033700b57445" testListId="8c84fa94-04c1-424b-9868-57a2d4851a1d" />
    <TestEntry testId="3c82cb38-7fe0-9ca0-9a54-46ea4405b331" executionId="1c74a5c7-e99e-47f2-8a48-90d8afa983c5" testListId="8c84fa94-04c1-424b-9868-57a2d4851a1d" />
    <TestEntry testId="ceb0dffb-096a-12f4-eb83-b0c92e63c404" executionId="eb7e0778-37bf-4a27-adfc-c224d847adf7" testListId="8c84fa94-04c1-424b-9868-57a2d4851a1d" />
    <TestEntry testId="5a65731b-e389-699c-d05f-1f40d4727ede" executionId="48951ea5-2036-4db5-8595-614b8f381a23" testListId="8c84fa94-04c1-424b-9868-57a2d4851a1d" />
    <TestEntry testId="e5148d61-6a1f-4ceb-0ad8-fb67024b7aa1" executionId="ebcccddc-c8f1-4430-8c8a-7e5fc1ee0b60" testListId="8c84fa94-04c1-424b-9868-57a2d4851a1d" />
    <TestEntry testId="d1d4a324-9577-ffbe-55b8-4af24ac0c077" executionId="0f351c93-47d6-4556-aeb6-cce46b2ba6e2" testListId="8c84fa94-04c1-424b-9868-57a2d4851a1d" />
    <TestEntry testId="3007729f-a613-5805-213d-0cebf02b0e3e" executionId="6606fc89-2101-4dbe-b982-23151cc0eac8" testListId="8c84fa94-04c1-424b-9868-57a2d4851a1d" />
    <TestEntry testId="164043c1-8b89-4b90-060a-951aa3808268" executionId="27f8cd32-6714-4de1-8b5d-ffa4c2f8161f" testListId="8c84fa94-04c1-424b-9868-57a2d4851a1d" />
    <TestEntry testId="d26bb60f-4042-678a-8d98-9cd1fa6f6343" executionId="b373fac8-06f3-42f5-9154-f0af0849ea24" testListId="8c84fa94-04c1-424b-9868-57a2d4851a1d" />
    <TestEntry testId="3bef546d-2c73-feb3-5bfb-b8193692e2ab" executionId="1a17e5b0-22b4-4b38-b9cf-a0550e0b7042" testListId="8c84fa94-04c1-424b-9868-57a2d4851a1d" />
    <TestEntry testId="ca807f2f-686e-8ee2-2c5d-8bb89b2618ca" executionId="846de208-bda7-4582-beab-19448848e0eb" testListId="8c84fa94-04c1-424b-9868-57a2d4851a1d" />
    <TestEntry testId="b6e623d2-bfed-d470-04c8-e1e9dee410eb" executionId="9147e76b-25cb-48d8-b6d5-f196d8e5f387" testListId="8c84fa94-04c1-424b-9868-57a2d4851a1d" />
    <TestEntry testId="b5d17ff9-7f52-3054-c3e2-54c143047f1e" executionId="fc727f2d-55ee-4b4c-9268-f9cca178c4e0" testListId="8c84fa94-04c1-424b-9868-57a2d4851a1d" />
    <TestEntry testId="37e94512-8bbc-a900-5e2e-69ba1c2e30ce" executionId="f1a2c085-8acd-45f8-affd-061f9156ffff" testListId="8c84fa94-04c1-424b-9868-57a2d4851a1d" />
    <TestEntry testId="e98034a5-c706-60a8-e0ab-cefc246c9ed1" executionId="142959db-f519-41a5-914a-b45af392513d" testListId="8c84fa94-04c1-424b-9868-57a2d4851a1d" />
    <TestEntry testId="95748184-2e23-34f4-f30a-ed8f0a761409" executionId="4a49a72e-df77-475a-beaa-72744093debd" testListId="8c84fa94-04c1-424b-9868-57a2d4851a1d" />
    <TestEntry testId="1c161d40-6f81-55f6-2fc5-a2aaa91db134" executionId="3d6cdf71-7bf8-45bd-82b8-437f1cdb37bf" testListId="8c84fa94-04c1-424b-9868-57a2d4851a1d" />
    <TestEntry testId="3c993e2f-53f1-5efe-dae0-a0fe5a9dd2ce" executionId="fe192504-78d4-49cb-ae82-1ee34b8c7cda" testListId="8c84fa94-04c1-424b-9868-57a2d4851a1d" />
    <TestEntry testId="75253478-58a0-bb8b-60af-f2e03b85edc6" executionId="8affa387-2768-4419-ac21-587ce02e19b8" testListId="8c84fa94-04c1-424b-9868-57a2d4851a1d" />
    <TestEntry testId="6888598b-cb60-477f-2c20-bf0224fd9c36" executionId="fe4fdd2e-eca4-4aef-b212-546882658cf8" testListId="8c84fa94-04c1-424b-9868-57a2d4851a1d" />
    <TestEntry testId="53f6b12f-61bb-1cab-a25e-97d13b4340ec" executionId="974cc3ed-123b-490f-a02b-0b6e4235357d" testListId="8c84fa94-04c1-424b-9868-57a2d4851a1d" />
    <TestEntry testId="47acaf49-109d-c29f-0b5f-3e98c6129300" executionId="0e97c7ea-4c2c-48f6-99b4-eed30f903eaa" testListId="8c84fa94-04c1-424b-9868-57a2d4851a1d" />
    <TestEntry testId="d4c769a8-aaf0-fc74-a370-7fe129616c88" executionId="6975a504-70b3-4c70-b433-83a7aec98c63" testListId="8c84fa94-04c1-424b-9868-57a2d4851a1d" />
    <TestEntry testId="6bd02653-e5f0-d4ef-1cd6-21d55dd9399e" executionId="be6605ac-d8e3-4b10-8e48-ac56f570f795" testListId="8c84fa94-04c1-424b-9868-57a2d4851a1d" />
    <TestEntry testId="9e4a166f-9dd6-6fc3-0366-061d8403a00e" executionId="5c2901da-bd3a-4f3b-830b-373708992c28" testListId="8c84fa94-04c1-424b-9868-57a2d4851a1d" />
    <TestEntry testId="cedf5e26-eb4c-4ff4-1c76-8686f05baa27" executionId="b0989217-2c09-41db-aaeb-0ad54480652d" testListId="8c84fa94-04c1-424b-9868-57a2d4851a1d" />
    <TestEntry testId="bd753835-4ced-3abd-66ef-28cdb1c1718b" executionId="786070f3-f736-4d68-81c6-9ce9c4d207e5" testListId="8c84fa94-04c1-424b-9868-57a2d4851a1d" />
    <TestEntry testId="024762ec-6de4-9e73-3e08-4415f864ad90" executionId="cb7e9ffd-d82d-4c71-bde0-3224a013a4d2" testListId="8c84fa94-04c1-424b-9868-57a2d4851a1d" />
    <TestEntry testId="4544cee2-8917-8868-ee21-101be734537c" executionId="4845f893-c116-4f44-a3e6-1aa0ff8b4b2c" testListId="8c84fa94-04c1-424b-9868-57a2d4851a1d" />
    <TestEntry testId="fa1aff09-89e9-c9c9-8e43-3435185dc5da" executionId="c1a903a1-fc35-47e0-a81b-dd67136b925b" testListId="8c84fa94-04c1-424b-9868-57a2d4851a1d" />
    <TestEntry testId="0cb0438a-3990-4a3d-96bc-962401db1b65" executionId="84775d6d-8c57-4b2a-aa7f-a406ad8883aa" testListId="8c84fa94-04c1-424b-9868-57a2d4851a1d" />
    <TestEntry testId="720849a8-818b-65b4-5ac1-bd570d4477a9" executionId="ae57ad90-5339-486d-927e-b6c9005c6e88" testListId="8c84fa94-04c1-424b-9868-57a2d4851a1d" />
    <TestEntry testId="16d66a0a-e4b5-459c-2bd6-a4f61ac608f2" executionId="01d07010-e4dc-4178-8f0b-049d72540b45" testListId="8c84fa94-04c1-424b-9868-57a2d4851a1d" />
    <TestEntry testId="52dc1c81-0736-57d7-96a9-ac2ac0cb058d" executionId="769ed3f8-b48f-4f4d-8e13-f20e2dcd8df6" testListId="8c84fa94-04c1-424b-9868-57a2d4851a1d" />
    <TestEntry testId="0d66b15b-c53e-6054-f5ef-9f189a66faee" executionId="f96148a2-d76f-49bc-af81-18aa2e3e7e6c" testListId="8c84fa94-04c1-424b-9868-57a2d4851a1d" />
    <TestEntry testId="590353f7-0343-b410-3784-f9ebd31c91c3" executionId="1ee20826-8ab0-45f8-aeb0-0824ca7d6807" testListId="8c84fa94-04c1-424b-9868-57a2d4851a1d" />
    <TestEntry testId="444cca3b-2483-9d7e-d765-ff03f8236c9a" executionId="7270ca8b-878c-4759-841f-f610e2a77c38" testListId="8c84fa94-04c1-424b-9868-57a2d4851a1d" />
    <TestEntry testId="62bf0dc9-a343-a0de-bd40-7ad06d05a1d9" executionId="4dee0e3e-d95c-4f7e-9cbe-2b0f58fc5f5a" testListId="8c84fa94-04c1-424b-9868-57a2d4851a1d" />
    <TestEntry testId="2c775ea8-6ee4-4ec5-2449-c81a0c078091" executionId="d8987439-e666-4b4e-bca6-136d916fdb37" testListId="8c84fa94-04c1-424b-9868-57a2d4851a1d" />
    <TestEntry testId="aeff62e9-8176-e437-7449-a9a85dfb783d" executionId="677284ce-0e80-46a3-a2e6-287166936ce4" testListId="8c84fa94-04c1-424b-9868-57a2d4851a1d" />
    <TestEntry testId="e6206494-1fd5-7cce-b12d-03dc2164d6bc" executionId="a534e370-e299-401d-855d-a25f48538f1c" testListId="8c84fa94-04c1-424b-9868-57a2d4851a1d" />
    <TestEntry testId="a64dc5d1-fa73-43f2-6ecb-a8207ac84e2d" executionId="9bcc8673-5b76-4005-b92c-a0b598ad035d" testListId="8c84fa94-04c1-424b-9868-57a2d4851a1d" />
    <TestEntry testId="dd67079e-4f7c-100f-b844-f26b3873901b" executionId="9985f18c-aba9-491d-92d7-be82e12757df" testListId="8c84fa94-04c1-424b-9868-57a2d4851a1d" />
    <TestEntry testId="ae4de01a-1d12-e7d6-986b-cf06269c1d43" executionId="98ff9a6f-53d1-44e4-8c6c-c5e69bb69fa4" testListId="8c84fa94-04c1-424b-9868-57a2d4851a1d" />
    <TestEntry testId="e501a9f8-54f7-a0b0-cbb5-51ae0bc08f12" executionId="744d8ac3-b489-4972-92b8-d6811adb8271" testListId="8c84fa94-04c1-424b-9868-57a2d4851a1d" />
    <TestEntry testId="8e3b671a-f12b-175f-1c6c-01e75fec10bf" executionId="c3258876-ce8b-4d5f-a963-891de36b1ca3" testListId="8c84fa94-04c1-424b-9868-57a2d4851a1d" />
    <TestEntry testId="f0978bc4-a6a0-b1ad-6bf2-490678e05fef" executionId="a3e5d387-a6fb-44a3-af2d-40775ae61c8a" testListId="8c84fa94-04c1-424b-9868-57a2d4851a1d" />
    <TestEntry testId="caaa3f69-f586-8e5d-689c-9d77330d313a" executionId="fa2db9b8-0e71-49db-a52a-161733c669b3" testListId="8c84fa94-04c1-424b-9868-57a2d4851a1d" />
    <TestEntry testId="06849b64-2154-b087-5109-18de9574906c" executionId="9a42fc22-593b-4441-a238-f278c65e3764" testListId="8c84fa94-04c1-424b-9868-57a2d4851a1d" />
    <TestEntry testId="f74f384c-4e55-794f-cd70-dd0147c8016d" executionId="644903b5-a34e-47a2-839b-e2977c82e933" testListId="8c84fa94-04c1-424b-9868-57a2d4851a1d" />
    <TestEntry testId="fec7dedc-c946-c21e-b247-b1399ec429d4" executionId="832d5f46-31b1-418a-bbae-321083c4d934" testListId="8c84fa94-04c1-424b-9868-57a2d4851a1d" />
    <TestEntry testId="35465844-54ba-2a46-45af-ba78c3783273" executionId="f5fcfdf6-efbe-440e-8f47-89471576a537" testListId="8c84fa94-04c1-424b-9868-57a2d4851a1d" />
    <TestEntry testId="3d8547d6-8c33-ee82-ce77-fd4ee3e3fb05" executionId="c16b25c4-2786-4c75-ac33-ad9736249aa2" testListId="8c84fa94-04c1-424b-9868-57a2d4851a1d" />
    <TestEntry testId="e2aa94f8-1c8d-1145-aae2-0911626908bc" executionId="1929b4c3-0ce3-4373-909d-95ca0ae9d4a1" testListId="8c84fa94-04c1-424b-9868-57a2d4851a1d" />
    <TestEntry testId="dfc0d184-cfcd-09fc-2e9c-a58966e86734" executionId="d322af85-db56-4a3b-acac-c94d2388c3e5" testListId="8c84fa94-04c1-424b-9868-57a2d4851a1d" />
    <TestEntry testId="325e81e6-f19d-b36c-9db6-e10f9c478eae" executionId="e6dea11d-bb0a-4868-9b99-6cb0b5248a9d" testListId="8c84fa94-04c1-424b-9868-57a2d4851a1d" />
    <TestEntry testId="158d33c8-f8b3-d476-4077-60af83bd7d25" executionId="eb915c82-dd05-4321-9332-9444213a5a3d" testListId="8c84fa94-04c1-424b-9868-57a2d4851a1d" />
    <TestEntry testId="93235d72-eee4-13ad-92f8-ea702adf43f7" executionId="783e4952-a8c3-4bb8-a32b-c68a93c87a56" testListId="8c84fa94-04c1-424b-9868-57a2d4851a1d" />
    <TestEntry testId="cc0e110a-7d43-3755-7ceb-38b0aafb5f26" executionId="7f928c86-1832-45ae-808c-2e30661e7452" testListId="8c84fa94-04c1-424b-9868-57a2d4851a1d" />
    <TestEntry testId="cd12b41f-af21-0e72-d29b-99ed70de03ed" executionId="f3be649d-fff4-431d-ada2-542b79b98675" testListId="8c84fa94-04c1-424b-9868-57a2d4851a1d" />
    <TestEntry testId="b8ee6749-5aa5-cfda-9c6a-3b65aefd2913" executionId="6994acc2-80a1-4037-9fd3-07a0486eaf50" testListId="8c84fa94-04c1-424b-9868-57a2d4851a1d" />
    <TestEntry testId="0f29f4e4-be56-e99f-0bcd-8a56163a2b98" executionId="0d6ef75d-2a2a-4e79-97da-107c1acab18c" testListId="8c84fa94-04c1-424b-9868-57a2d4851a1d" />
    <TestEntry testId="de7c1bd0-e537-ab61-88d4-75704e53fc67" executionId="e0a0ed65-6df1-4666-8e73-dba49da36c6c" testListId="8c84fa94-04c1-424b-9868-57a2d4851a1d" />
    <TestEntry testId="0d49088f-ad55-4dcc-dc87-46d098412d72" executionId="20cfa810-f9b8-43d3-940a-7198ac80a5b7" testListId="8c84fa94-04c1-424b-9868-57a2d4851a1d" />
    <TestEntry testId="9b063be3-df40-a136-722a-1aebabe11579" executionId="c91fceba-715e-4436-b993-907213970433" testListId="8c84fa94-04c1-424b-9868-57a2d4851a1d" />
    <TestEntry testId="0a54ab5c-f771-0014-a799-08b773737ab1" executionId="16e90b0d-f094-48b3-92c3-a5c84a1993d7" testListId="8c84fa94-04c1-424b-9868-57a2d4851a1d" />
    <TestEntry testId="e628d5a0-58b3-df88-8b9f-ebc0640b6406" executionId="bfd40177-3a0a-4566-bb14-6287dbbaff87" testListId="8c84fa94-04c1-424b-9868-57a2d4851a1d" />
    <TestEntry testId="fbcd2a36-e717-107e-8eb0-27790465b365" executionId="3674c44f-6913-42f6-ae8d-82c07f8a38b1" testListId="8c84fa94-04c1-424b-9868-57a2d4851a1d" />
    <TestEntry testId="41a07f2f-0104-f308-07d3-837b632e4333" executionId="10330feb-3842-4b81-9eac-0b1b17717537" testListId="8c84fa94-04c1-424b-9868-57a2d4851a1d" />
    <TestEntry testId="d1c64d1a-1824-50d1-0539-5ceed713d1a6" executionId="529c47f9-1d67-4a4d-b868-e373852d2ede" testListId="8c84fa94-04c1-424b-9868-57a2d4851a1d" />
    <TestEntry testId="dc78183a-3301-6d2f-bfc2-96017ddfdaab" executionId="2d3e4e21-3e34-4a1f-bb6b-e7c70732bcd0" testListId="8c84fa94-04c1-424b-9868-57a2d4851a1d" />
    <TestEntry testId="4cc5da5f-c89a-cc41-1f0d-920ccf5f3e8d" executionId="4b49b1b3-f667-4a22-92d1-ce79c47f612f" testListId="8c84fa94-04c1-424b-9868-57a2d4851a1d" />
    <TestEntry testId="0fab622d-92a1-c592-acf0-a508c8f3d4d8" executionId="36851444-1566-4976-999c-83e82087f787" testListId="8c84fa94-04c1-424b-9868-57a2d4851a1d" />
    <TestEntry testId="a1eae981-15fc-9585-9ce2-ccd29fa697b1" executionId="ed99b47a-805d-4b57-ad29-3441d24b1023" testListId="8c84fa94-04c1-424b-9868-57a2d4851a1d" />
    <TestEntry testId="a9511aab-7b33-fc7f-f075-d2b592ca1492" executionId="0882943d-b514-49fc-b930-2001beed7728" testListId="8c84fa94-04c1-424b-9868-57a2d4851a1d" />
    <TestEntry testId="9fd31870-93ad-2d9b-0aaa-ad125f5392cb" executionId="955a3716-a84a-4ff8-93f4-f001ae016ff2" testListId="8c84fa94-04c1-424b-9868-57a2d4851a1d" />
    <TestEntry testId="69dea2dc-fad0-8685-5cf5-d563d03316ed" executionId="afb4bd11-5f63-40b1-be9e-8afc07509332" testListId="8c84fa94-04c1-424b-9868-57a2d4851a1d" />
    <TestEntry testId="f2bcf158-9919-42e4-ef05-c6cf5779c5ea" executionId="cbf1b773-edee-4b1b-b6f7-d0a3e1cb29a8" testListId="8c84fa94-04c1-424b-9868-57a2d4851a1d" />
    <TestEntry testId="223ce6d6-386c-bd46-6969-3d7c017e6938" executionId="7d46f9fc-e963-4ca2-9ebd-5e3d511efe9f" testListId="8c84fa94-04c1-424b-9868-57a2d4851a1d" />
    <TestEntry testId="90572729-ba69-9ea4-f91f-f49ccc8bd507" executionId="11f458d8-9805-4bfa-b647-100ac19737a5" testListId="8c84fa94-04c1-424b-9868-57a2d4851a1d" />
    <TestEntry testId="faa5ccad-3cf9-51a2-6991-e547e18a1011" executionId="ddfaf34f-ca59-4192-a3e0-d9fc7ed31106" testListId="8c84fa94-04c1-424b-9868-57a2d4851a1d" />
    <TestEntry testId="77575707-3d28-ac61-4c32-8163231ff49a" executionId="cc385788-6578-42ff-8a31-81e40a325866" testListId="8c84fa94-04c1-424b-9868-57a2d4851a1d" />
  </TestEntries>
  <TestLists>
    <TestList name="Results Not in a List" id="8c84fa94-04c1-424b-9868-57a2d4851a1d" />
    <TestList name="All Loaded Results" id="19431567-8539-422a-85d7-44ee4e166bda" />
  </TestLists>
  <ResultSummary outcome="Failed">
    <Counters total="372" executed="368" passed="361" failed="7" error="0" timeout="0" aborted="0" inconclusive="0" passedButRunAborted="0" notRunnable="0" notExecuted="0" disconnected="0" warning="0" completed="0" inProgress="0" pending="0" />
    <Output>
      <StdOut>NUnit Adapter 5.0.0.0: Test execution started
Running all tests in /workspace/src/UnitTests/bin/Debug/net9.0/UnitTests.dll
   NUnit3TestExecutor discovered 372 of 372 NUnit test cases using Current Discovery mode, Non-Explicit run
     Warning:
     The component "Fluent Assertions" is governed by the rules defined in the Xceed License Agreement and
     the Xceed Fluent Assertions Community License. You may use Fluent Assertions free of charge for
     non-commercial use only. An active subscription is required to use Fluent Assertions for commercial use.

     Please contact Xceed Sales mailto:sales@xceed.com to acquire a subscription at a very low cost.

     A paid commercial license supports the development and continued increasing support of
     Fluent Assertions users under both commercial and community licenses. Help us
     keep Fluent Assertions at the forefront of unit testing.

     For more information, visit https://xceed.com/products/unit-testing/fluent-assertions/

GetTitle_Should_ReplaceInvalidChars("My Title","Some Instructor"): OneTimeSetUp: Not supported on Unix,Linux,MacOSX
GetTitle_Should_ReplaceInvalidChars("My/Title","Some/Instructor"): OneTimeSetUp: Not supported on Unix,Linux,MacOSX
GetTitle_Should_ReplaceInvalidChars("My:Title","Some:Instructor"): OneTimeSetUp: Not supported on Unix,Linux,MacOSX
GetTitle_Should_ReplaceInvalidChars("My*Title","Some*Instructor"): OneTimeSetUp: Not supported on Unix,Linux,MacOSX
NUnit Adapter 5.0.0.0: Test execution complete
</StdOut>
    </Output>
  </ResultSummary>
</TestRun>