<?xml version="1.0" encoding="utf-8"?>
<TestRun id="3b3e073b-c76d-4b8e-92a2-3c9a37d8b1d0" name="@cursor 2025-07-04 17:29:28" xmlns="http://microsoft.com/schemas/VisualStudio/TeamTest/2010">
  <Times creation="2025-07-04T17:29:28.8224865+00:00" queuing="2025-07-04T17:29:28.8224866+00:00" start="2025-07-04T17:29:28.1037190+00:00" finish="2025-07-04T17:29:30.4235411+00:00" />
  <TestSettings name="default" id="6f9bc1ac-3603-4b6d-8509-0faee0108d8a">
    <Deployment runDeploymentRoot="_cursor_2025-07-04_17_29_28" />
  </TestSettings>
  <Results>
    <UnitTestResult executionId="bbf8376a-48bc-49e0-a834-f01b9bc162e6" testId="2bb9876a-467f-f530-c09d-3a5b987e6e41" testName="Fit_Converter_Creates_Valid_Fit(&quot;cycling_workout&quot;,Default)" computerName="cursor" duration="00:00:00.1472640" startTime="2025-07-04T17:29:29.1666731+00:00" endTime="2025-07-04T17:29:29.3139369+00:00" testType="13cdc9d9-ddb5-4fa4-a97d-d965ccfc6d4b" outcome="Passed" testListId="8c84fa94-04c1-424b-9868-57a2d4851a1d" relativeResultsDirectory="bbf8376a-48bc-49e0-a834-f01b9bc162e6" />
    <UnitTestResult executionId="74e4d44b-ea95-4573-9adb-def07f58dcff" testId="dcd7c3cc-bb2b-9867-81b5-778be618c95d" testName="Fit_Converter_Creates_Valid_Fit(&quot;rower_workout&quot;,Default)" computerName="cursor" duration="00:00:00.0175610" startTime="2025-07-04T17:29:29.4978223+00:00" endTime="2025-07-04T17:29:29.5153830+00:00" testType="13cdc9d9-ddb5-4fa4-a97d-d965ccfc6d4b" outcome="Passed" testListId="8c84fa94-04c1-424b-9868-57a2d4851a1d" relativeResultsDirectory="74e4d44b-ea95-4573-9adb-def07f58dcff" />
    <UnitTestResult executionId="cf17608d-3106-4e09-81a3-5495f4438cb5" testId="5bc5b8a2-aaeb-0ab7-986f-4a4ddf5047ca" testName="PelotonPost_With_PasswordChange_Should_Validate_Characters(&quot;\\&quot;)" computerName="cursor" duration="00:00:00.0004640" startTime="2025-07-04T17:29:28.8512627+00:00" endTime="2025-07-04T17:29:28.8517262+00:00" testType="13cdc9d9-ddb5-4fa4-a97d-d965ccfc6d4b" outcome="Passed" testListId="8c84fa94-04c1-424b-9868-57a2d4851a1d" relativeResultsDirectory="cf17608d-3106-4e09-81a3-5495f4438cb5" />
    <UnitTestResult executionId="5ebc7e67-7090-4897-9686-1b9b688d5526" testId="9bf7aecf-f67c-5735-4db0-dc505b7fb305" testName="GetEndTime_FallsbackToDuration_Test" computerName="cursor" duration="00:00:00.0013660" startTime="2025-07-04T17:29:29.1342475+00:00" endTime="2025-07-04T17:29:29.1356135+00:00" testType="13cdc9d9-ddb5-4fa4-a97d-d965ccfc6d4b" outcome="Passed" testListId="8c84fa94-04c1-424b-9868-57a2d4851a1d" relativeResultsDirectory="5ebc7e67-7090-4897-9686-1b9b688d5526" />
    <UnitTestResult executionId="d87b5c03-d0ac-4b7a-8a57-e527faccc5a6" testId="c6b40543-f253-b0b7-9aa5-954faa77faae" testName="SyncAsync_When_SyncSuccess_Should_ReturnCorrectResponse" computerName="cursor" duration="00:00:00.0019000" startTime="2025-07-04T17:29:30.3402636+00:00" endTime="2025-07-04T17:29:30.3421637+00:00" testType="13cdc9d9-ddb5-4fa4-a97d-d965ccfc6d4b" outcome="Passed" testListId="8c84fa94-04c1-424b-9868-57a2d4851a1d" relativeResultsDirectory="d87b5c03-d0ac-4b7a-8a57-e527faccc5a6" />
    <UnitTestResult executionId="dec42c54-9c15-4552-b6c0-a09b21d7a8c1" testId="a1eae981-15fc-9585-9ce2-ccd29fa697b1" testName="GetAsync_Returns_Results_SortedBy_MostRecentFirst" computerName="cursor" duration="00:00:00.0014100" startTime="2025-07-04T17:29:28.7290387+00:00" endTime="2025-07-04T17:29:28.7304481+00:00" testType="13cdc9d9-ddb5-4fa4-a97d-d965ccfc6d4b" outcome="Passed" testListId="8c84fa94-04c1-424b-9868-57a2d4851a1d" relativeResultsDirectory="dec42c54-9c15-4552-b6c0-a09b21d7a8c1" />
    <UnitTestResult executionId="f49b815b-1f2b-4151-8ab2-49dc70cc4e2d" testId="75253478-58a0-bb8b-60af-f2e03b85edc6" testName="GetWorkoutType_Should_Map_Correctly(Yoga,True)" computerName="cursor" duration="00:00:00.0000080" startTime="2025-07-04T17:29:28.8921253+00:00" endTime="2025-07-04T17:29:28.8921333+00:00" testType="13cdc9d9-ddb5-4fa4-a97d-d965ccfc6d4b" outcome="Passed" testListId="8c84fa94-04c1-424b-9868-57a2d4851a1d" relativeResultsDirectory="f49b815b-1f2b-4151-8ab2-49dc70cc4e2d" />
    <UnitTestResult executionId="03aa6407-200c-4e0f-81aa-ef44a8326381" testId="1f16eed6-5356-56da-0c8a-3d649af7e2b6" testName="ConvertDistanceToMetersTest(&quot;unknown&quot;)" computerName="cursor" duration="00:00:00.0001490" startTime="2025-07-04T17:29:29.1268952+00:00" endTime="2025-07-04T17:29:29.1270438+00:00" testType="13cdc9d9-ddb5-4fa4-a97d-d965ccfc6d4b" outcome="Passed" testListId="8c84fa94-04c1-424b-9868-57a2d4851a1d" relativeResultsDirectory="03aa6407-200c-4e0f-81aa-ef44a8326381" />
    <UnitTestResult executionId="55aa27ac-6249-459a-99f0-17fa09a6050c" testId="40d62d25-6314-3e34-3219-b1749d2933c4" testName="GetCustomDeviceInfoAsync_Choose_CorrectDevice_For_WorkoutType(OutdoorWalking)" computerName="cursor" duration="00:00:00.0002650" startTime="2025-07-04T17:29:29.0100937+00:00" endTime="2025-07-04T17:29:29.0103584+00:00" testType="13cdc9d9-ddb5-4fa4-a97d-d965ccfc6d4b" outcome="Passed" testListId="8c84fa94-04c1-424b-9868-57a2d4851a1d" relativeResultsDirectory="55aa27ac-6249-459a-99f0-17fa09a6050c" />
    <UnitTestResult executionId="65f7e1e8-d947-4032-8b1b-150af485f99e" testId="92fda280-c4fb-442b-e883-7176a9e8efce" testName="GetAsync_WithInvalid_PageIndex_Returns400(-1)" computerName="cursor" duration="00:00:00.0007470" startTime="2025-07-04T17:29:28.7491291+00:00" endTime="2025-07-04T17:29:28.7498757+00:00" testType="13cdc9d9-ddb5-4fa4-a97d-d965ccfc6d4b" outcome="Passed" testListId="8c84fa94-04c1-424b-9868-57a2d4851a1d" relativeResultsDirectory="65f7e1e8-d947-4032-8b1b-150af485f99e" />
    <UnitTestResult executionId="087a757d-968b-4832-b324-16d81489d150" testId="ec4a38ab-b6b1-9e77-4589-e9d18b49bb44" testName="ShouldConvert_ShouldOnly_Support_Fit(False,False,False)" computerName="cursor" duration="00:00:00.0000280" startTime="2025-07-04T17:29:30.0502078+00:00" endTime="2025-07-04T17:29:30.0502362+00:00" testType="13cdc9d9-ddb5-4fa4-a97d-d965ccfc6d4b" outcome="Passed" testListId="8c84fa94-04c1-424b-9868-57a2d4851a1d" relativeResultsDirectory="087a757d-968b-4832-b324-16d81489d150" />
    <UnitTestResult executionId="02e9718f-6f93-4a06-a368-29cc1751ddc6" testId="8f0a30f1-398f-c971-4923-3f66a5a73c2d" testName="GetExercisesTrackedByMovementTracker_WhenNoData(Workout { Id = , Status = , Title = , Name = , Created_At = 0, Fitness_Discipline = None, Is_Outdoor = False, Ride = , End_Time = , Start_Time = 0, Total_Work = 0, Ftp_Info = , Movement_Tracker_Data = MovementTrackerData { Completed_Movements_Summary_Data =  } })" computerName="cursor" duration="00:00:00.0000130" startTime="2025-07-04T17:29:30.2364923+00:00" endTime="2025-07-04T17:29:30.2365057+00:00" testType="13cdc9d9-ddb5-4fa4-a97d-d965ccfc6d4b" outcome="Passed" testListId="8c84fa94-04c1-424b-9868-57a2d4851a1d" relativeResultsDirectory="02e9718f-6f93-4a06-a368-29cc1751ddc6" />
    <UnitTestResult executionId="2c06691c-2786-4565-95ef-ab30d62b4a9d" testId="f3419d14-be7c-64f4-b8d0-70c944d70339" testName="DefaultConfigInit_Observability_Prometheus_ShouldHaveDefaulValues" computerName="cursor" duration="00:00:00.0002880" startTime="2025-07-04T17:29:28.8711415+00:00" endTime="2025-07-04T17:29:28.8714292+00:00" testType="13cdc9d9-ddb5-4fa4-a97d-d965ccfc6d4b" outcome="Passed" testListId="8c84fa94-04c1-424b-9868-57a2d4851a1d" relativeResultsDirectory="2c06691c-2786-4565-95ef-ab30d62b4a9d" />
    <UnitTestResult executionId="a9a3f3ce-67f8-41ba-9984-b7db62a5c886" testId="0029f72a-8851-6727-0ba3-2f8c2439bbd9" testName="SignInAsync_WhenGetCsrfTokenFails_ShouldThrowAuthenticationError" computerName="cursor" duration="00:00:00.0018550" startTime="2025-07-04T17:29:30.2038534+00:00" endTime="2025-07-04T17:29:30.2057076+00:00" testType="13cdc9d9-ddb5-4fa4-a97d-d965ccfc6d4b" outcome="Passed" testListId="8c84fa94-04c1-424b-9868-57a2d4851a1d" relativeResultsDirectory="a9a3f3ce-67f8-41ba-9984-b7db62a5c886" />
    <UnitTestResult executionId="bb174fc5-ecad-40c0-b710-fe7493b2ff13" testId="64fe6d76-4be3-fbf9-7fa1-b2e98e27e97a" testName="GetTotalDistanceTest_Distance_Is_Converted_To_Meters(&quot;m&quot;)" computerName="cursor" duration="00:00:00.0000030" startTime="2025-07-04T17:29:29.1409126+00:00" endTime="2025-07-04T17:29:29.1409156+00:00" testType="13cdc9d9-ddb5-4fa4-a97d-d965ccfc6d4b" outcome="Passed" testListId="8c84fa94-04c1-424b-9868-57a2d4851a1d" relativeResultsDirectory="bb174fc5-ecad-40c0-b710-fe7493b2ff13" />
    <UnitTestResult executionId="1505c561-bbf9-453b-9d13-ff0e721ae228" testId="94bd48db-54a3-d63b-4c2b-1c89db1efaf3" testName="ConvertDistanceToMetersTest(&quot;m&quot;)" computerName="cursor" duration="00:00:00.0000030" startTime="2025-07-04T17:29:29.1268882+00:00" endTime="2025-07-04T17:29:29.1268910+00:00" testType="13cdc9d9-ddb5-4fa4-a97d-d965ccfc6d4b" outcome="Passed" testListId="8c84fa94-04c1-424b-9868-57a2d4851a1d" relativeResultsDirectory="1505c561-bbf9-453b-9d13-ff0e721ae228" />
    <UnitTestResult executionId="489f129f-b192-4bcc-943c-6d59835de4d2" testId="35465844-54ba-2a46-45af-ba78c3783273" testName="ValidateConfig_InvalidHost_Throws(&quot;&quot;)" computerName="cursor" duration="00:00:00.0001870" startTime="2025-07-04T17:29:29.0143701+00:00" endTime="2025-07-04T17:29:29.0145568+00:00" testType="13cdc9d9-ddb5-4fa4-a97d-d965ccfc6d4b" outcome="Passed" testListId="8c84fa94-04c1-424b-9868-57a2d4851a1d" relativeResultsDirectory="489f129f-b192-4bcc-943c-6d59835de4d2" />
    <UnitTestResult executionId="202080b8-2dcd-43d6-8f62-c38e54b92a1e" testId="3ca99e82-4aeb-324f-c71a-0460d242731c" testName="GetTitle_Should_ReplaceInvalidChars(&quot;My Title&quot;,&quot;Some Instructor&quot;)" computerName="cursor" duration="00:00:00.0010240" startTime="2025-07-04T17:29:29.1053559+00:00" endTime="2025-07-04T17:29:29.1063794+00:00" testType="13cdc9d9-ddb5-4fa4-a97d-d965ccfc6d4b" outcome="NotExecuted" testListId="8c84fa94-04c1-424b-9868-57a2d4851a1d" relativeResultsDirectory="202080b8-2dcd-43d6-8f62-c38e54b92a1e">
      <Output>
        <StdOut>OneTimeSetUp: Not supported on Unix,Linux,MacOSX</StdOut>
        <ErrorInfo>
          <Message>OneTimeSetUp: Not supported on Unix,Linux,MacOSX</Message>
        </ErrorInfo>
      </Output>
    </UnitTestResult>
    <UnitTestResult executionId="2e9562a6-df11-4282-96bc-d89536aa49d6" testId="7f1783c7-cde5-f3ed-b4f8-1abce9f6cb6c" testName="GetAsync_When_Service_Throws_Exception_Returns_BadRequest" computerName="cursor" duration="00:00:00.0022070" startTime="2025-07-04T17:29:28.7455334+00:00" endTime="2025-07-04T17:29:28.7477401+00:00" testType="13cdc9d9-ddb5-4fa4-a97d-d965ccfc6d4b" outcome="Passed" testListId="8c84fa94-04c1-424b-9868-57a2d4851a1d" relativeResultsDirectory="2e9562a6-df11-4282-96bc-d89536aa49d6" />
    <UnitTestResult executionId="f6059f15-f977-4822-a0a8-9fffd7fd0777" testId="738e5c98-030d-7775-230f-848afa42a22f" testName="ShouldConvert_ShouldOnly_Support_TCX(True,True,True)" computerName="cursor" duration="00:00:00.0002940" startTime="2025-07-04T17:29:30.0508112+00:00" endTime="2025-07-04T17:29:30.0511050+00:00" testType="13cdc9d9-ddb5-4fa4-a97d-d965ccfc6d4b" outcome="Passed" testListId="8c84fa94-04c1-424b-9868-57a2d4851a1d" relativeResultsDirectory="f6059f15-f977-4822-a0a8-9fffd7fd0777" />
    <UnitTestResult executionId="677908ba-a211-4b7b-b478-10743a529aa3" testId="268d93db-2570-34ff-4ac3-2be55c3fdd53" testName="GetOutputSummary_NullWorkoutSamples_ReturnsNull" computerName="cursor" duration="00:00:00.0000670" startTime="2025-07-04T17:29:29.1391983+00:00" endTime="2025-07-04T17:29:29.1392656+00:00" testType="13cdc9d9-ddb5-4fa4-a97d-d965ccfc6d4b" outcome="Passed" testListId="8c84fa94-04c1-424b-9868-57a2d4851a1d" relativeResultsDirectory="677908ba-a211-4b7b-b478-10743a529aa3" />
    <UnitTestResult executionId="11745528-ed63-4c05-b413-fe8f6daa8dd2" testId="d2c0c821-8a66-4165-6497-58300a75a696" testName="ValidateConfig_InvalidHost_Throws(null)" computerName="cursor" duration="00:00:00.0003990" startTime="2025-07-04T17:29:29.0139562+00:00" endTime="2025-07-04T17:29:29.0143554+00:00" testType="13cdc9d9-ddb5-4fa4-a97d-d965ccfc6d4b" outcome="Passed" testListId="8c84fa94-04c1-424b-9868-57a2d4851a1d" relativeResultsDirectory="11745528-ed63-4c05-b413-fe8f6daa8dd2" />
    <UnitTestResult executionId="0abecd5b-7449-4c98-bd80-302d93ff00ab" testId="b5d17ff9-7f52-3054-c3e2-54c143047f1e" testName="GetCyclingFtp_Should_PickCorrectValue(Workout { Id = , Status = , Title = , Name = , Created_At = 0, Fitness_Discipline = None, Is_Outdoor = False, Ride = , End_Time = , Start_Time = 0, Total_Work = 0, Ftp_Info = Common.Dto.Peloton.FTPInfo, Movement_Tracker_Data =  },UserData { Cycling_Ftp_Source = , Cycling_Workout_Ftp = 0, Cycling_Ftp_Workout_Id = , Cycling_Ftp = 0, Estimated_Cycling_Ftp = 0, Default_Max_Heart_Rate = 0, Customized_Max_Heart_Rate = 0, Weight = 0 },95)" computerName="cursor" duration="00:00:00.0000310" startTime="2025-07-04T17:29:29.1340589+00:00" endTime="2025-07-04T17:29:29.1340903+00:00" testType="13cdc9d9-ddb5-4fa4-a97d-d965ccfc6d4b" outcome="Passed" testListId="8c84fa94-04c1-424b-9868-57a2d4851a1d" relativeResultsDirectory="0abecd5b-7449-4c98-bd80-302d93ff00ab" />
    <UnitTestResult executionId="11400e0b-215d-46ea-9b70-1d40f0082a12" testId="3284b07a-7571-dcf3-ead1-d8814491e90e" testName="Fit_Converter_Creates_Valid_Fit(&quot;rower_workout&quot;,Class_Targets)" computerName="cursor" duration="00:00:00.0098740" startTime="2025-07-04T17:29:30.0390470+00:00" endTime="2025-07-04T17:29:30.0489206+00:00" testType="13cdc9d9-ddb5-4fa4-a97d-d965ccfc6d4b" outcome="Passed" testListId="8c84fa94-04c1-424b-9868-57a2d4851a1d" relativeResultsDirectory="11400e0b-215d-46ea-9b70-1d40f0082a12" />
    <UnitTestResult executionId="1de28123-2177-42b7-94dd-01c14913d334" testId="aeff62e9-8176-e437-7449-a9a85dfb783d" testName="GetTotalDistanceTest_Distance_Is_Converted_To_Meters(&quot;km&quot;)" computerName="cursor" duration="00:00:00.0000060" startTime="2025-07-04T17:29:29.1409043+00:00" endTime="2025-07-04T17:29:29.1409098+00:00" testType="13cdc9d9-ddb5-4fa4-a97d-d965ccfc6d4b" outcome="Passed" testListId="8c84fa94-04c1-424b-9868-57a2d4851a1d" relativeResultsDirectory="1de28123-2177-42b7-94dd-01c14913d334" />
    <UnitTestResult executionId="d71f55dc-037b-4c07-b11e-b9e68a9b3c0c" testId="3edb81eb-4b7b-f4c8-2836-4f3b2107d7f6" testName="ShouldConvert_ShouldOnly_Support_TCX(True,True,True)" computerName="cursor" duration="00:00:00.0003080" startTime="2025-07-04T17:29:30.0520248+00:00" endTime="2025-07-04T17:29:30.0523326+00:00" testType="13cdc9d9-ddb5-4fa4-a97d-d965ccfc6d4b" outcome="Passed" testListId="8c84fa94-04c1-424b-9868-57a2d4851a1d" relativeResultsDirectory="d71f55dc-037b-4c07-b11e-b9e68a9b3c0c" />
    <UnitTestResult executionId="4ecd36f9-48d1-4d0f-af3c-d2866eb32341" testId="e3e00204-60e4-4696-1d7f-3694c2df1c99" testName="CombineLocationData_When_LocatioNData_Is_NullOrEmpty_SkipsEmpty" computerName="cursor" duration="00:00:00.0004160" startTime="2025-07-04T17:29:30.3028898+00:00" endTime="2025-07-04T17:29:30.3033056+00:00" testType="13cdc9d9-ddb5-4fa4-a97d-d965ccfc6d4b" outcome="Passed" testListId="8c84fa94-04c1-424b-9868-57a2d4851a1d" relativeResultsDirectory="4ecd36f9-48d1-4d0f-af3c-d2866eb32341" />
    <UnitTestResult executionId="debd920d-9c89-4848-96d1-4878bac93682" testId="e6378227-686b-8b9c-533e-6cebe496380d" testName="IgnoredPelotonExercises_ShouldContainExpectedExercises" computerName="cursor" duration="00:00:00.0019880" startTime="2025-07-04T17:29:29.1425909+00:00" endTime="2025-07-04T17:29:29.1445788+00:00" testType="13cdc9d9-ddb5-4fa4-a97d-d965ccfc6d4b" outcome="Passed" testListId="8c84fa94-04c1-424b-9868-57a2d4851a1d" relativeResultsDirectory="debd920d-9c89-4848-96d1-4878bac93682" />
    <UnitTestResult executionId="4565d302-ddca-42dd-82f2-04ab183972db" testId="95748184-2e23-34f4-f30a-ed8f0a761409" testName="SyncAsync_WorkoutIds_Calls_CorrectMethod" computerName="cursor" duration="00:00:00.0045560" startTime="2025-07-04T17:29:28.7947926+00:00" endTime="2025-07-04T17:29:28.7993483+00:00" testType="13cdc9d9-ddb5-4fa4-a97d-d965ccfc6d4b" outcome="Passed" testListId="8c84fa94-04c1-424b-9868-57a2d4851a1d" relativeResultsDirectory="4565d302-ddca-42dd-82f2-04ab183972db" />
    <UnitTestResult executionId="36de29e8-5f09-4527-ac43-d2e6f2eb4274" testId="8bbb5536-e880-c232-5401-5ccf490f756c" testName="SyncAsync_When_Should_Excluded_ExcludedWorkoutTypes" computerName="cursor" duration="00:00:00.0019670" startTime="2025-07-04T17:29:30.3382692+00:00" endTime="2025-07-04T17:29:30.3402360+00:00" testType="13cdc9d9-ddb5-4fa4-a97d-d965ccfc6d4b" outcome="Passed" testListId="8c84fa94-04c1-424b-9868-57a2d4851a1d" relativeResultsDirectory="36de29e8-5f09-4527-ac43-d2e6f2eb4274" />
    <UnitTestResult executionId="818416be-4a6a-4f81-8481-8e8a002daf51" testId="8295ddec-770c-14e6-b606-dce5449eaea6" testName="GetStackedWorkouts_Should_Honor_TimeGap(100)" computerName="cursor" duration="00:00:00.0003910" startTime="2025-07-04T17:29:30.3106567+00:00" endTime="2025-07-04T17:29:30.3110474+00:00" testType="13cdc9d9-ddb5-4fa4-a97d-d965ccfc6d4b" outcome="Passed" testListId="8c84fa94-04c1-424b-9868-57a2d4851a1d" relativeResultsDirectory="818416be-4a6a-4f81-8481-8e8a002daf51" />
    <UnitTestResult executionId="a187e51b-c602-42b1-9121-70c1cdfa5030" testId="b57878e7-556e-88c0-047b-2a893a3bfaea" testName="UploadToGarminAsync_WhenUploadDisabled_ShouldReturnWithoutProcessing" computerName="cursor" duration="00:00:00.0008930" startTime="2025-07-04T17:29:30.2180956+00:00" endTime="2025-07-04T17:29:30.2189881+00:00" testType="13cdc9d9-ddb5-4fa4-a97d-d965ccfc6d4b" outcome="Passed" testListId="8c84fa94-04c1-424b-9868-57a2d4851a1d" relativeResultsDirectory="a187e51b-c602-42b1-9121-70c1cdfa5030" />
    <UnitTestResult executionId="84e49fe1-e713-49da-acc2-e5c6ac923051" testId="4d66612e-0dae-f6e0-6b25-f37ccd8acd95" testName="GetOAuth2TokenAsync_WhenOAuth1TokenInvalid_ShouldThrowException" computerName="cursor" duration="00:00:00.0009070" startTime="2025-07-04T17:29:30.1355270+00:00" endTime="2025-07-04T17:29:30.1364338+00:00" testType="13cdc9d9-ddb5-4fa4-a97d-d965ccfc6d4b" outcome="Passed" testListId="8c84fa94-04c1-424b-9868-57a2d4851a1d" relativeResultsDirectory="84e49fe1-e713-49da-acc2-e5c6ac923051" />
    <UnitTestResult executionId="e6787983-eb08-4a78-8e95-416fe6606502" testId="62bf0dc9-a343-a0de-bd40-7ad06d05a1d9" testName="GetGarminAuthenticationAsync_WhenValidOAuth1Token_ShouldExchangeForOAuth2" computerName="cursor" duration="00:00:00.0019450" startTime="2025-07-04T17:29:30.1989773+00:00" endTime="2025-07-04T17:29:30.2009223+00:00" testType="13cdc9d9-ddb5-4fa4-a97d-d965ccfc6d4b" outcome="Passed" testListId="8c84fa94-04c1-424b-9868-57a2d4851a1d" relativeResultsDirectory="e6787983-eb08-4a78-8e95-416fe6606502" />
    <UnitTestResult executionId="365d6775-3a7e-45a3-a55b-90af9d71480e" testId="d68ed5bd-39a3-6663-0efe-e41e95998d98" testName="GetWorkoutType_Should_Map_Correctly(Cardio,True)" computerName="cursor" duration="00:00:00.0000030" startTime="2025-07-04T17:29:28.8920500+00:00" endTime="2025-07-04T17:29:28.8920534+00:00" testType="13cdc9d9-ddb5-4fa4-a97d-d965ccfc6d4b" outcome="Passed" testListId="8c84fa94-04c1-424b-9868-57a2d4851a1d" relativeResultsDirectory="365d6775-3a7e-45a3-a55b-90af9d71480e" />
    <UnitTestResult executionId="1fb3c6ae-43bc-460e-a51d-75eb930839ab" testId="9c7301e8-474b-ab11-2708-80b36a1ddada" testName="ConvertToMetersPerSecondTest_Is_Converted_To_MetersPerSecond(&quot;mph&quot;)" computerName="cursor" duration="00:00:00.0006900" startTime="2025-07-04T17:29:29.1271146+00:00" endTime="2025-07-04T17:29:29.1278045+00:00" testType="13cdc9d9-ddb5-4fa4-a97d-d965ccfc6d4b" outcome="Passed" testListId="8c84fa94-04c1-424b-9868-57a2d4851a1d" relativeResultsDirectory="1fb3c6ae-43bc-460e-a51d-75eb930839ab" />
    <UnitTestResult executionId="9a784d9a-b23e-48a5-8512-6cdb4be0340a" testId="53f6b12f-61bb-1cab-a25e-97d13b4340ec" testName="ValidateConfig_WhenGarminSettingsIsNull_ShouldThrowException" computerName="cursor" duration="00:00:00.0001920" startTime="2025-07-04T17:29:30.2196215+00:00" endTime="2025-07-04T17:29:30.2198131+00:00" testType="13cdc9d9-ddb5-4fa4-a97d-d965ccfc6d4b" outcome="Passed" testListId="8c84fa94-04c1-424b-9868-57a2d4851a1d" relativeResultsDirectory="9a784d9a-b23e-48a5-8512-6cdb4be0340a" />
    <UnitTestResult executionId="998fc513-aa66-4e5f-8eb6-27afe6381497" testId="41ba31c5-e015-3b58-b0d1-e862f9a31ff4" testName="GetStackedWorkouts_When_Workouts_Is_NullOrEmpty_DoesNothing" computerName="cursor" duration="00:00:00.0017240" startTime="2025-07-04T17:29:30.3144579+00:00" endTime="2025-07-04T17:29:30.3161818+00:00" testType="13cdc9d9-ddb5-4fa4-a97d-d965ccfc6d4b" outcome="Passed" testListId="8c84fa94-04c1-424b-9868-57a2d4851a1d" relativeResultsDirectory="998fc513-aa66-4e5f-8eb6-27afe6381497" />
    <UnitTestResult executionId="c080019a-3603-4dcd-bd63-f66c75929b83" testId="8e2f4b9a-aecb-c781-3dd2-d433cb480f63" testName="FormatPost_With_NullRequest_Returns400" computerName="cursor" duration="00:00:00.0097260" startTime="2025-07-04T17:29:28.8158794+00:00" endTime="2025-07-04T17:29:28.8256042+00:00" testType="13cdc9d9-ddb5-4fa4-a97d-d965ccfc6d4b" outcome="Passed" testListId="8c84fa94-04c1-424b-9868-57a2d4851a1d" relativeResultsDirectory="c080019a-3603-4dcd-bd63-f66c75929b83" />
    <UnitTestResult executionId="0a31117c-5d50-4f75-b181-22ced7536d2a" testId="e4abb676-de72-0ff0-7009-aaa86158224c" testName="GetStackedWorkouts_When_BareMinimumData_DoesNotThrow" computerName="cursor" duration="00:00:00.0001840" startTime="2025-07-04T17:29:30.3137463+00:00" endTime="2025-07-04T17:29:30.3139306+00:00" testType="13cdc9d9-ddb5-4fa4-a97d-d965ccfc6d4b" outcome="Passed" testListId="8c84fa94-04c1-424b-9868-57a2d4851a1d" relativeResultsDirectory="0a31117c-5d50-4f75-b181-22ced7536d2a" />
    <UnitTestResult executionId="90832e61-1dda-45fe-914e-ce1a8cac4298" testId="a64dc5d1-fa73-43f2-6ecb-a8207ac84e2d" testName="SendCredentialsAsync_WhenValidCredentials_ShouldReturnSuccess" computerName="cursor" duration="00:00:00.0011480" startTime="2025-07-04T17:29:30.1461177+00:00" endTime="2025-07-04T17:29:30.1472654+00:00" testType="13cdc9d9-ddb5-4fa4-a97d-d965ccfc6d4b" outcome="Passed" testListId="8c84fa94-04c1-424b-9868-57a2d4851a1d" relativeResultsDirectory="90832e61-1dda-45fe-914e-ce1a8cac4298" />
    <UnitTestResult executionId="624669c5-6c23-48d4-85e8-9b8742604034" testId="63862178-9990-7cdb-ac9b-379cf4160859" testName="GetMaxSpeedMetersPerSecond_MaxSpeed_Is_Converted(&quot;ft&quot;)" computerName="cursor" duration="00:00:00.0000400" startTime="2025-07-04T17:29:29.1381962+00:00" endTime="2025-07-04T17:29:29.1382361+00:00" testType="13cdc9d9-ddb5-4fa4-a97d-d965ccfc6d4b" outcome="Passed" testListId="8c84fa94-04c1-424b-9868-57a2d4851a1d" relativeResultsDirectory="624669c5-6c23-48d4-85e8-9b8742604034" />
    <UnitTestResult executionId="3146b9e2-33c8-4b0b-93de-890021663113" testId="91230b95-4cc3-de7c-060a-759628c104c9" testName="GetStackedWorkouts_Should_Honor_TimeGap(300)" computerName="cursor" duration="00:00:00.0000610" startTime="2025-07-04T17:29:30.3110657+00:00" endTime="2025-07-04T17:29:30.3111268+00:00" testType="13cdc9d9-ddb5-4fa4-a97d-d965ccfc6d4b" outcome="Passed" testListId="8c84fa94-04c1-424b-9868-57a2d4851a1d" relativeResultsDirectory="3146b9e2-33c8-4b0b-93de-890021663113" />
    <UnitTestResult executionId="9d43f70c-3da6-4562-81af-02e537ccefce" testId="2b942204-73d5-5e1a-b900-79a487486712" testName="GetAsync_Calls_Service" computerName="cursor" duration="00:00:00.0160350" startTime="2025-07-04T17:29:28.7995594+00:00" endTime="2025-07-04T17:29:28.8155932+00:00" testType="13cdc9d9-ddb5-4fa4-a97d-d965ccfc6d4b" outcome="Passed" testListId="8c84fa94-04c1-424b-9868-57a2d4851a1d" relativeResultsDirectory="9d43f70c-3da6-4562-81af-02e537ccefce" />
    <UnitTestResult executionId="fd876467-170b-43a1-87d3-c38ac6a312b0" testId="15d8f164-ed9b-0afc-af0e-42874a05e947" testName="ValidateConfig_WhenUploadDisabled_ShouldNotValidateCredentials" computerName="cursor" duration="00:00:00.0002210" startTime="2025-07-04T17:29:30.2198217+00:00" endTime="2025-07-04T17:29:30.2200422+00:00" testType="13cdc9d9-ddb5-4fa4-a97d-d965ccfc6d4b" outcome="Passed" testListId="8c84fa94-04c1-424b-9868-57a2d4851a1d" relativeResultsDirectory="fd876467-170b-43a1-87d3-c38ac6a312b0" />
    <UnitTestResult executionId="6da2d1d7-b134-47ad-8372-fc77d3d4a668" testId="77575707-3d28-ac61-4c32-8163231ff49a" testName="GetHeartRateZone_NullSamples_ReturnsNull" computerName="cursor" duration="00:00:00.0001290" startTime="2025-07-04T17:29:29.1373011+00:00" endTime="2025-07-04T17:29:29.1374300+00:00" testType="13cdc9d9-ddb5-4fa4-a97d-d965ccfc6d4b" outcome="Passed" testListId="8c84fa94-04c1-424b-9868-57a2d4851a1d" relativeResultsDirectory="6da2d1d7-b134-47ad-8372-fc77d3d4a668" />
    <UnitTestResult executionId="919f912d-c6b9-4103-98df-5bd41252464f" testId="fb73e6b0-78d9-48e0-6e73-19a80dd43c81" testName="GetStartTimeTest" computerName="cursor" duration="00:00:00.0003340" startTime="2025-07-04T17:29:29.1392933+00:00" endTime="2025-07-04T17:29:29.1396270+00:00" testType="13cdc9d9-ddb5-4fa4-a97d-d965ccfc6d4b" outcome="Passed" testListId="8c84fa94-04c1-424b-9868-57a2d4851a1d" relativeResultsDirectory="919f912d-c6b9-4103-98df-5bd41252464f" />
    <UnitTestResult executionId="6de6df23-0817-4189-9aa9-26f81593d401" testId="14b4d962-f7f2-ac8b-cce5-4b1ed17e27f6" testName="ValidateConfig_InvalidPort_Throws(-1)" computerName="cursor" duration="00:00:00.0002440" startTime="2025-07-04T17:29:29.0145868+00:00" endTime="2025-07-04T17:29:29.0148302+00:00" testType="13cdc9d9-ddb5-4fa4-a97d-d965ccfc6d4b" outcome="Passed" testListId="8c84fa94-04c1-424b-9868-57a2d4851a1d" relativeResultsDirectory="6de6df23-0817-4189-9aa9-26f81593d401" />
    <UnitTestResult executionId="f6461836-16fb-4a51-a132-5f381803bd7e" testId="73d075be-fab1-ee80-0dd0-df090006c2e6" testName="GetCalorieSummary_ShouldPickCorrectValue(Common.Dto.Peloton.WorkoutSamples,10)" computerName="cursor" duration="00:00:00.0004820" startTime="2025-07-04T17:29:29.1316066+00:00" endTime="2025-07-04T17:29:29.1320886+00:00" testType="13cdc9d9-ddb5-4fa4-a97d-d965ccfc6d4b" outcome="Passed" testListId="8c84fa94-04c1-424b-9868-57a2d4851a1d" relativeResultsDirectory="f6461836-16fb-4a51-a132-5f381803bd7e" />
    <UnitTestResult executionId="eec62169-0825-4c2a-b177-907ceb29e61c" testId="fec7dedc-c946-c21e-b247-b1399ec429d4" testName="GetAllAsync_Honors_ExcludedWorkoutTypes" computerName="cursor" duration="00:00:00.0602810" startTime="2025-07-04T17:29:28.6399281+00:00" endTime="2025-07-04T17:29:28.7001766+00:00" testType="13cdc9d9-ddb5-4fa4-a97d-d965ccfc6d4b" outcome="Passed" testListId="8c84fa94-04c1-424b-9868-57a2d4851a1d" relativeResultsDirectory="eec62169-0825-4c2a-b177-907ceb29e61c">
      <Output>
        <StdOut>Warning:
     The component "Fluent Assertions" is governed by the rules defined in the Xceed License Agreement and
     the Xceed Fluent Assertions Community License. You may use Fluent Assertions free of charge for
     non-commercial use only. An active subscription is required to use Fluent Assertions for commercial use.

     Please contact Xceed Sales mailto:sales@xceed.com to acquire a subscription at a very low cost.

     A paid commercial license supports the development and continued increasing support of
     Fluent Assertions users under both commercial and community licenses. Help us
     keep Fluent Assertions at the forefront of unit testing.

     For more information, visit https://xceed.com/products/unit-testing/fluent-assertions/</StdOut>
      </Output>
    </UnitTestResult>
    <UnitTestResult executionId="da406d41-a098-4809-9eba-45f7e312cf82" testId="aaac0e7d-5f4a-069f-757e-76df0280cff4" testName="GetCyclingFtp_Should_PickCorrectValue(null,UserData { Cycling_Ftp_Source = Ftp_Workout_Source, Cycling_Workout_Ftp = 100, Cycling_Ftp_Workout_Id = , Cycling_Ftp = 1, Estimated_Cycling_Ftp = 3, Default_Max_Heart_Rate = 0, Customized_Max_Heart_Rate = 0, Weight = 0 },100)" computerName="cursor" duration="00:00:00.0000270" startTime="2025-07-04T17:29:29.1341539+00:00" endTime="2025-07-04T17:29:29.1341804+00:00" testType="13cdc9d9-ddb5-4fa4-a97d-d965ccfc6d4b" outcome="Passed" testListId="8c84fa94-04c1-424b-9868-57a2d4851a1d" relativeResultsDirectory="da406d41-a098-4809-9eba-45f7e312cf82" />
    <UnitTestResult executionId="27ed9700-437e-4894-bbf3-637584c75ead" testId="50a50460-ef18-ddcc-6082-e5f270fa26bf" testName="Fit_Converter_Creates_Valid_Fit(&quot;tread_run_workout&quot;,Distance)" computerName="cursor" duration="00:00:00.0351920" startTime="2025-07-04T17:29:29.6059691+00:00" endTime="2025-07-04T17:29:29.6411604+00:00" testType="13cdc9d9-ddb5-4fa4-a97d-d965ccfc6d4b" outcome="Passed" testListId="8c84fa94-04c1-424b-9868-57a2d4851a1d" relativeResultsDirectory="27ed9700-437e-4894-bbf3-637584c75ead" />
    <UnitTestResult executionId="9d65630c-42fd-417e-b513-43d7fbc3e04d" testId="0c199377-2588-d3ea-29a5-336cfe047b76" testName="GetAllAsync_Honors_WorkoutStatusFilter_Flag(Completed)" computerName="cursor" duration="00:00:00.0024650" startTime="2025-07-04T17:29:28.7010307+00:00" endTime="2025-07-04T17:29:28.7034958+00:00" testType="13cdc9d9-ddb5-4fa4-a97d-d965ccfc6d4b" outcome="Passed" testListId="8c84fa94-04c1-424b-9868-57a2d4851a1d" relativeResultsDirectory="9d65630c-42fd-417e-b513-43d7fbc3e04d" />
    <UnitTestResult executionId="9cfbdfdc-5d69-4bfc-9340-2550c2e9aee8" testId="a45b0da2-eb2b-b9b6-85db-5a1df2e22596" testName="PelotonPost_With_PasswordChange_Should_Validate_Characters(&quot;a\\&quot;)" computerName="cursor" duration="00:00:00.0000900" startTime="2025-07-04T17:29:28.8519750+00:00" endTime="2025-07-04T17:29:28.8520652+00:00" testType="13cdc9d9-ddb5-4fa4-a97d-d965ccfc6d4b" outcome="Passed" testListId="8c84fa94-04c1-424b-9868-57a2d4851a1d" relativeResultsDirectory="9cfbdfdc-5d69-4bfc-9340-2550c2e9aee8" />
    <UnitTestResult executionId="1c8ce03b-8aa0-45b3-9ad2-fa145778a10b" testId="3a24be44-f3fb-d4d2-2b26-3ddbb95a0632" testName="GetTitle_Should_Handle_SpecialChars(&quot;My Title&quot;,&quot;é&quot;)" computerName="cursor" duration="00:00:00.0022370" startTime="2025-07-04T17:29:29.0985123+00:00" endTime="2025-07-04T17:29:29.1007488+00:00" testType="13cdc9d9-ddb5-4fa4-a97d-d965ccfc6d4b" outcome="Passed" testListId="8c84fa94-04c1-424b-9868-57a2d4851a1d" relativeResultsDirectory="1c8ce03b-8aa0-45b3-9ad2-fa145778a10b" />
    <UnitTestResult executionId="7d83db50-0069-4117-b928-ae1de65eaf2c" testId="cd12b41f-af21-0e72-d29b-99ed70de03ed" testName="CompleteMFAAuthAsync_WhenValidCode_ShouldCompleteAuth" computerName="cursor" duration="00:00:00.0058090" startTime="2025-07-04T17:29:30.1767954+00:00" endTime="2025-07-04T17:29:30.1826040+00:00" testType="13cdc9d9-ddb5-4fa4-a97d-d965ccfc6d4b" outcome="Passed" testListId="8c84fa94-04c1-424b-9868-57a2d4851a1d" relativeResultsDirectory="7d83db50-0069-4117-b928-ae1de65eaf2c" />
    <UnitTestResult executionId="d1b36c36-a13a-4b42-838c-5b6efd3f505b" testId="c9206a37-69dd-d0c2-7817-2b9527b99edf" testName="IsRest_WhenRestExerciseId_ShouldReturnTrue" computerName="cursor" duration="00:00:00.0000430" startTime="2025-07-04T17:29:29.1448071+00:00" endTime="2025-07-04T17:29:29.1448503+00:00" testType="13cdc9d9-ddb5-4fa4-a97d-d965ccfc6d4b" outcome="Passed" testListId="8c84fa94-04c1-424b-9868-57a2d4851a1d" relativeResultsDirectory="d1b36c36-a13a-4b42-838c-5b6efd3f505b" />
    <UnitTestResult executionId="3742b173-24d7-48c9-90c8-bbe9bab55147" testId="b1fdbb99-a491-6f58-9cd4-a32d3381e20e" testName="DefaultConfigInit_Developer_ShouldHaveDefaulValues" computerName="cursor" duration="00:00:00.0006930" startTime="2025-07-04T17:29:28.8678899+00:00" endTime="2025-07-04T17:29:28.8685828+00:00" testType="13cdc9d9-ddb5-4fa4-a97d-d965ccfc6d4b" outcome="Passed" testListId="8c84fa94-04c1-424b-9868-57a2d4851a1d" relativeResultsDirectory="3742b173-24d7-48c9-90c8-bbe9bab55147" />
    <UnitTestResult executionId="8e749e4a-dd28-4902-9204-6bc33d60b27a" testId="3007729f-a613-5805-213d-0cebf02b0e3e" testName="GetTitle_NullRide_ShouldReturn_RideId" computerName="cursor" duration="00:00:00.0022850" startTime="2025-07-04T17:29:29.0937575+00:00" endTime="2025-07-04T17:29:29.0960418+00:00" testType="13cdc9d9-ddb5-4fa4-a97d-d965ccfc6d4b" outcome="Passed" testListId="8c84fa94-04c1-424b-9868-57a2d4851a1d" relativeResultsDirectory="8e749e4a-dd28-4902-9204-6bc33d60b27a" />
    <UnitTestResult executionId="93c561c4-d742-4b30-b581-f3f6b068695b" testId="68e2219d-c4aa-3dde-5711-40eee752b346" testName="GetTimeStampTest(0L)" computerName="cursor" duration="00:00:00.0004230" startTime="2025-07-04T17:29:29.1396543+00:00" endTime="2025-07-04T17:29:29.1400774+00:00" testType="13cdc9d9-ddb5-4fa4-a97d-d965ccfc6d4b" outcome="Passed" testListId="8c84fa94-04c1-424b-9868-57a2d4851a1d" relativeResultsDirectory="93c561c4-d742-4b30-b581-f3f6b068695b" />
    <UnitTestResult executionId="449c1496-f967-4901-b9fa-0e09e0de8bb2" testId="f01466b1-9eed-a834-70fe-05694dcd6329" testName="GetWorkoutType_Should_Map_Correctly(Strength,False)" computerName="cursor" duration="00:00:00.0000070" startTime="2025-07-04T17:29:28.8920892+00:00" endTime="2025-07-04T17:29:28.8920959+00:00" testType="13cdc9d9-ddb5-4fa4-a97d-d965ccfc6d4b" outcome="Passed" testListId="8c84fa94-04c1-424b-9868-57a2d4851a1d" relativeResultsDirectory="449c1496-f967-4901-b9fa-0e09e0de8bb2" />
    <UnitTestResult executionId="edfc6406-db96-4d02-80d8-1a470926cc45" testId="bd5aa7b1-246c-6dab-cbdf-cfe9b0823566" testName="Fit_Converter_Builds_Valid_DeviceInfoMesg(5,3)" computerName="cursor" duration="00:00:00.0000840" startTime="2025-07-04T17:29:29.1664837+00:00" endTime="2025-07-04T17:29:29.1665677+00:00" testType="13cdc9d9-ddb5-4fa4-a97d-d965ccfc6d4b" outcome="Passed" testListId="8c84fa94-04c1-424b-9868-57a2d4851a1d" relativeResultsDirectory="edfc6406-db96-4d02-80d8-1a470926cc45" />
    <UnitTestResult executionId="4ded8e1d-091a-4c36-86f9-cff601f5bcf4" testId="fa1aff09-89e9-c9c9-8e43-3435185dc5da" testName="Fit_Converter_Creates_Valid_Fit(&quot;tread_run_workout&quot;,Class_Segments)" computerName="cursor" duration="00:00:00.0235370" startTime="2025-07-04T17:29:29.8075991+00:00" endTime="2025-07-04T17:29:29.8311341+00:00" testType="13cdc9d9-ddb5-4fa4-a97d-d965ccfc6d4b" outcome="Passed" testListId="8c84fa94-04c1-424b-9868-57a2d4851a1d" relativeResultsDirectory="4ded8e1d-091a-4c36-86f9-cff601f5bcf4" />
    <UnitTestResult executionId="f921786d-2db4-44aa-946e-47688f1f20e0" testId="dc78183a-3301-6d2f-bfc2-96017ddfdaab" testName="GetExercisesTrackedByMovementTracker_WhenNoData(Workout { Id = , Status = , Title = , Name = , Created_At = 0, Fitness_Discipline = None, Is_Outdoor = False, Ride = , End_Time = , Start_Time = 0, Total_Work = 0, Ftp_Info = , Movement_Tracker_Data =  })" computerName="cursor" duration="00:00:00.0001880" startTime="2025-07-04T17:29:30.2362901+00:00" endTime="2025-07-04T17:29:30.2364778+00:00" testType="13cdc9d9-ddb5-4fa4-a97d-d965ccfc6d4b" outcome="Passed" testListId="8c84fa94-04c1-424b-9868-57a2d4851a1d" relativeResultsDirectory="f921786d-2db4-44aa-946e-47688f1f20e0" />
    <UnitTestResult executionId="78388364-d2ca-4c94-b7f5-2d7e46b6677f" testId="ff1f8e51-22b6-57cc-4d3e-e50fee72f0ef" testName="StrengthExerciseMappings_OverheadMovements_ShouldMapToShoulderPress" computerName="cursor" duration="00:00:00.0001060" startTime="2025-07-04T17:29:29.1460714+00:00" endTime="2025-07-04T17:29:29.1461771+00:00" testType="13cdc9d9-ddb5-4fa4-a97d-d965ccfc6d4b" outcome="Passed" testListId="8c84fa94-04c1-424b-9868-57a2d4851a1d" relativeResultsDirectory="78388364-d2ca-4c94-b7f5-2d7e46b6677f" />
    <UnitTestResult executionId="db3c1948-2f28-4baa-8842-bf73c7dcd00d" testId="a9511aab-7b33-fc7f-f075-d2b592ca1492" testName="PagingResponseBase_Calculates_HasPrevious_Correctly(100)" computerName="cursor" duration="00:00:00.0000080" startTime="2025-07-04T17:29:28.8669547+00:00" endTime="2025-07-04T17:29:28.8669625+00:00" testType="13cdc9d9-ddb5-4fa4-a97d-d965ccfc6d4b" outcome="Passed" testListId="8c84fa94-04c1-424b-9868-57a2d4851a1d" relativeResultsDirectory="db3c1948-2f28-4baa-8842-bf73c7dcd00d" />
    <UnitTestResult executionId="f8641025-d9f5-4b55-85b5-84962125ce33" testId="d41d09d9-47e4-6a0e-3520-bb2673be8aa2" testName="ValidateConfig_ValidHostPort_DoesNotThrow" computerName="cursor" duration="00:00:00.0000800" startTime="2025-07-04T17:29:29.0150377+00:00" endTime="2025-07-04T17:29:29.0151180+00:00" testType="13cdc9d9-ddb5-4fa4-a97d-d965ccfc6d4b" outcome="Passed" testListId="8c84fa94-04c1-424b-9868-57a2d4851a1d" relativeResultsDirectory="f8641025-d9f5-4b55-85b5-84962125ce33" />
    <UnitTestResult executionId="3acc0258-e779-44ac-85f9-e2b87da0d723" testId="5a7fd466-b0ba-5fc7-6c23-ca33470220b2" testName="GarminPost_With_PasswordChange_Should_Validate_Characters(&quot;a\\ads\\adf&quot;)" computerName="cursor" duration="00:00:00.0001120" startTime="2025-07-04T17:29:28.8484698+00:00" endTime="2025-07-04T17:29:28.8485821+00:00" testType="13cdc9d9-ddb5-4fa4-a97d-d965ccfc6d4b" outcome="Passed" testListId="8c84fa94-04c1-424b-9868-57a2d4851a1d" relativeResultsDirectory="3acc0258-e779-44ac-85f9-e2b87da0d723" />
    <UnitTestResult executionId="49a34820-4ad3-4e48-9450-7e23a68694c9" testId="adcba74b-8049-9f15-8f59-2b6a8504d81e" testName="GetCustomDeviceInfoAsync_Choose_CorrectDevice_For_WorkoutType(TreadmillRunning)" computerName="cursor" duration="00:00:00.0003690" startTime="2025-07-04T17:29:29.0091643+00:00" endTime="2025-07-04T17:29:29.0095329+00:00" testType="13cdc9d9-ddb5-4fa4-a97d-d965ccfc6d4b" outcome="Passed" testListId="8c84fa94-04c1-424b-9868-57a2d4851a1d" relativeResultsDirectory="49a34820-4ad3-4e48-9450-7e23a68694c9" />
    <UnitTestResult executionId="de87c191-1f99-499d-9ce0-0934e15dcf29" testId="acbdaa04-ddd9-e76b-1250-10b38b5cdd74" testName="Fit_Converter_Creates_Valid_Fit(&quot;ride_based_on_distance&quot;,Default)" computerName="cursor" duration="00:00:00.0215060" startTime="2025-07-04T17:29:29.4762693+00:00" endTime="2025-07-04T17:29:29.4977749+00:00" testType="13cdc9d9-ddb5-4fa4-a97d-d965ccfc6d4b" outcome="Passed" testListId="8c84fa94-04c1-424b-9868-57a2d4851a1d" relativeResultsDirectory="de87c191-1f99-499d-9ce0-0934e15dcf29" />
    <UnitTestResult executionId="5a129656-0223-4c73-8a40-6557a7bc224f" testId="2ad365a4-7690-f909-9b00-353a5ed34e80" testName="GetAsync_WhenNotRequested_DoesNotEnrich_LatestVersionInfo" computerName="cursor" duration="00:00:00.0060200" startTime="2025-07-04T17:29:28.8561554+00:00" endTime="2025-07-04T17:29:28.8621754+00:00" testType="13cdc9d9-ddb5-4fa4-a97d-d965ccfc6d4b" outcome="Passed" testListId="8c84fa94-04c1-424b-9868-57a2d4851a1d" relativeResultsDirectory="5a129656-0223-4c73-8a40-6557a7bc224f" />
    <UnitTestResult executionId="1aa7a705-439c-45d1-bb4e-51c7ef22b82f" testId="2c8f4979-1655-f332-06f6-53e805976a06" testName="GetStackedWorkouts_Should_Honor_TimeGap(0)" computerName="cursor" duration="00:00:00.0049270" startTime="2025-07-04T17:29:30.3056976+00:00" endTime="2025-07-04T17:29:30.3106237+00:00" testType="13cdc9d9-ddb5-4fa4-a97d-d965ccfc6d4b" outcome="Passed" testListId="8c84fa94-04c1-424b-9868-57a2d4851a1d" relativeResultsDirectory="1aa7a705-439c-45d1-bb4e-51c7ef22b82f" />
    <UnitTestResult executionId="c96c6bc0-7bae-4d87-88c0-b8ed8412ae1b" testId="abbd0d1a-0c6a-24b3-6949-2c8175ceb910" testName="GetTotalDistanceTest_NullSummary_Should_Return0" computerName="cursor" duration="00:00:00.0000480" startTime="2025-07-04T17:29:29.1410416+00:00" endTime="2025-07-04T17:29:29.1410899+00:00" testType="13cdc9d9-ddb5-4fa4-a97d-d965ccfc6d4b" outcome="Passed" testListId="8c84fa94-04c1-424b-9868-57a2d4851a1d" relativeResultsDirectory="c96c6bc0-7bae-4d87-88c0-b8ed8412ae1b" />
    <UnitTestResult executionId="9bbd7375-c773-4312-9582-9a5f0b30090a" testId="834688af-d948-b267-9d52-df9b13a0c676" testName="GetTitle_NullTemplate_ShouldReturn_DefaultTemplate" computerName="cursor" duration="00:00:00.0023960" startTime="2025-07-04T17:29:29.0960670+00:00" endTime="2025-07-04T17:29:29.0984622+00:00" testType="13cdc9d9-ddb5-4fa4-a97d-d965ccfc6d4b" outcome="Passed" testListId="8c84fa94-04c1-424b-9868-57a2d4851a1d" relativeResultsDirectory="9bbd7375-c773-4312-9582-9a5f0b30090a" />
    <UnitTestResult executionId="ba128dc5-9182-41e3-839f-31f3a3ebd928" testId="024762ec-6de4-9e73-3e08-4415f864ad90" testName="Fit_Converter_Creates_Valid_Fit(&quot;cycling_workout&quot;,Class_Segments)" computerName="cursor" duration="00:00:00.0308460" startTime="2025-07-04T17:29:29.7697877+00:00" endTime="2025-07-04T17:29:29.8006331+00:00" testType="13cdc9d9-ddb5-4fa4-a97d-d965ccfc6d4b" outcome="Passed" testListId="8c84fa94-04c1-424b-9868-57a2d4851a1d" relativeResultsDirectory="ba128dc5-9182-41e3-839f-31f3a3ebd928" />
    <UnitTestResult executionId="b8699ee2-23a5-4de9-bb74-5976876aa30d" testId="59ec3057-e73c-9bdc-c923-5de846e585bc" testName="GarminPost_With_EmailChange_Should_SignOut_of_Garmin" computerName="cursor" duration="00:00:00.0092420" startTime="2025-07-04T17:29:28.8256634+00:00" endTime="2025-07-04T17:29:28.8349046+00:00" testType="13cdc9d9-ddb5-4fa4-a97d-d965ccfc6d4b" outcome="Passed" testListId="8c84fa94-04c1-424b-9868-57a2d4851a1d" relativeResultsDirectory="b8699ee2-23a5-4de9-bb74-5976876aa30d" />
    <UnitTestResult executionId="90b57a2b-bc4c-442b-b75d-2d1b293a9d44" testId="52dc1c81-0736-57d7-96a9-ac2ac0cb058d" testName="ValidateConfig_InvalidPort_Throws(0)" computerName="cursor" duration="00:00:00.0003370" startTime="2025-07-04T17:29:28.9955654+00:00" endTime="2025-07-04T17:29:28.9959017+00:00" testType="13cdc9d9-ddb5-4fa4-a97d-d965ccfc6d4b" outcome="Passed" testListId="8c84fa94-04c1-424b-9868-57a2d4851a1d" relativeResultsDirectory="90b57a2b-bc4c-442b-b75d-2d1b293a9d44" />
    <UnitTestResult executionId="a84a9d05-0e17-4cc1-896f-7944e5829e21" testId="6bb117d1-94e5-51e3-6903-da2e2b9dba3c" testName="StrengthExerciseMappings_SquatVariations_ShouldMapToSquatCategory" computerName="cursor" duration="00:00:00.0001490" startTime="2025-07-04T17:29:29.1546186+00:00" endTime="2025-07-04T17:29:29.1547677+00:00" testType="13cdc9d9-ddb5-4fa4-a97d-d965ccfc6d4b" outcome="Passed" testListId="8c84fa94-04c1-424b-9868-57a2d4851a1d" relativeResultsDirectory="a84a9d05-0e17-4cc1-896f-7944e5829e21" />
    <UnitTestResult executionId="05ca1dbc-464b-4a43-8967-327bc8cecf8c" testId="74b68762-823f-575b-a235-3b1eb9197fe7" testName="GetAsync_When_Service_Throws_PelotonAuthenticationException_Returns_BadRequest" computerName="cursor" duration="00:00:00.0013020" startTime="2025-07-04T17:29:28.7477770+00:00" endTime="2025-07-04T17:29:28.7490790+00:00" testType="13cdc9d9-ddb5-4fa4-a97d-d965ccfc6d4b" outcome="Passed" testListId="8c84fa94-04c1-424b-9868-57a2d4851a1d" relativeResultsDirectory="05ca1dbc-464b-4a43-8967-327bc8cecf8c" />
    <UnitTestResult executionId="df53dba2-5039-4de4-b775-84665401040f" testId="1a6ee4d5-7a68-7839-3fd0-d276f1ebf759" testName="GetWorkoutType_Should_Map_Correctly(Running,False)" computerName="cursor" duration="00:00:00.0000030" startTime="2025-07-04T17:29:28.8920269+00:00" endTime="2025-07-04T17:29:28.8920302+00:00" testType="13cdc9d9-ddb5-4fa4-a97d-d965ccfc6d4b" outcome="Passed" testListId="8c84fa94-04c1-424b-9868-57a2d4851a1d" relativeResultsDirectory="df53dba2-5039-4de4-b775-84665401040f" />
    <UnitTestResult executionId="b454e641-f995-436f-bbd4-5eee3a2cfbd3" testId="26eaa644-cba6-d67c-e436-0668796ca225" testName="UpdateAppSettingsAsync_With_NullRequest_Returns400" computerName="cursor" duration="00:00:00.0018180" startTime="2025-07-04T17:29:28.8521731+00:00" endTime="2025-07-04T17:29:28.8539908+00:00" testType="13cdc9d9-ddb5-4fa4-a97d-d965ccfc6d4b" outcome="Passed" testListId="8c84fa94-04c1-424b-9868-57a2d4851a1d" relativeResultsDirectory="b454e641-f995-436f-bbd4-5eee3a2cfbd3" />
    <UnitTestResult executionId="8ac801b9-aee3-493f-b749-b674c98f49f3" testId="db858c54-5ca6-5112-334f-1a2074085872" testName="SyncAsync_When_Conversion_StepFails_Should_ReturnCorrectResponse" computerName="cursor" duration="00:00:00.0022350" startTime="2025-07-04T17:29:30.3321173+00:00" endTime="2025-07-04T17:29:30.3343515+00:00" testType="13cdc9d9-ddb5-4fa4-a97d-d965ccfc6d4b" outcome="Passed" testListId="8c84fa94-04c1-424b-9868-57a2d4851a1d" relativeResultsDirectory="8ac801b9-aee3-493f-b749-b674c98f49f3" />
    <UnitTestResult executionId="a09a3cec-3c4c-453c-9315-7d2e037e8c49" testId="990d39b7-12eb-a43b-a0d1-e7000c4a3239" testName="GetGarminAuthenticationAsync_WhenOAuth1ExchangeFails_ShouldFallbackToSignIn" computerName="cursor" duration="00:00:00.0036490" startTime="2025-07-04T17:29:30.1952990+00:00" endTime="2025-07-04T17:29:30.1989471+00:00" testType="13cdc9d9-ddb5-4fa4-a97d-d965ccfc6d4b" outcome="Passed" testListId="8c84fa94-04c1-424b-9868-57a2d4851a1d" relativeResultsDirectory="a09a3cec-3c4c-453c-9315-7d2e037e8c49" />
    <UnitTestResult executionId="cc2e3147-b792-4cc3-b0d6-8f4f5cebaab5" testId="5531531b-3cdc-85ea-99dc-40236a3fb01d" testName="Json_WithNullMaxVlaue_Can_Deserialzize_To_Metric" computerName="cursor" duration="00:00:00.0002930" startTime="2025-07-04T17:29:28.9449609+00:00" endTime="2025-07-04T17:29:28.9452537+00:00" testType="13cdc9d9-ddb5-4fa4-a97d-d965ccfc6d4b" outcome="Passed" testListId="8c84fa94-04c1-424b-9868-57a2d4851a1d" relativeResultsDirectory="cc2e3147-b792-4cc3-b0d6-8f4f5cebaab5" />
    <UnitTestResult executionId="94a9c1e0-80a4-4db6-a08d-3749507e4ca5" testId="299f546a-84bb-aad8-e7a0-66ce90d400fc" testName="GetCustomDeviceInfoAsync_Choose_CorrectDevice_For_WorkoutType(Stretching)" computerName="cursor" duration="00:00:00.0002790" startTime="2025-07-04T17:29:29.0113135+00:00" endTime="2025-07-04T17:29:29.0115926+00:00" testType="13cdc9d9-ddb5-4fa4-a97d-d965ccfc6d4b" outcome="Passed" testListId="8c84fa94-04c1-424b-9868-57a2d4851a1d" relativeResultsDirectory="94a9c1e0-80a4-4db6-a08d-3749507e4ca5" />
    <UnitTestResult executionId="fe8f35c0-2c7c-4c04-9d97-3f7647a2b411" testId="8016d13c-c026-4eab-3b1a-f6a102363f44" testName="ShouldConvert_ShouldOnly_Support_TCX(False,True,False)" computerName="cursor" duration="00:00:00.0000250" startTime="2025-07-04T17:29:30.0515934+00:00" endTime="2025-07-04T17:29:30.0516185+00:00" testType="13cdc9d9-ddb5-4fa4-a97d-d965ccfc6d4b" outcome="Passed" testListId="8c84fa94-04c1-424b-9868-57a2d4851a1d" relativeResultsDirectory="fe8f35c0-2c7c-4c04-9d97-3f7647a2b411" />
    <UnitTestResult executionId="d5925b51-065f-44f3-987b-c90c49286e09" testId="d549615e-37a6-5b86-fd01-48e9c51b024a" testName="SyncAsync_With_EmptyWorkoutIdsRequest_Returns400" computerName="cursor" duration="00:00:00.0010720" startTime="2025-07-04T17:29:28.7927082+00:00" endTime="2025-07-04T17:29:28.7937801+00:00" testType="13cdc9d9-ddb5-4fa4-a97d-d965ccfc6d4b" outcome="Passed" testListId="8c84fa94-04c1-424b-9868-57a2d4851a1d" relativeResultsDirectory="d5925b51-065f-44f3-987b-c90c49286e09" />
    <UnitTestResult executionId="99f6c29e-eecb-4c06-93e8-32258efc5495" testId="5dc5ff5a-2b01-503e-5d7e-47330abf8c64" testName="GetWorkoutType_Should_Map_Correctly(Stretching,False)" computerName="cursor" duration="00:00:00.0000030" startTime="2025-07-04T17:29:28.8921050+00:00" endTime="2025-07-04T17:29:28.8921077+00:00" testType="13cdc9d9-ddb5-4fa4-a97d-d965ccfc6d4b" outcome="Passed" testListId="8c84fa94-04c1-424b-9868-57a2d4851a1d" relativeResultsDirectory="99f6c29e-eecb-4c06-93e8-32258efc5495" />
    <UnitTestResult executionId="7d70e851-7c28-48da-ab7d-2b5f2e7ce73e" testId="d33c3551-a2e2-8781-705e-8e05544431c0" testName="PagingResponseBase_Calculates_HasNext_Correctly(100,5)" computerName="cursor" duration="00:00:00.0000070" startTime="2025-07-04T17:29:28.8665031+00:00" endTime="2025-07-04T17:29:28.8665097+00:00" testType="13cdc9d9-ddb5-4fa4-a97d-d965ccfc6d4b" outcome="Passed" testListId="8c84fa94-04c1-424b-9868-57a2d4851a1d" relativeResultsDirectory="7d70e851-7c28-48da-ab7d-2b5f2e7ce73e" />
    <UnitTestResult executionId="657fbeb3-0a1d-4327-85a1-0fae6af56702" testId="bcb59029-4013-44e5-44e0-773cef3135ff" testName="ShouldConvert_ShouldOnly_Support_Fit(False,True,True)" computerName="cursor" duration="00:00:00.0000290" startTime="2025-07-04T17:29:30.0501114+00:00" endTime="2025-07-04T17:29:30.0501400+00:00" testType="13cdc9d9-ddb5-4fa4-a97d-d965ccfc6d4b" outcome="Passed" testListId="8c84fa94-04c1-424b-9868-57a2d4851a1d" relativeResultsDirectory="657fbeb3-0a1d-4327-85a1-0fae6af56702" />
    <UnitTestResult executionId="f51e9f09-614a-475c-bdba-6f82d35fd2c8" testId="61583b3e-2333-6fd6-de7d-c1cef5681ceb" testName="GetRecentWorkoutsAsync_StopsCallingPelotonWhenNoMoreWorkouts" computerName="cursor" duration="00:00:00.0011900" startTime="2025-07-04T17:29:30.2464423+00:00" endTime="2025-07-04T17:29:30.2476322+00:00" testType="13cdc9d9-ddb5-4fa4-a97d-d965ccfc6d4b" outcome="Passed" testListId="8c84fa94-04c1-424b-9868-57a2d4851a1d" relativeResultsDirectory="f51e9f09-614a-475c-bdba-6f82d35fd2c8" />
    <UnitTestResult executionId="f2b627f1-4166-4ab9-ac5f-c8ef2bb0685c" testId="b70c1bfa-94e6-da8f-8633-1ff1ee7b484a" testName="GetConsumerCredentialsAsync_WhenHttpRequestFails_ShouldThrowException" computerName="cursor" duration="00:00:00.0033280" startTime="2025-07-04T17:29:30.0888993+00:00" endTime="2025-07-04T17:29:30.0922273+00:00" testType="13cdc9d9-ddb5-4fa4-a97d-d965ccfc6d4b" outcome="Passed" testListId="8c84fa94-04c1-424b-9868-57a2d4851a1d" relativeResultsDirectory="f2b627f1-4166-4ab9-ac5f-c8ef2bb0685c" />
    <UnitTestResult executionId="2e5b43fb-e9a2-4592-a7a2-c859568f5766" testId="88ea8bc1-64c6-1ed7-dff7-6876c9743dc1" testName="GetMaxSpeedMetersPerSecond_MaxSpeed_Is_Converted_ForRower(&quot;min/500m&quot;)" computerName="cursor" duration="00:00:00.0002050" startTime="2025-07-04T17:29:29.1384124+00:00" endTime="2025-07-04T17:29:29.1386176+00:00" testType="13cdc9d9-ddb5-4fa4-a97d-d965ccfc6d4b" outcome="Passed" testListId="8c84fa94-04c1-424b-9868-57a2d4851a1d" relativeResultsDirectory="2e5b43fb-e9a2-4592-a7a2-c859568f5766" />
    <UnitTestResult executionId="d2fa45cd-0c41-4e5a-8adc-09e4a1f91171" testId="18bde04b-4c73-eda8-82d0-6d3ca2a04781" testName="GetTitle_Should_Handle_SpecialChars(&quot;My Title&quot;,&quot;ä&quot;)" computerName="cursor" duration="00:00:00.0021779" startTime="2025-07-04T17:29:29.1007849+00:00" endTime="2025-07-04T17:29:29.1029627+00:00" testType="13cdc9d9-ddb5-4fa4-a97d-d965ccfc6d4b" outcome="Passed" testListId="8c84fa94-04c1-424b-9868-57a2d4851a1d" relativeResultsDirectory="d2fa45cd-0c41-4e5a-8adc-09e4a1f91171" />
    <UnitTestResult executionId="8d9f45fb-b73c-4051-bb5c-3e2668f9fc1f" testId="dd67079e-4f7c-100f-b844-f26b3873901b" testName="GetWorkoutDetailsAsync_Should_Only_Enrich_ValidRideIds(&quot;   &quot;)" computerName="cursor" duration="00:00:00.0004210" startTime="2025-07-04T17:29:30.2595419+00:00" endTime="2025-07-04T17:29:30.2599632+00:00" testType="13cdc9d9-ddb5-4fa4-a97d-d965ccfc6d4b" outcome="Passed" testListId="8c84fa94-04c1-424b-9868-57a2d4851a1d" relativeResultsDirectory="8d9f45fb-b73c-4051-bb5c-3e2668f9fc1f" />
    <UnitTestResult executionId="54d82374-781d-4d59-8c32-1e131bfeac8c" testId="e2aa94f8-1c8d-1145-aae2-0911626908bc" testName="Fit_Converter_Creates_Valid_Fit(&quot;meditation_workout&quot;,Class_Targets)" computerName="cursor" duration="00:00:00.0055390" startTime="2025-07-04T17:29:29.9769950+00:00" endTime="2025-07-04T17:29:29.9825338+00:00" testType="13cdc9d9-ddb5-4fa4-a97d-d965ccfc6d4b" outcome="Passed" testListId="8c84fa94-04c1-424b-9868-57a2d4851a1d" relativeResultsDirectory="54d82374-781d-4d59-8c32-1e131bfeac8c" />
    <UnitTestResult executionId="30ba4be9-1eef-42a5-b77e-dfdaae589870" testId="92679e3d-d661-be15-cbdf-a3fbbc1fd13a" testName="CompleteMFAAuthAsync_WhenInvalidCode_ShouldThrowException" computerName="cursor" duration="00:00:00.0062390" startTime="2025-07-04T17:29:30.1694071+00:00" endTime="2025-07-04T17:29:30.1756453+00:00" testType="13cdc9d9-ddb5-4fa4-a97d-d965ccfc6d4b" outcome="Passed" testListId="8c84fa94-04c1-424b-9868-57a2d4851a1d" relativeResultsDirectory="30ba4be9-1eef-42a5-b77e-dfdaae589870" />
    <UnitTestResult executionId="59c39428-57d0-42c2-8dd9-698fb2fff01e" testId="c98e2074-ed27-4fc7-d66c-9637e2cbb509" testName="GetOAuth1TokenAsync_ShouldReturnValidOAuth1Token" computerName="cursor" duration="00:00:00.0122130" startTime="2025-07-04T17:29:30.1127821+00:00" endTime="2025-07-04T17:29:30.1249941+00:00" testType="13cdc9d9-ddb5-4fa4-a97d-d965ccfc6d4b" outcome="Passed" testListId="8c84fa94-04c1-424b-9868-57a2d4851a1d" relativeResultsDirectory="59c39428-57d0-42c2-8dd9-698fb2fff01e" />
    <UnitTestResult executionId="7b9dddb2-1685-439a-af52-664c077308de" testId="eda327a8-43f0-eb29-46cf-6cdf168c607b" testName="ValidateConfig_ValidPort_ShouldNotThrow" computerName="cursor" duration="00:00:00.0000910" startTime="2025-07-04T17:29:28.9959367+00:00" endTime="2025-07-04T17:29:28.9960274+00:00" testType="13cdc9d9-ddb5-4fa4-a97d-d965ccfc6d4b" outcome="Passed" testListId="8c84fa94-04c1-424b-9868-57a2d4851a1d" relativeResultsDirectory="7b9dddb2-1685-439a-af52-664c077308de" />
    <UnitTestResult executionId="d985c2c3-690a-4adb-bbca-b9d666b488a4" testId="b8aad2c7-2eba-e5db-6418-6d64439beb70" testName="UpdatePelotonSettingsAsync_With_NullRequest_ReturnsError" computerName="cursor" duration="00:00:00.0007700" startTime="2025-07-04T17:29:28.8551910+00:00" endTime="2025-07-04T17:29:28.8559612+00:00" testType="13cdc9d9-ddb5-4fa4-a97d-d965ccfc6d4b" outcome="Passed" testListId="8c84fa94-04c1-424b-9868-57a2d4851a1d" relativeResultsDirectory="d985c2c3-690a-4adb-bbca-b9d666b488a4" />
    <UnitTestResult executionId="f1d0f8c9-3d10-4d7d-b68c-f8d840af262c" testId="5d5662b6-d31d-32d3-84ac-9589078c82c3" testName="Fit_Converter_Creates_Valid_Fit(&quot;tread_run_workout&quot;,Default)" computerName="cursor" duration="00:00:00.0394409" startTime="2025-07-04T17:29:29.3302483+00:00" endTime="2025-07-04T17:29:29.3696882+00:00" testType="13cdc9d9-ddb5-4fa4-a97d-d965ccfc6d4b" outcome="Passed" testListId="8c84fa94-04c1-424b-9868-57a2d4851a1d" relativeResultsDirectory="f1d0f8c9-3d10-4d7d-b68c-f8d840af262c" />
    <UnitTestResult executionId="c27dba4a-e200-4f77-b873-8ca22471f7d0" testId="69dea2dc-fad0-8685-5cf5-d563d03316ed" testName="GetOutputSummary_NoCalorieSlug_ReturnsNull" computerName="cursor" duration="00:00:00.0000980" startTime="2025-07-04T17:29:29.1390961+00:00" endTime="2025-07-04T17:29:29.1391943+00:00" testType="13cdc9d9-ddb5-4fa4-a97d-d965ccfc6d4b" outcome="Passed" testListId="8c84fa94-04c1-424b-9868-57a2d4851a1d" relativeResultsDirectory="c27dba4a-e200-4f77-b873-8ca22471f7d0" />
    <UnitTestResult executionId="1f58b8ae-decf-4512-8d61-4add7857318e" testId="e0e889ee-a9ce-4836-9adc-dcc5194648da" testName="SyncAsync_WhenNoWorkouts_Should_NotThrow" computerName="cursor" duration="00:00:00.0019560" startTime="2025-07-04T17:29:30.3421910+00:00" endTime="2025-07-04T17:29:30.3441472+00:00" testType="13cdc9d9-ddb5-4fa4-a97d-d965ccfc6d4b" outcome="Passed" testListId="8c84fa94-04c1-424b-9868-57a2d4851a1d" relativeResultsDirectory="1f58b8ae-decf-4512-8d61-4add7857318e" />
    <UnitTestResult executionId="721e88cb-453f-49a9-a0d9-179d57959d6b" testId="3bef546d-2c73-feb3-5bfb-b8193692e2ab" testName="Fit_Converter_Creates_Valid_Fit(&quot;ride_based_on_distance&quot;,Class_Segments)" computerName="cursor" duration="00:00:00.0152680" startTime="2025-07-04T17:29:29.8905040+00:00" endTime="2025-07-04T17:29:29.9057704+00:00" testType="13cdc9d9-ddb5-4fa4-a97d-d965ccfc6d4b" outcome="Passed" testListId="8c84fa94-04c1-424b-9868-57a2d4851a1d" relativeResultsDirectory="721e88cb-453f-49a9-a0d9-179d57959d6b" />
    <UnitTestResult executionId="e1b3e18e-d759-4319-847a-834341cc2c93" testId="53bd1552-7549-7526-31ea-0d733217eee6" testName="GarminAuthTokenExistsAndIsValidAsync_WhenExpiredToken_ShouldReturnFalse" computerName="cursor" duration="00:00:00.0020290" startTime="2025-07-04T17:29:30.1845546+00:00" endTime="2025-07-04T17:29:30.1865833+00:00" testType="13cdc9d9-ddb5-4fa4-a97d-d965ccfc6d4b" outcome="Passed" testListId="8c84fa94-04c1-424b-9868-57a2d4851a1d" relativeResultsDirectory="e1b3e18e-d759-4319-847a-834341cc2c93" />
    <UnitTestResult executionId="b4b17ffc-40bf-46db-b77c-1e223ba4c95c" testId="6ebc6db2-aa69-5a98-6493-31ef150933b1" testName="PelotonPost_With_PasswordChange_Should_Validate_Characters(&quot;valid&quot;)" computerName="cursor" duration="00:00:00.0025920" startTime="2025-07-04T17:29:28.8486370+00:00" endTime="2025-07-04T17:29:28.8512286+00:00" testType="13cdc9d9-ddb5-4fa4-a97d-d965ccfc6d4b" outcome="Passed" testListId="8c84fa94-04c1-424b-9868-57a2d4851a1d" relativeResultsDirectory="b4b17ffc-40bf-46db-b77c-1e223ba4c95c" />
    <UnitTestResult executionId="beb94a04-f1dc-4198-83df-90b57216f39f" testId="351c592c-fc72-5a82-9817-d79a90df7614" testName="GetStackedWorkouts_When_OneWorkout_Returns_One" computerName="cursor" duration="00:00:00.0004970" startTime="2025-07-04T17:29:30.3139398+00:00" endTime="2025-07-04T17:29:30.3144368+00:00" testType="13cdc9d9-ddb5-4fa4-a97d-d965ccfc6d4b" outcome="Passed" testListId="8c84fa94-04c1-424b-9868-57a2d4851a1d" relativeResultsDirectory="beb94a04-f1dc-4198-83df-90b57216f39f" />
    <UnitTestResult executionId="1fe197fe-56cd-4979-9e5b-f0efe8edd360" testId="a7b99d22-ee3f-ab47-ab68-89dfe253a5a4" testName="StrengthExerciseMappings_PushUpVariations_ShouldMapToPushUpCategory" computerName="cursor" duration="00:00:00.0000920" startTime="2025-07-04T17:29:29.1463106+00:00" endTime="2025-07-04T17:29:29.1464023+00:00" testType="13cdc9d9-ddb5-4fa4-a97d-d965ccfc6d4b" outcome="Passed" testListId="8c84fa94-04c1-424b-9868-57a2d4851a1d" relativeResultsDirectory="1fe197fe-56cd-4979-9e5b-f0efe8edd360" />
    <UnitTestResult executionId="ad5d5a25-9b12-4fdf-b93e-d93f3b973400" testId="e0f99cbf-2d29-3c80-a624-7b6e13dd1390" testName="ValidateConfig_InvalidPort_Throws(-1)" computerName="cursor" duration="00:00:00.0033940" startTime="2025-07-04T17:29:28.9921360+00:00" endTime="2025-07-04T17:29:28.9955296+00:00" testType="13cdc9d9-ddb5-4fa4-a97d-d965ccfc6d4b" outcome="Passed" testListId="8c84fa94-04c1-424b-9868-57a2d4851a1d" relativeResultsDirectory="ad5d5a25-9b12-4fdf-b93e-d93f3b973400" />
    <UnitTestResult executionId="40a57a3a-ae28-4699-ae89-4ac940318d07" testId="60123ba9-8c0d-8a64-f91a-5e13ce5ae077" testName="DefaultConfigInit_App_ShouldHaveDefaulValues" computerName="cursor" duration="00:00:00.0007500" startTime="2025-07-04T17:29:28.8671193+00:00" endTime="2025-07-04T17:29:28.8678691+00:00" testType="13cdc9d9-ddb5-4fa4-a97d-d965ccfc6d4b" outcome="Passed" testListId="8c84fa94-04c1-424b-9868-57a2d4851a1d" relativeResultsDirectory="40a57a3a-ae28-4699-ae89-4ac940318d07" />
    <UnitTestResult executionId="336e2778-6319-4bcb-ba80-237e041dc02d" testId="ae4de01a-1d12-e7d6-986b-cf06269c1d43" testName="ShouldConvert_ShouldOnly_Support_TCX(False,False,False)" computerName="cursor" duration="00:00:00.0000480" startTime="2025-07-04T17:29:30.0527350+00:00" endTime="2025-07-04T17:29:30.0527829+00:00" testType="13cdc9d9-ddb5-4fa4-a97d-d965ccfc6d4b" outcome="Passed" testListId="8c84fa94-04c1-424b-9868-57a2d4851a1d" relativeResultsDirectory="336e2778-6319-4bcb-ba80-237e041dc02d" />
    <UnitTestResult executionId="65de2ace-738f-4994-94f7-c5c029d0412b" testId="f462a461-4209-1e5e-3555-ae640f044d96" testName="ShouldConvert_ShouldOnly_Support_Fit(True,True,False)" computerName="cursor" duration="00:00:00.0003110" startTime="2025-07-04T17:29:30.0497038+00:00" endTime="2025-07-04T17:29:30.0500145+00:00" testType="13cdc9d9-ddb5-4fa4-a97d-d965ccfc6d4b" outcome="Passed" testListId="8c84fa94-04c1-424b-9868-57a2d4851a1d" relativeResultsDirectory="65de2ace-738f-4994-94f7-c5c029d0412b" />
    <UnitTestResult executionId="ea3b1efe-a2e7-4177-908c-87f38068bb9b" testId="d1d4a324-9577-ffbe-55b8-4af24ac0c077" testName="UploadActivity_WhenInvalidFile_ShouldThrowException" computerName="cursor" duration="00:00:00.0009300" startTime="2025-07-04T17:29:30.1647932+00:00" endTime="2025-07-04T17:29:30.1657223+00:00" testType="13cdc9d9-ddb5-4fa4-a97d-d965ccfc6d4b" outcome="Passed" testListId="8c84fa94-04c1-424b-9868-57a2d4851a1d" relativeResultsDirectory="ea3b1efe-a2e7-4177-908c-87f38068bb9b" />
    <UnitTestResult executionId="bd650684-cd3e-4d06-84df-03746b0d0c0b" testId="237b07d9-9785-5200-b185-5a6e10f8002a" testName="GarminPost_With_PasswordChange_Should_Validate_Characters(&quot;a\\&quot;)" computerName="cursor" duration="00:00:00.0001560" startTime="2025-07-04T17:29:28.8483043+00:00" endTime="2025-07-04T17:29:28.8484603+00:00" testType="13cdc9d9-ddb5-4fa4-a97d-d965ccfc6d4b" outcome="Passed" testListId="8c84fa94-04c1-424b-9868-57a2d4851a1d" relativeResultsDirectory="bd650684-cd3e-4d06-84df-03746b0d0c0b" />
    <UnitTestResult executionId="17b5d025-ae40-4630-bbde-993b74d9306c" testId="0cb0438a-3990-4a3d-96bc-962401db1b65" testName="GetRecentWorkoutsAsync_FetchesXNumberOfWorkoutsAcrossPages" computerName="cursor" duration="00:00:00.0019130" startTime="2025-07-04T17:29:30.2445028+00:00" endTime="2025-07-04T17:29:30.2464156+00:00" testType="13cdc9d9-ddb5-4fa4-a97d-d965ccfc6d4b" outcome="Passed" testListId="8c84fa94-04c1-424b-9868-57a2d4851a1d" relativeResultsDirectory="17b5d025-ae40-4630-bbde-993b74d9306c" />
    <UnitTestResult executionId="566aaa43-de65-4d9e-a79f-ceee6c6fd6ee" testId="266acd3f-05f0-7f05-925e-96206b985b98" testName="RowingWorkout_CanBe_Deserialized_To_WorkoutSamples" computerName="cursor" duration="00:00:00.0048190" startTime="2025-07-04T17:29:30.2298170+00:00" endTime="2025-07-04T17:29:30.2346354+00:00" testType="13cdc9d9-ddb5-4fa4-a97d-d965ccfc6d4b" outcome="Passed" testListId="8c84fa94-04c1-424b-9868-57a2d4851a1d" relativeResultsDirectory="566aaa43-de65-4d9e-a79f-ceee6c6fd6ee" />
    <UnitTestResult executionId="de6c9e9a-9d68-46af-a720-a0fddf836dde" testId="4cc5da5f-c89a-cc41-1f0d-920ccf5f3e8d" testName="GetHeartRateSummary_NoCalorieSlug_ReturnsNull" computerName="cursor" duration="00:00:00.0001590" startTime="2025-07-04T17:29:29.1367108+00:00" endTime="2025-07-04T17:29:29.1368694+00:00" testType="13cdc9d9-ddb5-4fa4-a97d-d965ccfc6d4b" outcome="Passed" testListId="8c84fa94-04c1-424b-9868-57a2d4851a1d" relativeResultsDirectory="de6c9e9a-9d68-46af-a720-a0fddf836dde" />
    <UnitTestResult executionId="cb22a9ca-38ad-4e40-a723-261c3ae5f7a2" testId="8ffd8b18-d6d0-548c-74c2-04f1656b2a67" testName="Fit_Converter_Creates_Valid_Fit(&quot;walking_outdoor_01&quot;,Class_Targets)" computerName="cursor" duration="00:00:00.0333920" startTime="2025-07-04T17:29:29.9825814+00:00" endTime="2025-07-04T17:29:30.0159724+00:00" testType="13cdc9d9-ddb5-4fa4-a97d-d965ccfc6d4b" outcome="Passed" testListId="8c84fa94-04c1-424b-9868-57a2d4851a1d" relativeResultsDirectory="cb22a9ca-38ad-4e40-a723-261c3ae5f7a2" />
    <UnitTestResult executionId="88aabc48-6bc5-4149-ad18-7e1c2c293c78" testId="096b064d-1428-b9d8-fa26-d57393951678" testName="StrengthExerciseMappings_ShouldNotBeEmpty" computerName="cursor" duration="00:00:00.0007590" startTime="2025-07-04T17:29:29.1536052+00:00" endTime="2025-07-04T17:29:29.1543638+00:00" testType="13cdc9d9-ddb5-4fa4-a97d-d965ccfc6d4b" outcome="Passed" testListId="8c84fa94-04c1-424b-9868-57a2d4851a1d" relativeResultsDirectory="88aabc48-6bc5-4149-ad18-7e1c2c293c78" />
    <UnitTestResult executionId="2a6191f3-4d35-409c-8ca8-6f52a0faa860" testId="f0978bc4-a6a0-b1ad-6bf2-490678e05fef" testName="GetStackedWorkouts_Should_Only_Group_By_Common_Type" computerName="cursor" duration="00:00:00.0025020" startTime="2025-07-04T17:29:30.3112131+00:00" endTime="2025-07-04T17:29:30.3137152+00:00" testType="13cdc9d9-ddb5-4fa4-a97d-d965ccfc6d4b" outcome="Passed" testListId="8c84fa94-04c1-424b-9868-57a2d4851a1d" relativeResultsDirectory="2a6191f3-4d35-409c-8ca8-6f52a0faa860" />
    <UnitTestResult executionId="01c3e47d-12f3-48b0-bda1-eba3338cd647" testId="d6496406-25e6-4f95-dcc9-c044ad2f4af4" testName="GetAsync_When_Service_Throws_ArgumentException_Returns_BadRequest" computerName="cursor" duration="00:00:00.0150310" startTime="2025-07-04T17:29:28.7304751+00:00" endTime="2025-07-04T17:29:28.7455061+00:00" testType="13cdc9d9-ddb5-4fa4-a97d-d965ccfc6d4b" outcome="Passed" testListId="8c84fa94-04c1-424b-9868-57a2d4851a1d" relativeResultsDirectory="01c3e47d-12f3-48b0-bda1-eba3338cd647" />
    <UnitTestResult executionId="9894a58d-8689-42dd-86af-40b98eb187b0" testId="ea26bba9-26a9-f3ea-e08a-46ddb2f7a2e3" testName="GetMaxSpeedMetersPerSecond_MaxSpeed_Is_Converted(&quot;m&quot;)" computerName="cursor" duration="00:00:00.0000230" startTime="2025-07-04T17:29:29.1383590+00:00" endTime="2025-07-04T17:29:29.1383821+00:00" testType="13cdc9d9-ddb5-4fa4-a97d-d965ccfc6d4b" outcome="Passed" testListId="8c84fa94-04c1-424b-9868-57a2d4851a1d" relativeResultsDirectory="9894a58d-8689-42dd-86af-40b98eb187b0" />
    <UnitTestResult executionId="ea9ff2df-645a-410b-84d5-fe6194cd0cf4" testId="90572729-ba69-9ea4-f91f-f49ccc8bd507" testName="InitCookieJarAsync_WhenSettingsServiceThrows_ShouldPropagateException" computerName="cursor" duration="00:00:00.0014460" startTime="2025-07-04T17:29:30.1382375+00:00" endTime="2025-07-04T17:29:30.1396827+00:00" testType="13cdc9d9-ddb5-4fa4-a97d-d965ccfc6d4b" outcome="Passed" testListId="8c84fa94-04c1-424b-9868-57a2d4851a1d" relativeResultsDirectory="ea9ff2df-645a-410b-84d5-fe6194cd0cf4" />
    <UnitTestResult executionId="fa87797d-878c-4019-a22c-f31b8ed8fa57" testId="73fd6b32-ad56-6164-485b-fa89df0af261" testName="StrengthExerciseMappings_ShouldContainValidMappings" computerName="cursor" duration="00:00:00.0009370" startTime="2025-07-04T17:29:29.1464067+00:00" endTime="2025-07-04T17:29:29.1473432+00:00" testType="13cdc9d9-ddb5-4fa4-a97d-d965ccfc6d4b" outcome="Passed" testListId="8c84fa94-04c1-424b-9868-57a2d4851a1d" relativeResultsDirectory="fa87797d-878c-4019-a22c-f31b8ed8fa57" />
    <UnitTestResult executionId="a67b5861-56b3-4a1e-816a-cd4bc611f79c" testId="fea81199-2eda-7cc0-5447-b8c7203b67c6" testName="SignInAsync_WhenInvalidCredentials_ShouldThrowException" computerName="cursor" duration="00:00:00.0004010" startTime="2025-07-04T17:29:30.2064400+00:00" endTime="2025-07-04T17:29:30.2068410+00:00" testType="13cdc9d9-ddb5-4fa4-a97d-d965ccfc6d4b" outcome="Passed" testListId="8c84fa94-04c1-424b-9868-57a2d4851a1d" relativeResultsDirectory="a67b5861-56b3-4a1e-816a-cd4bc611f79c" />
    <UnitTestResult executionId="976a800f-49d0-46f5-93f6-8e7a4dd64b8b" testId="59f38d5a-b192-9bd3-715f-90c810db1fc2" testName="SyncAsync_When_CheckForUpdates_Disabled_Should_NotCheck" computerName="cursor" duration="00:00:00.0024660" startTime="2025-07-04T17:29:30.3296224+00:00" endTime="2025-07-04T17:29:30.3320884+00:00" testType="13cdc9d9-ddb5-4fa4-a97d-d965ccfc6d4b" outcome="Passed" testListId="8c84fa94-04c1-424b-9868-57a2d4851a1d" relativeResultsDirectory="976a800f-49d0-46f5-93f6-8e7a4dd64b8b" />
    <UnitTestResult executionId="410be227-0294-41a1-96ff-1f641dcc6004" testId="1b490480-fb95-34e0-b8f3-6d49e41cd490" testName="GetAvgSpeedMetersPerSecond_MaxSpeed_Is_Converted(&quot;m&quot;)" computerName="cursor" duration="00:00:00.0000240" startTime="2025-07-04T17:29:29.1299610+00:00" endTime="2025-07-04T17:29:29.1299850+00:00" testType="13cdc9d9-ddb5-4fa4-a97d-d965ccfc6d4b" outcome="Passed" testListId="8c84fa94-04c1-424b-9868-57a2d4851a1d" relativeResultsDirectory="410be227-0294-41a1-96ff-1f641dcc6004" />
    <UnitTestResult executionId="826de25f-b375-4fc6-bd11-f08fd32330e5" testId="ca2818e9-29c0-46dd-edf8-21d9bbaed850" testName="GetOutputSummary_CalorieSlug_ReturnsSummary" computerName="cursor" duration="00:00:00.0002520" startTime="2025-07-04T17:29:29.1387460+00:00" endTime="2025-07-04T17:29:29.1389980+00:00" testType="13cdc9d9-ddb5-4fa4-a97d-d965ccfc6d4b" outcome="Passed" testListId="8c84fa94-04c1-424b-9868-57a2d4851a1d" relativeResultsDirectory="826de25f-b375-4fc6-bd11-f08fd32330e5" />
    <UnitTestResult executionId="6c94c172-ab28-45e4-9025-37a5857eb4e9" testId="4b7cc2b4-5fdb-804f-ca2f-d480cf61bf67" testName="Fit_Converter_Creates_Valid_Fit(&quot;meditation_workout&quot;,Default)" computerName="cursor" duration="00:00:00.0063040" startTime="2025-07-04T17:29:29.3697447+00:00" endTime="2025-07-04T17:29:29.3760476+00:00" testType="13cdc9d9-ddb5-4fa4-a97d-d965ccfc6d4b" outcome="Passed" testListId="8c84fa94-04c1-424b-9868-57a2d4851a1d" relativeResultsDirectory="6c94c172-ab28-45e4-9025-37a5857eb4e9" />
    <UnitTestResult executionId="1943d921-ef89-49bb-a667-cc233454cf25" testId="2d3d484c-8b55-579a-c941-c9464c7510dc" testName="Fit_Converter_Creates_Valid_Fit(&quot;cycling_just_ride&quot;,Distance)" computerName="cursor" duration="00:00:00.0103290" startTime="2025-07-04T17:29:29.5955944+00:00" endTime="2025-07-04T17:29:29.6059235+00:00" testType="13cdc9d9-ddb5-4fa4-a97d-d965ccfc6d4b" outcome="Passed" testListId="8c84fa94-04c1-424b-9868-57a2d4851a1d" relativeResultsDirectory="1943d921-ef89-49bb-a667-cc233454cf25" />
    <UnitTestResult executionId="208eca59-f356-4a95-b8e2-afbac94999e0" testId="728f4fce-f778-2925-5f0d-e4e53c001ad6" testName="SendCredentialsAsync_WhenHttpRequestFails_ShouldThrowException" computerName="cursor" duration="00:00:00.0019980" startTime="2025-07-04T17:29:30.1397096+00:00" endTime="2025-07-04T17:29:30.1417069+00:00" testType="13cdc9d9-ddb5-4fa4-a97d-d965ccfc6d4b" outcome="Passed" testListId="8c84fa94-04c1-424b-9868-57a2d4851a1d" relativeResultsDirectory="208eca59-f356-4a95-b8e2-afbac94999e0" />
    <UnitTestResult executionId="756f413f-a6c8-4769-a557-cae564ec2a5e" testId="66af6f1d-987a-6930-1999-0967188f94d7" testName="SyncAsync_When_SyncSuccessful_CreatedResult_Returned" computerName="cursor" duration="00:00:00.0029470" startTime="2025-07-04T17:29:28.7841367+00:00" endTime="2025-07-04T17:29:28.7870831+00:00" testType="13cdc9d9-ddb5-4fa4-a97d-d965ccfc6d4b" outcome="Passed" testListId="8c84fa94-04c1-424b-9868-57a2d4851a1d" relativeResultsDirectory="756f413f-a6c8-4769-a557-cae564ec2a5e" />
    <UnitTestResult executionId="b4920c8b-22d7-498f-bfa9-05f4be21c489" testId="7cd229c5-2548-c467-2e74-7fe0bb091375" testName="Fit_Converter_Creates_Valid_Fit(&quot;row_bootcamp&quot;,Default)" computerName="cursor" duration="00:00:00.0403890" startTime="2025-07-04T17:29:29.5154299+00:00" endTime="2025-07-04T17:29:29.5558177+00:00" testType="13cdc9d9-ddb5-4fa4-a97d-d965ccfc6d4b" outcome="Passed" testListId="8c84fa94-04c1-424b-9868-57a2d4851a1d" relativeResultsDirectory="b4920c8b-22d7-498f-bfa9-05f4be21c489" />
    <UnitTestResult executionId="2fa4707c-faf2-4b36-85d5-233bfe0d0012" testId="a869e792-ca4e-5496-f380-4de04c793554" testName="SyncAsync_When_SyncErrors_MapsErrorsCorrectly" computerName="cursor" duration="00:00:00.0063470" startTime="2025-07-04T17:29:28.7777483+00:00" endTime="2025-07-04T17:29:28.7840943+00:00" testType="13cdc9d9-ddb5-4fa4-a97d-d965ccfc6d4b" outcome="Passed" testListId="8c84fa94-04c1-424b-9868-57a2d4851a1d" relativeResultsDirectory="2fa4707c-faf2-4b36-85d5-233bfe0d0012" />
    <UnitTestResult executionId="75ee2036-a513-41cb-abd0-2597fa4894d7" testId="6fb834a5-79fd-9861-a797-b2a3f40a7fc1" testName="GetCyclingFtp_Should_PickCorrectValue(null,UserData { Cycling_Ftp_Source = Ftp_Manual_Source, Cycling_Workout_Ftp = 2, Cycling_Ftp_Workout_Id = , Cycling_Ftp = 100, Estimated_Cycling_Ftp = 3, Default_Max_Heart_Rate = 0, Customized_Max_Heart_Rate = 0, Weight = 0 },95)" computerName="cursor" duration="00:00:00.0000240" startTime="2025-07-04T17:29:29.1341223+00:00" endTime="2025-07-04T17:29:29.1341462+00:00" testType="13cdc9d9-ddb5-4fa4-a97d-d965ccfc6d4b" outcome="Passed" testListId="8c84fa94-04c1-424b-9868-57a2d4851a1d" relativeResultsDirectory="75ee2036-a513-41cb-abd0-2597fa4894d7" />
    <UnitTestResult executionId="167989dd-f19d-4c40-85d9-b8bf8f423295" testId="1ae52073-2009-2389-a5ed-134b4adf8ca2" testName="GetCustomDeviceInfoAsync_Choose_CorrectDevice_For_WorkoutType(OutdoorRunning)" computerName="cursor" duration="00:00:00.0002720" startTime="2025-07-04T17:29:29.0095573+00:00" endTime="2025-07-04T17:29:29.0098296+00:00" testType="13cdc9d9-ddb5-4fa4-a97d-d965ccfc6d4b" outcome="Passed" testListId="8c84fa94-04c1-424b-9868-57a2d4851a1d" relativeResultsDirectory="167989dd-f19d-4c40-85d9-b8bf8f423295" />
    <UnitTestResult executionId="33c24e24-225b-44fd-ab96-2d2626a38d97" testId="1978ec45-4e84-e3eb-ebd3-2cd3bcac1f3f" testName="TryDeserializeXml_ReturnsFalse_ForInvalidFile" computerName="cursor" duration="00:00:00.0052930" startTime="2025-07-04T17:29:28.9654726+00:00" endTime="2025-07-04T17:29:28.9707656+00:00" testType="13cdc9d9-ddb5-4fa4-a97d-d965ccfc6d4b" outcome="Passed" testListId="8c84fa94-04c1-424b-9868-57a2d4851a1d" relativeResultsDirectory="33c24e24-225b-44fd-ab96-2d2626a38d97" />
    <UnitTestResult executionId="02371e5c-9e92-4ad2-9a9f-adbf0bc091c5" testId="5f6a6389-07d6-acb2-15d5-0ce5fd448a5f" testName="GetCustomDeviceInfoAsync_Choose_CorrectDevice_For_WorkoutType(None)" computerName="cursor" duration="00:00:00.0112430" startTime="2025-07-04T17:29:28.9961323+00:00" endTime="2025-07-04T17:29:29.0073751+00:00" testType="13cdc9d9-ddb5-4fa4-a97d-d965ccfc6d4b" outcome="Passed" testListId="8c84fa94-04c1-424b-9868-57a2d4851a1d" relativeResultsDirectory="02371e5c-9e92-4ad2-9a9f-adbf0bc091c5" />
    <UnitTestResult executionId="12d1f1fd-667b-418f-9c5f-3f2525c5e201" testId="bc5b7814-7239-6a17-05e6-e4323f646ac3" testName="UploadActivity_WhenFileAlreadyExists_ShouldHandleGracefully" computerName="cursor" duration="00:00:00.0105920" startTime="2025-07-04T17:29:30.1541576+00:00" endTime="2025-07-04T17:29:30.1647495+00:00" testType="13cdc9d9-ddb5-4fa4-a97d-d965ccfc6d4b" outcome="Passed" testListId="8c84fa94-04c1-424b-9868-57a2d4851a1d" relativeResultsDirectory="12d1f1fd-667b-418f-9c5f-3f2525c5e201" />
    <UnitTestResult executionId="1aa036b1-dc94-48ff-8077-5e8df28b1ada" testId="a9cdeb2a-c214-4411-5768-e37d7c76a1f4" testName="Constructor_ShouldInitializeCorrectly" computerName="cursor" duration="00:00:00.0022610" startTime="2025-07-04T17:29:30.0529043+00:00" endTime="2025-07-04T17:29:30.0551650+00:00" testType="13cdc9d9-ddb5-4fa4-a97d-d965ccfc6d4b" outcome="Passed" testListId="8c84fa94-04c1-424b-9868-57a2d4851a1d" relativeResultsDirectory="1aa036b1-dc94-48ff-8077-5e8df28b1ada" />
    <UnitTestResult executionId="b15b391d-8588-4f6a-a19d-474b5844d1c6" testId="f07ec14b-f484-ba9b-8269-66d16c50ab95" testName="GetOAuth1TokenAsync_WhenNetworkError_ShouldThrowException" computerName="cursor" duration="00:00:00.0010740" startTime="2025-07-04T17:29:30.1250474+00:00" endTime="2025-07-04T17:29:30.1261214+00:00" testType="13cdc9d9-ddb5-4fa4-a97d-d965ccfc6d4b" outcome="Passed" testListId="8c84fa94-04c1-424b-9868-57a2d4851a1d" relativeResultsDirectory="b15b391d-8588-4f6a-a19d-474b5844d1c6" />
    <UnitTestResult executionId="c3056464-20c0-4120-837d-27ef415bcbf8" testId="565ea594-4a42-bf6a-d49f-4c5ca7b4f7af" testName="Converter_Should_Provide_Formt_of_TCX" computerName="cursor" duration="00:00:00.0002709" startTime="2025-07-04T17:29:30.0505022+00:00" endTime="2025-07-04T17:29:30.0507730+00:00" testType="13cdc9d9-ddb5-4fa4-a97d-d965ccfc6d4b" outcome="Passed" testListId="8c84fa94-04c1-424b-9868-57a2d4851a1d" relativeResultsDirectory="c3056464-20c0-4120-837d-27ef415bcbf8" />
    <UnitTestResult executionId="48731575-b03c-498a-aad2-ec7a65005451" testId="d3e023bb-a976-a14d-a18c-f7444af4c631" testName="GetAvgSpeedMetersPerSecond_MaxSpeed_Is_Converted(&quot;km&quot;)" computerName="cursor" duration="00:00:00.0000370" startTime="2025-07-04T17:29:29.1298929+00:00" endTime="2025-07-04T17:29:29.1299302+00:00" testType="13cdc9d9-ddb5-4fa4-a97d-d965ccfc6d4b" outcome="Passed" testListId="8c84fa94-04c1-424b-9868-57a2d4851a1d" relativeResultsDirectory="48731575-b03c-498a-aad2-ec7a65005451" />
    <UnitTestResult executionId="eb5185a5-97e2-4246-a83c-9d77efe255bf" testId="429fc958-a7fd-e403-2f76-5f49eab150a7" testName="GetOutputSummary_Metrics_ReturnsNull" computerName="cursor" duration="00:00:00.0000870" startTime="2025-07-04T17:29:29.1390042+00:00" endTime="2025-07-04T17:29:29.1390916+00:00" testType="13cdc9d9-ddb5-4fa4-a97d-d965ccfc6d4b" outcome="Passed" testListId="8c84fa94-04c1-424b-9868-57a2d4851a1d" relativeResultsDirectory="eb5185a5-97e2-4246-a83c-9d77efe255bf" />
    <UnitTestResult executionId="72951f01-3863-4a28-b821-3cd0107c6ebd" testId="d1c64d1a-1824-50d1-0539-5ceed713d1a6" testName="PagingResponseBase_Calculates_HasPrevious_Correctly(-1)" computerName="cursor" duration="00:00:00.0001180" startTime="2025-07-04T17:29:28.8665552+00:00" endTime="2025-07-04T17:29:28.8666730+00:00" testType="13cdc9d9-ddb5-4fa4-a97d-d965ccfc6d4b" outcome="Passed" testListId="8c84fa94-04c1-424b-9868-57a2d4851a1d" relativeResultsDirectory="72951f01-3863-4a28-b821-3cd0107c6ebd" />
    <UnitTestResult executionId="4eb60293-256c-487a-ad36-99fce7aa9154" testId="37ef04ad-f698-694b-d165-3e43c8009b4c" testName="ShouldConvert_ShouldOnly_Support_TCX(False,True,False)" computerName="cursor" duration="00:00:00.0000270" startTime="2025-07-04T17:29:30.0526751+00:00" endTime="2025-07-04T17:29:30.0527022+00:00" testType="13cdc9d9-ddb5-4fa4-a97d-d965ccfc6d4b" outcome="Passed" testListId="8c84fa94-04c1-424b-9868-57a2d4851a1d" relativeResultsDirectory="4eb60293-256c-487a-ad36-99fce7aa9154" />
    <UnitTestResult executionId="efcffef7-6faa-4e9e-8353-ccd659657f67" testId="fbcd2a36-e717-107e-8eb0-27790465b365" testName="PelotonPost_With_PasswordChange_Should_Validate_Characters(&quot;a\\a&quot;)" computerName="cursor" duration="00:00:00.0001130" startTime="2025-07-04T17:29:28.8517600+00:00" endTime="2025-07-04T17:29:28.8518729+00:00" testType="13cdc9d9-ddb5-4fa4-a97d-d965ccfc6d4b" outcome="Passed" testListId="8c84fa94-04c1-424b-9868-57a2d4851a1d" relativeResultsDirectory="efcffef7-6faa-4e9e-8353-ccd659657f67" />
    <UnitTestResult executionId="07bcaf7a-b103-4a9a-ace7-4204f3084b1c" testId="4de5a3ab-393d-8d27-6e98-fe3a6c94c715" testName="GetWorkoutType_Should_Map_Correctly(Meditation,True)" computerName="cursor" duration="00:00:00.0000040" startTime="2025-07-04T17:29:28.8921823+00:00" endTime="2025-07-04T17:29:28.8921867+00:00" testType="13cdc9d9-ddb5-4fa4-a97d-d965ccfc6d4b" outcome="Passed" testListId="8c84fa94-04c1-424b-9868-57a2d4851a1d" relativeResultsDirectory="07bcaf7a-b103-4a9a-ace7-4204f3084b1c" />
    <UnitTestResult executionId="923c4cef-d02d-48d0-9eeb-e82c301c51f7" testId="f71c24be-a83b-8f80-8fa8-303d407e89a5" testName="SyncAsync_With_NullRequest_Returns400" computerName="cursor" duration="00:00:00.0009740" startTime="2025-07-04T17:29:28.7938000+00:00" endTime="2025-07-04T17:29:28.7947739+00:00" testType="13cdc9d9-ddb5-4fa4-a97d-d965ccfc6d4b" outcome="Passed" testListId="8c84fa94-04c1-424b-9868-57a2d4851a1d" relativeResultsDirectory="923c4cef-d02d-48d0-9eeb-e82c301c51f7" />
    <UnitTestResult executionId="3a6527d2-4ab3-48b0-a2ff-c586c488df88" testId="53c94778-6304-3468-47d9-789a07277d4e" testName="GetTitle_NullInstructorName_ShouldReturn_EmptyInstructorName" computerName="cursor" duration="00:00:00.0032390" startTime="2025-07-04T17:29:29.0904894+00:00" endTime="2025-07-04T17:29:29.0937278+00:00" testType="13cdc9d9-ddb5-4fa4-a97d-d965ccfc6d4b" outcome="Passed" testListId="8c84fa94-04c1-424b-9868-57a2d4851a1d" relativeResultsDirectory="3a6527d2-4ab3-48b0-a2ff-c586c488df88" />
    <UnitTestResult executionId="4a6ccd2f-0ad5-4a9a-af81-10656c2d705a" testId="4ffa1572-3a75-3e1d-b438-49c773bd05f6" testName="Fit_Converter_Creates_Valid_Fit(&quot;running_workout_no_metrics&quot;,Class_Targets)" computerName="cursor" duration="00:00:00.0123050" startTime="2025-07-04T17:29:30.0160317+00:00" endTime="2025-07-04T17:29:30.0283358+00:00" testType="13cdc9d9-ddb5-4fa4-a97d-d965ccfc6d4b" outcome="Passed" testListId="8c84fa94-04c1-424b-9868-57a2d4851a1d" relativeResultsDirectory="4a6ccd2f-0ad5-4a9a-af81-10656c2d705a" />
    <UnitTestResult executionId="527cd2b8-7adb-4494-8092-343b81e93914" testId="daed5026-5f53-0768-97fa-2d38c9533a79" testName="GetAvgSpeedMetersPerSecond_MaxSpeed_Is_Converted(&quot;ft&quot;)" computerName="cursor" duration="00:00:00.0000349" startTime="2025-07-04T17:29:29.1298550+00:00" endTime="2025-07-04T17:29:29.1298895+00:00" testType="13cdc9d9-ddb5-4fa4-a97d-d965ccfc6d4b" outcome="Passed" testListId="8c84fa94-04c1-424b-9868-57a2d4851a1d" relativeResultsDirectory="527cd2b8-7adb-4494-8092-343b81e93914" />
    <UnitTestResult executionId="308a5dec-7c18-449a-91b2-dc8fce5d92b8" testId="1ca92fc7-e3c6-7524-0643-04b74c0f6f6b" testName="SyncAsync_WhenGarminMfaEnabled_AndNoAuthTokenYet_Returns401" computerName="cursor" duration="00:00:00.0029660" startTime="2025-07-04T17:29:28.7884131+00:00" endTime="2025-07-04T17:29:28.7913789+00:00" testType="13cdc9d9-ddb5-4fa4-a97d-d965ccfc6d4b" outcome="Passed" testListId="8c84fa94-04c1-424b-9868-57a2d4851a1d" relativeResultsDirectory="308a5dec-7c18-449a-91b2-dc8fce5d92b8" />
    <UnitTestResult executionId="adcfae46-30d9-4fda-8ade-edb37bcc55eb" testId="ceb0dffb-096a-12f4-eb83-b0c92e63c404" testName="GetCustomDeviceInfoAsync_Choose_CorrectDevice_For_WorkoutType(BikeBootcamp)" computerName="cursor" duration="00:00:00.0004890" startTime="2025-07-04T17:29:29.0086522+00:00" endTime="2025-07-04T17:29:29.0091411+00:00" testType="13cdc9d9-ddb5-4fa4-a97d-d965ccfc6d4b" outcome="Passed" testListId="8c84fa94-04c1-424b-9868-57a2d4851a1d" relativeResultsDirectory="adcfae46-30d9-4fda-8ade-edb37bcc55eb" />
    <UnitTestResult executionId="049882c1-578e-4369-a587-58efd122c283" testId="9d2b5957-4f8f-fc22-f57e-f9eaded782e7" testName="SignInAsync_WhenCloudflareBlocked_ShouldThrowCloudflareException" computerName="cursor" duration="00:00:00.0017890" startTime="2025-07-04T17:29:30.2020372+00:00" endTime="2025-07-04T17:29:30.2038262+00:00" testType="13cdc9d9-ddb5-4fa4-a97d-d965ccfc6d4b" outcome="Passed" testListId="8c84fa94-04c1-424b-9868-57a2d4851a1d" relativeResultsDirectory="049882c1-578e-4369-a587-58efd122c283" />
    <UnitTestResult executionId="0d47a210-3307-4c22-aafc-0ec50129f670" testId="6f647fb1-f61a-98c6-9059-a1c0f49860db" testName="SendCredentialsAsync_WhenRedirected_ShouldCaptureRedirection" computerName="cursor" duration="00:00:00.0043570" startTime="2025-07-04T17:29:30.1417332+00:00" endTime="2025-07-04T17:29:30.1460896+00:00" testType="13cdc9d9-ddb5-4fa4-a97d-d965ccfc6d4b" outcome="Passed" testListId="8c84fa94-04c1-424b-9868-57a2d4851a1d" relativeResultsDirectory="0d47a210-3307-4c22-aafc-0ec50129f670" />
    <UnitTestResult executionId="f7f5f455-cbba-4314-8e26-360c6d3f4da0" testId="47afcd5b-fcc7-5518-3629-dc9b20fc97f8" testName="GetCalorieSummary_ShouldPickCorrectValue(Common.Dto.Peloton.WorkoutSamples,null)" computerName="cursor" duration="00:00:00.0000460" startTime="2025-07-04T17:29:29.1322981+00:00" endTime="2025-07-04T17:29:29.1323445+00:00" testType="13cdc9d9-ddb5-4fa4-a97d-d965ccfc6d4b" outcome="Passed" testListId="8c84fa94-04c1-424b-9868-57a2d4851a1d" relativeResultsDirectory="f7f5f455-cbba-4314-8e26-360c6d3f4da0" />
    <UnitTestResult executionId="7042f5e7-f405-43df-a11f-e8970b267a1a" testId="2a9f7fbb-1357-fa53-4ff4-d260cac31c15" testName="GetWorkoutType_Should_Map_Correctly(Cardio,False)" computerName="cursor" duration="00:00:00.0000030" startTime="2025-07-04T17:29:28.8920564+00:00" endTime="2025-07-04T17:29:28.8920589+00:00" testType="13cdc9d9-ddb5-4fa4-a97d-d965ccfc6d4b" outcome="Passed" testListId="8c84fa94-04c1-424b-9868-57a2d4851a1d" relativeResultsDirectory="7042f5e7-f405-43df-a11f-e8970b267a1a" />
    <UnitTestResult executionId="09907598-98e6-486e-a4be-f03d7c50667d" testId="0d5ea9a5-e766-e27c-62d6-1ab97d135490" testName="GarminAuthTokenExistsAndIsValidAsync_WhenValidToken_ShouldReturnTrue" computerName="cursor" duration="00:00:00.0007630" startTime="2025-07-04T17:29:30.1876168+00:00" endTime="2025-07-04T17:29:30.1883792+00:00" testType="13cdc9d9-ddb5-4fa4-a97d-d965ccfc6d4b" outcome="Passed" testListId="8c84fa94-04c1-424b-9868-57a2d4851a1d" relativeResultsDirectory="09907598-98e6-486e-a4be-f03d7c50667d" />
    <UnitTestResult executionId="f1b128d4-0ebe-45cb-96e1-eb5ea1729e24" testId="8e3b671a-f12b-175f-1c6c-01e75fec10bf" testName="GetCustomDeviceInfoAsync_Choose_CorrectDevice_For_WorkoutType(TreadmillWalking)" computerName="cursor" duration="00:00:00.0002340" startTime="2025-07-04T17:29:29.0098448+00:00" endTime="2025-07-04T17:29:29.0100787+00:00" testType="13cdc9d9-ddb5-4fa4-a97d-d965ccfc6d4b" outcome="Passed" testListId="8c84fa94-04c1-424b-9868-57a2d4851a1d" relativeResultsDirectory="f1b128d4-0ebe-45cb-96e1-eb5ea1729e24" />
    <UnitTestResult executionId="7e23faa7-db44-441a-8156-8a6973149ece" testId="dfc0d184-cfcd-09fc-2e9c-a58966e86734" testName="StrengthExerciseMappings_ShouldMapCorrectExerciseCategories" computerName="cursor" duration="00:00:00.0039439" startTime="2025-07-04T17:29:29.1496360+00:00" endTime="2025-07-04T17:29:29.1535799+00:00" testType="13cdc9d9-ddb5-4fa4-a97d-d965ccfc6d4b" outcome="Passed" testListId="8c84fa94-04c1-424b-9868-57a2d4851a1d" relativeResultsDirectory="7e23faa7-db44-441a-8156-8a6973149ece" />
    <UnitTestResult executionId="4001e521-846c-4227-9e64-04e6729eb2d3" testId="0949149e-7a9e-de1f-a0b7-532e339c1eb4" testName="GetWorkoutType_Should_Map_Correctly(None,True)" computerName="cursor" duration="00:00:00.0013740" startTime="2025-07-04T17:29:28.8903238+00:00" endTime="2025-07-04T17:29:28.8916971+00:00" testType="13cdc9d9-ddb5-4fa4-a97d-d965ccfc6d4b" outcome="Passed" testListId="8c84fa94-04c1-424b-9868-57a2d4851a1d" relativeResultsDirectory="4001e521-846c-4227-9e64-04e6729eb2d3" />
    <UnitTestResult executionId="3425f5ad-338f-42c4-a17f-64b822ddc5d0" testId="488459ee-d120-d7fc-1652-0d4582274b8e" testName="GetWorkoutDetailsAsync_Should_EnrichAllWorkouts" computerName="cursor" duration="00:00:00.0106380" startTime="2025-07-04T17:29:30.2476606+00:00" endTime="2025-07-04T17:29:30.2582978+00:00" testType="13cdc9d9-ddb5-4fa4-a97d-d965ccfc6d4b" outcome="Passed" testListId="8c84fa94-04c1-424b-9868-57a2d4851a1d" relativeResultsDirectory="3425f5ad-338f-42c4-a17f-64b822ddc5d0" />
    <UnitTestResult executionId="25e421a5-b5fe-4084-ba74-aed7c308a855" testId="2363ee34-a01c-6457-3c08-71994bc97ae6" testName="DefaultConfigInit_Format_ShouldHaveDefaulValues" computerName="cursor" duration="00:00:00.0011630" startTime="2025-07-04T17:29:28.8686038+00:00" endTime="2025-07-04T17:29:28.8697662+00:00" testType="13cdc9d9-ddb5-4fa4-a97d-d965ccfc6d4b" outcome="Passed" testListId="8c84fa94-04c1-424b-9868-57a2d4851a1d" relativeResultsDirectory="25e421a5-b5fe-4084-ba74-aed7c308a855" />
    <UnitTestResult executionId="0d8b37e7-3aa8-4a0f-900c-ab449bef6c80" testId="998818fc-baf9-7ce7-23ed-afcf2f4bbd98" testName="PelotonPost_With_PasswordChange_Should_Validate_Characters(&quot;\\a&quot;)" computerName="cursor" duration="00:00:00.0000890" startTime="2025-07-04T17:29:28.8518804+00:00" endTime="2025-07-04T17:29:28.8519690+00:00" testType="13cdc9d9-ddb5-4fa4-a97d-d965ccfc6d4b" outcome="Passed" testListId="8c84fa94-04c1-424b-9868-57a2d4851a1d" relativeResultsDirectory="0d8b37e7-3aa8-4a0f-900c-ab449bef6c80" />
    <UnitTestResult executionId="411462cc-b976-4daf-81f2-47b71b3dff93" testId="66ce8a3b-e460-c668-203e-af4091fa629b" testName="MigrateToAdminUserAsync_When_FailsToMigrate_DoesNotThrow" computerName="cursor" duration="00:00:00.0116420" startTime="2025-07-04T17:29:28.8742111+00:00" endTime="2025-07-04T17:29:28.8858529+00:00" testType="13cdc9d9-ddb5-4fa4-a97d-d965ccfc6d4b" outcome="Passed" testListId="8c84fa94-04c1-424b-9868-57a2d4851a1d" relativeResultsDirectory="411462cc-b976-4daf-81f2-47b71b3dff93" />
    <UnitTestResult executionId="aba88e40-1422-4a4f-929c-83208228b626" testId="c5edfa28-98cf-2731-3e28-848ac5ce875c" testName="GetMaxSpeedMetersPerSecond_MaxSpeed_Is_Converted(&quot;mph&quot;)" computerName="cursor" duration="00:00:00.0001890" startTime="2025-07-04T17:29:29.1379937+00:00" endTime="2025-07-04T17:29:29.1381823+00:00" testType="13cdc9d9-ddb5-4fa4-a97d-d965ccfc6d4b" outcome="Passed" testListId="8c84fa94-04c1-424b-9868-57a2d4851a1d" relativeResultsDirectory="aba88e40-1422-4a4f-929c-83208228b626" />
    <UnitTestResult executionId="49adf5aa-04d3-4d16-9e7c-af5cab0f4796" testId="1aa0862f-ff6f-1535-03c7-43b45799ab3f" testName="GarminPost_With_PasswordChange_Should_Validate_Characters(&quot;\\a&quot;)" computerName="cursor" duration="00:00:00.0001260" startTime="2025-07-04T17:29:28.8481410+00:00" endTime="2025-07-04T17:29:28.8482674+00:00" testType="13cdc9d9-ddb5-4fa4-a97d-d965ccfc6d4b" outcome="Passed" testListId="8c84fa94-04c1-424b-9868-57a2d4851a1d" relativeResultsDirectory="49adf5aa-04d3-4d16-9e7c-af5cab0f4796" />
    <UnitTestResult executionId="138f9435-c776-4a9e-8757-e03852ca0146" testId="ee24efa4-f2cd-2850-47c0-4f8efb4efbda" testName="GetOAuth2TokenAsync_ShouldExchangeOAuth1ForOAuth2" computerName="cursor" duration="00:00:00.0093200" startTime="2025-07-04T17:29:30.1261548+00:00" endTime="2025-07-04T17:29:30.1354739+00:00" testType="13cdc9d9-ddb5-4fa4-a97d-d965ccfc6d4b" outcome="Passed" testListId="8c84fa94-04c1-424b-9868-57a2d4851a1d" relativeResultsDirectory="138f9435-c776-4a9e-8757-e03852ca0146" />
    <UnitTestResult executionId="d2f97a41-ca88-4d1f-9086-61491f032484" testId="32b482d6-93d8-7c20-38aa-1450f325d87f" testName="ValidateConfig_Disabled_DoesNotThrow" computerName="cursor" duration="00:00:00.0002330" startTime="2025-07-04T17:29:29.0136996+00:00" endTime="2025-07-04T17:29:29.0139331+00:00" testType="13cdc9d9-ddb5-4fa4-a97d-d965ccfc6d4b" outcome="Passed" testListId="8c84fa94-04c1-424b-9868-57a2d4851a1d" relativeResultsDirectory="d2f97a41-ca88-4d1f-9086-61491f032484" />
    <UnitTestResult executionId="a27f811a-e401-4fcc-a957-2a6a787414b8" testId="bb1a317a-f603-fd34-847e-2a6fecc00af2" testName="Constructor_WhenSettingsServiceIsNull_ShouldNotThrow" computerName="cursor" duration="00:00:00.0012370" startTime="2025-07-04T17:29:30.0551950+00:00" endTime="2025-07-04T17:29:30.0564316+00:00" testType="13cdc9d9-ddb5-4fa4-a97d-d965ccfc6d4b" outcome="Passed" testListId="8c84fa94-04c1-424b-9868-57a2d4851a1d" relativeResultsDirectory="a27f811a-e401-4fcc-a957-2a6a787414b8" />
    <UnitTestResult executionId="664bcd3a-9d75-4b0a-a4c6-e82a5f5e74a5" testId="720849a8-818b-65b4-5ac1-bd570d4477a9" testName="Fit_Converter_Creates_Valid_Fit(&quot;ride_based_on_distance&quot;,Class_Targets)" computerName="cursor" duration="00:00:00.0106160" startTime="2025-07-04T17:29:30.0283856+00:00" endTime="2025-07-04T17:29:30.0390003+00:00" testType="13cdc9d9-ddb5-4fa4-a97d-d965ccfc6d4b" outcome="Passed" testListId="8c84fa94-04c1-424b-9868-57a2d4851a1d" relativeResultsDirectory="664bcd3a-9d75-4b0a-a4c6-e82a5f5e74a5" />
    <UnitTestResult executionId="9de6be12-4adb-4710-8873-9716853f3508" testId="ca884c7e-f0a7-5df6-48da-a7247125fe65" testName="GetWorkoutType_Should_Map_Correctly(Cycling,True)" computerName="cursor" duration="00:00:00.0000150" startTime="2025-07-04T17:29:28.8919734+00:00" endTime="2025-07-04T17:29:28.8919884+00:00" testType="13cdc9d9-ddb5-4fa4-a97d-d965ccfc6d4b" outcome="Passed" testListId="8c84fa94-04c1-424b-9868-57a2d4851a1d" relativeResultsDirectory="9de6be12-4adb-4710-8873-9716853f3508" />
    <UnitTestResult executionId="41efb21c-3128-4442-a5c7-e95b89a72013" testId="e6206494-1fd5-7cce-b12d-03dc2164d6bc" testName="GetTitle_Should_ReplaceInvalidChars(&quot;My/Title&quot;,&quot;Some/Instructor&quot;)" computerName="cursor" duration="00:00:00.0010399" startTime="2025-07-04T17:29:29.1053559+00:00" endTime="2025-07-04T17:29:29.1063955+00:00" testType="13cdc9d9-ddb5-4fa4-a97d-d965ccfc6d4b" outcome="NotExecuted" testListId="8c84fa94-04c1-424b-9868-57a2d4851a1d" relativeResultsDirectory="41efb21c-3128-4442-a5c7-e95b89a72013">
      <Output>
        <StdOut>OneTimeSetUp: Not supported on Unix,Linux,MacOSX</StdOut>
        <ErrorInfo>
          <Message>OneTimeSetUp: Not supported on Unix,Linux,MacOSX</Message>
        </ErrorInfo>
      </Output>
    </UnitTestResult>
    <UnitTestResult executionId="0776aee7-46fe-4ea3-a47e-df42992255e6" testId="ac39fe87-b406-baf4-1ead-02ee0e9490f2" testName="GetAsync_PageProperties_Should_Be_Mapped_Correctly" computerName="cursor" duration="00:00:00.0040170" startTime="2025-07-04T17:29:28.7249914+00:00" endTime="2025-07-04T17:29:28.7290077+00:00" testType="13cdc9d9-ddb5-4fa4-a97d-d965ccfc6d4b" outcome="Passed" testListId="8c84fa94-04c1-424b-9868-57a2d4851a1d" relativeResultsDirectory="0776aee7-46fe-4ea3-a47e-df42992255e6" />
    <UnitTestResult executionId="b1a62805-727c-4f7e-a3a5-c3754bf65969" testId="e5148d61-6a1f-4ceb-0ad8-fb67024b7aa1" testName="GarminExercise_Constructor_ShouldSetProperties" computerName="cursor" duration="00:00:00.0006330" startTime="2025-07-04T17:29:29.1419279+00:00" endTime="2025-07-04T17:29:29.1425605+00:00" testType="13cdc9d9-ddb5-4fa4-a97d-d965ccfc6d4b" outcome="Passed" testListId="8c84fa94-04c1-424b-9868-57a2d4851a1d" relativeResultsDirectory="b1a62805-727c-4f7e-a3a5-c3754bf65969" />
    <UnitTestResult executionId="da495b06-c695-47e6-936b-2cef1f3efe6b" testId="1b1c81ec-4748-1ab4-a634-315a5e08abe0" testName="GetUserMaxHeartRate_NullMetrics_ReturnsNull" computerName="cursor" duration="00:00:00.0006970" startTime="2025-07-04T17:29:29.1411092+00:00" endTime="2025-07-04T17:29:29.1418059+00:00" testType="13cdc9d9-ddb5-4fa4-a97d-d965ccfc6d4b" outcome="Passed" testListId="8c84fa94-04c1-424b-9868-57a2d4851a1d" relativeResultsDirectory="da495b06-c695-47e6-936b-2cef1f3efe6b" />
    <UnitTestResult executionId="848861b0-f33c-413c-bf15-5878c558e9b4" testId="8d70e33e-8d60-77f4-1f3a-62d733fafa4b" testName="Fit_Converter_Creates_Valid_Fit(&quot;cycling_just_ride&quot;,Class_Targets)" computerName="cursor" duration="00:00:00.0075010" startTime="2025-07-04T17:29:29.9467928+00:00" endTime="2025-07-04T17:29:29.9542930+00:00" testType="13cdc9d9-ddb5-4fa4-a97d-d965ccfc6d4b" outcome="Passed" testListId="8c84fa94-04c1-424b-9868-57a2d4851a1d" relativeResultsDirectory="848861b0-f33c-413c-bf15-5878c558e9b4" />
    <UnitTestResult executionId="0e17bcad-cc30-40ef-b662-4610a76f96f2" testId="7c056526-87e1-0b1b-ae91-940a253edafa" testName="Fit_Converter_Creates_Valid_Fit(&quot;walking_outdoor_01&quot;,Default)" computerName="cursor" duration="00:00:00.0851640" startTime="2025-07-04T17:29:29.3760888+00:00" endTime="2025-07-04T17:29:29.4612521+00:00" testType="13cdc9d9-ddb5-4fa4-a97d-d965ccfc6d4b" outcome="Passed" testListId="8c84fa94-04c1-424b-9868-57a2d4851a1d" relativeResultsDirectory="0e17bcad-cc30-40ef-b662-4610a76f96f2" />
    <UnitTestResult executionId="e571908d-2803-4b37-a1db-05fdc2f4e55e" testId="c0b2bc39-7ebb-c64d-db6c-e437ca6d26eb" testName="SyncAsync_Should_ExcludeInProgress" computerName="cursor" duration="00:00:00.0130600" startTime="2025-07-04T17:29:30.3165282+00:00" endTime="2025-07-04T17:29:30.3295878+00:00" testType="13cdc9d9-ddb5-4fa4-a97d-d965ccfc6d4b" outcome="Passed" testListId="8c84fa94-04c1-424b-9868-57a2d4851a1d" relativeResultsDirectory="e571908d-2803-4b37-a1db-05fdc2f4e55e" />
    <UnitTestResult executionId="e922e4d4-7c30-4eb8-be6d-4343a9c9aa45" testId="1292910c-c26a-af95-32b2-bbd8135a83bf" testName="CombineMetricsData_When_WorkoutSamples_Is_Null_SkipsEmpty" computerName="cursor" duration="00:00:00.0003450" startTime="2025-07-04T17:29:30.3051955+00:00" endTime="2025-07-04T17:29:30.3055401+00:00" testType="13cdc9d9-ddb5-4fa4-a97d-d965ccfc6d4b" outcome="Passed" testListId="8c84fa94-04c1-424b-9868-57a2d4851a1d" relativeResultsDirectory="e922e4d4-7c30-4eb8-be6d-4343a9c9aa45" />
    <UnitTestResult executionId="cb4588e6-1ce7-4838-bb67-6c422a6661c2" testId="6be0c6cd-5df1-25b4-5146-441545fc3568" testName="PagingResponseBase_Calculates_HasNext_Correctly(-1,0)" computerName="cursor" duration="00:00:00.0000310" startTime="2025-07-04T17:29:28.8664463+00:00" endTime="2025-07-04T17:29:28.8664771+00:00" testType="13cdc9d9-ddb5-4fa4-a97d-d965ccfc6d4b" outcome="Passed" testListId="8c84fa94-04c1-424b-9868-57a2d4851a1d" relativeResultsDirectory="cb4588e6-1ce7-4838-bb67-6c422a6661c2" />
    <UnitTestResult executionId="d67c79e6-2e51-49b8-9a6f-e71638bee76e" testId="3d8547d6-8c33-ee82-ce77-fd4ee3e3fb05" testName="GetCustomDeviceInfoAsync_Choose_CorrectDevice_For_WorkoutType(OutdoorCycling)" computerName="cursor" duration="00:00:00.0002650" startTime="2025-07-04T17:29:29.0122619+00:00" endTime="2025-07-04T17:29:29.0125266+00:00" testType="13cdc9d9-ddb5-4fa4-a97d-d965ccfc6d4b" outcome="Passed" testListId="8c84fa94-04c1-424b-9868-57a2d4851a1d" relativeResultsDirectory="d67c79e6-2e51-49b8-9a6f-e71638bee76e" />
    <UnitTestResult executionId="9ba49233-21df-4408-a53d-d2b0854033e6" testId="dd674274-ba43-8940-2626-71ce4e04448c" testName="Fit_Converter_Creates_Valid_Fit(&quot;walking_outdoor_01&quot;,Distance)" computerName="cursor" duration="00:00:00.0664349" startTime="2025-07-04T17:29:29.6473067+00:00" endTime="2025-07-04T17:29:29.7137396+00:00" testType="13cdc9d9-ddb5-4fa4-a97d-d965ccfc6d4b" outcome="Passed" testListId="8c84fa94-04c1-424b-9868-57a2d4851a1d" relativeResultsDirectory="9ba49233-21df-4408-a53d-d2b0854033e6" />
    <UnitTestResult executionId="8b89e200-c73a-4fd3-b0cd-128f96d25ad4" testId="ef799867-ba48-b99a-3202-edf0b6a86be1" testName="IsRest_WhenNullOrEmpty_ShouldReturnFalse" computerName="cursor" duration="00:00:00.0000770" startTime="2025-07-04T17:29:29.1447234+00:00" endTime="2025-07-04T17:29:29.1448003+00:00" testType="13cdc9d9-ddb5-4fa4-a97d-d965ccfc6d4b" outcome="Passed" testListId="8c84fa94-04c1-424b-9868-57a2d4851a1d" relativeResultsDirectory="8b89e200-c73a-4fd3-b0cd-128f96d25ad4" />
    <UnitTestResult executionId="28246597-dda9-4de1-a369-2758d99c0065" testId="97df3935-67e3-f4a9-e35f-d1185c26ea7e" testName="ShouldConvert_ShouldOnly_Support_TCX(True,False,True)" computerName="cursor" duration="00:00:00.0000330" startTime="2025-07-04T17:29:30.0525762+00:00" endTime="2025-07-04T17:29:30.0526097+00:00" testType="13cdc9d9-ddb5-4fa4-a97d-d965ccfc6d4b" outcome="Passed" testListId="8c84fa94-04c1-424b-9868-57a2d4851a1d" relativeResultsDirectory="28246597-dda9-4de1-a369-2758d99c0065" />
    <UnitTestResult executionId="a8a7a5b3-eae6-4c9f-8d56-89ebf63e06b8" testId="500371e6-00d0-3056-c610-6225fcff441e" testName="GetWorkoutType_Should_Map_Correctly(Bike_Bootcamp,True)" computerName="cursor" duration="00:00:00.0000030" startTime="2025-07-04T17:29:28.8920009+00:00" endTime="2025-07-04T17:29:28.8920041+00:00" testType="13cdc9d9-ddb5-4fa4-a97d-d965ccfc6d4b" outcome="Passed" testListId="8c84fa94-04c1-424b-9868-57a2d4851a1d" relativeResultsDirectory="a8a7a5b3-eae6-4c9f-8d56-89ebf63e06b8" />
    <UnitTestResult executionId="c92038e1-c7b6-4813-a5ac-9a8559c6f5d5" testId="1c7e864b-0b3e-da32-5ffc-4127262e13c9" testName="GetWorkoutType_Should_Map_Correctly(Yoga,False)" computerName="cursor" duration="00:00:00.0000080" startTime="2025-07-04T17:29:28.8921704+00:00" endTime="2025-07-04T17:29:28.8921787+00:00" testType="13cdc9d9-ddb5-4fa4-a97d-d965ccfc6d4b" outcome="Passed" testListId="8c84fa94-04c1-424b-9868-57a2d4851a1d" relativeResultsDirectory="c92038e1-c7b6-4813-a5ac-9a8559c6f5d5" />
    <UnitTestResult executionId="d774ff51-905b-4e9a-ad7b-926fb5ed7247" testId="41a07f2f-0104-f308-07d3-837b632e4333" testName="GetExercisesTrackedByMovementTracker_WhenNoData(Workout { Id = , Status = , Title = , Name = , Created_At = 0, Fitness_Discipline = None, Is_Outdoor = False, Ride = , End_Time = , Start_Time = 0, Total_Work = 0, Ftp_Info = , Movement_Tracker_Data = MovementTrackerData { Completed_Movements_Summary_Data = CompletedMovementsSummaryData { Repetition_Summary_Data = System.Collections.Generic.List`1[Common.Dto.Peloton.RepetitionSummaryData] } } })" computerName="cursor" duration="00:00:00.0000360" startTime="2025-07-04T17:29:30.2365181+00:00" endTime="2025-07-04T17:29:30.2365542+00:00" testType="13cdc9d9-ddb5-4fa4-a97d-d965ccfc6d4b" outcome="Passed" testListId="8c84fa94-04c1-424b-9868-57a2d4851a1d" relativeResultsDirectory="d774ff51-905b-4e9a-ad7b-926fb5ed7247" />
    <UnitTestResult executionId="11ef9c52-8575-46ea-baa4-45fba311e535" testId="fbc32450-3db5-5196-df70-c2c3b3967d88" testName="Constructor_WhenDependenciesAreNull_ShouldNotThrow" computerName="cursor" duration="00:00:00.0003100" startTime="2025-07-04T17:29:30.1842317+00:00" endTime="2025-07-04T17:29:30.1845420+00:00" testType="13cdc9d9-ddb5-4fa4-a97d-d965ccfc6d4b" outcome="Passed" testListId="8c84fa94-04c1-424b-9868-57a2d4851a1d" relativeResultsDirectory="11ef9c52-8575-46ea-baa4-45fba311e535" />
    <UnitTestResult executionId="70f1a932-a5e4-4bb9-b6a4-1becb8a20d8a" testId="98523b04-0b64-512a-fc6b-20bcb74b8475" testName="SyncAsync_When_SyncUnsuccessful_OkResult_Returned" computerName="cursor" duration="00:00:00.0012690" startTime="2025-07-04T17:29:28.7871205+00:00" endTime="2025-07-04T17:29:28.7883886+00:00" testType="13cdc9d9-ddb5-4fa4-a97d-d965ccfc6d4b" outcome="Passed" testListId="8c84fa94-04c1-424b-9868-57a2d4851a1d" relativeResultsDirectory="70f1a932-a5e4-4bb9-b6a4-1becb8a20d8a" />
    <UnitTestResult executionId="5314d446-641e-4ed3-b766-50d369e78c03" testId="164e0ece-2885-3623-f5c8-0b1879247307" testName="GetTitle_With_Template_ShouldReturn_TemplateAppliedToTitle" computerName="cursor" duration="00:00:00.0020620" startTime="2025-07-04T17:29:29.1064170+00:00" endTime="2025-07-04T17:29:29.1084789+00:00" testType="13cdc9d9-ddb5-4fa4-a97d-d965ccfc6d4b" outcome="Passed" testListId="8c84fa94-04c1-424b-9868-57a2d4851a1d" relativeResultsDirectory="5314d446-641e-4ed3-b766-50d369e78c03" />
    <UnitTestResult executionId="9b5db04f-a52e-44b6-bb1d-3cd402d0f4c4" testId="88565869-d507-5001-a0f5-5eb3f9e4be26" testName="GetCyclingFtp_Should_PickCorrectValue(null,UserData { Cycling_Ftp_Source = , Cycling_Workout_Ftp = 2, Cycling_Ftp_Workout_Id = , Cycling_Ftp = 1, Estimated_Cycling_Ftp = 100, Default_Max_Heart_Rate = 0, Customized_Max_Heart_Rate = 0, Weight = 0 },100)" computerName="cursor" duration="00:00:00.0000260" startTime="2025-07-04T17:29:29.1340933+00:00" endTime="2025-07-04T17:29:29.1341194+00:00" testType="13cdc9d9-ddb5-4fa4-a97d-d965ccfc6d4b" outcome="Passed" testListId="8c84fa94-04c1-424b-9868-57a2d4851a1d" relativeResultsDirectory="9b5db04f-a52e-44b6-bb1d-3cd402d0f4c4" />
    <UnitTestResult executionId="0121220f-ceda-4c8e-bfb7-31d25f5718be" testId="0afa58fd-6240-6049-1c3f-87d4db08ddd5" testName="DefaultConfigInit_Garmin_ShouldHaveDefaulValues" computerName="cursor" duration="00:00:00.0007490" startTime="2025-07-04T17:29:28.8697961+00:00" endTime="2025-07-04T17:29:28.8705444+00:00" testType="13cdc9d9-ddb5-4fa4-a97d-d965ccfc6d4b" outcome="Passed" testListId="8c84fa94-04c1-424b-9868-57a2d4851a1d" relativeResultsDirectory="0121220f-ceda-4c8e-bfb7-31d25f5718be" />
    <UnitTestResult executionId="39c83708-71d9-4f8e-80ca-7279544b2cae" testId="d4c769a8-aaf0-fc74-a370-7fe129616c88" testName="GetCsrfTokenAsync_WhenHttpRequestFails_ShouldThrowException" computerName="cursor" duration="00:00:00.0011560" startTime="2025-07-04T17:29:30.1115804+00:00" endTime="2025-07-04T17:29:30.1127355+00:00" testType="13cdc9d9-ddb5-4fa4-a97d-d965ccfc6d4b" outcome="Passed" testListId="8c84fa94-04c1-424b-9868-57a2d4851a1d" relativeResultsDirectory="39c83708-71d9-4f8e-80ca-7279544b2cae" />
    <UnitTestResult executionId="e1fc8ba3-dd90-4f0b-b3a7-8221aed121af" testId="3c993e2f-53f1-5efe-dae0-a0fe5a9dd2ce" testName="Fit_Converter_Creates_Valid_Fit(&quot;cycling_workout&quot;,Class_Targets)" computerName="cursor" duration="00:00:00.0261830" startTime="2025-07-04T17:29:29.9205484+00:00" endTime="2025-07-04T17:29:29.9467298+00:00" testType="13cdc9d9-ddb5-4fa4-a97d-d965ccfc6d4b" outcome="Passed" testListId="8c84fa94-04c1-424b-9868-57a2d4851a1d" relativeResultsDirectory="e1fc8ba3-dd90-4f0b-b3a7-8221aed121af" />
    <UnitTestResult executionId="7fdd71ba-f027-409a-ad2a-cb2451eb67ee" testId="27b2cd73-6788-78c2-8f2b-b1d4688529a0" testName="Json_WithNullAvgVlaue_Can_Deserialzize_To_Metric" computerName="cursor" duration="00:00:00.0012300" startTime="2025-07-04T17:29:28.9437046+00:00" endTime="2025-07-04T17:29:28.9449341+00:00" testType="13cdc9d9-ddb5-4fa4-a97d-d965ccfc6d4b" outcome="Passed" testListId="8c84fa94-04c1-424b-9868-57a2d4851a1d" relativeResultsDirectory="7fdd71ba-f027-409a-ad2a-cb2451eb67ee" />
    <UnitTestResult executionId="090f9ae2-d4b7-421b-9fd2-c5243c4e8855" testId="bbc1ffe3-9214-8c97-a7b1-dc448d582233" testName="ConvertDistanceToMetersTest(&quot;KM&quot;)" computerName="cursor" duration="00:00:00.0000050" startTime="2025-07-04T17:29:29.1268806+00:00" endTime="2025-07-04T17:29:29.1268855+00:00" testType="13cdc9d9-ddb5-4fa4-a97d-d965ccfc6d4b" outcome="Passed" testListId="8c84fa94-04c1-424b-9868-57a2d4851a1d" relativeResultsDirectory="090f9ae2-d4b7-421b-9fd2-c5243c4e8855" />
    <UnitTestResult executionId="7c196358-f000-446a-b2a2-50d95ba7dc20" testId="76e0271b-85c4-90ea-aed2-72a6495ef213" testName="GetHeartRateSummary_Metrics_ReturnsNull" computerName="cursor" duration="00:00:00.0001490" startTime="2025-07-04T17:29:29.1365553+00:00" endTime="2025-07-04T17:29:29.1367046+00:00" testType="13cdc9d9-ddb5-4fa4-a97d-d965ccfc6d4b" outcome="Passed" testListId="8c84fa94-04c1-424b-9868-57a2d4851a1d" relativeResultsDirectory="7c196358-f000-446a-b2a2-50d95ba7dc20" />
    <UnitTestResult executionId="159beec1-7096-4af4-bc3d-e2b95dd08028" testId="ba6dc699-f2a6-3e2a-a2d0-2b8a2fe9e579" testName="GetTotalDistanceTest_NoDistanceSlug_Should_Return0" computerName="cursor" duration="00:00:00.0000960" startTime="2025-07-04T17:29:29.1409414+00:00" endTime="2025-07-04T17:29:29.1410379+00:00" testType="13cdc9d9-ddb5-4fa4-a97d-d965ccfc6d4b" outcome="Passed" testListId="8c84fa94-04c1-424b-9868-57a2d4851a1d" relativeResultsDirectory="159beec1-7096-4af4-bc3d-e2b95dd08028" />
    <UnitTestResult executionId="0d48787b-f746-445f-bd06-4419ba0f0aa2" testId="b8ee6749-5aa5-cfda-9c6a-3b65aefd2913" testName="ShouldConvert_ShouldOnly_Support_Fit(False,False,True)" computerName="cursor" duration="00:00:00.0000280" startTime="2025-07-04T17:29:30.0501743+00:00" endTime="2025-07-04T17:29:30.0502019+00:00" testType="13cdc9d9-ddb5-4fa4-a97d-d965ccfc6d4b" outcome="Passed" testListId="8c84fa94-04c1-424b-9868-57a2d4851a1d" relativeResultsDirectory="0d48787b-f746-445f-bd06-4419ba0f0aa2" />
    <UnitTestResult executionId="8745e8b8-aeff-4c53-8810-ebee5a84bf04" testId="2110bc6e-fba0-1c6f-ec93-c31a40d8cfb6" testName="GetTitle_Should_ReplaceInvalidChars(&quot;My*Title&quot;,&quot;Some*Instructor&quot;)" computerName="cursor" duration="00:00:00.0010430" startTime="2025-07-04T17:29:29.1053559+00:00" endTime="2025-07-04T17:29:29.1063984+00:00" testType="13cdc9d9-ddb5-4fa4-a97d-d965ccfc6d4b" outcome="NotExecuted" testListId="8c84fa94-04c1-424b-9868-57a2d4851a1d" relativeResultsDirectory="8745e8b8-aeff-4c53-8810-ebee5a84bf04">
      <Output>
        <StdOut>OneTimeSetUp: Not supported on Unix,Linux,MacOSX</StdOut>
        <ErrorInfo>
          <Message>OneTimeSetUp: Not supported on Unix,Linux,MacOSX</Message>
        </ErrorInfo>
      </Output>
    </UnitTestResult>
    <UnitTestResult executionId="8a84de42-3011-4243-a2a1-199d896fc56d" testId="51ee4b4c-dd8d-e42d-eca5-b25bb54e0d3a" testName="GetWorkoutDetailsAsync_Should_Only_Enrich_ValidRideIds(&quot;00000000000000000000000000000000&quot;)" computerName="cursor" duration="00:00:00.0001850" startTime="2025-07-04T17:29:30.2601657+00:00" endTime="2025-07-04T17:29:30.2603503+00:00" testType="13cdc9d9-ddb5-4fa4-a97d-d965ccfc6d4b" outcome="Passed" testListId="8c84fa94-04c1-424b-9868-57a2d4851a1d" relativeResultsDirectory="8a84de42-3011-4243-a2a1-199d896fc56d" />
    <UnitTestResult executionId="8920f44e-f7dc-4de6-aca0-7d5acd3777c7" testId="a48d31d2-8b14-7fbe-3e20-68e8f8ee61d3" testName="GetCyclingFtp_Should_PickCorrectValue(null,null,null)" computerName="cursor" duration="00:00:00.0011230" startTime="2025-07-04T17:29:29.1323691+00:00" endTime="2025-07-04T17:29:29.1334922+00:00" testType="13cdc9d9-ddb5-4fa4-a97d-d965ccfc6d4b" outcome="Passed" testListId="8c84fa94-04c1-424b-9868-57a2d4851a1d" relativeResultsDirectory="8920f44e-f7dc-4de6-aca0-7d5acd3777c7" />
    <UnitTestResult executionId="d678d202-5204-4c93-96fc-744d95e4a89b" testId="9e061af7-8969-3cb7-42ec-94f39bf5effb" testName="ConvertDistanceToMetersTest(&quot;km&quot;)" computerName="cursor" duration="00:00:00.0021600" startTime="2025-07-04T17:29:29.1086939+00:00" endTime="2025-07-04T17:29:29.1108534+00:00" testType="13cdc9d9-ddb5-4fa4-a97d-d965ccfc6d4b" outcome="Passed" testListId="8c84fa94-04c1-424b-9868-57a2d4851a1d" relativeResultsDirectory="d678d202-5204-4c93-96fc-744d95e4a89b" />
    <UnitTestResult executionId="67bf6140-91df-41e4-b2ea-cf99a85a738e" testId="9b4cb81b-5546-7c7c-51ec-7727370de86a" testName="PagingResponseBase_Calculates_HasNext_Correctly(5,100)" computerName="cursor" duration="00:00:00.0000080" startTime="2025-07-04T17:29:28.8664819+00:00" endTime="2025-07-04T17:29:28.8664895+00:00" testType="13cdc9d9-ddb5-4fa4-a97d-d965ccfc6d4b" outcome="Passed" testListId="8c84fa94-04c1-424b-9868-57a2d4851a1d" relativeResultsDirectory="67bf6140-91df-41e4-b2ea-cf99a85a738e" />
    <UnitTestResult executionId="2a882b48-c316-4992-9ca4-98c5d9459d1f" testId="73d075be-fab1-ee80-0dd0-df090006c2e6" testName="GetCalorieSummary_ShouldPickCorrectValue(Common.Dto.Peloton.WorkoutSamples,10)" computerName="cursor" duration="00:00:00.0000940" startTime="2025-07-04T17:29:29.1321011+00:00" endTime="2025-07-04T17:29:29.1321947+00:00" testType="13cdc9d9-ddb5-4fa4-a97d-d965ccfc6d4b" outcome="Passed" testListId="8c84fa94-04c1-424b-9868-57a2d4851a1d" relativeResultsDirectory="2a882b48-c316-4992-9ca4-98c5d9459d1f" />
    <UnitTestResult executionId="f58ef331-ceb9-40d1-8fa7-bf74d6e127fa" testId="1a5feea8-36a4-66bc-8126-a667fcdb403e" testName="GetWorkoutType_Should_Map_Correctly(Caesar,True)" computerName="cursor" duration="00:00:00.0000030" startTime="2025-07-04T17:29:28.8922006+00:00" endTime="2025-07-04T17:29:28.8922036+00:00" testType="13cdc9d9-ddb5-4fa4-a97d-d965ccfc6d4b" outcome="Passed" testListId="8c84fa94-04c1-424b-9868-57a2d4851a1d" relativeResultsDirectory="f58ef331-ceb9-40d1-8fa7-bf74d6e127fa" />
    <UnitTestResult executionId="8e48b5eb-97e5-415c-8e12-c63d2cc4e450" testId="bf4c9772-2cf2-1cd7-ab86-0f3e2d7a1134" testName="StrengthExerciseMappings_ShouldNotHaveDuplicateIds" computerName="cursor" duration="00:00:00.0002070" startTime="2025-07-04T17:29:29.1543944+00:00" endTime="2025-07-04T17:29:29.1546015+00:00" testType="13cdc9d9-ddb5-4fa4-a97d-d965ccfc6d4b" outcome="Passed" testListId="8c84fa94-04c1-424b-9868-57a2d4851a1d" relativeResultsDirectory="8e48b5eb-97e5-415c-8e12-c63d2cc4e450" />
    <UnitTestResult executionId="d3e1e695-bd11-4c24-8fa3-c1e2f15263aa" testId="93c5c585-3908-44b4-b7b1-3a7e9e7c4d26" testName="GetAllAsync_When_Future_SinceDate_Returns400" computerName="cursor" duration="00:00:00.0168640" startTime="2025-07-04T17:29:28.7081019+00:00" endTime="2025-07-04T17:29:28.7249659+00:00" testType="13cdc9d9-ddb5-4fa4-a97d-d965ccfc6d4b" outcome="Passed" testListId="8c84fa94-04c1-424b-9868-57a2d4851a1d" relativeResultsDirectory="d3e1e695-bd11-4c24-8fa3-c1e2f15263aa" />
    <UnitTestResult executionId="5253cd31-f7e0-4831-8401-e485817fff58" testId="8109c158-c3a9-a310-516d-ab350523a443" testName="ValidateConfig_WhenUploadEnabled_ShouldValidateCredentials" computerName="cursor" duration="00:00:00.0001299" startTime="2025-07-04T17:29:30.2200579+00:00" endTime="2025-07-04T17:29:30.2201879+00:00" testType="13cdc9d9-ddb5-4fa4-a97d-d965ccfc6d4b" outcome="Passed" testListId="8c84fa94-04c1-424b-9868-57a2d4851a1d" relativeResultsDirectory="5253cd31-f7e0-4831-8401-e485817fff58" />
    <UnitTestResult executionId="250741cd-689e-4516-b374-da710f097141" testId="bd753835-4ced-3abd-66ef-28cdb1c1718b" testName="RowingWorkout_CanBe_Deserialized_To_Workout" computerName="cursor" duration="00:00:00.0092929" startTime="2025-07-04T17:29:30.2204819+00:00" endTime="2025-07-04T17:29:30.2297746+00:00" testType="13cdc9d9-ddb5-4fa4-a97d-d965ccfc6d4b" outcome="Passed" testListId="8c84fa94-04c1-424b-9868-57a2d4851a1d" relativeResultsDirectory="250741cd-689e-4516-b374-da710f097141" />
    <UnitTestResult executionId="43ce56cd-3617-4be3-bc60-e9a16f71affa" testId="2c775ea8-6ee4-4ec5-2449-c81a0c078091" testName="SyncAsync_With_DefaultRequest_Returns400" computerName="cursor" duration="00:00:00.0012849" startTime="2025-07-04T17:29:28.7914027+00:00" endTime="2025-07-04T17:29:28.7926874+00:00" testType="13cdc9d9-ddb5-4fa4-a97d-d965ccfc6d4b" outcome="Passed" testListId="8c84fa94-04c1-424b-9868-57a2d4851a1d" relativeResultsDirectory="43ce56cd-3617-4be3-bc60-e9a16f71affa" />
    <UnitTestResult executionId="acd05dd5-28e7-4347-953f-99a083b061f4" testId="9b063be3-df40-a136-722a-1aebabe11579" testName="GetCyclingFtp_Should_PickCorrectValue(Workout { Id = , Status = , Title = , Name = , Created_At = 0, Fitness_Discipline = None, Is_Outdoor = False, Ride = , End_Time = , Start_Time = 0, Total_Work = 0, Ftp_Info = , Movement_Tracker_Data =  },UserData { Cycling_Ftp_Source = , Cycling_Workout_Ftp = 0, Cycling_Ftp_Workout_Id = , Cycling_Ftp = 0, Estimated_Cycling_Ftp = 0, Default_Max_Heart_Rate = 0, Customized_Max_Heart_Rate = 0, Weight = 0 },ushort.MinValue)" computerName="cursor" duration="00:00:00.0003830" startTime="2025-07-04T17:29:29.1335173+00:00" endTime="2025-07-04T17:29:29.1339006+00:00" testType="13cdc9d9-ddb5-4fa4-a97d-d965ccfc6d4b" outcome="Passed" testListId="8c84fa94-04c1-424b-9868-57a2d4851a1d" relativeResultsDirectory="acd05dd5-28e7-4347-953f-99a083b061f4" />
    <UnitTestResult executionId="99e38f68-38fc-4834-81a5-59cf6da2fc4e" testId="ae69910e-29f6-c558-816f-f6c28287e89d" testName="GetMaxSpeedMetersPerSecond_MaxSpeed_Is_Converted(&quot;km&quot;)" computerName="cursor" duration="00:00:00.0000260" startTime="2025-07-04T17:29:29.1382392+00:00" endTime="2025-07-04T17:29:29.1382652+00:00" testType="13cdc9d9-ddb5-4fa4-a97d-d965ccfc6d4b" outcome="Passed" testListId="8c84fa94-04c1-424b-9868-57a2d4851a1d" relativeResultsDirectory="99e38f68-38fc-4834-81a5-59cf6da2fc4e" />
    <UnitTestResult executionId="9f00c66b-2eb3-4358-a6d4-f716a1964e98" testId="4692bdef-824c-2da9-2b8f-73cf5e60e9b6" testName="SignInAsync_WhenMfaRequired_ShouldReturnNeedMfaToken" computerName="cursor" duration="00:00:00.0024620" startTime="2025-07-04T17:29:30.2068621+00:00" endTime="2025-07-04T17:29:30.2093239+00:00" testType="13cdc9d9-ddb5-4fa4-a97d-d965ccfc6d4b" outcome="Passed" testListId="8c84fa94-04c1-424b-9868-57a2d4851a1d" relativeResultsDirectory="9f00c66b-2eb3-4358-a6d4-f716a1964e98" />
    <UnitTestResult executionId="70f2f01a-a4a2-4d4c-b8de-35da69f22555" testId="93235d72-eee4-13ad-92f8-ea702adf43f7" testName="ConvertDistanceToMetersTest(&quot;ft&quot;)" computerName="cursor" duration="00:00:00.0000340" startTime="2025-07-04T17:29:29.1268430+00:00" endTime="2025-07-04T17:29:29.1268773+00:00" testType="13cdc9d9-ddb5-4fa4-a97d-d965ccfc6d4b" outcome="Passed" testListId="8c84fa94-04c1-424b-9868-57a2d4851a1d" relativeResultsDirectory="70f2f01a-a4a2-4d4c-b8de-35da69f22555" />
    <UnitTestResult executionId="196c08c5-3d94-48ed-ba7b-d1421d731577" testId="ff20ad51-3fe7-1bec-294d-76f7ead9492d" testName="GetExercisesTrackedByMovementTracker_WhenNoWeight" computerName="cursor" duration="00:00:00.0032780" startTime="2025-07-04T17:29:30.2365774+00:00" endTime="2025-07-04T17:29:30.2398553+00:00" testType="13cdc9d9-ddb5-4fa4-a97d-d965ccfc6d4b" outcome="Passed" testListId="8c84fa94-04c1-424b-9868-57a2d4851a1d" relativeResultsDirectory="196c08c5-3d94-48ed-ba7b-d1421d731577" />
    <UnitTestResult executionId="c6d76287-481a-4438-9d83-06bcd2c52bb2" testId="cedf5e26-eb4c-4ff4-1c76-8686f05baa27" testName="GetCsrfTokenAsync_ShouldReturnValidToken" computerName="cursor" duration="00:00:00.0192530" startTime="2025-07-04T17:29:30.0922675+00:00" endTime="2025-07-04T17:29:30.1115194+00:00" testType="13cdc9d9-ddb5-4fa4-a97d-d965ccfc6d4b" outcome="Passed" testListId="8c84fa94-04c1-424b-9868-57a2d4851a1d" relativeResultsDirectory="c6d76287-481a-4438-9d83-06bcd2c52bb2" />
    <UnitTestResult executionId="c9e92d9c-541e-4867-9d55-0a639c35c38f" testId="6888598b-cb60-477f-2c20-bf0224fd9c36" testName="ConvertToMetersPerSecondTest_Is_Converted_To_MetersPerSecond(&quot;kph&quot;)" computerName="cursor" duration="00:00:00.0003370" startTime="2025-07-04T17:29:29.1278210+00:00" endTime="2025-07-04T17:29:29.1281584+00:00" testType="13cdc9d9-ddb5-4fa4-a97d-d965ccfc6d4b" outcome="Passed" testListId="8c84fa94-04c1-424b-9868-57a2d4851a1d" relativeResultsDirectory="c9e92d9c-541e-4867-9d55-0a639c35c38f" />
    <UnitTestResult executionId="b781c830-8ace-41b2-bdb5-fc426f922492" testId="4e0c6c25-d6c8-8ad0-b8d7-d624e6f7c604" testName="StrengthExerciseMappings_CurlVariations_ShouldMapToCurlCategory" computerName="cursor" duration="00:00:00.0001810" startTime="2025-07-04T17:29:29.1458782+00:00" endTime="2025-07-04T17:29:29.1460596+00:00" testType="13cdc9d9-ddb5-4fa4-a97d-d965ccfc6d4b" outcome="Passed" testListId="8c84fa94-04c1-424b-9868-57a2d4851a1d" relativeResultsDirectory="b781c830-8ace-41b2-bdb5-fc426f922492" />
    <UnitTestResult executionId="e4578fe4-b82f-4163-8bb9-6d2771d5fc44" testId="b4818bdb-9721-29a3-8561-8e9504a3d80a" testName="Constructor_ShouldInitializeCorrectly" computerName="cursor" duration="00:00:00.0004070" startTime="2025-07-04T17:29:30.2134973+00:00" endTime="2025-07-04T17:29:30.2139044+00:00" testType="13cdc9d9-ddb5-4fa4-a97d-d965ccfc6d4b" outcome="Passed" testListId="8c84fa94-04c1-424b-9868-57a2d4851a1d" relativeResultsDirectory="e4578fe4-b82f-4163-8bb9-6d2771d5fc44" />
    <UnitTestResult executionId="e37259dd-5e0a-4d01-9ece-3cf88ff7d9d7" testId="868c7be5-cfbd-065b-6f91-c374862a7a8b" testName="Constructor_ShouldInitializeCorrectly" computerName="cursor" duration="00:00:00.0002360" startTime="2025-07-04T17:29:30.1839867+00:00" endTime="2025-07-04T17:29:30.1842221+00:00" testType="13cdc9d9-ddb5-4fa4-a97d-d965ccfc6d4b" outcome="Passed" testListId="8c84fa94-04c1-424b-9868-57a2d4851a1d" relativeResultsDirectory="e37259dd-5e0a-4d01-9ece-3cf88ff7d9d7" />
    <UnitTestResult executionId="ff5abbd6-4a41-41d8-a4e0-dc1f9020e758" testId="9e40d7f7-182b-bab9-82e3-bb0dcbb731fc" testName="GetWorkoutType_Should_Map_Correctly(Caesar_Bootcamp,True)" computerName="cursor" duration="00:00:00.0000050" startTime="2025-07-04T17:29:28.8922130+00:00" endTime="2025-07-04T17:29:28.8922178+00:00" testType="13cdc9d9-ddb5-4fa4-a97d-d965ccfc6d4b" outcome="Passed" testListId="8c84fa94-04c1-424b-9868-57a2d4851a1d" relativeResultsDirectory="ff5abbd6-4a41-41d8-a4e0-dc1f9020e758" />
    <UnitTestResult executionId="74bad233-a123-4a16-920f-67ac3588b03e" testId="e0cfa7c3-0342-5af7-1497-7d11fdf8076c" testName="UploadToGarminAsync_WhenNoFilesToUpload_ShouldReturnEarlyWithoutAuthentication" computerName="cursor" duration="00:00:00.0026140" startTime="2025-07-04T17:29:30.2139333+00:00" endTime="2025-07-04T17:29:30.2165472+00:00" testType="13cdc9d9-ddb5-4fa4-a97d-d965ccfc6d4b" outcome="Passed" testListId="8c84fa94-04c1-424b-9868-57a2d4851a1d" relativeResultsDirectory="74bad233-a123-4a16-920f-67ac3588b03e" />
    <UnitTestResult executionId="266af59e-8657-4cf2-9a7d-7e1a9b155778" testId="3c82cb38-7fe0-9ca0-9a54-46ea4405b331" testName="GarminPost_With_PasswordChange_Should_Validate_Characters(&quot;a\\a&quot;)" computerName="cursor" duration="00:00:00.0002930" startTime="2025-07-04T17:29:28.8478358+00:00" endTime="2025-07-04T17:29:28.8481286+00:00" testType="13cdc9d9-ddb5-4fa4-a97d-d965ccfc6d4b" outcome="Passed" testListId="8c84fa94-04c1-424b-9868-57a2d4851a1d" relativeResultsDirectory="266af59e-8657-4cf2-9a7d-7e1a9b155778" />
    <UnitTestResult executionId="bf40eab6-6ff2-44a6-9e4c-3d3655909b9e" testId="0117e8c7-9c5a-58e6-feed-262bdb64bb58" testName="GetWorkoutType_Should_Map_Correctly(Circuit,False)" computerName="cursor" duration="00:00:00.0000030" startTime="2025-07-04T17:29:28.8920767+00:00" endTime="2025-07-04T17:29:28.8920796+00:00" testType="13cdc9d9-ddb5-4fa4-a97d-d965ccfc6d4b" outcome="Passed" testListId="8c84fa94-04c1-424b-9868-57a2d4851a1d" relativeResultsDirectory="bf40eab6-6ff2-44a6-9e4c-3d3655909b9e" />
    <UnitTestResult executionId="83d47ac8-1efa-4173-b437-2e7948c81e43" testId="26cb9a0c-9732-0e98-cfef-fd3942afbd88" testName="GetAvgSpeedMetersPerSecond_MaxSpeed_Is_Converted(&quot;kph&quot;)" computerName="cursor" duration="00:00:00.0000250" startTime="2025-07-04T17:29:29.1299332+00:00" endTime="2025-07-04T17:29:29.1299583+00:00" testType="13cdc9d9-ddb5-4fa4-a97d-d965ccfc6d4b" outcome="Passed" testListId="8c84fa94-04c1-424b-9868-57a2d4851a1d" relativeResultsDirectory="83d47ac8-1efa-4173-b437-2e7948c81e43" />
    <UnitTestResult executionId="4c65606e-249b-44a0-a0d4-b41390022953" testId="4544cee2-8917-8868-ee21-101be734537c" testName="CombineLocationData_Calculates_Correctly" computerName="cursor" duration="00:00:00.0090820" startTime="2025-07-04T17:29:30.2923925+00:00" endTime="2025-07-04T17:29:30.3014746+00:00" testType="13cdc9d9-ddb5-4fa4-a97d-d965ccfc6d4b" outcome="Passed" testListId="8c84fa94-04c1-424b-9868-57a2d4851a1d" relativeResultsDirectory="4c65606e-249b-44a0-a0d4-b41390022953" />
    <UnitTestResult executionId="30f6669d-ae71-4797-8aba-a687af7445d4" testId="6364f89d-e9b5-09be-80f9-4b631b3c548e" testName="Fit_Converter_Creates_Valid_Fit(&quot;running_workout_no_metrics&quot;,Class_Segments)" computerName="cursor" duration="00:00:00.0152910" startTime="2025-07-04T17:29:29.8751399+00:00" endTime="2025-07-04T17:29:29.8904292+00:00" testType="13cdc9d9-ddb5-4fa4-a97d-d965ccfc6d4b" outcome="Passed" testListId="8c84fa94-04c1-424b-9868-57a2d4851a1d" relativeResultsDirectory="30f6669d-ae71-4797-8aba-a687af7445d4" />
    <UnitTestResult executionId="4202ceb1-bfea-49fd-a590-44324433a40c" testId="0a54ab5c-f771-0014-a799-08b773737ab1" testName="SendMfaCodeAsync_WhenValidCode_ShouldReturnSuccess" computerName="cursor" duration="00:00:00.0011250" startTime="2025-07-04T17:29:30.1530066+00:00" endTime="2025-07-04T17:29:30.1541312+00:00" testType="13cdc9d9-ddb5-4fa4-a97d-d965ccfc6d4b" outcome="Passed" testListId="8c84fa94-04c1-424b-9868-57a2d4851a1d" relativeResultsDirectory="4202ceb1-bfea-49fd-a590-44324433a40c" />
    <UnitTestResult executionId="933b5b09-622b-40b5-a8e3-68bf24eff068" testId="4a5d5949-0c88-56fe-5e7c-a9326000123b" testName="ShouldConvert_ShouldOnly_Support_TCX(True,False,False)" computerName="cursor" duration="00:00:00.0000280" startTime="2025-07-04T17:29:30.0526135+00:00" endTime="2025-07-04T17:29:30.0526413+00:00" testType="13cdc9d9-ddb5-4fa4-a97d-d965ccfc6d4b" outcome="Passed" testListId="8c84fa94-04c1-424b-9868-57a2d4851a1d" relativeResultsDirectory="933b5b09-622b-40b5-a8e3-68bf24eff068" />
    <UnitTestResult executionId="55e84c63-317e-4f6d-a798-db69761d5a61" testId="d2f7c43b-7a15-5c56-1100-64ce930e11ad" testName="DefaultConfigInit_Observability_Jaeger_ShouldHaveDefaulValues" computerName="cursor" duration="00:00:00.0005390" startTime="2025-07-04T17:29:28.8705744+00:00" endTime="2025-07-04T17:29:28.8711128+00:00" testType="13cdc9d9-ddb5-4fa4-a97d-d965ccfc6d4b" outcome="Passed" testListId="8c84fa94-04c1-424b-9868-57a2d4851a1d" relativeResultsDirectory="55e84c63-317e-4f6d-a798-db69761d5a61" />
    <UnitTestResult executionId="681f08dc-5d3e-4d17-897c-4439533e5de0" testId="e89b8a9f-c780-da3a-7150-6e0f464d0bde" testName="GetWorkoutType_Should_Map_Correctly(Running,True)" computerName="cursor" duration="00:00:00.0000040" startTime="2025-07-04T17:29:28.8920191+00:00" endTime="2025-07-04T17:29:28.8920229+00:00" testType="13cdc9d9-ddb5-4fa4-a97d-d965ccfc6d4b" outcome="Passed" testListId="8c84fa94-04c1-424b-9868-57a2d4851a1d" relativeResultsDirectory="681f08dc-5d3e-4d17-897c-4439533e5de0" />
    <UnitTestResult executionId="9abb03cc-4616-4e92-be65-07e6ad19de5a" testId="9fd31870-93ad-2d9b-0aaa-ad125f5392cb" testName="CompleteMFAAuthAsync_WhenNoPartialAuth_ShouldThrowException" computerName="cursor" duration="00:00:00.0010700" startTime="2025-07-04T17:29:30.1756810+00:00" endTime="2025-07-04T17:29:30.1767503+00:00" testType="13cdc9d9-ddb5-4fa4-a97d-d965ccfc6d4b" outcome="Passed" testListId="8c84fa94-04c1-424b-9868-57a2d4851a1d" relativeResultsDirectory="9abb03cc-4616-4e92-be65-07e6ad19de5a" />
    <UnitTestResult executionId="3b6a01bd-6cc1-4a47-b86e-a5b4f318f7c9" testId="b4199274-6c0f-e8b2-8529-712ee4a5b18e" testName="StrengthExerciseMappings_PlankVariations_ShouldMapToPlankCategory" computerName="cursor" duration="00:00:00.0001220" startTime="2025-07-04T17:29:29.1461818+00:00" endTime="2025-07-04T17:29:29.1463041+00:00" testType="13cdc9d9-ddb5-4fa4-a97d-d965ccfc6d4b" outcome="Passed" testListId="8c84fa94-04c1-424b-9868-57a2d4851a1d" relativeResultsDirectory="3b6a01bd-6cc1-4a47-b86e-a5b4f318f7c9" />
    <UnitTestResult executionId="da3d4cb7-b092-4213-be3a-f8e9f980fbeb" testId="7f277a8c-7e2d-1c06-dc02-1584eb3f68df" testName="GetWorkoutType_Should_Map_Correctly(None,False)" computerName="cursor" duration="00:00:00.0002360" startTime="2025-07-04T17:29:28.8917192+00:00" endTime="2025-07-04T17:29:28.8919554+00:00" testType="13cdc9d9-ddb5-4fa4-a97d-d965ccfc6d4b" outcome="Passed" testListId="8c84fa94-04c1-424b-9868-57a2d4851a1d" relativeResultsDirectory="da3d4cb7-b092-4213-be3a-f8e9f980fbeb" />
    <UnitTestResult executionId="4acc1307-fe42-43d0-bcfb-2e4b524d0e04" testId="aaaa3256-d978-8c2d-a1cb-bf2139c5503e" testName="IsRest_WhenNotRestExerciseId_ShouldReturnFalse" computerName="cursor" duration="00:00:00.0001130" startTime="2025-07-04T17:29:29.1446046+00:00" endTime="2025-07-04T17:29:29.1447178+00:00" testType="13cdc9d9-ddb5-4fa4-a97d-d965ccfc6d4b" outcome="Passed" testListId="8c84fa94-04c1-424b-9868-57a2d4851a1d" relativeResultsDirectory="4acc1307-fe42-43d0-bcfb-2e4b524d0e04" />
    <UnitTestResult executionId="c40884e2-62c7-43c6-94e4-9c1cb12c77f5" testId="9e4a166f-9dd6-6fc3-0366-061d8403a00e" testName="GetWorkoutDetailsAsync_Should_Only_Enrich_ValidRideIds(&quot;&quot;)" computerName="cursor" duration="00:00:00.0011329" startTime="2025-07-04T17:29:30.2583770+00:00" endTime="2025-07-04T17:29:30.2595093+00:00" testType="13cdc9d9-ddb5-4fa4-a97d-d965ccfc6d4b" outcome="Passed" testListId="8c84fa94-04c1-424b-9868-57a2d4851a1d" relativeResultsDirectory="c40884e2-62c7-43c6-94e4-9c1cb12c77f5" />
    <UnitTestResult executionId="0027f2b0-7372-4d50-b89d-5ce210cc4a8e" testId="18d8a376-60f0-190d-ba44-a72a1cd79b63" testName="GetHeartRateZone_NullMetrics_ReturnsNull" computerName="cursor" duration="00:00:00.0002960" startTime="2025-07-04T17:29:29.1369728+00:00" endTime="2025-07-04T17:29:29.1372683+00:00" testType="13cdc9d9-ddb5-4fa4-a97d-d965ccfc6d4b" outcome="Passed" testListId="8c84fa94-04c1-424b-9868-57a2d4851a1d" relativeResultsDirectory="0027f2b0-7372-4d50-b89d-5ce210cc4a8e" />
    <UnitTestResult executionId="41c0c417-314b-4a63-8b48-7dd3198b8522" testId="356f89fb-8a90-5da8-902f-888a6aa96117" testName="Fit_Converter_Creates_Valid_Fit(&quot;cycling_workout&quot;,Distance)" computerName="cursor" duration="00:00:00.0396720" startTime="2025-07-04T17:29:29.5558724+00:00" endTime="2025-07-04T17:29:29.5955430+00:00" testType="13cdc9d9-ddb5-4fa4-a97d-d965ccfc6d4b" outcome="Passed" testListId="8c84fa94-04c1-424b-9868-57a2d4851a1d" relativeResultsDirectory="41c0c417-314b-4a63-8b48-7dd3198b8522" />
    <UnitTestResult executionId="2cd46245-d678-4864-a935-50bc7491211e" testId="facbc2fa-2782-495e-b566-3c0160b941d0" testName="SignOutAsync_ShouldClearAllTokens" computerName="cursor" duration="00:00:00.0012590" startTime="2025-07-04T17:29:30.2120549+00:00" endTime="2025-07-04T17:29:30.2133133+00:00" testType="13cdc9d9-ddb5-4fa4-a97d-d965ccfc6d4b" outcome="Passed" testListId="8c84fa94-04c1-424b-9868-57a2d4851a1d" relativeResultsDirectory="2cd46245-d678-4864-a935-50bc7491211e" />
    <UnitTestResult executionId="63c034e1-72fa-4bcc-aed0-781e81f594ce" testId="ecf23342-08d1-9743-912b-4dd2ea8bbf0d" testName="GetWorkoutType_Should_Map_Correctly(Cycling,False)" computerName="cursor" duration="00:00:00.0000040" startTime="2025-07-04T17:29:28.8919934+00:00" endTime="2025-07-04T17:29:28.8919977+00:00" testType="13cdc9d9-ddb5-4fa4-a97d-d965ccfc6d4b" outcome="Passed" testListId="8c84fa94-04c1-424b-9868-57a2d4851a1d" relativeResultsDirectory="63c034e1-72fa-4bcc-aed0-781e81f594ce" />
    <UnitTestResult executionId="73a63e57-1109-415c-bb8b-eb8a798ce6f1" testId="498cc7c3-1cb9-89e2-4405-01ada2bd05f7" testName="StrengthExerciseMappings_AllIdsShouldBeValidFormat" computerName="cursor" duration="00:00:00.0010030" startTime="2025-07-04T17:29:29.1448538+00:00" endTime="2025-07-04T17:29:29.1458569+00:00" testType="13cdc9d9-ddb5-4fa4-a97d-d965ccfc6d4b" outcome="Passed" testListId="8c84fa94-04c1-424b-9868-57a2d4851a1d" relativeResultsDirectory="73a63e57-1109-415c-bb8b-eb8a798ce6f1" />
    <UnitTestResult executionId="0cc11a4f-2c5c-4cca-a956-3bb69244f031" testId="f227a819-2a67-8cc4-9f97-0d0e685c0f0f" testName="ShouldConvert_ShouldOnly_Support_TCX(False,False,False)" computerName="cursor" duration="00:00:00.0000280" startTime="2025-07-04T17:29:30.0516504+00:00" endTime="2025-07-04T17:29:30.0516779+00:00" testType="13cdc9d9-ddb5-4fa4-a97d-d965ccfc6d4b" outcome="Passed" testListId="8c84fa94-04c1-424b-9868-57a2d4851a1d" relativeResultsDirectory="0cc11a4f-2c5c-4cca-a956-3bb69244f031" />
    <UnitTestResult executionId="cfffc06e-9c64-4bb4-af86-9b7307bf868a" testId="590353f7-0343-b410-3784-f9ebd31c91c3" testName="GetCustomDeviceInfoAsync_Choose_CorrectDevice_For_WorkoutType(Cardio)" computerName="cursor" duration="00:00:00.0003120" startTime="2025-07-04T17:29:29.0103759+00:00" endTime="2025-07-04T17:29:29.0106882+00:00" testType="13cdc9d9-ddb5-4fa4-a97d-d965ccfc6d4b" outcome="Passed" testListId="8c84fa94-04c1-424b-9868-57a2d4851a1d" relativeResultsDirectory="cfffc06e-9c64-4bb4-af86-9b7307bf868a" />
    <UnitTestResult executionId="40181c4f-5d11-4e5b-a893-c39cdc7f5f56" testId="1f4f2efb-76ac-0df0-4616-bcaedde445b7" testName="ShouldConvert_ShouldOnly_Support_TCX(False,True,True)" computerName="cursor" duration="00:00:00.0000280" startTime="2025-07-04T17:29:30.0526446+00:00" endTime="2025-07-04T17:29:30.0526724+00:00" testType="13cdc9d9-ddb5-4fa4-a97d-d965ccfc6d4b" outcome="Passed" testListId="8c84fa94-04c1-424b-9868-57a2d4851a1d" relativeResultsDirectory="40181c4f-5d11-4e5b-a893-c39cdc7f5f56" />
    <UnitTestResult executionId="82e80be2-dbf4-443e-9fb2-f20cbb3ba7bf" testId="42f03ffa-f437-f05c-45e6-84b2cd5c6369" testName="GetCalorieSummary_ShouldPickCorrectValue(null,null)" computerName="cursor" duration="00:00:00.0004160" startTime="2025-07-04T17:29:29.1307414+00:00" endTime="2025-07-04T17:29:29.1311573+00:00" testType="13cdc9d9-ddb5-4fa4-a97d-d965ccfc6d4b" outcome="Passed" testListId="8c84fa94-04c1-424b-9868-57a2d4851a1d" relativeResultsDirectory="82e80be2-dbf4-443e-9fb2-f20cbb3ba7bf" />
    <UnitTestResult executionId="13a40050-3068-4cf3-9bce-9a1bdebb391a" testId="6571bba8-1418-4317-2ad2-4f9436176ce5" testName="Fit_Converter_Creates_Valid_Fit(&quot;running_workout_no_metrics&quot;,Default)" computerName="cursor" duration="00:00:00.0148870" startTime="2025-07-04T17:29:29.4613261+00:00" endTime="2025-07-04T17:29:29.4762128+00:00" testType="13cdc9d9-ddb5-4fa4-a97d-d965ccfc6d4b" outcome="Passed" testListId="8c84fa94-04c1-424b-9868-57a2d4851a1d" relativeResultsDirectory="13a40050-3068-4cf3-9bce-9a1bdebb391a" />
    <UnitTestResult executionId="2c6fc76c-e5dc-41ef-9c59-3c59d89a3f23" testId="001eaa05-24de-1a6f-4796-a20a49ef55f6" testName="CombineLocationData_When_WorkoutsToStack_Is_NullOrEmpty_NoOp" computerName="cursor" duration="00:00:00.0001170" startTime="2025-07-04T17:29:30.3036027+00:00" endTime="2025-07-04T17:29:30.3037198+00:00" testType="13cdc9d9-ddb5-4fa4-a97d-d965ccfc6d4b" outcome="Passed" testListId="8c84fa94-04c1-424b-9868-57a2d4851a1d" relativeResultsDirectory="2c6fc76c-e5dc-41ef-9c59-3c59d89a3f23" />
    <UnitTestResult executionId="20a61562-cddd-4f09-afaa-93c2b7317e4f" testId="3d20861b-d0b1-5b12-a559-4328bdcf8447" testName="CombineMetricData_When_Metrics_Is_Null_SkipsEmpty" computerName="cursor" duration="00:00:00.0014360" startTime="2025-07-04T17:29:30.3037290+00:00" endTime="2025-07-04T17:29:30.3051646+00:00" testType="13cdc9d9-ddb5-4fa4-a97d-d965ccfc6d4b" outcome="Passed" testListId="8c84fa94-04c1-424b-9868-57a2d4851a1d" relativeResultsDirectory="20a61562-cddd-4f09-afaa-93c2b7317e4f" />
    <UnitTestResult executionId="14e8d54d-e8c0-48b2-b862-f4e34147b2ce" testId="09942d98-1aaf-e6f8-8494-a5bbebc32f75" testName="GetAvgSpeedMetersPerSecond_MaxSpeed_Is_Converted(&quot;mi&quot;)" computerName="cursor" duration="00:00:00.0012080" startTime="2025-07-04T17:29:29.1283674+00:00" endTime="2025-07-04T17:29:29.1295749+00:00" testType="13cdc9d9-ddb5-4fa4-a97d-d965ccfc6d4b" outcome="Passed" testListId="8c84fa94-04c1-424b-9868-57a2d4851a1d" relativeResultsDirectory="14e8d54d-e8c0-48b2-b862-f4e34147b2ce" />
    <UnitTestResult executionId="4bb8a308-696f-4f0c-b6da-f2104ac0095b" testId="8541576e-161f-b1df-536b-bdaadface2bd" testName="GetStackedWorkouts_Should_Honor_TimeGap(301)" computerName="cursor" duration="00:00:00.0000530" startTime="2025-07-04T17:29:30.3111311+00:00" endTime="2025-07-04T17:29:30.3111838+00:00" testType="13cdc9d9-ddb5-4fa4-a97d-d965ccfc6d4b" outcome="Passed" testListId="8c84fa94-04c1-424b-9868-57a2d4851a1d" relativeResultsDirectory="4bb8a308-696f-4f0c-b6da-f2104ac0095b" />
    <UnitTestResult executionId="59af843d-3ef7-4824-8e84-8b6faaf5ad2e" testId="164043c1-8b89-4b90-060a-951aa3808268" testName="GetHeartRateSummary_NullWorkoutSamples_ReturnsNull" computerName="cursor" duration="00:00:00.0000900" startTime="2025-07-04T17:29:29.1368784+00:00" endTime="2025-07-04T17:29:29.1369685+00:00" testType="13cdc9d9-ddb5-4fa4-a97d-d965ccfc6d4b" outcome="Passed" testListId="8c84fa94-04c1-424b-9868-57a2d4851a1d" relativeResultsDirectory="59af843d-3ef7-4824-8e84-8b6faaf5ad2e" />
    <UnitTestResult executionId="88899872-769e-4a8e-932c-cdabb0170273" testId="caaa3f69-f586-8e5d-689c-9d77330d313a" testName="Converter_Should_Provide_Formt_of_FIT" computerName="cursor" duration="00:00:00.0003730" startTime="2025-07-04T17:29:29.1551169+00:00" endTime="2025-07-04T17:29:29.1554895+00:00" testType="13cdc9d9-ddb5-4fa4-a97d-d965ccfc6d4b" outcome="Passed" testListId="8c84fa94-04c1-424b-9868-57a2d4851a1d" relativeResultsDirectory="88899872-769e-4a8e-932c-cdabb0170273" />
    <UnitTestResult executionId="9be47107-3197-4f07-adb0-8f7180eb950c" testId="378e2b9b-70a1-9c7c-76e4-7abd17042b3d" testName="GetRecentWorkoutsAsync_DoesNothing_WhenNoCount(0)" computerName="cursor" duration="00:00:00.0007790" startTime="2025-07-04T17:29:30.2436812+00:00" endTime="2025-07-04T17:29:30.2444594+00:00" testType="13cdc9d9-ddb5-4fa4-a97d-d965ccfc6d4b" outcome="Passed" testListId="8c84fa94-04c1-424b-9868-57a2d4851a1d" relativeResultsDirectory="9be47107-3197-4f07-adb0-8f7180eb950c" />
    <UnitTestResult executionId="9a3eb6fd-6469-4c83-819f-799e53434f69" testId="cc790c13-d14d-9b1a-bf16-cdb2f3f7a571" testName="GetHeartRateZone_NullZones_ReturnsNull" computerName="cursor" duration="00:00:00.0001540" startTime="2025-07-04T17:29:29.1374361+00:00" endTime="2025-07-04T17:29:29.1375895+00:00" testType="13cdc9d9-ddb5-4fa4-a97d-d965ccfc6d4b" outcome="Passed" testListId="8c84fa94-04c1-424b-9868-57a2d4851a1d" relativeResultsDirectory="9a3eb6fd-6469-4c83-819f-799e53434f69" />
    <UnitTestResult executionId="3ed0179f-18ea-435d-8e30-33bd236bcfc5" testId="559641db-6f13-a4c4-3c88-cd49a96de08b" testName="GetWorkoutType_Should_Map_Correctly(Walking,False)" computerName="cursor" duration="00:00:00.0000030" startTime="2025-07-04T17:29:28.8920435+00:00" endTime="2025-07-04T17:29:28.8920467+00:00" testType="13cdc9d9-ddb5-4fa4-a97d-d965ccfc6d4b" outcome="Passed" testListId="8c84fa94-04c1-424b-9868-57a2d4851a1d" relativeResultsDirectory="3ed0179f-18ea-435d-8e30-33bd236bcfc5" />
    <UnitTestResult executionId="d1665d96-7c83-42ad-9997-64274873902f" testId="3b0ea915-efb1-ed00-4aec-75ec27bae9e1" testName="GetWorkoutType_Should_Map_Correctly(Strength,True)" computerName="cursor" duration="00:00:00.0000030" startTime="2025-07-04T17:29:28.8920828+00:00" endTime="2025-07-04T17:29:28.8920859+00:00" testType="13cdc9d9-ddb5-4fa4-a97d-d965ccfc6d4b" outcome="Passed" testListId="8c84fa94-04c1-424b-9868-57a2d4851a1d" relativeResultsDirectory="d1665d96-7c83-42ad-9997-64274873902f" />
    <UnitTestResult executionId="7dc0ca6b-b975-49ec-8625-5124e3ac1aee" testId="3f206ca6-da4d-81d4-4009-b17edef07e39" testName="GetConsumerCredentialsAsync_ShouldReturnValidCredentials" computerName="cursor" duration="00:00:00.0323880" startTime="2025-07-04T17:29:30.0564579+00:00" endTime="2025-07-04T17:29:30.0888448+00:00" testType="13cdc9d9-ddb5-4fa4-a97d-d965ccfc6d4b" outcome="Passed" testListId="8c84fa94-04c1-424b-9868-57a2d4851a1d" relativeResultsDirectory="7dc0ca6b-b975-49ec-8625-5124e3ac1aee" />
    <UnitTestResult executionId="52f5a650-ed4a-462f-90bc-e7cceec6f15a" testId="d9fddeff-7322-601b-7da9-5711e11f0fe5" testName="SyncAsync_When_PelotonStep_Fails_Should_ReturnCorrectResponse" computerName="cursor" duration="00:00:00.0014710" startTime="2025-07-04T17:29:30.3367599+00:00" endTime="2025-07-04T17:29:30.3382418+00:00" testType="13cdc9d9-ddb5-4fa4-a97d-d965ccfc6d4b" outcome="Passed" testListId="8c84fa94-04c1-424b-9868-57a2d4851a1d" relativeResultsDirectory="52f5a650-ed4a-462f-90bc-e7cceec6f15a" />
    <UnitTestResult executionId="7abba757-dcec-48bb-86bf-8a6c61f7f4e1" testId="bb8ee3f0-1f27-6383-b591-238dc1e9f78f" testName="GetAvgSpeedMetersPerSecond_MaxSpeed_Is_Converted(&quot;mph&quot;)" computerName="cursor" duration="00:00:00.0002430" startTime="2025-07-04T17:29:29.1296010+00:00" endTime="2025-07-04T17:29:29.1298441+00:00" testType="13cdc9d9-ddb5-4fa4-a97d-d965ccfc6d4b" outcome="Passed" testListId="8c84fa94-04c1-424b-9868-57a2d4851a1d" relativeResultsDirectory="7abba757-dcec-48bb-86bf-8a6c61f7f4e1" />
    <UnitTestResult executionId="88a2db9d-da49-4b25-b955-f55ba81aea0c" testId="e98034a5-c706-60a8-e0ab-cefc246c9ed1" testName="GetMaxSpeedMetersPerSecond_NullMetrics_Returns0" computerName="cursor" duration="00:00:00.0001120" startTime="2025-07-04T17:29:29.1386297+00:00" endTime="2025-07-04T17:29:29.1387417+00:00" testType="13cdc9d9-ddb5-4fa4-a97d-d965ccfc6d4b" outcome="Passed" testListId="8c84fa94-04c1-424b-9868-57a2d4851a1d" relativeResultsDirectory="88a2db9d-da49-4b25-b955-f55ba81aea0c" />
    <UnitTestResult executionId="8f73ad92-8762-4db4-977e-23e74d5a966f" testId="52f2e7d1-05f8-a8b3-72fb-8fb8b6080a9f" testName="ShouldConvert_ShouldOnly_Support_TCX(True,False,False)" computerName="cursor" duration="00:00:00.0000280" startTime="2025-07-04T17:29:30.0515304+00:00" endTime="2025-07-04T17:29:30.0515582+00:00" testType="13cdc9d9-ddb5-4fa4-a97d-d965ccfc6d4b" outcome="Passed" testListId="8c84fa94-04c1-424b-9868-57a2d4851a1d" relativeResultsDirectory="8f73ad92-8762-4db4-977e-23e74d5a966f" />
    <UnitTestResult executionId="e30f2736-3ac8-4fb6-a91a-329bc2a61358" testId="679ffb1f-722e-7511-f018-537de05ea402" testName="Json_Can_Deserialzize_To_Metric" computerName="cursor" duration="00:00:00.0512460" startTime="2025-07-04T17:29:28.8924062+00:00" endTime="2025-07-04T17:29:28.9436518+00:00" testType="13cdc9d9-ddb5-4fa4-a97d-d965ccfc6d4b" outcome="Passed" testListId="8c84fa94-04c1-424b-9868-57a2d4851a1d" relativeResultsDirectory="e30f2736-3ac8-4fb6-a91a-329bc2a61358" />
    <UnitTestResult executionId="fc4992e4-8c65-4d29-84b6-8275290ce47a" testId="55d81d83-ae6f-5c82-491d-0516e9bcf5dc" testName="PagingResponseBase_Calculates_HasPrevious_Correctly(1)" computerName="cursor" duration="00:00:00.0000160" startTime="2025-07-04T17:29:28.8669260+00:00" endTime="2025-07-04T17:29:28.8669421+00:00" testType="13cdc9d9-ddb5-4fa4-a97d-d965ccfc6d4b" outcome="Passed" testListId="8c84fa94-04c1-424b-9868-57a2d4851a1d" relativeResultsDirectory="fc4992e4-8c65-4d29-84b6-8275290ce47a" />
    <UnitTestResult executionId="93c369cb-1861-4560-a368-e21bf7b0dd99" testId="e1d0126b-b39a-acb2-ae40-940004ffe5c5" testName="CombineMetricsData_When_WorkoutsToStack_Is_NullOrEmpty_NoOp" computerName="cursor" duration="00:00:00.0000960" startTime="2025-07-04T17:29:30.3055637+00:00" endTime="2025-07-04T17:29:30.3056596+00:00" testType="13cdc9d9-ddb5-4fa4-a97d-d965ccfc6d4b" outcome="Passed" testListId="8c84fa94-04c1-424b-9868-57a2d4851a1d" relativeResultsDirectory="93c369cb-1861-4560-a368-e21bf7b0dd99" />
    <UnitTestResult executionId="59fdce4c-f513-4190-b09a-c8822d7ed1ad" testId="cf6a5e91-b6c6-bade-9fde-1592fb81767c" testName="ShouldConvert_ShouldOnly_Support_Fit(True,False,False)" computerName="cursor" duration="00:00:00.0000290" startTime="2025-07-04T17:29:30.0500792+00:00" endTime="2025-07-04T17:29:30.0501077+00:00" testType="13cdc9d9-ddb5-4fa4-a97d-d965ccfc6d4b" outcome="Passed" testListId="8c84fa94-04c1-424b-9868-57a2d4851a1d" relativeResultsDirectory="59fdce4c-f513-4190-b09a-c8822d7ed1ad" />
    <UnitTestResult executionId="f6a6e70b-af76-4bcf-b7bd-041f846731cd" testId="bf5d0f26-4b57-cc96-473d-c81ac6338dbd" testName="GetWorkoutDetailsAsync_Should_Only_Enrich_ValidRideIds(null)" computerName="cursor" duration="00:00:00.0001700" startTime="2025-07-04T17:29:30.2599870+00:00" endTime="2025-07-04T17:29:30.2601567+00:00" testType="13cdc9d9-ddb5-4fa4-a97d-d965ccfc6d4b" outcome="Passed" testListId="8c84fa94-04c1-424b-9868-57a2d4851a1d" relativeResultsDirectory="f6a6e70b-af76-4bcf-b7bd-041f846731cd" />
    <UnitTestResult executionId="82437819-315c-47a8-a55c-31a17bfc0901" testId="ea068faa-b980-f2dc-c742-45ace51c445c" testName="GetTitle_Should_Handle_SpecialChars(&quot;My Title&quot;,&quot;&amp;&quot;)" computerName="cursor" duration="00:00:00.0023290" startTime="2025-07-04T17:29:29.1029857+00:00" endTime="2025-07-04T17:29:29.1053149+00:00" testType="13cdc9d9-ddb5-4fa4-a97d-d965ccfc6d4b" outcome="Passed" testListId="8c84fa94-04c1-424b-9868-57a2d4851a1d" relativeResultsDirectory="82437819-315c-47a8-a55c-31a17bfc0901" />
    <UnitTestResult executionId="c7b76b71-1b0a-45d1-94c4-7a6721d42531" testId="a1d5e58e-a3ed-a811-2f4a-39a63b26814e" testName="GetAllAsync_Returns_Results_SortedBy_MostRecentFirst" computerName="cursor" duration="00:00:00.0037160" startTime="2025-07-04T17:29:28.7043691+00:00" endTime="2025-07-04T17:29:28.7080847+00:00" testType="13cdc9d9-ddb5-4fa4-a97d-d965ccfc6d4b" outcome="Passed" testListId="8c84fa94-04c1-424b-9868-57a2d4851a1d" relativeResultsDirectory="c7b76b71-1b0a-45d1-94c4-7a6721d42531" />
    <UnitTestResult executionId="20c7beda-a477-43b8-8374-dd2bbfb1c8db" testId="71aea8d5-c18d-517a-2cea-5643906a4fa3" testName="Fit_Converter_Creates_Valid_Fit(&quot;walking_outdoor_01&quot;,Class_Segments)" computerName="cursor" duration="00:00:00.0373370" startTime="2025-07-04T17:29:29.8377205+00:00" endTime="2025-07-04T17:29:29.8750562+00:00" testType="13cdc9d9-ddb5-4fa4-a97d-d965ccfc6d4b" outcome="Passed" testListId="8c84fa94-04c1-424b-9868-57a2d4851a1d" relativeResultsDirectory="20c7beda-a477-43b8-8374-dd2bbfb1c8db" />
    <UnitTestResult executionId="a2b90f3f-7d99-41d0-af2e-dc4f380d22cd" testId="87f4e6d4-66fb-500c-9d11-749fffc87395" testName="ShouldConvert_ShouldOnly_Support_Fit(True,False,True)" computerName="cursor" duration="00:00:00.0000400" startTime="2025-07-04T17:29:30.0500352+00:00" endTime="2025-07-04T17:29:30.0500754+00:00" testType="13cdc9d9-ddb5-4fa4-a97d-d965ccfc6d4b" outcome="Passed" testListId="8c84fa94-04c1-424b-9868-57a2d4851a1d" relativeResultsDirectory="a2b90f3f-7d99-41d0-af2e-dc4f380d22cd" />
    <UnitTestResult executionId="d815b697-4526-4658-8ac6-b80991cd2969" testId="bb678a6e-ec56-e1f0-69a7-ebac1a815aec" testName="TryDeserializeXml_Validate_Async_ReadAccess" computerName="cursor" duration="00:00:00.0210039" startTime="2025-07-04T17:29:28.9708041+00:00" endTime="2025-07-04T17:29:28.9918070+00:00" testType="13cdc9d9-ddb5-4fa4-a97d-d965ccfc6d4b" outcome="Passed" testListId="8c84fa94-04c1-424b-9868-57a2d4851a1d" relativeResultsDirectory="d815b697-4526-4658-8ac6-b80991cd2969" />
    <UnitTestResult executionId="165a61ee-29db-4490-943a-9dffd80402bd" testId="a178e1ae-b739-289c-cb62-4f110533d67d" testName="UploadToGarminAsync_WhenUploadDirectoryDoesNotExist_ShouldReturnWithoutProcessing" computerName="cursor" duration="00:00:00.0009630" startTime="2025-07-04T17:29:30.2171122+00:00" endTime="2025-07-04T17:29:30.2180747+00:00" testType="13cdc9d9-ddb5-4fa4-a97d-d965ccfc6d4b" outcome="Passed" testListId="8c84fa94-04c1-424b-9868-57a2d4851a1d" relativeResultsDirectory="165a61ee-29db-4490-943a-9dffd80402bd" />
    <UnitTestResult executionId="60f613f8-4d91-4800-9906-eae742b24316" testId="9ee0eb13-c27d-9b0c-f2f4-4561c0a9350e" testName="GetWorkoutType_Should_Map_Correctly(Circuit,True)" computerName="cursor" duration="00:00:00.0000030" startTime="2025-07-04T17:29:28.8920700+00:00" endTime="2025-07-04T17:29:28.8920733+00:00" testType="13cdc9d9-ddb5-4fa4-a97d-d965ccfc6d4b" outcome="Passed" testListId="8c84fa94-04c1-424b-9868-57a2d4851a1d" relativeResultsDirectory="60f613f8-4d91-4800-9906-eae742b24316" />
    <UnitTestResult executionId="4cbc846b-3199-4b1d-9693-dcc6aba3888f" testId="56d0afaf-76a6-7c86-ed21-bf77bbeda613" testName="Fit_Converter_Creates_Valid_Fit(&quot;meditation_workout&quot;,Class_Segments)" computerName="cursor" duration="00:00:00.0064360" startTime="2025-07-04T17:29:29.8312156+00:00" endTime="2025-07-04T17:29:29.8376506+00:00" testType="13cdc9d9-ddb5-4fa4-a97d-d965ccfc6d4b" outcome="Passed" testListId="8c84fa94-04c1-424b-9868-57a2d4851a1d" relativeResultsDirectory="4cbc846b-3199-4b1d-9693-dcc6aba3888f" />
    <UnitTestResult executionId="370754e9-c4e8-4808-bc6e-4e85ad05b015" testId="f2bcf158-9919-42e4-ef05-c6cf5779c5ea" testName="ShouldConvert_ShouldOnly_Support_TCX(False,False,True)" computerName="cursor" duration="00:00:00.0000270" startTime="2025-07-04T17:29:30.0527054+00:00" endTime="2025-07-04T17:29:30.0527320+00:00" testType="13cdc9d9-ddb5-4fa4-a97d-d965ccfc6d4b" outcome="Passed" testListId="8c84fa94-04c1-424b-9868-57a2d4851a1d" relativeResultsDirectory="370754e9-c4e8-4808-bc6e-4e85ad05b015" />
    <UnitTestResult executionId="2864ca20-d74d-4555-83f7-e8d0852ad7a5" testId="d6dde4b8-a4fc-4b5b-9a35-fb6803cc084a" testName="GetCyclingFtp_Should_PickCorrectValue(Workout { Id = , Status = , Title = , Name = , Created_At = 0, Fitness_Discipline = None, Is_Outdoor = False, Ride = , End_Time = , Start_Time = 0, Total_Work = 0, Ftp_Info = Common.Dto.Peloton.FTPInfo, Movement_Tracker_Data =  },UserData { Cycling_Ftp_Source = , Cycling_Workout_Ftp = 0, Cycling_Ftp_Workout_Id = , Cycling_Ftp = 0, Estimated_Cycling_Ftp = 0, Default_Max_Heart_Rate = 0, Customized_Max_Heart_Rate = 0, Weight = 0 },100)" computerName="cursor" duration="00:00:00.0000530" startTime="2025-07-04T17:29:29.1339975+00:00" endTime="2025-07-04T17:29:29.1340503+00:00" testType="13cdc9d9-ddb5-4fa4-a97d-d965ccfc6d4b" outcome="Passed" testListId="8c84fa94-04c1-424b-9868-57a2d4851a1d" relativeResultsDirectory="2864ca20-d74d-4555-83f7-e8d0852ad7a5" />
    <UnitTestResult executionId="241938ae-2ed7-498c-8728-711d1d122063" testId="158d33c8-f8b3-d476-4077-60af83bd7d25" testName="GetExercisesTrackedByMovementTracker_WhenNoData(Workout { Id = , Status = , Title = , Name = , Created_At = 0, Fitness_Discipline = None, Is_Outdoor = False, Ride = , End_Time = , Start_Time = 0, Total_Work = 0, Ftp_Info = , Movement_Tracker_Data = MovementTrackerData { Completed_Movements_Summary_Data = CompletedMovementsSummaryData { Repetition_Summary_Data =  } } })" computerName="cursor" duration="00:00:00.0000060" startTime="2025-07-04T17:29:30.2365092+00:00" endTime="2025-07-04T17:29:30.2365151+00:00" testType="13cdc9d9-ddb5-4fa4-a97d-d965ccfc6d4b" outcome="Passed" testListId="8c84fa94-04c1-424b-9868-57a2d4851a1d" relativeResultsDirectory="241938ae-2ed7-498c-8728-711d1d122063" />
    <UnitTestResult executionId="36e79a73-2880-4e16-9092-8afcb2b6be4b" testId="47afcd5b-fcc7-5518-3629-dc9b20fc97f8" testName="GetCalorieSummary_ShouldPickCorrectValue(Common.Dto.Peloton.WorkoutSamples,null)" computerName="cursor" duration="00:00:00.0000680" startTime="2025-07-04T17:29:29.1315350+00:00" endTime="2025-07-04T17:29:29.1316025+00:00" testType="13cdc9d9-ddb5-4fa4-a97d-d965ccfc6d4b" outcome="Passed" testListId="8c84fa94-04c1-424b-9868-57a2d4851a1d" relativeResultsDirectory="36e79a73-2880-4e16-9092-8afcb2b6be4b" />
    <UnitTestResult executionId="43af45d0-c309-4e2e-ae3b-91b235c67e5a" testId="4e963c65-d36b-621f-1e27-b7f2f0cf1013" testName="Fit_Converter_Creates_Valid_Fit(&quot;meditation_workout&quot;,Distance)" computerName="cursor" duration="00:00:00.0060310" startTime="2025-07-04T17:29:29.6412182+00:00" endTime="2025-07-04T17:29:29.6472489+00:00" testType="13cdc9d9-ddb5-4fa4-a97d-d965ccfc6d4b" outcome="Passed" testListId="8c84fa94-04c1-424b-9868-57a2d4851a1d" relativeResultsDirectory="43af45d0-c309-4e2e-ae3b-91b235c67e5a" />
    <UnitTestResult executionId="e1330764-7d24-4436-ad12-6fe2ea78f486" testId="15d3c971-2e43-ba8e-f944-5da63daf7120" testName="GetAsync_WhenRequest_Enriches_LatestVersionInfo" computerName="cursor" duration="00:00:00.0035140" startTime="2025-07-04T17:29:28.8622107+00:00" endTime="2025-07-04T17:29:28.8657240+00:00" testType="13cdc9d9-ddb5-4fa4-a97d-d965ccfc6d4b" outcome="Passed" testListId="8c84fa94-04c1-424b-9868-57a2d4851a1d" relativeResultsDirectory="e1330764-7d24-4436-ad12-6fe2ea78f486" />
    <UnitTestResult executionId="8047eec7-c862-45f4-b967-552b86447cd6" testId="7e6b377b-da80-8660-0cbe-f8207030359e" testName="GetAsync_WithInvalid_PageSize_Returns400(0)" computerName="cursor" duration="00:00:00.0003750" startTime="2025-07-04T17:29:28.7508697+00:00" endTime="2025-07-04T17:29:28.7512445+00:00" testType="13cdc9d9-ddb5-4fa4-a97d-d965ccfc6d4b" outcome="Passed" testListId="8c84fa94-04c1-424b-9868-57a2d4851a1d" relativeResultsDirectory="8047eec7-c862-45f4-b967-552b86447cd6" />
    <UnitTestResult executionId="4e4bc0ff-3cdf-44f5-bf61-682636d911f1" testId="aebb9ddd-1d97-2234-36d0-61927d26000e" testName="GetCustomDeviceInfoAsync_Choose_CorrectDevice_For_WorkoutType(Rowing)" computerName="cursor" duration="00:00:00.0002160" startTime="2025-07-04T17:29:29.0120387+00:00" endTime="2025-07-04T17:29:29.0122542+00:00" testType="13cdc9d9-ddb5-4fa4-a97d-d965ccfc6d4b" outcome="Passed" testListId="8c84fa94-04c1-424b-9868-57a2d4851a1d" relativeResultsDirectory="4e4bc0ff-3cdf-44f5-bf61-682636d911f1" />
    <UnitTestResult executionId="dae228f0-f852-4e03-bc20-8fdea1fcef48" testId="c209169f-c260-b2d7-77d6-1ccf7f97823e" testName="Fit_Converter_Creates_Valid_Fit(&quot;rower_workout&quot;,Distance)" computerName="cursor" duration="00:00:00.0139310" startTime="2025-07-04T17:29:29.7557999+00:00" endTime="2025-07-04T17:29:29.7697304+00:00" testType="13cdc9d9-ddb5-4fa4-a97d-d965ccfc6d4b" outcome="Passed" testListId="8c84fa94-04c1-424b-9868-57a2d4851a1d" relativeResultsDirectory="dae228f0-f852-4e03-bc20-8fdea1fcef48" />
    <UnitTestResult executionId="7c089c9a-4f40-4a12-ab3a-ab3aa72d79bb" testId="47acaf49-109d-c29f-0b5f-3e98c6129300" testName="GetCustomDeviceInfoAsync_Choose_CorrectDevice_For_WorkoutType(Cycling)" computerName="cursor" duration="00:00:00.0012110" startTime="2025-07-04T17:29:29.0074164+00:00" endTime="2025-07-04T17:29:29.0086267+00:00" testType="13cdc9d9-ddb5-4fa4-a97d-d965ccfc6d4b" outcome="Passed" testListId="8c84fa94-04c1-424b-9868-57a2d4851a1d" relativeResultsDirectory="7c089c9a-4f40-4a12-ab3a-ab3aa72d79bb" />
    <UnitTestResult executionId="fdbc0248-ba34-4516-b97e-abc9ca1d49d9" testId="6e4b6c2a-3582-c29a-4c4c-dbd15b49106a" testName="GetWorkoutType_Should_Map_Correctly(Meditation,False)" computerName="cursor" duration="00:00:00.0000030" startTime="2025-07-04T17:29:28.8921942+00:00" endTime="2025-07-04T17:29:28.8921975+00:00" testType="13cdc9d9-ddb5-4fa4-a97d-d965ccfc6d4b" outcome="Passed" testListId="8c84fa94-04c1-424b-9868-57a2d4851a1d" relativeResultsDirectory="fdbc0248-ba34-4516-b97e-abc9ca1d49d9" />
    <UnitTestResult executionId="e1d5199e-ec5b-45b6-9b3d-ffe57466bdef" testId="cb68c355-6bfa-b011-745e-3a9f50b6a807" testName="CompleteMFAAuthAsync_WhenWrongAuthStage_ShouldThrowException" computerName="cursor" duration="00:00:00.0013209" startTime="2025-07-04T17:29:30.1826371+00:00" endTime="2025-07-04T17:29:30.1839580+00:00" testType="13cdc9d9-ddb5-4fa4-a97d-d965ccfc6d4b" outcome="Passed" testListId="8c84fa94-04c1-424b-9868-57a2d4851a1d" relativeResultsDirectory="e1d5199e-ec5b-45b6-9b3d-ffe57466bdef" />
    <UnitTestResult executionId="81dde857-bdf9-41a1-b6ab-b85ed24b783b" testId="23695267-b094-249b-9a8b-1f82094383de" testName="Fit_Converter_Creates_Valid_Fit(&quot;rower_workout&quot;,Class_Segments)" computerName="cursor" duration="00:00:00.0146370" startTime="2025-07-04T17:29:29.9058451+00:00" endTime="2025-07-04T17:29:29.9204802+00:00" testType="13cdc9d9-ddb5-4fa4-a97d-d965ccfc6d4b" outcome="Passed" testListId="8c84fa94-04c1-424b-9868-57a2d4851a1d" relativeResultsDirectory="81dde857-bdf9-41a1-b6ab-b85ed24b783b" />
    <UnitTestResult executionId="bd1c0d89-a771-49b5-8600-0abd2be3fec8" testId="f226df2c-240f-9fcd-e75b-e44c9a490cf6" testName="GetHeartRateSummary_CalorieSlug_ReturnsSummary" computerName="cursor" duration="00:00:00.0005640" startTime="2025-07-04T17:29:29.1359711+00:00" endTime="2025-07-04T17:29:29.1365353+00:00" testType="13cdc9d9-ddb5-4fa4-a97d-d965ccfc6d4b" outcome="Passed" testListId="8c84fa94-04c1-424b-9868-57a2d4851a1d" relativeResultsDirectory="bd1c0d89-a771-49b5-8600-0abd2be3fec8" />
    <UnitTestResult executionId="a50ca879-245b-4570-ac63-c5d1224c52f5" testId="444cca3b-2483-9d7e-d765-ff03f8236c9a" testName="GarminAuthTokenExistsAndIsValidAsync_WhenOAuth1TokenExists_ShouldReturnTrue" computerName="cursor" duration="00:00:00.0009770" startTime="2025-07-04T17:29:30.1866106+00:00" endTime="2025-07-04T17:29:30.1875875+00:00" testType="13cdc9d9-ddb5-4fa4-a97d-d965ccfc6d4b" outcome="Passed" testListId="8c84fa94-04c1-424b-9868-57a2d4851a1d" relativeResultsDirectory="a50ca879-245b-4570-ac63-c5d1224c52f5" />
    <UnitTestResult executionId="86c91261-1d3c-41bc-b61a-92fb3b5c6185" testId="1e9d0621-8305-7828-af7a-409a8880fdd4" testName="MigrateToAdminUserAsync_When_LegacySettings_Migrates" computerName="cursor" duration="00:00:00.0027169" startTime="2025-07-04T17:29:28.8858913+00:00" endTime="2025-07-04T17:29:28.8886079+00:00" testType="13cdc9d9-ddb5-4fa4-a97d-d965ccfc6d4b" outcome="Passed" testListId="8c84fa94-04c1-424b-9868-57a2d4851a1d" relativeResultsDirectory="86c91261-1d3c-41bc-b61a-92fb3b5c6185" />
    <UnitTestResult executionId="0a011b6d-c2cf-4470-8c00-b5bcee7ebdc7" testId="0fab622d-92a1-c592-acf0-a508c8f3d4d8" testName="GetTitle_NullInstructor_ShouldReturn_EmptyInstructorName" computerName="cursor" duration="00:00:00.0752440" startTime="2025-07-04T17:29:29.0151977+00:00" endTime="2025-07-04T17:29:29.0904409+00:00" testType="13cdc9d9-ddb5-4fa4-a97d-d965ccfc6d4b" outcome="Passed" testListId="8c84fa94-04c1-424b-9868-57a2d4851a1d" relativeResultsDirectory="0a011b6d-c2cf-4470-8c00-b5bcee7ebdc7" />
    <UnitTestResult executionId="dc23ccd3-7213-4072-b462-82fdb8ebce97" testId="f998499a-614e-ff27-ca3d-a560deec8923" testName="SignInAsync_WhenInitCookieJarFails_ShouldThrowAuthenticationError" computerName="cursor" duration="00:00:00.0006770" startTime="2025-07-04T17:29:30.2057360+00:00" endTime="2025-07-04T17:29:30.2064131+00:00" testType="13cdc9d9-ddb5-4fa4-a97d-d965ccfc6d4b" outcome="Passed" testListId="8c84fa94-04c1-424b-9868-57a2d4851a1d" relativeResultsDirectory="dc23ccd3-7213-4072-b462-82fdb8ebce97" />
    <UnitTestResult executionId="87a5cc09-73c6-440e-9b59-e778588161c8" testId="248d5f3f-97e6-5c8e-3113-984eb4fab62a" testName="GetCustomDeviceInfoAsync_Choose_CorrectDevice_For_WorkoutType(Yoga)" computerName="cursor" duration="00:00:00.0002100" startTime="2025-07-04T17:29:29.0116016+00:00" endTime="2025-07-04T17:29:29.0118119+00:00" testType="13cdc9d9-ddb5-4fa4-a97d-d965ccfc6d4b" outcome="Passed" testListId="8c84fa94-04c1-424b-9868-57a2d4851a1d" relativeResultsDirectory="87a5cc09-73c6-440e-9b59-e778588161c8" />
    <UnitTestResult executionId="e2ad00de-6cdb-4e05-8195-49674cb83671" testId="37b43e18-8176-d931-8f8a-96c2aeceb9ed" testName="Fit_Converter_Creates_Valid_Fit(&quot;running_workout_no_metrics&quot;,Distance)" computerName="cursor" duration="00:00:00.0257010" startTime="2025-07-04T17:29:29.7138481+00:00" endTime="2025-07-04T17:29:29.7395476+00:00" testType="13cdc9d9-ddb5-4fa4-a97d-d965ccfc6d4b" outcome="Passed" testListId="8c84fa94-04c1-424b-9868-57a2d4851a1d" relativeResultsDirectory="e2ad00de-6cdb-4e05-8195-49674cb83671" />
    <UnitTestResult executionId="a42e0659-5cff-40c3-a9c2-67dcee1a4344" testId="0153e39d-fc01-401a-b752-5ada10912238" testName="DefaultConfigInit_Peloton_ShouldHaveDefaulValues" computerName="cursor" duration="00:00:00.0025510" startTime="2025-07-04T17:29:28.8714619+00:00" endTime="2025-07-04T17:29:28.8740129+00:00" testType="13cdc9d9-ddb5-4fa4-a97d-d965ccfc6d4b" outcome="Passed" testListId="8c84fa94-04c1-424b-9868-57a2d4851a1d" relativeResultsDirectory="a42e0659-5cff-40c3-a9c2-67dcee1a4344" />
    <UnitTestResult executionId="74adf389-a761-4593-8ff8-9c84e25f258b" testId="de7c1bd0-e537-ab61-88d4-75704e53fc67" testName="GetMaxSpeedMetersPerSecond_MaxSpeed_Is_Converted(&quot;mi&quot;)" computerName="cursor" duration="00:00:00.0003640" startTime="2025-07-04T17:29:29.1376059+00:00" endTime="2025-07-04T17:29:29.1379698+00:00" testType="13cdc9d9-ddb5-4fa4-a97d-d965ccfc6d4b" outcome="Passed" testListId="8c84fa94-04c1-424b-9868-57a2d4851a1d" relativeResultsDirectory="74adf389-a761-4593-8ff8-9c84e25f258b" />
    <UnitTestResult executionId="b6b43108-6745-4ed8-899e-13dea4a9f292" testId="8070e7f7-7d02-726a-bebc-3ef7eedf5c14" testName="GetCyclingFtp_Should_PickCorrectValue(Workout { Id = , Status = , Title = , Name = , Created_At = 0, Fitness_Discipline = None, Is_Outdoor = False, Ride = , End_Time = , Start_Time = 0, Total_Work = 0, Ftp_Info = Common.Dto.Peloton.FTPInfo, Movement_Tracker_Data =  },UserData { Cycling_Ftp_Source = , Cycling_Workout_Ftp = 0, Cycling_Ftp_Workout_Id = , Cycling_Ftp = 0, Estimated_Cycling_Ftp = 0, Default_Max_Heart_Rate = 0, Customized_Max_Heart_Rate = 0, Weight = 0 },ushort.MinValue)" computerName="cursor" duration="00:00:00.0000740" startTime="2025-07-04T17:29:29.1339190+00:00" endTime="2025-07-04T17:29:29.1339927+00:00" testType="13cdc9d9-ddb5-4fa4-a97d-d965ccfc6d4b" outcome="Passed" testListId="8c84fa94-04c1-424b-9868-57a2d4851a1d" relativeResultsDirectory="b6b43108-6745-4ed8-899e-13dea4a9f292" />
    <UnitTestResult executionId="2f67b82f-e8e1-4ada-be95-1d915e8767bd" testId="d8e78bed-195a-a7d5-9244-e8397f3f093b" testName="TryDeserializeXml_Deserializes" computerName="cursor" duration="00:00:00.0199600" startTime="2025-07-04T17:29:28.9454678+00:00" endTime="2025-07-04T17:29:28.9654273+00:00" testType="13cdc9d9-ddb5-4fa4-a97d-d965ccfc6d4b" outcome="Passed" testListId="8c84fa94-04c1-424b-9868-57a2d4851a1d" relativeResultsDirectory="2f67b82f-e8e1-4ada-be95-1d915e8767bd" />
    <UnitTestResult executionId="fe3c6166-ff79-4076-aa3c-f6beaf5bf3c5" testId="325e81e6-f19d-b36c-9db6-e10f9c478eae" testName="CombineLocationData_When_WorkoutSamples_Is_Null_SkipsEmpty" computerName="cursor" duration="00:00:00.0002680" startTime="2025-07-04T17:29:30.3033249+00:00" endTime="2025-07-04T17:29:30.3035933+00:00" testType="13cdc9d9-ddb5-4fa4-a97d-d965ccfc6d4b" outcome="Passed" testListId="8c84fa94-04c1-424b-9868-57a2d4851a1d" relativeResultsDirectory="fe3c6166-ff79-4076-aa3c-f6beaf5bf3c5" />
    <UnitTestResult executionId="5865332d-8c23-4c3d-9585-6526df0f5be3" testId="47afcd5b-fcc7-5518-3629-dc9b20fc97f8" testName="GetCalorieSummary_ShouldPickCorrectValue(Common.Dto.Peloton.WorkoutSamples,null)" computerName="cursor" duration="00:00:00.0003420" startTime="2025-07-04T17:29:29.1311748+00:00" endTime="2025-07-04T17:29:29.1315164+00:00" testType="13cdc9d9-ddb5-4fa4-a97d-d965ccfc6d4b" outcome="Passed" testListId="8c84fa94-04c1-424b-9868-57a2d4851a1d" relativeResultsDirectory="5865332d-8c23-4c3d-9585-6526df0f5be3" />
    <UnitTestResult executionId="f83ce141-3f29-468c-9038-6fab412dee6d" testId="d673f751-f8e9-a52d-95f0-a6dc176b75a2" testName="PagingResponseBase_Calculates_HasNext_Correctly(-1,-1)" computerName="cursor" duration="00:00:00.0003060" startTime="2025-07-04T17:29:28.8661147+00:00" endTime="2025-07-04T17:29:28.8664208+00:00" testType="13cdc9d9-ddb5-4fa4-a97d-d965ccfc6d4b" outcome="Passed" testListId="8c84fa94-04c1-424b-9868-57a2d4851a1d" relativeResultsDirectory="f83ce141-3f29-468c-9038-6fab412dee6d" />
    <UnitTestResult executionId="f9d820dd-9b2c-4944-97ed-c85291598fe3" testId="0cc7f3aa-f0d7-1b81-ab81-fbb4b82c74b0" testName="GetWorkoutType_Should_Map_Correctly(Caesar,False)" computerName="cursor" duration="00:00:00.0000030" startTime="2025-07-04T17:29:28.8922070+00:00" endTime="2025-07-04T17:29:28.8922098+00:00" testType="13cdc9d9-ddb5-4fa4-a97d-d965ccfc6d4b" outcome="Passed" testListId="8c84fa94-04c1-424b-9868-57a2d4851a1d" relativeResultsDirectory="f9d820dd-9b2c-4944-97ed-c85291598fe3" />
    <UnitTestResult executionId="423205dd-7efc-44fa-883f-45232429b30d" testId="907383d2-f552-bfad-d91c-b70280b356e5" testName="GetGarminAuthenticationAsync_WhenValidOAuth2Token_ShouldReturnCompleted" computerName="cursor" duration="00:00:00.0010580" startTime="2025-07-04T17:29:30.2009519+00:00" endTime="2025-07-04T17:29:30.2020095+00:00" testType="13cdc9d9-ddb5-4fa4-a97d-d965ccfc6d4b" outcome="Passed" testListId="8c84fa94-04c1-424b-9868-57a2d4851a1d" relativeResultsDirectory="423205dd-7efc-44fa-883f-45232429b30d" />
    <UnitTestResult executionId="05588efe-0462-4225-96bf-8b8a51e1d66d" testId="eab8ebf0-54b4-13a2-2fb5-0a38dd3299e0" testName="CombineLocationData_When_Coordinates_Is_NullOrEmpty_SkipsEmpty" computerName="cursor" duration="00:00:00.0006650" startTime="2025-07-04T17:29:30.3022005+00:00" endTime="2025-07-04T17:29:30.3028651+00:00" testType="13cdc9d9-ddb5-4fa4-a97d-d965ccfc6d4b" outcome="Passed" testListId="8c84fa94-04c1-424b-9868-57a2d4851a1d" relativeResultsDirectory="05588efe-0462-4225-96bf-8b8a51e1d66d" />
    <UnitTestResult executionId="a13a8172-ec0f-4615-b20f-f7aed46c58b2" testId="0d49088f-ad55-4dcc-dc87-46d098412d72" testName="Converter_Should_Provide_Formt_of_TCX" computerName="cursor" duration="00:00:00.0002230" startTime="2025-07-04T17:29:30.0517816+00:00" endTime="2025-07-04T17:29:30.0520048+00:00" testType="13cdc9d9-ddb5-4fa4-a97d-d965ccfc6d4b" outcome="Passed" testListId="8c84fa94-04c1-424b-9868-57a2d4851a1d" relativeResultsDirectory="a13a8172-ec0f-4615-b20f-f7aed46c58b2" />
    <UnitTestResult executionId="a1bde494-9904-4126-b32b-5f6f06831857" testId="f74f384c-4e55-794f-cd70-dd0147c8016d" testName="Fit_Converter_Builds_Valid_DeviceInfoMesg(5,-1)" computerName="cursor" duration="00:00:00.0004550" startTime="2025-07-04T17:29:29.1660057+00:00" endTime="2025-07-04T17:29:29.1664603+00:00" testType="13cdc9d9-ddb5-4fa4-a97d-d965ccfc6d4b" outcome="Passed" testListId="8c84fa94-04c1-424b-9868-57a2d4851a1d" relativeResultsDirectory="a1bde494-9904-4126-b32b-5f6f06831857" />
    <UnitTestResult executionId="19802e0d-0637-4a6a-a4b2-1582de7ba98d" testId="8e269da5-325f-ca5e-095b-9a4d9a0d799a" testName="GetTotalDistanceTest_Distance_Is_Converted_To_Meters(&quot;min/500m&quot;)" computerName="cursor" duration="00:00:00.0000030" startTime="2025-07-04T17:29:29.1409271+00:00" endTime="2025-07-04T17:29:29.1409301+00:00" testType="13cdc9d9-ddb5-4fa4-a97d-d965ccfc6d4b" outcome="Passed" testListId="8c84fa94-04c1-424b-9868-57a2d4851a1d" relativeResultsDirectory="19802e0d-0637-4a6a-a4b2-1582de7ba98d" />
    <UnitTestResult executionId="92e61c45-b156-4d95-9148-90a5a4c87100" testId="16d66a0a-e4b5-459c-2bd6-a4f61ac608f2" testName="GetTotalDistanceTest_Distance_Is_Converted_To_Meters(&quot;mi&quot;)" computerName="cursor" duration="00:00:00.0004270" startTime="2025-07-04T17:29:29.1403497+00:00" endTime="2025-07-04T17:29:29.1407768+00:00" testType="13cdc9d9-ddb5-4fa4-a97d-d965ccfc6d4b" outcome="Passed" testListId="8c84fa94-04c1-424b-9868-57a2d4851a1d" relativeResultsDirectory="92e61c45-b156-4d95-9148-90a5a4c87100" />
    <UnitTestResult executionId="35230cc7-68b9-4185-9132-e5cba0bedbd8" testId="8f5bf70f-be13-6e2e-64a8-60d4a77e8f0b" testName="StrengthExerciseMappings_ShouldHaveSpecificExercises" computerName="cursor" duration="00:00:00.0022460" startTime="2025-07-04T17:29:29.1473652+00:00" endTime="2025-07-04T17:29:29.1496111+00:00" testType="13cdc9d9-ddb5-4fa4-a97d-d965ccfc6d4b" outcome="Passed" testListId="8c84fa94-04c1-424b-9868-57a2d4851a1d" relativeResultsDirectory="35230cc7-68b9-4185-9132-e5cba0bedbd8" />
    <UnitTestResult executionId="5ba9d136-94c8-46c0-9d07-fb5f0d986d62" testId="d26bb60f-4042-678a-8d98-9cd1fa6f6343" testName="GetWorkoutType_Should_Map_Correctly(Stretching,True)" computerName="cursor" duration="00:00:00.0000030" startTime="2025-07-04T17:29:28.8920991+00:00" endTime="2025-07-04T17:29:28.8921023+00:00" testType="13cdc9d9-ddb5-4fa4-a97d-d965ccfc6d4b" outcome="Passed" testListId="8c84fa94-04c1-424b-9868-57a2d4851a1d" relativeResultsDirectory="5ba9d136-94c8-46c0-9d07-fb5f0d986d62" />
    <UnitTestResult executionId="b1546e14-633c-4f99-b24b-93137ef980b2" testId="d0f98705-cec5-e3e1-c3a7-f7355b9a5565" testName="SyncAsync_When_GarminUpload_StepFails_Should_ReturnCorrectResponse" computerName="cursor" duration="00:00:00.0023540" startTime="2025-07-04T17:29:30.3343788+00:00" endTime="2025-07-04T17:29:30.3367328+00:00" testType="13cdc9d9-ddb5-4fa4-a97d-d965ccfc6d4b" outcome="Passed" testListId="8c84fa94-04c1-424b-9868-57a2d4851a1d" relativeResultsDirectory="b1546e14-633c-4f99-b24b-93137ef980b2" />
    <UnitTestResult executionId="7e6fb7f2-a9c0-430c-b130-b9445c4d3f49" testId="a4c1e622-b9e9-1738-8d8d-b3c7003ffb3a" testName="GetRecentWorkoutsAsync_DoesNothing_WhenNoCount(-1)" computerName="cursor" duration="00:00:00.0036460" startTime="2025-07-04T17:29:30.2400049+00:00" endTime="2025-07-04T17:29:30.2436507+00:00" testType="13cdc9d9-ddb5-4fa4-a97d-d965ccfc6d4b" outcome="Passed" testListId="8c84fa94-04c1-424b-9868-57a2d4851a1d" relativeResultsDirectory="7e6fb7f2-a9c0-430c-b130-b9445c4d3f49" />
    <UnitTestResult executionId="c105320d-23ab-4d96-824d-b9bc7700cdf0" testId="4b0481dc-3b3e-c8ad-e505-7f7ffc1d55a6" testName="Fit_Converter_Creates_Valid_Fit(&quot;cycling_just_ride&quot;,Class_Segments)" computerName="cursor" duration="00:00:00.0068890" startTime="2025-07-04T17:29:29.8006725+00:00" endTime="2025-07-04T17:29:29.8075614+00:00" testType="13cdc9d9-ddb5-4fa4-a97d-d965ccfc6d4b" outcome="Passed" testListId="8c84fa94-04c1-424b-9868-57a2d4851a1d" relativeResultsDirectory="c105320d-23ab-4d96-824d-b9bc7700cdf0" />
    <UnitTestResult executionId="20d49b3a-26c2-43b2-90b9-45b7b1d3c169" testId="e10d7093-8250-8624-4561-2fb755fc56c8" testName="SyncAsync_When_Service_Throws_Exception_Returns_BadRequest" computerName="cursor" duration="00:00:00.0251950" startTime="2025-07-04T17:29:28.7525104+00:00" endTime="2025-07-04T17:29:28.7777043+00:00" testType="13cdc9d9-ddb5-4fa4-a97d-d965ccfc6d4b" outcome="Passed" testListId="8c84fa94-04c1-424b-9868-57a2d4851a1d" relativeResultsDirectory="20d49b3a-26c2-43b2-90b9-45b7b1d3c169" />
    <UnitTestResult executionId="8df13cc0-744b-4cba-8230-2f02f1639e03" testId="61a66b7d-f265-2ce8-5c72-363964efc937" testName="GetCustomDeviceInfoAsync_Choose_CorrectDevice_For_WorkoutType(Circuit)" computerName="cursor" duration="00:00:00.0002790" startTime="2025-07-04T17:29:29.0107041+00:00" endTime="2025-07-04T17:29:29.0109830+00:00" testType="13cdc9d9-ddb5-4fa4-a97d-d965ccfc6d4b" outcome="Passed" testListId="8c84fa94-04c1-424b-9868-57a2d4851a1d" relativeResultsDirectory="8df13cc0-744b-4cba-8230-2f02f1639e03" />
    <UnitTestResult executionId="c82614ac-dae0-4ea9-b591-a490910d49b1" testId="0ea8ad0c-ed07-87f6-0eb9-ade3155648fe" testName="ShouldConvert_ShouldOnly_Support_TCX(False,False,True)" computerName="cursor" duration="00:00:00.0000260" startTime="2025-07-04T17:29:30.0516215+00:00" endTime="2025-07-04T17:29:30.0516474+00:00" testType="13cdc9d9-ddb5-4fa4-a97d-d965ccfc6d4b" outcome="Passed" testListId="8c84fa94-04c1-424b-9868-57a2d4851a1d" relativeResultsDirectory="c82614ac-dae0-4ea9-b591-a490910d49b1" />
    <UnitTestResult executionId="19720db4-2ed7-4c6f-86d1-fc91ac6c2d21" testId="8716127c-0e51-41f8-96b4-cad13ac9e6a4" testName="PagingResponseBase_Calculates_HasPrevious_Correctly(0)" computerName="cursor" duration="00:00:00.0002340" startTime="2025-07-04T17:29:28.8666786+00:00" endTime="2025-07-04T17:29:28.8669128+00:00" testType="13cdc9d9-ddb5-4fa4-a97d-d965ccfc6d4b" outcome="Passed" testListId="8c84fa94-04c1-424b-9868-57a2d4851a1d" relativeResultsDirectory="19720db4-2ed7-4c6f-86d1-fc91ac6c2d21" />
    <UnitTestResult executionId="1fe5694d-1a2a-4c02-b42e-a24e61d78cb9" testId="d8d0fb80-4630-f911-4fbb-f279e3c0cfe1" testName="GetTitle_Should_ReplaceInvalidChars(&quot;My:Title&quot;,&quot;Some:Instructor&quot;)" computerName="cursor" duration="00:00:00.0010410" startTime="2025-07-04T17:29:29.1053559+00:00" endTime="2025-07-04T17:29:29.1063972+00:00" testType="13cdc9d9-ddb5-4fa4-a97d-d965ccfc6d4b" outcome="NotExecuted" testListId="8c84fa94-04c1-424b-9868-57a2d4851a1d" relativeResultsDirectory="1fe5694d-1a2a-4c02-b42e-a24e61d78cb9">
      <Output>
        <StdOut>OneTimeSetUp: Not supported on Unix,Linux,MacOSX</StdOut>
        <ErrorInfo>
          <Message>OneTimeSetUp: Not supported on Unix,Linux,MacOSX</Message>
        </ErrorInfo>
      </Output>
    </UnitTestResult>
    <UnitTestResult executionId="82ca4058-e14b-411f-8d2c-040669813dcc" testId="5a65731b-e389-699c-d05f-1f40d4727ede" testName="ShouldConvert_ShouldOnly_Support_TCX(True,True,False)" computerName="cursor" duration="00:00:00.0002220" startTime="2025-07-04T17:29:30.0523459+00:00" endTime="2025-07-04T17:29:30.0525674+00:00" testType="13cdc9d9-ddb5-4fa4-a97d-d965ccfc6d4b" outcome="Passed" testListId="8c84fa94-04c1-424b-9868-57a2d4851a1d" relativeResultsDirectory="82ca4058-e14b-411f-8d2c-040669813dcc" />
    <UnitTestResult executionId="9bf47594-721e-462a-9b3f-451075203910" testId="582f0edc-f793-49fc-2dc3-b59b6fef13d9" testName="GetCustomDeviceInfoAsync_Choose_CorrectDevice_For_WorkoutType(Strength)" computerName="cursor" duration="00:00:00.0003030" startTime="2025-07-04T17:29:29.0109995+00:00" endTime="2025-07-04T17:29:29.0113022+00:00" testType="13cdc9d9-ddb5-4fa4-a97d-d965ccfc6d4b" outcome="Passed" testListId="8c84fa94-04c1-424b-9868-57a2d4851a1d" relativeResultsDirectory="9bf47594-721e-462a-9b3f-451075203910" />
    <UnitTestResult executionId="55a09223-6bce-448b-8efa-b6cf35edd798" testId="33a938f8-788a-de06-241a-889d0de1de0c" testName="UpdatePelotonSettingsAsync_With_Invalid_NumWorkoutsToDownload_And_PollingEnabled_ReturnsError" computerName="cursor" duration="00:00:00.0011310" startTime="2025-07-04T17:29:28.8540302+00:00" endTime="2025-07-04T17:29:28.8551614+00:00" testType="13cdc9d9-ddb5-4fa4-a97d-d965ccfc6d4b" outcome="Passed" testListId="8c84fa94-04c1-424b-9868-57a2d4851a1d" relativeResultsDirectory="55a09223-6bce-448b-8efa-b6cf35edd798" />
    <UnitTestResult executionId="c119f61f-4ac2-4cad-b800-8ea3c68ddd4c" testId="14118ba1-3e16-0557-a7d6-67329481bdad" testName="GetWorkoutType_Should_Map_Correctly(Walking,True)" computerName="cursor" duration="00:00:00.0000070" startTime="2025-07-04T17:29:28.8920333+00:00" endTime="2025-07-04T17:29:28.8920402+00:00" testType="13cdc9d9-ddb5-4fa4-a97d-d965ccfc6d4b" outcome="Passed" testListId="8c84fa94-04c1-424b-9868-57a2d4851a1d" relativeResultsDirectory="c119f61f-4ac2-4cad-b800-8ea3c68ddd4c" />
    <UnitTestResult executionId="c5f51f62-aff2-4dfa-9d7e-5376116b1899" testId="1c161d40-6f81-55f6-2fc5-a2aaa91db134" testName="SignInAsync_WhenValidCredentials_ShouldReturnAuthentication" computerName="cursor" duration="00:00:00.0026760" startTime="2025-07-04T17:29:30.2093513+00:00" endTime="2025-07-04T17:29:30.2120271+00:00" testType="13cdc9d9-ddb5-4fa4-a97d-d965ccfc6d4b" outcome="Passed" testListId="8c84fa94-04c1-424b-9868-57a2d4851a1d" relativeResultsDirectory="c5f51f62-aff2-4dfa-9d7e-5376116b1899" />
    <UnitTestResult executionId="ebf5720e-dce4-415d-a750-3076d5cb8a86" testId="84af200d-9d36-ed38-e025-4b0e8e917d1d" testName="GarminPost_With_PasswordChange_Should_Validate_Characters(&quot;valid&quot;)" computerName="cursor" duration="00:00:00.0089640" startTime="2025-07-04T17:29:28.8375706+00:00" endTime="2025-07-04T17:29:28.8465338+00:00" testType="13cdc9d9-ddb5-4fa4-a97d-d965ccfc6d4b" outcome="Passed" testListId="8c84fa94-04c1-424b-9868-57a2d4851a1d" relativeResultsDirectory="ebf5720e-dce4-415d-a750-3076d5cb8a86" />
    <UnitTestResult executionId="5f4240eb-e735-4861-b9f3-d1de69f5a9b2" testId="4e26259a-1b02-586b-082a-b53c071413ff" testName="UploadActivity_WhenValidFile_ShouldReturnUploadResponse" computerName="cursor" duration="00:00:00.0017390" startTime="2025-07-04T17:29:30.1674460+00:00" endTime="2025-07-04T17:29:30.1691841+00:00" testType="13cdc9d9-ddb5-4fa4-a97d-d965ccfc6d4b" outcome="Passed" testListId="8c84fa94-04c1-424b-9868-57a2d4851a1d" relativeResultsDirectory="5f4240eb-e735-4861-b9f3-d1de69f5a9b2" />
    <UnitTestResult executionId="abe46976-c8aa-4131-96fe-e8e024ca6262" testId="d6ffb23b-d252-950e-a23f-43e134c5b351" testName="ConvertDistanceToMetersTest(&quot;mi&quot;)" computerName="cursor" duration="00:00:00.0159230" startTime="2025-07-04T17:29:29.1108767+00:00" endTime="2025-07-04T17:29:29.1267992+00:00" testType="13cdc9d9-ddb5-4fa4-a97d-d965ccfc6d4b" outcome="Passed" testListId="8c84fa94-04c1-424b-9868-57a2d4851a1d" relativeResultsDirectory="abe46976-c8aa-4131-96fe-e8e024ca6262" />
    <UnitTestResult executionId="ce8e1463-5c65-4745-b0a6-80d741dd0b06" testId="b6e623d2-bfed-d470-04c8-e1e9dee410eb" testName="ValidateConfig_Disabled_ShouldNotThrow" computerName="cursor" duration="00:00:00.0000960" startTime="2025-07-04T17:29:28.9920210+00:00" endTime="2025-07-04T17:29:28.9921169+00:00" testType="13cdc9d9-ddb5-4fa4-a97d-d965ccfc6d4b" outcome="Passed" testListId="8c84fa94-04c1-424b-9868-57a2d4851a1d" relativeResultsDirectory="ce8e1463-5c65-4745-b0a6-80d741dd0b06" />
    <UnitTestResult executionId="68ab3ea5-9ded-4abf-92e4-18c6b269c0d1" testId="0f29f4e4-be56-e99f-0bcd-8a56163a2b98" testName="ValidateConfig_WhenConfigIsNull_ShouldThrowException" computerName="cursor" duration="00:00:00.0005830" startTime="2025-07-04T17:29:30.2190159+00:00" endTime="2025-07-04T17:29:30.2195981+00:00" testType="13cdc9d9-ddb5-4fa4-a97d-d965ccfc6d4b" outcome="Passed" testListId="8c84fa94-04c1-424b-9868-57a2d4851a1d" relativeResultsDirectory="68ab3ea5-9ded-4abf-92e4-18c6b269c0d1" />
    <UnitTestResult executionId="024f9670-0b90-429d-8829-e147b762e966" testId="7cafaab9-88ea-6550-36c3-d0f55dd10b21" testName="CombineLocationData_When_Coordinate_Is_Null_SkipsEmpty" computerName="cursor" duration="00:00:00.0006420" startTime="2025-07-04T17:29:30.3015271+00:00" endTime="2025-07-04T17:29:30.3021692+00:00" testType="13cdc9d9-ddb5-4fa4-a97d-d965ccfc6d4b" outcome="Passed" testListId="8c84fa94-04c1-424b-9868-57a2d4851a1d" relativeResultsDirectory="024f9670-0b90-429d-8829-e147b762e966" />
    <UnitTestResult executionId="eb657029-b62b-4bc9-a39d-8d4c01638782" testId="74ea4b73-2f76-e3b1-713c-9658c7474e5f" testName="UploadToGarminAsync_WhenSettingsServiceThrows_ShouldPropagateException" computerName="cursor" duration="00:00:00.0005130" startTime="2025-07-04T17:29:30.2165750+00:00" endTime="2025-07-04T17:29:30.2170879+00:00" testType="13cdc9d9-ddb5-4fa4-a97d-d965ccfc6d4b" outcome="Passed" testListId="8c84fa94-04c1-424b-9868-57a2d4851a1d" relativeResultsDirectory="eb657029-b62b-4bc9-a39d-8d4c01638782" />
    <UnitTestResult executionId="04224fc6-1a6a-4228-983d-efff089e77bf" testId="28fe3ef7-2f7a-190c-208d-bca61bfd040b" testName="GetCalorieSummary_ShouldPickCorrectValue(Common.Dto.Peloton.WorkoutSamples,20)" computerName="cursor" duration="00:00:00.0000900" startTime="2025-07-04T17:29:29.1321995+00:00" endTime="2025-07-04T17:29:29.1322892+00:00" testType="13cdc9d9-ddb5-4fa4-a97d-d965ccfc6d4b" outcome="Passed" testListId="8c84fa94-04c1-424b-9868-57a2d4851a1d" relativeResultsDirectory="04224fc6-1a6a-4228-983d-efff089e77bf" />
    <UnitTestResult executionId="0ceb4980-ed49-4ac9-b900-49e10d730139" testId="6bd02653-e5f0-d4ef-1cd6-21d55dd9399e" testName="GetTimeStampTest(10L)" computerName="cursor" duration="00:00:00.0002280" startTime="2025-07-04T17:29:29.1400900+00:00" endTime="2025-07-04T17:29:29.1403183+00:00" testType="13cdc9d9-ddb5-4fa4-a97d-d965ccfc6d4b" outcome="Passed" testListId="8c84fa94-04c1-424b-9868-57a2d4851a1d" relativeResultsDirectory="0ceb4980-ed49-4ac9-b900-49e10d730139" />
    <UnitTestResult executionId="ce264d96-8b47-4956-a023-0deff74cb8b8" testId="b5e89cb9-a5d1-e7dc-d10c-4ca766a33e40" testName="GetCyclingFtp_Should_PickCorrectValue(null,UserData { Cycling_Ftp_Source = Ftp_Manual_Source, Cycling_Workout_Ftp = 0, Cycling_Ftp_Workout_Id = , Cycling_Ftp = 0, Estimated_Cycling_Ftp = 100, Default_Max_Heart_Rate = 0, Customized_Max_Heart_Rate = 0, Weight = 0 },100)" computerName="cursor" duration="00:00:00.0000230" startTime="2025-07-04T17:29:29.1342076+00:00" endTime="2025-07-04T17:29:29.1342304+00:00" testType="13cdc9d9-ddb5-4fa4-a97d-d965ccfc6d4b" outcome="Passed" testListId="8c84fa94-04c1-424b-9868-57a2d4851a1d" relativeResultsDirectory="ce264d96-8b47-4956-a023-0deff74cb8b8" />
    <UnitTestResult executionId="0b9feb13-da37-4504-9982-54bd6b3582d2" testId="fb28f6cb-0e0f-b5bd-5e90-b786682a6b3b" testName="ShouldConvert_ShouldOnly_Support_TCX(True,True,False)" computerName="cursor" duration="00:00:00.0003540" startTime="2025-07-04T17:29:30.0511169+00:00" endTime="2025-07-04T17:29:30.0514710+00:00" testType="13cdc9d9-ddb5-4fa4-a97d-d965ccfc6d4b" outcome="Passed" testListId="8c84fa94-04c1-424b-9868-57a2d4851a1d" relativeResultsDirectory="0b9feb13-da37-4504-9982-54bd6b3582d2" />
    <UnitTestResult executionId="02b6a1a0-093d-4ee4-901b-0277d9554316" testId="ca9219fd-27b5-f98f-69d6-f4a236265e4f" testName="PagingResponseBase_Calculates_HasNext_Correctly(1,0)" computerName="cursor" duration="00:00:00.0000070" startTime="2025-07-04T17:29:28.8664929+00:00" endTime="2025-07-04T17:29:28.8664997+00:00" testType="13cdc9d9-ddb5-4fa4-a97d-d965ccfc6d4b" outcome="Passed" testListId="8c84fa94-04c1-424b-9868-57a2d4851a1d" relativeResultsDirectory="02b6a1a0-093d-4ee4-901b-0277d9554316" />
    <UnitTestResult executionId="2733adc2-3220-4094-a514-93aa7a83ad0e" testId="b85c7baf-4670-5ecd-1ba1-7b3cc41cf1dd" testName="PelotonPost_With_PasswordChange_Should_Validate_Characters(&quot;a\\ads\\adf&quot;)" computerName="cursor" duration="00:00:00.0000770" startTime="2025-07-04T17:29:28.8520701+00:00" endTime="2025-07-04T17:29:28.8521475+00:00" testType="13cdc9d9-ddb5-4fa4-a97d-d965ccfc6d4b" outcome="Passed" testListId="8c84fa94-04c1-424b-9868-57a2d4851a1d" relativeResultsDirectory="2733adc2-3220-4094-a514-93aa7a83ad0e" />
    <UnitTestResult executionId="f5e1cf06-33cc-4c37-9ddc-3d69a7fb549d" testId="7d3f3bee-187c-5af5-8058-bf14cf827929" testName="GetAvgSpeedMetersPerSecond_NullMetrics_Returns0" computerName="cursor" duration="00:00:00.0001700" startTime="2025-07-04T17:29:29.1305541+00:00" endTime="2025-07-04T17:29:29.1307242+00:00" testType="13cdc9d9-ddb5-4fa4-a97d-d965ccfc6d4b" outcome="Passed" testListId="8c84fa94-04c1-424b-9868-57a2d4851a1d" relativeResultsDirectory="f5e1cf06-33cc-4c37-9ddc-3d69a7fb549d" />
    <UnitTestResult executionId="3b10deab-23cb-47a5-b063-5613bc2c43c7" testId="d7a6f086-e375-76ac-3b77-3efb22d2def2" testName="GetGarminAuthenticationAsync_WhenNoTokens_ShouldSignIn" computerName="cursor" duration="00:00:00.0068430" startTime="2025-07-04T17:29:30.1884041+00:00" endTime="2025-07-04T17:29:30.1952466+00:00" testType="13cdc9d9-ddb5-4fa4-a97d-d965ccfc6d4b" outcome="Passed" testListId="8c84fa94-04c1-424b-9868-57a2d4851a1d" relativeResultsDirectory="3b10deab-23cb-47a5-b063-5613bc2c43c7" />
    <UnitTestResult executionId="7e95dbb6-62e7-4774-8c0f-202bd16a3864" testId="63256dc5-2444-bcdb-2f15-307be7ebfed3" testName="Fit_Converter_Builds_Valid_DeviceInfoMesg(5,12)" computerName="cursor" duration="00:00:00.0000620" startTime="2025-07-04T17:29:29.1665721+00:00" endTime="2025-07-04T17:29:29.1666343+00:00" testType="13cdc9d9-ddb5-4fa4-a97d-d965ccfc6d4b" outcome="Passed" testListId="8c84fa94-04c1-424b-9868-57a2d4851a1d" relativeResultsDirectory="7e95dbb6-62e7-4774-8c0f-202bd16a3864" />
    <UnitTestResult executionId="5192c89c-9394-40df-9d39-b9800a9c43c1" testId="35f78f67-27d9-c541-c70a-00c7dcd82935" testName="GetTotalDistanceTest_Distance_Is_Converted_To_Meters(&quot;ft&quot;)" computerName="cursor" duration="00:00:00.0001110" startTime="2025-07-04T17:29:29.1407882+00:00" endTime="2025-07-04T17:29:29.1408988+00:00" testType="13cdc9d9-ddb5-4fa4-a97d-d965ccfc6d4b" outcome="Passed" testListId="8c84fa94-04c1-424b-9868-57a2d4851a1d" relativeResultsDirectory="5192c89c-9394-40df-9d39-b9800a9c43c1" />
    <UnitTestResult executionId="5e103b39-f0b0-42e7-b827-a14bebdd5134" testId="06849b64-2154-b087-5109-18de9574906c" testName="ShouldConvert_ShouldOnly_Support_Fit(False,True,False)" computerName="cursor" duration="00:00:00.0000280" startTime="2025-07-04T17:29:30.0501438+00:00" endTime="2025-07-04T17:29:30.0501714+00:00" testType="13cdc9d9-ddb5-4fa4-a97d-d965ccfc6d4b" outcome="Passed" testListId="8c84fa94-04c1-424b-9868-57a2d4851a1d" relativeResultsDirectory="5e103b39-f0b0-42e7-b827-a14bebdd5134" />
    <UnitTestResult executionId="225087bc-b7f1-4cae-ac66-59ff8e9eb347" testId="1f11f397-ee55-128c-cbfe-d24a76ba64fc" testName="Fit_Converter_Builds_Valid_DeviceInfoMesg(5,0)" computerName="cursor" duration="00:00:00.0104420" startTime="2025-07-04T17:29:29.1555296+00:00" endTime="2025-07-04T17:29:29.1659708+00:00" testType="13cdc9d9-ddb5-4fa4-a97d-d965ccfc6d4b" outcome="Passed" testListId="8c84fa94-04c1-424b-9868-57a2d4851a1d" relativeResultsDirectory="225087bc-b7f1-4cae-ac66-59ff8e9eb347" />
    <UnitTestResult executionId="96eda3a0-8de7-4180-82b6-cf1eb74818e2" testId="2f7de2c0-2199-52d5-03cd-31fe9d35742e" testName="GetCustomDeviceInfoAsync_Choose_CorrectDevice_For_WorkoutType(Meditation)" computerName="cursor" duration="00:00:00.0002110" startTime="2025-07-04T17:29:29.0118196+00:00" endTime="2025-07-04T17:29:29.0120307+00:00" testType="13cdc9d9-ddb5-4fa4-a97d-d965ccfc6d4b" outcome="Passed" testListId="8c84fa94-04c1-424b-9868-57a2d4851a1d" relativeResultsDirectory="96eda3a0-8de7-4180-82b6-cf1eb74818e2" />
    <UnitTestResult executionId="51532f44-afaf-4ac5-b3f0-a44d35146ea3" testId="b3d2bc06-5cb0-6cbe-2dac-a17793a45748" testName="PagingResponseBase_Calculates_HasNext_Correctly(0,0)" computerName="cursor" duration="00:00:00.0001660" startTime="2025-07-04T17:29:28.8659406+00:00" endTime="2025-07-04T17:29:28.8661070+00:00" testType="13cdc9d9-ddb5-4fa4-a97d-d965ccfc6d4b" outcome="Passed" testListId="8c84fa94-04c1-424b-9868-57a2d4851a1d" relativeResultsDirectory="51532f44-afaf-4ac5-b3f0-a44d35146ea3" />
    <UnitTestResult executionId="3707a729-d3f5-4ded-9137-60c1cdafa219" testId="37e94512-8bbc-a900-5e2e-69ba1c2e30ce" testName="GetWorkoutType_Should_Map_Correctly(Bike_Bootcamp,False)" computerName="cursor" duration="00:00:00.0000080" startTime="2025-07-04T17:29:28.8920075+00:00" endTime="2025-07-04T17:29:28.8920159+00:00" testType="13cdc9d9-ddb5-4fa4-a97d-d965ccfc6d4b" outcome="Passed" testListId="8c84fa94-04c1-424b-9868-57a2d4851a1d" relativeResultsDirectory="3707a729-d3f5-4ded-9137-60c1cdafa219" />
    <UnitTestResult executionId="c30b0205-a4be-4b21-88ab-ce3c6f2d1b35" testId="249fb9cf-a2bf-c28f-b9d5-4ef4a23d459c" testName="GarminPost_With_PasswordChange_Should_SignOut_of_Garmin" computerName="cursor" duration="00:00:00.0015040" startTime="2025-07-04T17:29:28.8359940+00:00" endTime="2025-07-04T17:29:28.8374976+00:00" testType="13cdc9d9-ddb5-4fa4-a97d-d965ccfc6d4b" outcome="Passed" testListId="8c84fa94-04c1-424b-9868-57a2d4851a1d" relativeResultsDirectory="c30b0205-a4be-4b21-88ab-ce3c6f2d1b35" />
    <UnitTestResult executionId="f2ed4659-72c1-4446-ba21-ea7faf2b653d" testId="034c6664-ed87-1aef-6400-fd4f2563e44c" testName="GetCustomDeviceInfoAsync_When_LegacyDeviceFile_Fails_And_NoNewSettings_FallsBackToDefaults" computerName="cursor" duration="00:00:00.0010130" startTime="2025-07-04T17:29:29.0125577+00:00" endTime="2025-07-04T17:29:29.0135705+00:00" testType="13cdc9d9-ddb5-4fa4-a97d-d965ccfc6d4b" outcome="Passed" testListId="8c84fa94-04c1-424b-9868-57a2d4851a1d" relativeResultsDirectory="f2ed4659-72c1-4446-ba21-ea7faf2b653d" />
    <UnitTestResult executionId="9f533514-02b3-4cc5-b125-2ff6f1b6b267" testId="4c5deca3-bfe9-0cf7-1731-7958d4bb8efe" testName="InitCookieJarAsync_ShouldInitializeCookieJar" computerName="cursor" duration="00:00:00.0017440" startTime="2025-07-04T17:29:30.1364650+00:00" endTime="2025-07-04T17:29:30.1382081+00:00" testType="13cdc9d9-ddb5-4fa4-a97d-d965ccfc6d4b" outcome="Passed" testListId="8c84fa94-04c1-424b-9868-57a2d4851a1d" relativeResultsDirectory="9f533514-02b3-4cc5-b125-2ff6f1b6b267" />
    <UnitTestResult executionId="a0d5d3eb-c420-4ce2-9adc-d37834362157" testId="f71539d0-9988-91d1-71c5-d86493ed2948" testName="MigrateToAdminUserAsync_When_NoLegacySettings_NoOp" computerName="cursor" duration="00:00:00.0014420" startTime="2025-07-04T17:29:28.8886376+00:00" endTime="2025-07-04T17:29:28.8900796+00:00" testType="13cdc9d9-ddb5-4fa4-a97d-d965ccfc6d4b" outcome="Passed" testListId="8c84fa94-04c1-424b-9868-57a2d4851a1d" relativeResultsDirectory="a0d5d3eb-c420-4ce2-9adc-d37834362157" />
    <UnitTestResult executionId="59df9b1d-f710-44bf-a491-30118c8e70a3" testId="5ff971c1-c71d-1ccf-c287-9ba289350e84" testName="GetCyclingFtp_Should_PickCorrectValue(null,UserData { Cycling_Ftp_Source = Ftp_Workout_Source, Cycling_Workout_Ftp = 0, Cycling_Ftp_Workout_Id = , Cycling_Ftp = 1, Estimated_Cycling_Ftp = 100, Default_Max_Heart_Rate = 0, Customized_Max_Heart_Rate = 0, Weight = 0 },100)" computerName="cursor" duration="00:00:00.0000220" startTime="2025-07-04T17:29:29.1341832+00:00" endTime="2025-07-04T17:29:29.1342050+00:00" testType="13cdc9d9-ddb5-4fa4-a97d-d965ccfc6d4b" outcome="Passed" testListId="8c84fa94-04c1-424b-9868-57a2d4851a1d" relativeResultsDirectory="59df9b1d-f710-44bf-a491-30118c8e70a3" />
    <UnitTestResult executionId="0091fd41-e839-4913-9aaf-e88c3e74907e" testId="e501a9f8-54f7-a0b0-cbb5-51ae0bc08f12" testName="GetExercisesTrackedByMovementTracker_WhenNoData(null)" computerName="cursor" duration="00:00:00.0013530" startTime="2025-07-04T17:29:30.2348832+00:00" endTime="2025-07-04T17:29:30.2362355+00:00" testType="13cdc9d9-ddb5-4fa4-a97d-d965ccfc6d4b" outcome="Passed" testListId="8c84fa94-04c1-424b-9868-57a2d4851a1d" relativeResultsDirectory="0091fd41-e839-4913-9aaf-e88c3e74907e" />
    <UnitTestResult executionId="a1ad3fbe-618b-48ef-a752-0f12ccfed45b" testId="e628d5a0-58b3-df88-8b9f-ebc0640b6406" testName="ShouldConvert_ShouldOnly_Support_Fit(True,True,True)" computerName="cursor" duration="00:00:00.0006310" startTime="2025-07-04T17:29:30.0490429+00:00" endTime="2025-07-04T17:29:30.0496739+00:00" testType="13cdc9d9-ddb5-4fa4-a97d-d965ccfc6d4b" outcome="Passed" testListId="8c84fa94-04c1-424b-9868-57a2d4851a1d" relativeResultsDirectory="a1ad3fbe-618b-48ef-a752-0f12ccfed45b" />
    <UnitTestResult executionId="62f258b5-b54f-48c9-b149-6b4b4086968c" testId="c1342d3f-cfe5-2a38-0aa5-5bb1dded60d1" testName="GetAvgSpeedMetersPerSecond_MaxSpeed_Is_Converted_ForRower(&quot;min/500m&quot;)" computerName="cursor" duration="00:00:00.0005160" startTime="2025-07-04T17:29:29.1300114+00:00" endTime="2025-07-04T17:29:29.1305273+00:00" testType="13cdc9d9-ddb5-4fa4-a97d-d965ccfc6d4b" outcome="Passed" testListId="8c84fa94-04c1-424b-9868-57a2d4851a1d" relativeResultsDirectory="62f258b5-b54f-48c9-b149-6b4b4086968c" />
    <UnitTestResult executionId="1a8381fa-f6ee-4055-84bf-5c58332bd5ad" testId="faa5ccad-3cf9-51a2-6991-e547e18a1011" testName="GetWorkoutType_Should_Map_Correctly(Caesar_Bootcamp,False)" computerName="cursor" duration="00:00:00.0000020" startTime="2025-07-04T17:29:28.8922211+00:00" endTime="2025-07-04T17:29:28.8922236+00:00" testType="13cdc9d9-ddb5-4fa4-a97d-d965ccfc6d4b" outcome="Passed" testListId="8c84fa94-04c1-424b-9868-57a2d4851a1d" relativeResultsDirectory="1a8381fa-f6ee-4055-84bf-5c58332bd5ad" />
    <UnitTestResult executionId="7b3cb5eb-b5c5-48af-8b5e-a2489724f4de" testId="765355bb-85aa-5089-57c0-fceb33f00719" testName="UploadActivity_WhenNetworkError_ShouldThrowException" computerName="cursor" duration="00:00:00.0016720" startTime="2025-07-04T17:29:30.1657479+00:00" endTime="2025-07-04T17:29:30.1674198+00:00" testType="13cdc9d9-ddb5-4fa4-a97d-d965ccfc6d4b" outcome="Passed" testListId="8c84fa94-04c1-424b-9868-57a2d4851a1d" relativeResultsDirectory="7b3cb5eb-b5c5-48af-8b5e-a2489724f4de" />
    <UnitTestResult executionId="d3996a64-032c-4806-88cc-e7602137039c" testId="8c732e17-fb21-60bf-dc33-2081987c6946" testName="GetAsync_WithInvalid_PageSize_Returns400(-1)" computerName="cursor" duration="00:00:00.0008100" startTime="2025-07-04T17:29:28.7500415+00:00" endTime="2025-07-04T17:29:28.7508511+00:00" testType="13cdc9d9-ddb5-4fa4-a97d-d965ccfc6d4b" outcome="Passed" testListId="8c84fa94-04c1-424b-9868-57a2d4851a1d" relativeResultsDirectory="d3996a64-032c-4806-88cc-e7602137039c" />
    <UnitTestResult executionId="e0331801-bde3-42fe-be6e-b348723054d6" testId="223ce6d6-386c-bd46-6969-3d7c017e6938" testName="Fit_Converter_Creates_Valid_Fit(&quot;tread_run_workout&quot;,Class_Targets)" computerName="cursor" duration="00:00:00.0225740" startTime="2025-07-04T17:29:29.9543527+00:00" endTime="2025-07-04T17:29:29.9769254+00:00" testType="13cdc9d9-ddb5-4fa4-a97d-d965ccfc6d4b" outcome="Passed" testListId="8c84fa94-04c1-424b-9868-57a2d4851a1d" relativeResultsDirectory="e0331801-bde3-42fe-be6e-b348723054d6" />
    <UnitTestResult executionId="8b0bbf63-bde4-42a3-ba4d-783ae7e47eeb" testId="0d66b15b-c53e-6054-f5ef-9f189a66faee" testName="Fit_Converter_Creates_Valid_Fit(&quot;ride_based_on_distance&quot;,Distance)" computerName="cursor" duration="00:00:00.0160940" startTime="2025-07-04T17:29:29.7396485+00:00" endTime="2025-07-04T17:29:29.7557420+00:00" testType="13cdc9d9-ddb5-4fa4-a97d-d965ccfc6d4b" outcome="Passed" testListId="8c84fa94-04c1-424b-9868-57a2d4851a1d" relativeResultsDirectory="8b0bbf63-bde4-42a3-ba4d-783ae7e47eeb" />
    <UnitTestResult executionId="abed9648-f245-445c-9375-0f847e907d90" testId="7fd77b4f-2865-307d-1d9d-9dbd8cb2a6ee" testName="ShouldConvert_ShouldOnly_Support_TCX(True,False,True)" computerName="cursor" duration="00:00:00.0000420" startTime="2025-07-04T17:29:30.0514847+00:00" endTime="2025-07-04T17:29:30.0515262+00:00" testType="13cdc9d9-ddb5-4fa4-a97d-d965ccfc6d4b" outcome="Passed" testListId="8c84fa94-04c1-424b-9868-57a2d4851a1d" relativeResultsDirectory="abed9648-f245-445c-9375-0f847e907d90" />
    <UnitTestResult executionId="b2ebadf7-b87c-48bc-a222-d1f224a1b5c6" testId="ffebe071-ab50-b14b-0678-517287e48214" testName="ValidateConfig_InvalidPort_Throws(0)" computerName="cursor" duration="00:00:00.0001780" startTime="2025-07-04T17:29:29.0148397+00:00" endTime="2025-07-04T17:29:29.0150178+00:00" testType="13cdc9d9-ddb5-4fa4-a97d-d965ccfc6d4b" outcome="Passed" testListId="8c84fa94-04c1-424b-9868-57a2d4851a1d" relativeResultsDirectory="b2ebadf7-b87c-48bc-a222-d1f224a1b5c6" />
    <UnitTestResult executionId="b0f9984f-f7fc-4ea4-8427-e2012fd4f985" testId="860c9fe0-b7f0-10e4-c793-826181732116" testName="GetMaxSpeedMetersPerSecond_MaxSpeed_Is_Converted(&quot;kph&quot;)" computerName="cursor" duration="00:00:00.0000800" startTime="2025-07-04T17:29:29.1382681+00:00" endTime="2025-07-04T17:29:29.1383484+00:00" testType="13cdc9d9-ddb5-4fa4-a97d-d965ccfc6d4b" outcome="Passed" testListId="8c84fa94-04c1-424b-9868-57a2d4851a1d" relativeResultsDirectory="b0f9984f-f7fc-4ea4-8427-e2012fd4f985" />
    <UnitTestResult executionId="a88cc347-423f-4f12-bc34-9f3d1a9c5aaf" testId="ca807f2f-686e-8ee2-2c5d-8bb89b2618ca" testName="ConvertDistanceToMetersTest(&quot;min/500m&quot;)" computerName="cursor" duration="00:00:00.0000060" startTime="2025-07-04T17:29:29.1270572+00:00" endTime="2025-07-04T17:29:29.1270631+00:00" testType="13cdc9d9-ddb5-4fa4-a97d-d965ccfc6d4b" outcome="Passed" testListId="8c84fa94-04c1-424b-9868-57a2d4851a1d" relativeResultsDirectory="a88cc347-423f-4f12-bc34-9f3d1a9c5aaf" />
    <UnitTestResult executionId="f737f5ac-779f-4512-879a-d8344ed27884" testId="ab436d55-955b-4b55-54f7-5f3f2290fbcb" testName="ConvertToMetersPerSecondTest_Is_Converted_To_MetersPerSecond_ForRower(&quot;min/500m&quot;)" computerName="cursor" duration="00:00:00.0001470" startTime="2025-07-04T17:29:29.1281981+00:00" endTime="2025-07-04T17:29:29.1283451+00:00" testType="13cdc9d9-ddb5-4fa4-a97d-d965ccfc6d4b" outcome="Passed" testListId="8c84fa94-04c1-424b-9868-57a2d4851a1d" relativeResultsDirectory="f737f5ac-779f-4512-879a-d8344ed27884" />
    <UnitTestResult executionId="0d539055-5d55-432d-913e-6088a4046c29" testId="7713c70a-8768-620b-5c88-ff32f7ce1d34" testName="GarminPost_With_PasswordChange_Should_Validate_Characters(&quot;\\&quot;)" computerName="cursor" duration="00:00:00.0012010" startTime="2025-07-04T17:29:28.8465943+00:00" endTime="2025-07-04T17:29:28.8477950+00:00" testType="13cdc9d9-ddb5-4fa4-a97d-d965ccfc6d4b" outcome="Passed" testListId="8c84fa94-04c1-424b-9868-57a2d4851a1d" relativeResultsDirectory="0d539055-5d55-432d-913e-6088a4046c29" />
    <UnitTestResult executionId="44c4572a-80d4-4b00-af05-76f054e5977b" testId="4d0a77b4-859e-e9eb-f096-7cc6da60780a" testName="GarminPost_With_NullRequest_Returns400" computerName="cursor" duration="00:00:00.0009950" startTime="2025-07-04T17:29:28.8349649+00:00" endTime="2025-07-04T17:29:28.8359589+00:00" testType="13cdc9d9-ddb5-4fa4-a97d-d965ccfc6d4b" outcome="Passed" testListId="8c84fa94-04c1-424b-9868-57a2d4851a1d" relativeResultsDirectory="44c4572a-80d4-4b00-af05-76f054e5977b" />
    <UnitTestResult executionId="3b7eb2ad-fa99-4a64-918d-4a04d3678f04" testId="bba5c36e-9b94-e7a8-f0cc-f969ff0bc7b3" testName="SendMfaCodeAsync_WhenInvalidCode_ShouldThrowException" computerName="cursor" duration="00:00:00.0056629" startTime="2025-07-04T17:29:30.1473143+00:00" endTime="2025-07-04T17:29:30.1529765+00:00" testType="13cdc9d9-ddb5-4fa4-a97d-d965ccfc6d4b" outcome="Passed" testListId="8c84fa94-04c1-424b-9868-57a2d4851a1d" relativeResultsDirectory="3b7eb2ad-fa99-4a64-918d-4a04d3678f04" />
    <UnitTestResult executionId="d4d7c1e0-7583-4c3d-af69-64206b7530c1" testId="58cdaa47-7c03-80e7-00da-9551217f776a" testName="ShouldConvert_ShouldOnly_Support_TCX(False,True,True)" computerName="cursor" duration="00:00:00.0000290" startTime="2025-07-04T17:29:30.0515621+00:00" endTime="2025-07-04T17:29:30.0515905+00:00" testType="13cdc9d9-ddb5-4fa4-a97d-d965ccfc6d4b" outcome="Passed" testListId="8c84fa94-04c1-424b-9868-57a2d4851a1d" relativeResultsDirectory="d4d7c1e0-7583-4c3d-af69-64206b7530c1" />
    <UnitTestResult executionId="15b03c9b-22e8-4b06-81fd-7f1464d34c9e" testId="cc0e110a-7d43-3755-7ceb-38b0aafb5f26" testName="Fit_Converter_Creates_Valid_Fit(&quot;cycling_just_ride&quot;,Default)" computerName="cursor" duration="00:00:00.0162130" startTime="2025-07-04T17:29:29.3139864+00:00" endTime="2025-07-04T17:29:29.3301986+00:00" testType="13cdc9d9-ddb5-4fa4-a97d-d965ccfc6d4b" outcome="Passed" testListId="8c84fa94-04c1-424b-9868-57a2d4851a1d" relativeResultsDirectory="15b03c9b-22e8-4b06-81fd-7f1464d34c9e" />
    <UnitTestResult executionId="44e940fb-7767-4272-a0f3-561ad4e83b4f" testId="1ee5a8be-7fbf-b2a3-f39d-41d7dc6a8265" testName="GetEndTimeTest" computerName="cursor" duration="00:00:00.0003210" startTime="2025-07-04T17:29:29.1356308+00:00" endTime="2025-07-04T17:29:29.1359515+00:00" testType="13cdc9d9-ddb5-4fa4-a97d-d965ccfc6d4b" outcome="Passed" testListId="8c84fa94-04c1-424b-9868-57a2d4851a1d" relativeResultsDirectory="44e940fb-7767-4272-a0f3-561ad4e83b4f" />
  </Results>
  <TestDefinitions>
    <UnitTest name="Fit_Converter_Creates_Valid_Fit(&quot;rower_workout&quot;,Class_Targets)" storage="/workspace/src/unittests/bin/debug/net9.0/unittests.dll" id="3284b07a-7571-dcf3-ead1-d8814491e90e">
      <Execution id="11400e0b-215d-46ea-9b70-1d40f0082a12" />
      <TestMethod codeBase="/workspace/src/UnitTests/bin/Debug/net9.0/UnitTests.dll" adapterTypeName="executor://nunit3testexecutor/" className="UnitTests.Conversion.FitConverterTests" name="Fit_Converter_Creates_Valid_Fit(&quot;rower_workout&quot;,Class_Targets)" />
    </UnitTest>
    <UnitTest name="PagingResponseBase_Calculates_HasPrevious_Correctly(100)" storage="/workspace/src/unittests/bin/debug/net9.0/unittests.dll" id="a9511aab-7b33-fc7f-f075-d2b592ca1492">
      <Execution id="db3c1948-2f28-4baa-8842-bf73c7dcd00d" />
      <TestMethod codeBase="/workspace/src/UnitTests/bin/Debug/net9.0/UnitTests.dll" adapterTypeName="executor://nunit3testexecutor/" className="UnitTests.Common.Api.PagingTests" name="PagingResponseBase_Calculates_HasPrevious_Correctly(100)" />
    </UnitTest>
    <UnitTest name="GetWorkoutType_Should_Map_Correctly(Circuit,False)" storage="/workspace/src/unittests/bin/debug/net9.0/unittests.dll" id="0117e8c7-9c5a-58e6-feed-262bdb64bb58">
      <Execution id="bf40eab6-6ff2-44a6-9e4c-3d3655909b9e" />
      <TestMethod codeBase="/workspace/src/UnitTests/bin/Debug/net9.0/UnitTests.dll" adapterTypeName="executor://nunit3testexecutor/" className="UnitTests.Common.Dto.P2GWorkoutTests" name="GetWorkoutType_Should_Map_Correctly(Circuit,False)" />
    </UnitTest>
    <UnitTest name="GetWorkoutType_Should_Map_Correctly(Cycling,False)" storage="/workspace/src/unittests/bin/debug/net9.0/unittests.dll" id="ecf23342-08d1-9743-912b-4dd2ea8bbf0d">
      <Execution id="63c034e1-72fa-4bcc-aed0-781e81f594ce" />
      <TestMethod codeBase="/workspace/src/UnitTests/bin/Debug/net9.0/UnitTests.dll" adapterTypeName="executor://nunit3testexecutor/" className="UnitTests.Common.Dto.P2GWorkoutTests" name="GetWorkoutType_Should_Map_Correctly(Cycling,False)" />
    </UnitTest>
    <UnitTest name="GetWorkoutType_Should_Map_Correctly(None,True)" storage="/workspace/src/unittests/bin/debug/net9.0/unittests.dll" id="0949149e-7a9e-de1f-a0b7-532e339c1eb4">
      <Execution id="4001e521-846c-4227-9e64-04e6729eb2d3" />
      <TestMethod codeBase="/workspace/src/UnitTests/bin/Debug/net9.0/UnitTests.dll" adapterTypeName="executor://nunit3testexecutor/" className="UnitTests.Common.Dto.P2GWorkoutTests" name="GetWorkoutType_Should_Map_Correctly(None,True)" />
    </UnitTest>
    <UnitTest name="GetGarminAuthenticationAsync_WhenOAuth1ExchangeFails_ShouldFallbackToSignIn" storage="/workspace/src/unittests/bin/debug/net9.0/unittests.dll" id="990d39b7-12eb-a43b-a0d1-e7000c4a3239">
      <Execution id="a09a3cec-3c4c-453c-9315-7d2e037e8c49" />
      <TestMethod codeBase="/workspace/src/UnitTests/bin/Debug/net9.0/UnitTests.dll" adapterTypeName="executor://nunit3testexecutor/" className="UnitTests.Garmin.GarminAuthenticationServiceTests" name="GetGarminAuthenticationAsync_WhenOAuth1ExchangeFails_ShouldFallbackToSignIn" />
    </UnitTest>
    <UnitTest name="GetCalorieSummary_ShouldPickCorrectValue(Common.Dto.Peloton.WorkoutSamples,20)" storage="/workspace/src/unittests/bin/debug/net9.0/unittests.dll" id="28fe3ef7-2f7a-190c-208d-bca61bfd040b">
      <Execution id="04224fc6-1a6a-4228-983d-efff089e77bf" />
      <TestMethod codeBase="/workspace/src/UnitTests/bin/Debug/net9.0/UnitTests.dll" adapterTypeName="executor://nunit3testexecutor/" className="UnitTests.Conversion.ConverterTests" name="GetCalorieSummary_ShouldPickCorrectValue(Common.Dto.Peloton.WorkoutSamples,20)" />
    </UnitTest>
    <UnitTest name="GetStackedWorkouts_When_BareMinimumData_DoesNotThrow" storage="/workspace/src/unittests/bin/debug/net9.0/unittests.dll" id="e4abb676-de72-0ff0-7009-aaa86158224c">
      <Execution id="0a31117c-5d50-4f75-b181-22ced7536d2a" />
      <TestMethod codeBase="/workspace/src/UnitTests/bin/Debug/net9.0/UnitTests.dll" adapterTypeName="executor://nunit3testexecutor/" className="UnitTests.Sync.StackedWorkoutsCalculatorTests" name="GetStackedWorkouts_When_BareMinimumData_DoesNotThrow" />
    </UnitTest>
    <UnitTest name="GetWorkoutType_Should_Map_Correctly(Yoga,False)" storage="/workspace/src/unittests/bin/debug/net9.0/unittests.dll" id="1c7e864b-0b3e-da32-5ffc-4127262e13c9">
      <Execution id="c92038e1-c7b6-4813-a5ac-9a8559c6f5d5" />
      <TestMethod codeBase="/workspace/src/UnitTests/bin/Debug/net9.0/UnitTests.dll" adapterTypeName="executor://nunit3testexecutor/" className="UnitTests.Common.Dto.P2GWorkoutTests" name="GetWorkoutType_Should_Map_Correctly(Yoga,False)" />
    </UnitTest>
    <UnitTest name="GetHeartRateZone_NullZones_ReturnsNull" storage="/workspace/src/unittests/bin/debug/net9.0/unittests.dll" id="cc790c13-d14d-9b1a-bf16-cdb2f3f7a571">
      <Execution id="9a3eb6fd-6469-4c83-819f-799e53434f69" />
      <TestMethod codeBase="/workspace/src/UnitTests/bin/Debug/net9.0/UnitTests.dll" adapterTypeName="executor://nunit3testexecutor/" className="UnitTests.Conversion.ConverterTests" name="GetHeartRateZone_NullZones_ReturnsNull" />
    </UnitTest>
    <UnitTest name="SendCredentialsAsync_WhenHttpRequestFails_ShouldThrowException" storage="/workspace/src/unittests/bin/debug/net9.0/unittests.dll" id="728f4fce-f778-2925-5f0d-e4e53c001ad6">
      <Execution id="208eca59-f356-4a95-b8e2-afbac94999e0" />
      <TestMethod codeBase="/workspace/src/UnitTests/bin/Debug/net9.0/UnitTests.dll" adapterTypeName="executor://nunit3testexecutor/" className="UnitTests.Garmin.GarminApiClientTests" name="SendCredentialsAsync_WhenHttpRequestFails_ShouldThrowException" />
    </UnitTest>
    <UnitTest name="CompleteMFAAuthAsync_WhenNoPartialAuth_ShouldThrowException" storage="/workspace/src/unittests/bin/debug/net9.0/unittests.dll" id="9fd31870-93ad-2d9b-0aaa-ad125f5392cb">
      <Execution id="9abb03cc-4616-4e92-be65-07e6ad19de5a" />
      <TestMethod codeBase="/workspace/src/UnitTests/bin/Debug/net9.0/UnitTests.dll" adapterTypeName="executor://nunit3testexecutor/" className="UnitTests.Garmin.GarminAuthenticationServiceTests" name="CompleteMFAAuthAsync_WhenNoPartialAuth_ShouldThrowException" />
    </UnitTest>
    <UnitTest name="GetAsync_WithInvalid_PageSize_Returns400(0)" storage="/workspace/src/unittests/bin/debug/net9.0/unittests.dll" id="7e6b377b-da80-8660-0cbe-f8207030359e">
      <Execution id="8047eec7-c862-45f4-b967-552b86447cd6" />
      <TestMethod codeBase="/workspace/src/UnitTests/bin/Debug/net9.0/UnitTests.dll" adapterTypeName="executor://nunit3testexecutor/" className="UnitTests.Api.Controllers.PelotonWorkoutsControllerTests" name="GetAsync_WithInvalid_PageSize_Returns400(0)" />
    </UnitTest>
    <UnitTest name="GetHeartRateZone_NullMetrics_ReturnsNull" storage="/workspace/src/unittests/bin/debug/net9.0/unittests.dll" id="18d8a376-60f0-190d-ba44-a72a1cd79b63">
      <Execution id="0027f2b0-7372-4d50-b89d-5ce210cc4a8e" />
      <TestMethod codeBase="/workspace/src/UnitTests/bin/Debug/net9.0/UnitTests.dll" adapterTypeName="executor://nunit3testexecutor/" className="UnitTests.Conversion.ConverterTests" name="GetHeartRateZone_NullMetrics_ReturnsNull" />
    </UnitTest>
    <UnitTest name="GetTotalDistanceTest_NullSummary_Should_Return0" storage="/workspace/src/unittests/bin/debug/net9.0/unittests.dll" id="abbd0d1a-0c6a-24b3-6949-2c8175ceb910">
      <Execution id="c96c6bc0-7bae-4d87-88c0-b8ed8412ae1b" />
      <TestMethod codeBase="/workspace/src/UnitTests/bin/Debug/net9.0/UnitTests.dll" adapterTypeName="executor://nunit3testexecutor/" className="UnitTests.Conversion.ConverterTests" name="GetTotalDistanceTest_NullSummary_Should_Return0" />
    </UnitTest>
    <UnitTest name="GetEndTime_FallsbackToDuration_Test" storage="/workspace/src/unittests/bin/debug/net9.0/unittests.dll" id="9bf7aecf-f67c-5735-4db0-dc505b7fb305">
      <Execution id="5ebc7e67-7090-4897-9686-1b9b688d5526" />
      <TestMethod codeBase="/workspace/src/UnitTests/bin/Debug/net9.0/UnitTests.dll" adapterTypeName="executor://nunit3testexecutor/" className="UnitTests.Conversion.ConverterTests" name="GetEndTime_FallsbackToDuration_Test" />
    </UnitTest>
    <UnitTest name="SyncAsync_When_CheckForUpdates_Disabled_Should_NotCheck" storage="/workspace/src/unittests/bin/debug/net9.0/unittests.dll" id="59f38d5a-b192-9bd3-715f-90c810db1fc2">
      <Execution id="976a800f-49d0-46f5-93f6-8e7a4dd64b8b" />
      <TestMethod codeBase="/workspace/src/UnitTests/bin/Debug/net9.0/UnitTests.dll" adapterTypeName="executor://nunit3testexecutor/" className="UnitTests.Sync.SyncServiceTests" name="SyncAsync_When_CheckForUpdates_Disabled_Should_NotCheck" />
    </UnitTest>
    <UnitTest name="GetTitle_With_Template_ShouldReturn_TemplateAppliedToTitle" storage="/workspace/src/unittests/bin/debug/net9.0/unittests.dll" id="164e0ece-2885-3623-f5c8-0b1879247307">
      <Execution id="5314d446-641e-4ed3-b766-50d369e78c03" />
      <TestMethod codeBase="/workspace/src/UnitTests/bin/Debug/net9.0/UnitTests.dll" adapterTypeName="executor://nunit3testexecutor/" className="UnitTests.Common.WorkoutHelperTests" name="GetTitle_With_Template_ShouldReturn_TemplateAppliedToTitle" />
    </UnitTest>
    <UnitTest name="GetMaxSpeedMetersPerSecond_NullMetrics_Returns0" storage="/workspace/src/unittests/bin/debug/net9.0/unittests.dll" id="e98034a5-c706-60a8-e0ab-cefc246c9ed1">
      <Execution id="88a2db9d-da49-4b25-b955-f55ba81aea0c" />
      <TestMethod codeBase="/workspace/src/UnitTests/bin/Debug/net9.0/UnitTests.dll" adapterTypeName="executor://nunit3testexecutor/" className="UnitTests.Conversion.ConverterTests" name="GetMaxSpeedMetersPerSecond_NullMetrics_Returns0" />
    </UnitTest>
    <UnitTest name="GarminPost_With_PasswordChange_Should_Validate_Characters(&quot;a\\a&quot;)" storage="/workspace/src/unittests/bin/debug/net9.0/unittests.dll" id="3c82cb38-7fe0-9ca0-9a54-46ea4405b331">
      <Execution id="266af59e-8657-4cf2-9a7d-7e1a9b155778" />
      <TestMethod codeBase="/workspace/src/UnitTests/bin/Debug/net9.0/UnitTests.dll" adapterTypeName="executor://nunit3testexecutor/" className="UnitTests.Api.Service.SettingsUpdaterServiceTests" name="GarminPost_With_PasswordChange_Should_Validate_Characters(&quot;a\\a&quot;)" />
    </UnitTest>
    <UnitTest name="GetWorkoutType_Should_Map_Correctly(Bike_Bootcamp,False)" storage="/workspace/src/unittests/bin/debug/net9.0/unittests.dll" id="37e94512-8bbc-a900-5e2e-69ba1c2e30ce">
      <Execution id="3707a729-d3f5-4ded-9137-60c1cdafa219" />
      <TestMethod codeBase="/workspace/src/UnitTests/bin/Debug/net9.0/UnitTests.dll" adapterTypeName="executor://nunit3testexecutor/" className="UnitTests.Common.Dto.P2GWorkoutTests" name="GetWorkoutType_Should_Map_Correctly(Bike_Bootcamp,False)" />
    </UnitTest>
    <UnitTest name="SyncAsync_When_Conversion_StepFails_Should_ReturnCorrectResponse" storage="/workspace/src/unittests/bin/debug/net9.0/unittests.dll" id="db858c54-5ca6-5112-334f-1a2074085872">
      <Execution id="8ac801b9-aee3-493f-b749-b674c98f49f3" />
      <TestMethod codeBase="/workspace/src/UnitTests/bin/Debug/net9.0/UnitTests.dll" adapterTypeName="executor://nunit3testexecutor/" className="UnitTests.Sync.SyncServiceTests" name="SyncAsync_When_Conversion_StepFails_Should_ReturnCorrectResponse" />
    </UnitTest>
    <UnitTest name="GetAvgSpeedMetersPerSecond_MaxSpeed_Is_Converted(&quot;km&quot;)" storage="/workspace/src/unittests/bin/debug/net9.0/unittests.dll" id="d3e023bb-a976-a14d-a18c-f7444af4c631">
      <Execution id="48731575-b03c-498a-aad2-ec7a65005451" />
      <TestMethod codeBase="/workspace/src/UnitTests/bin/Debug/net9.0/UnitTests.dll" adapterTypeName="executor://nunit3testexecutor/" className="UnitTests.Conversion.ConverterTests" name="GetAvgSpeedMetersPerSecond_MaxSpeed_Is_Converted(&quot;km&quot;)" />
    </UnitTest>
    <UnitTest name="ConvertDistanceToMetersTest(&quot;mi&quot;)" storage="/workspace/src/unittests/bin/debug/net9.0/unittests.dll" id="d6ffb23b-d252-950e-a23f-43e134c5b351">
      <Execution id="abe46976-c8aa-4131-96fe-e8e024ca6262" />
      <TestMethod codeBase="/workspace/src/UnitTests/bin/Debug/net9.0/UnitTests.dll" adapterTypeName="executor://nunit3testexecutor/" className="UnitTests.Conversion.ConverterTests" name="ConvertDistanceToMetersTest(&quot;mi&quot;)" />
    </UnitTest>
    <UnitTest name="GetExercisesTrackedByMovementTracker_WhenNoData(Workout { Id = , Status = , Title = , Name = , Created_At = 0, Fitness_Discipline = None, Is_Outdoor = False, Ride = , End_Time = , Start_Time = 0, Total_Work = 0, Ftp_Info = , Movement_Tracker_Data = MovementTrackerData { Completed_Movements_Summary_Data =  } })" storage="/workspace/src/unittests/bin/debug/net9.0/unittests.dll" id="8f0a30f1-398f-c971-4923-3f66a5a73c2d">
      <Execution id="02e9718f-6f93-4a06-a368-29cc1751ddc6" />
      <TestMethod codeBase="/workspace/src/UnitTests/bin/Debug/net9.0/UnitTests.dll" adapterTypeName="executor://nunit3testexecutor/" className="UnitTests.PelotonTests.P2GWorkoutExerciseMapperTests" name="GetExercisesTrackedByMovementTracker_WhenNoData(Workout { Id = , Status = , Title = , Name = , Created_At = 0, Fitness_Discipline = None, Is_Outdoor = False, Ride = , End_Time = , Start_Time = 0, Total_Work = 0, Ftp_Info = , Movement_Tracker_Data = MovementTrackerData { Completed_Movements_Summary_Data =  } })" />
    </UnitTest>
    <UnitTest name="GetTitle_Should_Handle_SpecialChars(&quot;My Title&quot;,&quot;&amp;&quot;)" storage="/workspace/src/unittests/bin/debug/net9.0/unittests.dll" id="ea068faa-b980-f2dc-c742-45ace51c445c">
      <Execution id="82437819-315c-47a8-a55c-31a17bfc0901" />
      <TestMethod codeBase="/workspace/src/UnitTests/bin/Debug/net9.0/UnitTests.dll" adapterTypeName="executor://nunit3testexecutor/" className="UnitTests.Common.WorkoutHelperTests" name="GetTitle_Should_Handle_SpecialChars(&quot;My Title&quot;,&quot;&amp;&quot;)" />
    </UnitTest>
    <UnitTest name="GetExercisesTrackedByMovementTracker_WhenNoData(null)" storage="/workspace/src/unittests/bin/debug/net9.0/unittests.dll" id="e501a9f8-54f7-a0b0-cbb5-51ae0bc08f12">
      <Execution id="0091fd41-e839-4913-9aaf-e88c3e74907e" />
      <TestMethod codeBase="/workspace/src/UnitTests/bin/Debug/net9.0/UnitTests.dll" adapterTypeName="executor://nunit3testexecutor/" className="UnitTests.PelotonTests.P2GWorkoutExerciseMapperTests" name="GetExercisesTrackedByMovementTracker_WhenNoData(null)" />
    </UnitTest>
    <UnitTest name="Fit_Converter_Creates_Valid_Fit(&quot;ride_based_on_distance&quot;,Class_Targets)" storage="/workspace/src/unittests/bin/debug/net9.0/unittests.dll" id="720849a8-818b-65b4-5ac1-bd570d4477a9">
      <Execution id="664bcd3a-9d75-4b0a-a4c6-e82a5f5e74a5" />
      <TestMethod codeBase="/workspace/src/UnitTests/bin/Debug/net9.0/UnitTests.dll" adapterTypeName="executor://nunit3testexecutor/" className="UnitTests.Conversion.FitConverterTests" name="Fit_Converter_Creates_Valid_Fit(&quot;ride_based_on_distance&quot;,Class_Targets)" />
    </UnitTest>
    <UnitTest name="CompleteMFAAuthAsync_WhenWrongAuthStage_ShouldThrowException" storage="/workspace/src/unittests/bin/debug/net9.0/unittests.dll" id="cb68c355-6bfa-b011-745e-3a9f50b6a807">
      <Execution id="e1d5199e-ec5b-45b6-9b3d-ffe57466bdef" />
      <TestMethod codeBase="/workspace/src/UnitTests/bin/Debug/net9.0/UnitTests.dll" adapterTypeName="executor://nunit3testexecutor/" className="UnitTests.Garmin.GarminAuthenticationServiceTests" name="CompleteMFAAuthAsync_WhenWrongAuthStage_ShouldThrowException" />
    </UnitTest>
    <UnitTest name="GetAsync_PageProperties_Should_Be_Mapped_Correctly" storage="/workspace/src/unittests/bin/debug/net9.0/unittests.dll" id="ac39fe87-b406-baf4-1ead-02ee0e9490f2">
      <Execution id="0776aee7-46fe-4ea3-a47e-df42992255e6" />
      <TestMethod codeBase="/workspace/src/UnitTests/bin/Debug/net9.0/UnitTests.dll" adapterTypeName="executor://nunit3testexecutor/" className="UnitTests.Api.Controllers.PelotonWorkoutsControllerTests" name="GetAsync_PageProperties_Should_Be_Mapped_Correctly" />
    </UnitTest>
    <UnitTest name="GetCustomDeviceInfoAsync_Choose_CorrectDevice_For_WorkoutType(Meditation)" storage="/workspace/src/unittests/bin/debug/net9.0/unittests.dll" id="2f7de2c0-2199-52d5-03cd-31fe9d35742e">
      <Execution id="96eda3a0-8de7-4180-82b6-cf1eb74818e2" />
      <TestMethod codeBase="/workspace/src/UnitTests/bin/Debug/net9.0/UnitTests.dll" adapterTypeName="executor://nunit3testexecutor/" className="UnitTests.Common.Service.SettingServiceTests" name="GetCustomDeviceInfoAsync_Choose_CorrectDevice_For_WorkoutType(Meditation)" />
    </UnitTest>
    <UnitTest name="SyncAsync_With_EmptyWorkoutIdsRequest_Returns400" storage="/workspace/src/unittests/bin/debug/net9.0/unittests.dll" id="d549615e-37a6-5b86-fd01-48e9c51b024a">
      <Execution id="d5925b51-065f-44f3-987b-c90c49286e09" />
      <TestMethod codeBase="/workspace/src/UnitTests/bin/Debug/net9.0/UnitTests.dll" adapterTypeName="executor://nunit3testexecutor/" className="UnitTests.Api.Controllers.SyncControllerTests" name="SyncAsync_With_EmptyWorkoutIdsRequest_Returns400" />
    </UnitTest>
    <UnitTest name="UploadActivity_WhenFileAlreadyExists_ShouldHandleGracefully" storage="/workspace/src/unittests/bin/debug/net9.0/unittests.dll" id="bc5b7814-7239-6a17-05e6-e4323f646ac3">
      <Execution id="12d1f1fd-667b-418f-9c5f-3f2525c5e201" />
      <TestMethod codeBase="/workspace/src/UnitTests/bin/Debug/net9.0/UnitTests.dll" adapterTypeName="executor://nunit3testexecutor/" className="UnitTests.Garmin.GarminApiClientTests" name="UploadActivity_WhenFileAlreadyExists_ShouldHandleGracefully" />
    </UnitTest>
    <UnitTest name="Fit_Converter_Creates_Valid_Fit(&quot;walking_outdoor_01&quot;,Class_Targets)" storage="/workspace/src/unittests/bin/debug/net9.0/unittests.dll" id="8ffd8b18-d6d0-548c-74c2-04f1656b2a67">
      <Execution id="cb22a9ca-38ad-4e40-a723-261c3ae5f7a2" />
      <TestMethod codeBase="/workspace/src/UnitTests/bin/Debug/net9.0/UnitTests.dll" adapterTypeName="executor://nunit3testexecutor/" className="UnitTests.Conversion.FitConverterTests" name="Fit_Converter_Creates_Valid_Fit(&quot;walking_outdoor_01&quot;,Class_Targets)" />
    </UnitTest>
    <UnitTest name="GetWorkoutType_Should_Map_Correctly(Walking,True)" storage="/workspace/src/unittests/bin/debug/net9.0/unittests.dll" id="14118ba1-3e16-0557-a7d6-67329481bdad">
      <Execution id="c119f61f-4ac2-4cad-b800-8ea3c68ddd4c" />
      <TestMethod codeBase="/workspace/src/UnitTests/bin/Debug/net9.0/UnitTests.dll" adapterTypeName="executor://nunit3testexecutor/" className="UnitTests.Common.Dto.P2GWorkoutTests" name="GetWorkoutType_Should_Map_Correctly(Walking,True)" />
    </UnitTest>
    <UnitTest name="GetExercisesTrackedByMovementTracker_WhenNoWeight" storage="/workspace/src/unittests/bin/debug/net9.0/unittests.dll" id="ff20ad51-3fe7-1bec-294d-76f7ead9492d">
      <Execution id="196c08c5-3d94-48ed-ba7b-d1421d731577" />
      <TestMethod codeBase="/workspace/src/UnitTests/bin/Debug/net9.0/UnitTests.dll" adapterTypeName="executor://nunit3testexecutor/" className="UnitTests.PelotonTests.P2GWorkoutExerciseMapperTests" name="GetExercisesTrackedByMovementTracker_WhenNoWeight" />
    </UnitTest>
    <UnitTest name="StrengthExerciseMappings_SquatVariations_ShouldMapToSquatCategory" storage="/workspace/src/unittests/bin/debug/net9.0/unittests.dll" id="6bb117d1-94e5-51e3-6903-da2e2b9dba3c">
      <Execution id="a84a9d05-0e17-4cc1-896f-7944e5829e21" />
      <TestMethod codeBase="/workspace/src/UnitTests/bin/Debug/net9.0/UnitTests.dll" adapterTypeName="executor://nunit3testexecutor/" className="UnitTests.Conversion.ExerciseMappingTests" name="StrengthExerciseMappings_SquatVariations_ShouldMapToSquatCategory" />
    </UnitTest>
    <UnitTest name="Fit_Converter_Creates_Valid_Fit(&quot;cycling_workout&quot;,Class_Targets)" storage="/workspace/src/unittests/bin/debug/net9.0/unittests.dll" id="3c993e2f-53f1-5efe-dae0-a0fe5a9dd2ce">
      <Execution id="e1fc8ba3-dd90-4f0b-b3a7-8221aed121af" />
      <TestMethod codeBase="/workspace/src/UnitTests/bin/Debug/net9.0/UnitTests.dll" adapterTypeName="executor://nunit3testexecutor/" className="UnitTests.Conversion.FitConverterTests" name="Fit_Converter_Creates_Valid_Fit(&quot;cycling_workout&quot;,Class_Targets)" />
    </UnitTest>
    <UnitTest name="InitCookieJarAsync_ShouldInitializeCookieJar" storage="/workspace/src/unittests/bin/debug/net9.0/unittests.dll" id="4c5deca3-bfe9-0cf7-1731-7958d4bb8efe">
      <Execution id="9f533514-02b3-4cc5-b125-2ff6f1b6b267" />
      <TestMethod codeBase="/workspace/src/UnitTests/bin/Debug/net9.0/UnitTests.dll" adapterTypeName="executor://nunit3testexecutor/" className="UnitTests.Garmin.GarminApiClientTests" name="InitCookieJarAsync_ShouldInitializeCookieJar" />
    </UnitTest>
    <UnitTest name="DefaultConfigInit_Developer_ShouldHaveDefaulValues" storage="/workspace/src/unittests/bin/debug/net9.0/unittests.dll" id="b1fdbb99-a491-6f58-9cd4-a32d3381e20e">
      <Execution id="3742b173-24d7-48c9-90c8-bbe9bab55147" />
      <TestMethod codeBase="/workspace/src/UnitTests/bin/Debug/net9.0/UnitTests.dll" adapterTypeName="executor://nunit3testexecutor/" className="UnitTests.Common.ConfigurationTests" name="DefaultConfigInit_Developer_ShouldHaveDefaulValues" />
    </UnitTest>
    <UnitTest name="GetTitle_NullRide_ShouldReturn_RideId" storage="/workspace/src/unittests/bin/debug/net9.0/unittests.dll" id="3007729f-a613-5805-213d-0cebf02b0e3e">
      <Execution id="8e749e4a-dd28-4902-9204-6bc33d60b27a" />
      <TestMethod codeBase="/workspace/src/UnitTests/bin/Debug/net9.0/UnitTests.dll" adapterTypeName="executor://nunit3testexecutor/" className="UnitTests.Common.WorkoutHelperTests" name="GetTitle_NullRide_ShouldReturn_RideId" />
    </UnitTest>
    <UnitTest name="DefaultConfigInit_Format_ShouldHaveDefaulValues" storage="/workspace/src/unittests/bin/debug/net9.0/unittests.dll" id="2363ee34-a01c-6457-3c08-71994bc97ae6">
      <Execution id="25e421a5-b5fe-4084-ba74-aed7c308a855" />
      <TestMethod codeBase="/workspace/src/UnitTests/bin/Debug/net9.0/UnitTests.dll" adapterTypeName="executor://nunit3testexecutor/" className="UnitTests.Common.ConfigurationTests" name="DefaultConfigInit_Format_ShouldHaveDefaulValues" />
    </UnitTest>
    <UnitTest name="GetAsync_Calls_Service" storage="/workspace/src/unittests/bin/debug/net9.0/unittests.dll" id="2b942204-73d5-5e1a-b900-79a487486712">
      <Execution id="9d43f70c-3da6-4562-81af-02e537ccefce" />
      <TestMethod codeBase="/workspace/src/UnitTests/bin/Debug/net9.0/UnitTests.dll" adapterTypeName="executor://nunit3testexecutor/" className="UnitTests.Api.Controllers.SystemInfoControllerTests" name="GetAsync_Calls_Service" />
    </UnitTest>
    <UnitTest name="Constructor_ShouldInitializeCorrectly" storage="/workspace/src/unittests/bin/debug/net9.0/unittests.dll" id="b4818bdb-9721-29a3-8561-8e9504a3d80a">
      <Execution id="e4578fe4-b82f-4163-8bb9-6d2771d5fc44" />
      <TestMethod codeBase="/workspace/src/UnitTests/bin/Debug/net9.0/UnitTests.dll" adapterTypeName="executor://nunit3testexecutor/" className="UnitTests.Garmin.GarminUploaderTests" name="Constructor_ShouldInitializeCorrectly" />
    </UnitTest>
    <UnitTest name="SyncAsync_When_SyncSuccess_Should_ReturnCorrectResponse" storage="/workspace/src/unittests/bin/debug/net9.0/unittests.dll" id="c6b40543-f253-b0b7-9aa5-954faa77faae">
      <Execution id="d87b5c03-d0ac-4b7a-8a57-e527faccc5a6" />
      <TestMethod codeBase="/workspace/src/UnitTests/bin/Debug/net9.0/UnitTests.dll" adapterTypeName="executor://nunit3testexecutor/" className="UnitTests.Sync.SyncServiceTests" name="SyncAsync_When_SyncSuccess_Should_ReturnCorrectResponse" />
    </UnitTest>
    <UnitTest name="GetOutputSummary_Metrics_ReturnsNull" storage="/workspace/src/unittests/bin/debug/net9.0/unittests.dll" id="429fc958-a7fd-e403-2f76-5f49eab150a7">
      <Execution id="eb5185a5-97e2-4246-a83c-9d77efe255bf" />
      <TestMethod codeBase="/workspace/src/UnitTests/bin/Debug/net9.0/UnitTests.dll" adapterTypeName="executor://nunit3testexecutor/" className="UnitTests.Conversion.ConverterTests" name="GetOutputSummary_Metrics_ReturnsNull" />
    </UnitTest>
    <UnitTest name="GetExercisesTrackedByMovementTracker_WhenNoData(Workout { Id = , Status = , Title = , Name = , Created_At = 0, Fitness_Discipline = None, Is_Outdoor = False, Ride = , End_Time = , Start_Time = 0, Total_Work = 0, Ftp_Info = , Movement_Tracker_Data = MovementTrackerData { Completed_Movements_Summary_Data = CompletedMovementsSummaryData { Repetition_Summary_Data = System.Collections.Generic.List`1[Common.Dto.Peloton.RepetitionSummaryData] } } })" storage="/workspace/src/unittests/bin/debug/net9.0/unittests.dll" id="41a07f2f-0104-f308-07d3-837b632e4333">
      <Execution id="d774ff51-905b-4e9a-ad7b-926fb5ed7247" />
      <TestMethod codeBase="/workspace/src/UnitTests/bin/Debug/net9.0/UnitTests.dll" adapterTypeName="executor://nunit3testexecutor/" className="UnitTests.PelotonTests.P2GWorkoutExerciseMapperTests" name="GetExercisesTrackedByMovementTracker_WhenNoData(Workout { Id = , Status = , Title = , Name = , Created_At = 0, Fitness_Discipline = None, Is_Outdoor = False, Ride = , End_Time = , Start_Time = 0, Total_Work = 0, Ftp_Info = , Movement_Tracker_Data = MovementTrackerData { Completed_Movements_Summary_Data = CompletedMovementsSummaryData { Repetition_Summary_Data = System.Collections.Generic.List`1[Common.Dto.Peloton.RepetitionSummaryData] } } })" />
    </UnitTest>
    <UnitTest name="ShouldConvert_ShouldOnly_Support_Fit(False,True,True)" storage="/workspace/src/unittests/bin/debug/net9.0/unittests.dll" id="bcb59029-4013-44e5-44e0-773cef3135ff">
      <Execution id="657fbeb3-0a1d-4327-85a1-0fae6af56702" />
      <TestMethod codeBase="/workspace/src/UnitTests/bin/Debug/net9.0/UnitTests.dll" adapterTypeName="executor://nunit3testexecutor/" className="UnitTests.Conversion.FitConverterTests" name="ShouldConvert_ShouldOnly_Support_Fit(False,True,True)" />
    </UnitTest>
    <UnitTest name="StrengthExerciseMappings_ShouldNotBeEmpty" storage="/workspace/src/unittests/bin/debug/net9.0/unittests.dll" id="096b064d-1428-b9d8-fa26-d57393951678">
      <Execution id="88aabc48-6bc5-4149-ad18-7e1c2c293c78" />
      <TestMethod codeBase="/workspace/src/UnitTests/bin/Debug/net9.0/UnitTests.dll" adapterTypeName="executor://nunit3testexecutor/" className="UnitTests.Conversion.ExerciseMappingTests" name="StrengthExerciseMappings_ShouldNotBeEmpty" />
    </UnitTest>
    <UnitTest name="ShouldConvert_ShouldOnly_Support_TCX(True,False,False)" storage="/workspace/src/unittests/bin/debug/net9.0/unittests.dll" id="52f2e7d1-05f8-a8b3-72fb-8fb8b6080a9f">
      <Execution id="8f73ad92-8762-4db4-977e-23e74d5a966f" />
      <TestMethod codeBase="/workspace/src/UnitTests/bin/Debug/net9.0/UnitTests.dll" adapterTypeName="executor://nunit3testexecutor/" className="UnitTests.Conversion.JsonConverterTests" name="ShouldConvert_ShouldOnly_Support_TCX(True,False,False)" />
    </UnitTest>
    <UnitTest name="GetMaxSpeedMetersPerSecond_MaxSpeed_Is_Converted(&quot;kph&quot;)" storage="/workspace/src/unittests/bin/debug/net9.0/unittests.dll" id="860c9fe0-b7f0-10e4-c793-826181732116">
      <Execution id="b0f9984f-f7fc-4ea4-8427-e2012fd4f985" />
      <TestMethod codeBase="/workspace/src/UnitTests/bin/Debug/net9.0/UnitTests.dll" adapterTypeName="executor://nunit3testexecutor/" className="UnitTests.Conversion.ConverterTests" name="GetMaxSpeedMetersPerSecond_MaxSpeed_Is_Converted(&quot;kph&quot;)" />
    </UnitTest>
    <UnitTest name="RowingWorkout_CanBe_Deserialized_To_WorkoutSamples" storage="/workspace/src/unittests/bin/debug/net9.0/unittests.dll" id="266acd3f-05f0-7f05-925e-96206b985b98">
      <Execution id="566aaa43-de65-4d9e-a79f-ceee6c6fd6ee" />
      <TestMethod codeBase="/workspace/src/UnitTests/bin/Debug/net9.0/UnitTests.dll" adapterTypeName="executor://nunit3testexecutor/" className="UnitTests.PelotonTests.ApiClientTests" name="RowingWorkout_CanBe_Deserialized_To_WorkoutSamples" />
    </UnitTest>
    <UnitTest name="ConvertDistanceToMetersTest(&quot;KM&quot;)" storage="/workspace/src/unittests/bin/debug/net9.0/unittests.dll" id="bbc1ffe3-9214-8c97-a7b1-dc448d582233">
      <Execution id="090f9ae2-d4b7-421b-9fd2-c5243c4e8855" />
      <TestMethod codeBase="/workspace/src/UnitTests/bin/Debug/net9.0/UnitTests.dll" adapterTypeName="executor://nunit3testexecutor/" className="UnitTests.Conversion.ConverterTests" name="ConvertDistanceToMetersTest(&quot;KM&quot;)" />
    </UnitTest>
    <UnitTest name="GetAsync_WhenNotRequested_DoesNotEnrich_LatestVersionInfo" storage="/workspace/src/unittests/bin/debug/net9.0/unittests.dll" id="2ad365a4-7690-f909-9b00-353a5ed34e80">
      <Execution id="5a129656-0223-4c73-8a40-6557a7bc224f" />
      <TestMethod codeBase="/workspace/src/UnitTests/bin/Debug/net9.0/UnitTests.dll" adapterTypeName="executor://nunit3testexecutor/" className="UnitTests.Api.Service.SystemInfoServiceTests" name="GetAsync_WhenNotRequested_DoesNotEnrich_LatestVersionInfo" />
    </UnitTest>
    <UnitTest name="GetOAuth1TokenAsync_WhenNetworkError_ShouldThrowException" storage="/workspace/src/unittests/bin/debug/net9.0/unittests.dll" id="f07ec14b-f484-ba9b-8269-66d16c50ab95">
      <Execution id="b15b391d-8588-4f6a-a19d-474b5844d1c6" />
      <TestMethod codeBase="/workspace/src/UnitTests/bin/Debug/net9.0/UnitTests.dll" adapterTypeName="executor://nunit3testexecutor/" className="UnitTests.Garmin.GarminApiClientTests" name="GetOAuth1TokenAsync_WhenNetworkError_ShouldThrowException" />
    </UnitTest>
    <UnitTest name="StrengthExerciseMappings_PushUpVariations_ShouldMapToPushUpCategory" storage="/workspace/src/unittests/bin/debug/net9.0/unittests.dll" id="a7b99d22-ee3f-ab47-ab68-89dfe253a5a4">
      <Execution id="1fe197fe-56cd-4979-9e5b-f0efe8edd360" />
      <TestMethod codeBase="/workspace/src/UnitTests/bin/Debug/net9.0/UnitTests.dll" adapterTypeName="executor://nunit3testexecutor/" className="UnitTests.Conversion.ExerciseMappingTests" name="StrengthExerciseMappings_PushUpVariations_ShouldMapToPushUpCategory" />
    </UnitTest>
    <UnitTest name="Fit_Converter_Creates_Valid_Fit(&quot;tread_run_workout&quot;,Class_Segments)" storage="/workspace/src/unittests/bin/debug/net9.0/unittests.dll" id="fa1aff09-89e9-c9c9-8e43-3435185dc5da">
      <Execution id="4ded8e1d-091a-4c36-86f9-cff601f5bcf4" />
      <TestMethod codeBase="/workspace/src/UnitTests/bin/Debug/net9.0/UnitTests.dll" adapterTypeName="executor://nunit3testexecutor/" className="UnitTests.Conversion.FitConverterTests" name="Fit_Converter_Creates_Valid_Fit(&quot;tread_run_workout&quot;,Class_Segments)" />
    </UnitTest>
    <UnitTest name="GetCalorieSummary_ShouldPickCorrectValue(Common.Dto.Peloton.WorkoutSamples,null)" storage="/workspace/src/unittests/bin/debug/net9.0/unittests.dll" id="47afcd5b-fcc7-5518-3629-dc9b20fc97f8">
      <Execution id="5865332d-8c23-4c3d-9585-6526df0f5be3" />
      <TestMethod codeBase="/workspace/src/UnitTests/bin/Debug/net9.0/UnitTests.dll" adapterTypeName="executor://nunit3testexecutor/" className="UnitTests.Conversion.ConverterTests" name="GetCalorieSummary_ShouldPickCorrectValue(Common.Dto.Peloton.WorkoutSamples,null)" />
    </UnitTest>
    <UnitTest name="PagingResponseBase_Calculates_HasNext_Correctly(0,0)" storage="/workspace/src/unittests/bin/debug/net9.0/unittests.dll" id="b3d2bc06-5cb0-6cbe-2dac-a17793a45748">
      <Execution id="51532f44-afaf-4ac5-b3f0-a44d35146ea3" />
      <TestMethod codeBase="/workspace/src/UnitTests/bin/Debug/net9.0/UnitTests.dll" adapterTypeName="executor://nunit3testexecutor/" className="UnitTests.Common.Api.PagingTests" name="PagingResponseBase_Calculates_HasNext_Correctly(0,0)" />
    </UnitTest>
    <UnitTest name="GetGarminAuthenticationAsync_WhenValidOAuth1Token_ShouldExchangeForOAuth2" storage="/workspace/src/unittests/bin/debug/net9.0/unittests.dll" id="62bf0dc9-a343-a0de-bd40-7ad06d05a1d9">
      <Execution id="e6787983-eb08-4a78-8e95-416fe6606502" />
      <TestMethod codeBase="/workspace/src/UnitTests/bin/Debug/net9.0/UnitTests.dll" adapterTypeName="executor://nunit3testexecutor/" className="UnitTests.Garmin.GarminAuthenticationServiceTests" name="GetGarminAuthenticationAsync_WhenValidOAuth1Token_ShouldExchangeForOAuth2" />
    </UnitTest>
    <UnitTest name="PagingResponseBase_Calculates_HasPrevious_Correctly(-1)" storage="/workspace/src/unittests/bin/debug/net9.0/unittests.dll" id="d1c64d1a-1824-50d1-0539-5ceed713d1a6">
      <Execution id="72951f01-3863-4a28-b821-3cd0107c6ebd" />
      <TestMethod codeBase="/workspace/src/UnitTests/bin/Debug/net9.0/UnitTests.dll" adapterTypeName="executor://nunit3testexecutor/" className="UnitTests.Common.Api.PagingTests" name="PagingResponseBase_Calculates_HasPrevious_Correctly(-1)" />
    </UnitTest>
    <UnitTest name="GetAllAsync_When_Future_SinceDate_Returns400" storage="/workspace/src/unittests/bin/debug/net9.0/unittests.dll" id="93c5c585-3908-44b4-b7b1-3a7e9e7c4d26">
      <Execution id="d3e1e695-bd11-4c24-8fa3-c1e2f15263aa" />
      <TestMethod codeBase="/workspace/src/UnitTests/bin/Debug/net9.0/UnitTests.dll" adapterTypeName="executor://nunit3testexecutor/" className="UnitTests.Api.Controllers.PelotonWorkoutsControllerTests" name="GetAllAsync_When_Future_SinceDate_Returns400" />
    </UnitTest>
    <UnitTest name="Converter_Should_Provide_Formt_of_TCX" storage="/workspace/src/unittests/bin/debug/net9.0/unittests.dll" id="0d49088f-ad55-4dcc-dc87-46d098412d72">
      <Execution id="a13a8172-ec0f-4615-b20f-f7aed46c58b2" />
      <TestMethod codeBase="/workspace/src/UnitTests/bin/Debug/net9.0/UnitTests.dll" adapterTypeName="executor://nunit3testexecutor/" className="UnitTests.Conversion.TcxConverterTests" name="Converter_Should_Provide_Formt_of_TCX" />
    </UnitTest>
    <UnitTest name="GetOAuth1TokenAsync_ShouldReturnValidOAuth1Token" storage="/workspace/src/unittests/bin/debug/net9.0/unittests.dll" id="c98e2074-ed27-4fc7-d66c-9637e2cbb509">
      <Execution id="59c39428-57d0-42c2-8dd9-698fb2fff01e" />
      <TestMethod codeBase="/workspace/src/UnitTests/bin/Debug/net9.0/UnitTests.dll" adapterTypeName="executor://nunit3testexecutor/" className="UnitTests.Garmin.GarminApiClientTests" name="GetOAuth1TokenAsync_ShouldReturnValidOAuth1Token" />
    </UnitTest>
    <UnitTest name="Fit_Converter_Creates_Valid_Fit(&quot;cycling_workout&quot;,Distance)" storage="/workspace/src/unittests/bin/debug/net9.0/unittests.dll" id="356f89fb-8a90-5da8-902f-888a6aa96117">
      <Execution id="41c0c417-314b-4a63-8b48-7dd3198b8522" />
      <TestMethod codeBase="/workspace/src/UnitTests/bin/Debug/net9.0/UnitTests.dll" adapterTypeName="executor://nunit3testexecutor/" className="UnitTests.Conversion.FitConverterTests" name="Fit_Converter_Creates_Valid_Fit(&quot;cycling_workout&quot;,Distance)" />
    </UnitTest>
    <UnitTest name="GetMaxSpeedMetersPerSecond_MaxSpeed_Is_Converted(&quot;m&quot;)" storage="/workspace/src/unittests/bin/debug/net9.0/unittests.dll" id="ea26bba9-26a9-f3ea-e08a-46ddb2f7a2e3">
      <Execution id="9894a58d-8689-42dd-86af-40b98eb187b0" />
      <TestMethod codeBase="/workspace/src/UnitTests/bin/Debug/net9.0/UnitTests.dll" adapterTypeName="executor://nunit3testexecutor/" className="UnitTests.Conversion.ConverterTests" name="GetMaxSpeedMetersPerSecond_MaxSpeed_Is_Converted(&quot;m&quot;)" />
    </UnitTest>
    <UnitTest name="GetWorkoutType_Should_Map_Correctly(Yoga,True)" storage="/workspace/src/unittests/bin/debug/net9.0/unittests.dll" id="75253478-58a0-bb8b-60af-f2e03b85edc6">
      <Execution id="f49b815b-1f2b-4151-8ab2-49dc70cc4e2d" />
      <TestMethod codeBase="/workspace/src/UnitTests/bin/Debug/net9.0/UnitTests.dll" adapterTypeName="executor://nunit3testexecutor/" className="UnitTests.Common.Dto.P2GWorkoutTests" name="GetWorkoutType_Should_Map_Correctly(Yoga,True)" />
    </UnitTest>
    <UnitTest name="DefaultConfigInit_App_ShouldHaveDefaulValues" storage="/workspace/src/unittests/bin/debug/net9.0/unittests.dll" id="60123ba9-8c0d-8a64-f91a-5e13ce5ae077">
      <Execution id="40a57a3a-ae28-4699-ae89-4ac940318d07" />
      <TestMethod codeBase="/workspace/src/UnitTests/bin/Debug/net9.0/UnitTests.dll" adapterTypeName="executor://nunit3testexecutor/" className="UnitTests.Common.ConfigurationTests" name="DefaultConfigInit_App_ShouldHaveDefaulValues" />
    </UnitTest>
    <UnitTest name="GetCsrfTokenAsync_ShouldReturnValidToken" storage="/workspace/src/unittests/bin/debug/net9.0/unittests.dll" id="cedf5e26-eb4c-4ff4-1c76-8686f05baa27">
      <Execution id="c6d76287-481a-4438-9d83-06bcd2c52bb2" />
      <TestMethod codeBase="/workspace/src/UnitTests/bin/Debug/net9.0/UnitTests.dll" adapterTypeName="executor://nunit3testexecutor/" className="UnitTests.Garmin.GarminApiClientTests" name="GetCsrfTokenAsync_ShouldReturnValidToken" />
    </UnitTest>
    <UnitTest name="ConvertToMetersPerSecondTest_Is_Converted_To_MetersPerSecond(&quot;mph&quot;)" storage="/workspace/src/unittests/bin/debug/net9.0/unittests.dll" id="9c7301e8-474b-ab11-2708-80b36a1ddada">
      <Execution id="1fb3c6ae-43bc-460e-a51d-75eb930839ab" />
      <TestMethod codeBase="/workspace/src/UnitTests/bin/Debug/net9.0/UnitTests.dll" adapterTypeName="executor://nunit3testexecutor/" className="UnitTests.Conversion.ConverterTests" name="ConvertToMetersPerSecondTest_Is_Converted_To_MetersPerSecond(&quot;mph&quot;)" />
    </UnitTest>
    <UnitTest name="GetRecentWorkoutsAsync_DoesNothing_WhenNoCount(0)" storage="/workspace/src/unittests/bin/debug/net9.0/unittests.dll" id="378e2b9b-70a1-9c7c-76e4-7abd17042b3d">
      <Execution id="9be47107-3197-4f07-adb0-8f7180eb950c" />
      <TestMethod codeBase="/workspace/src/UnitTests/bin/Debug/net9.0/UnitTests.dll" adapterTypeName="executor://nunit3testexecutor/" className="UnitTests.PelotonTests.PelotonServiceTests" name="GetRecentWorkoutsAsync_DoesNothing_WhenNoCount(0)" />
    </UnitTest>
    <UnitTest name="GetTitle_NullInstructor_ShouldReturn_EmptyInstructorName" storage="/workspace/src/unittests/bin/debug/net9.0/unittests.dll" id="0fab622d-92a1-c592-acf0-a508c8f3d4d8">
      <Execution id="0a011b6d-c2cf-4470-8c00-b5bcee7ebdc7" />
      <TestMethod codeBase="/workspace/src/UnitTests/bin/Debug/net9.0/UnitTests.dll" adapterTypeName="executor://nunit3testexecutor/" className="UnitTests.Common.WorkoutHelperTests" name="GetTitle_NullInstructor_ShouldReturn_EmptyInstructorName" />
    </UnitTest>
    <UnitTest name="GetTitle_Should_ReplaceInvalidChars(&quot;My/Title&quot;,&quot;Some/Instructor&quot;)" storage="/workspace/src/unittests/bin/debug/net9.0/unittests.dll" id="e6206494-1fd5-7cce-b12d-03dc2164d6bc">
      <Execution id="41efb21c-3128-4442-a5c7-e95b89a72013" />
      <TestMethod codeBase="/workspace/src/UnitTests/bin/Debug/net9.0/UnitTests.dll" adapterTypeName="executor://nunit3testexecutor/" className="UnitTests.Common.WorkoutHelperTests" name="GetTitle_Should_ReplaceInvalidChars(&quot;My/Title&quot;,&quot;Some/Instructor&quot;)" />
    </UnitTest>
    <UnitTest name="GetAllAsync_Honors_ExcludedWorkoutTypes" storage="/workspace/src/unittests/bin/debug/net9.0/unittests.dll" id="fec7dedc-c946-c21e-b247-b1399ec429d4">
      <Execution id="eec62169-0825-4c2a-b177-907ceb29e61c" />
      <TestMethod codeBase="/workspace/src/UnitTests/bin/Debug/net9.0/UnitTests.dll" adapterTypeName="executor://nunit3testexecutor/" className="UnitTests.Api.Controllers.PelotonWorkoutsControllerTests" name="GetAllAsync_Honors_ExcludedWorkoutTypes" />
    </UnitTest>
    <UnitTest name="GetCyclingFtp_Should_PickCorrectValue(null,UserData { Cycling_Ftp_Source = Ftp_Manual_Source, Cycling_Workout_Ftp = 0, Cycling_Ftp_Workout_Id = , Cycling_Ftp = 0, Estimated_Cycling_Ftp = 100, Default_Max_Heart_Rate = 0, Customized_Max_Heart_Rate = 0, Weight = 0 },100)" storage="/workspace/src/unittests/bin/debug/net9.0/unittests.dll" id="b5e89cb9-a5d1-e7dc-d10c-4ca766a33e40">
      <Execution id="ce264d96-8b47-4956-a023-0deff74cb8b8" />
      <TestMethod codeBase="/workspace/src/UnitTests/bin/Debug/net9.0/UnitTests.dll" adapterTypeName="executor://nunit3testexecutor/" className="UnitTests.Conversion.ConverterTests" name="GetCyclingFtp_Should_PickCorrectValue(null,UserData { Cycling_Ftp_Source = Ftp_Manual_Source, Cycling_Workout_Ftp = 0, Cycling_Ftp_Workout_Id = , Cycling_Ftp = 0, Estimated_Cycling_Ftp = 100, Default_Max_Heart_Rate = 0, Customized_Max_Heart_Rate = 0, Weight = 0 },100)" />
    </UnitTest>
    <UnitTest name="GarminPost_With_PasswordChange_Should_SignOut_of_Garmin" storage="/workspace/src/unittests/bin/debug/net9.0/unittests.dll" id="249fb9cf-a2bf-c28f-b9d5-4ef4a23d459c">
      <Execution id="c30b0205-a4be-4b21-88ab-ce3c6f2d1b35" />
      <TestMethod codeBase="/workspace/src/UnitTests/bin/Debug/net9.0/UnitTests.dll" adapterTypeName="executor://nunit3testexecutor/" className="UnitTests.Api.Service.SettingsUpdaterServiceTests" name="GarminPost_With_PasswordChange_Should_SignOut_of_Garmin" />
    </UnitTest>
    <UnitTest name="PelotonPost_With_PasswordChange_Should_Validate_Characters(&quot;a\\&quot;)" storage="/workspace/src/unittests/bin/debug/net9.0/unittests.dll" id="a45b0da2-eb2b-b9b6-85db-5a1df2e22596">
      <Execution id="9cfbdfdc-5d69-4bfc-9340-2550c2e9aee8" />
      <TestMethod codeBase="/workspace/src/UnitTests/bin/Debug/net9.0/UnitTests.dll" adapterTypeName="executor://nunit3testexecutor/" className="UnitTests.Api.Service.SettingsUpdaterServiceTests" name="PelotonPost_With_PasswordChange_Should_Validate_Characters(&quot;a\\&quot;)" />
    </UnitTest>
    <UnitTest name="GetAllAsync_Returns_Results_SortedBy_MostRecentFirst" storage="/workspace/src/unittests/bin/debug/net9.0/unittests.dll" id="a1d5e58e-a3ed-a811-2f4a-39a63b26814e">
      <Execution id="c7b76b71-1b0a-45d1-94c4-7a6721d42531" />
      <TestMethod codeBase="/workspace/src/UnitTests/bin/Debug/net9.0/UnitTests.dll" adapterTypeName="executor://nunit3testexecutor/" className="UnitTests.Api.Controllers.PelotonWorkoutsControllerTests" name="GetAllAsync_Returns_Results_SortedBy_MostRecentFirst" />
    </UnitTest>
    <UnitTest name="Constructor_WhenSettingsServiceIsNull_ShouldNotThrow" storage="/workspace/src/unittests/bin/debug/net9.0/unittests.dll" id="bb1a317a-f603-fd34-847e-2a6fecc00af2">
      <Execution id="a27f811a-e401-4fcc-a957-2a6a787414b8" />
      <TestMethod codeBase="/workspace/src/UnitTests/bin/Debug/net9.0/UnitTests.dll" adapterTypeName="executor://nunit3testexecutor/" className="UnitTests.Garmin.GarminApiClientTests" name="Constructor_WhenSettingsServiceIsNull_ShouldNotThrow" />
    </UnitTest>
    <UnitTest name="GetWorkoutType_Should_Map_Correctly(Stretching,True)" storage="/workspace/src/unittests/bin/debug/net9.0/unittests.dll" id="d26bb60f-4042-678a-8d98-9cd1fa6f6343">
      <Execution id="5ba9d136-94c8-46c0-9d07-fb5f0d986d62" />
      <TestMethod codeBase="/workspace/src/UnitTests/bin/Debug/net9.0/UnitTests.dll" adapterTypeName="executor://nunit3testexecutor/" className="UnitTests.Common.Dto.P2GWorkoutTests" name="GetWorkoutType_Should_Map_Correctly(Stretching,True)" />
    </UnitTest>
    <UnitTest name="ValidateConfig_ValidHostPort_DoesNotThrow" storage="/workspace/src/unittests/bin/debug/net9.0/unittests.dll" id="d41d09d9-47e4-6a0e-3520-bb2673be8aa2">
      <Execution id="f8641025-d9f5-4b55-85b5-84962125ce33" />
      <TestMethod codeBase="/workspace/src/UnitTests/bin/Debug/net9.0/UnitTests.dll" adapterTypeName="executor://nunit3testexecutor/" className="UnitTests.Common.TracingTests" name="ValidateConfig_ValidHostPort_DoesNotThrow" />
    </UnitTest>
    <UnitTest name="ShouldConvert_ShouldOnly_Support_Fit(True,True,False)" storage="/workspace/src/unittests/bin/debug/net9.0/unittests.dll" id="f462a461-4209-1e5e-3555-ae640f044d96">
      <Execution id="65de2ace-738f-4994-94f7-c5c029d0412b" />
      <TestMethod codeBase="/workspace/src/UnitTests/bin/Debug/net9.0/UnitTests.dll" adapterTypeName="executor://nunit3testexecutor/" className="UnitTests.Conversion.FitConverterTests" name="ShouldConvert_ShouldOnly_Support_Fit(True,True,False)" />
    </UnitTest>
    <UnitTest name="GetCustomDeviceInfoAsync_Choose_CorrectDevice_For_WorkoutType(Cardio)" storage="/workspace/src/unittests/bin/debug/net9.0/unittests.dll" id="590353f7-0343-b410-3784-f9ebd31c91c3">
      <Execution id="cfffc06e-9c64-4bb4-af86-9b7307bf868a" />
      <TestMethod codeBase="/workspace/src/UnitTests/bin/Debug/net9.0/UnitTests.dll" adapterTypeName="executor://nunit3testexecutor/" className="UnitTests.Common.Service.SettingServiceTests" name="GetCustomDeviceInfoAsync_Choose_CorrectDevice_For_WorkoutType(Cardio)" />
    </UnitTest>
    <UnitTest name="ValidateConfig_Disabled_DoesNotThrow" storage="/workspace/src/unittests/bin/debug/net9.0/unittests.dll" id="32b482d6-93d8-7c20-38aa-1450f325d87f">
      <Execution id="d2f97a41-ca88-4d1f-9086-61491f032484" />
      <TestMethod codeBase="/workspace/src/UnitTests/bin/Debug/net9.0/UnitTests.dll" adapterTypeName="executor://nunit3testexecutor/" className="UnitTests.Common.TracingTests" name="ValidateConfig_Disabled_DoesNotThrow" />
    </UnitTest>
    <UnitTest name="CombineLocationData_When_Coordinate_Is_Null_SkipsEmpty" storage="/workspace/src/unittests/bin/debug/net9.0/unittests.dll" id="7cafaab9-88ea-6550-36c3-d0f55dd10b21">
      <Execution id="024f9670-0b90-429d-8829-e147b762e966" />
      <TestMethod codeBase="/workspace/src/UnitTests/bin/Debug/net9.0/UnitTests.dll" adapterTypeName="executor://nunit3testexecutor/" className="UnitTests.Sync.StackedWorkoutsCalculatorTests" name="CombineLocationData_When_Coordinate_Is_Null_SkipsEmpty" />
    </UnitTest>
    <UnitTest name="GetWorkoutDetailsAsync_Should_Only_Enrich_ValidRideIds(&quot;&quot;)" storage="/workspace/src/unittests/bin/debug/net9.0/unittests.dll" id="9e4a166f-9dd6-6fc3-0366-061d8403a00e">
      <Execution id="c40884e2-62c7-43c6-94e4-9c1cb12c77f5" />
      <TestMethod codeBase="/workspace/src/UnitTests/bin/Debug/net9.0/UnitTests.dll" adapterTypeName="executor://nunit3testexecutor/" className="UnitTests.PelotonTests.PelotonServiceTests" name="GetWorkoutDetailsAsync_Should_Only_Enrich_ValidRideIds(&quot;&quot;)" />
    </UnitTest>
    <UnitTest name="ShouldConvert_ShouldOnly_Support_TCX(False,False,False)" storage="/workspace/src/unittests/bin/debug/net9.0/unittests.dll" id="ae4de01a-1d12-e7d6-986b-cf06269c1d43">
      <Execution id="336e2778-6319-4bcb-ba80-237e041dc02d" />
      <TestMethod codeBase="/workspace/src/UnitTests/bin/Debug/net9.0/UnitTests.dll" adapterTypeName="executor://nunit3testexecutor/" className="UnitTests.Conversion.TcxConverterTests" name="ShouldConvert_ShouldOnly_Support_TCX(False,False,False)" />
    </UnitTest>
    <UnitTest name="PagingResponseBase_Calculates_HasNext_Correctly(1,0)" storage="/workspace/src/unittests/bin/debug/net9.0/unittests.dll" id="ca9219fd-27b5-f98f-69d6-f4a236265e4f">
      <Execution id="02b6a1a0-093d-4ee4-901b-0277d9554316" />
      <TestMethod codeBase="/workspace/src/UnitTests/bin/Debug/net9.0/UnitTests.dll" adapterTypeName="executor://nunit3testexecutor/" className="UnitTests.Common.Api.PagingTests" name="PagingResponseBase_Calculates_HasNext_Correctly(1,0)" />
    </UnitTest>
    <UnitTest name="GetWorkoutType_Should_Map_Correctly(Strength,False)" storage="/workspace/src/unittests/bin/debug/net9.0/unittests.dll" id="f01466b1-9eed-a834-70fe-05694dcd6329">
      <Execution id="449c1496-f967-4901-b9fa-0e09e0de8bb2" />
      <TestMethod codeBase="/workspace/src/UnitTests/bin/Debug/net9.0/UnitTests.dll" adapterTypeName="executor://nunit3testexecutor/" className="UnitTests.Common.Dto.P2GWorkoutTests" name="GetWorkoutType_Should_Map_Correctly(Strength,False)" />
    </UnitTest>
    <UnitTest name="IsRest_WhenNullOrEmpty_ShouldReturnFalse" storage="/workspace/src/unittests/bin/debug/net9.0/unittests.dll" id="ef799867-ba48-b99a-3202-edf0b6a86be1">
      <Execution id="8b89e200-c73a-4fd3-b0cd-128f96d25ad4" />
      <TestMethod codeBase="/workspace/src/UnitTests/bin/Debug/net9.0/UnitTests.dll" adapterTypeName="executor://nunit3testexecutor/" className="UnitTests.Conversion.ExerciseMappingTests" name="IsRest_WhenNullOrEmpty_ShouldReturnFalse" />
    </UnitTest>
    <UnitTest name="ShouldConvert_ShouldOnly_Support_TCX(False,False,False)" storage="/workspace/src/unittests/bin/debug/net9.0/unittests.dll" id="f227a819-2a67-8cc4-9f97-0d0e685c0f0f">
      <Execution id="0cc11a4f-2c5c-4cca-a956-3bb69244f031" />
      <TestMethod codeBase="/workspace/src/UnitTests/bin/Debug/net9.0/UnitTests.dll" adapterTypeName="executor://nunit3testexecutor/" className="UnitTests.Conversion.JsonConverterTests" name="ShouldConvert_ShouldOnly_Support_TCX(False,False,False)" />
    </UnitTest>
    <UnitTest name="MigrateToAdminUserAsync_When_NoLegacySettings_NoOp" storage="/workspace/src/unittests/bin/debug/net9.0/unittests.dll" id="f71539d0-9988-91d1-71c5-d86493ed2948">
      <Execution id="a0d5d3eb-c420-4ce2-9adc-d37834362157" />
      <TestMethod codeBase="/workspace/src/UnitTests/bin/Debug/net9.0/UnitTests.dll" adapterTypeName="executor://nunit3testexecutor/" className="UnitTests.Common.Database.DbMigrationsTests" name="MigrateToAdminUserAsync_When_NoLegacySettings_NoOp" />
    </UnitTest>
    <UnitTest name="GetTotalDistanceTest_Distance_Is_Converted_To_Meters(&quot;ft&quot;)" storage="/workspace/src/unittests/bin/debug/net9.0/unittests.dll" id="35f78f67-27d9-c541-c70a-00c7dcd82935">
      <Execution id="5192c89c-9394-40df-9d39-b9800a9c43c1" />
      <TestMethod codeBase="/workspace/src/UnitTests/bin/Debug/net9.0/UnitTests.dll" adapterTypeName="executor://nunit3testexecutor/" className="UnitTests.Conversion.ConverterTests" name="GetTotalDistanceTest_Distance_Is_Converted_To_Meters(&quot;ft&quot;)" />
    </UnitTest>
    <UnitTest name="ConvertToMetersPerSecondTest_Is_Converted_To_MetersPerSecond(&quot;kph&quot;)" storage="/workspace/src/unittests/bin/debug/net9.0/unittests.dll" id="6888598b-cb60-477f-2c20-bf0224fd9c36">
      <Execution id="c9e92d9c-541e-4867-9d55-0a639c35c38f" />
      <TestMethod codeBase="/workspace/src/UnitTests/bin/Debug/net9.0/UnitTests.dll" adapterTypeName="executor://nunit3testexecutor/" className="UnitTests.Conversion.ConverterTests" name="ConvertToMetersPerSecondTest_Is_Converted_To_MetersPerSecond(&quot;kph&quot;)" />
    </UnitTest>
    <UnitTest name="GetExercisesTrackedByMovementTracker_WhenNoData(Workout { Id = , Status = , Title = , Name = , Created_At = 0, Fitness_Discipline = None, Is_Outdoor = False, Ride = , End_Time = , Start_Time = 0, Total_Work = 0, Ftp_Info = , Movement_Tracker_Data =  })" storage="/workspace/src/unittests/bin/debug/net9.0/unittests.dll" id="dc78183a-3301-6d2f-bfc2-96017ddfdaab">
      <Execution id="f921786d-2db4-44aa-946e-47688f1f20e0" />
      <TestMethod codeBase="/workspace/src/UnitTests/bin/Debug/net9.0/UnitTests.dll" adapterTypeName="executor://nunit3testexecutor/" className="UnitTests.PelotonTests.P2GWorkoutExerciseMapperTests" name="GetExercisesTrackedByMovementTracker_WhenNoData(Workout { Id = , Status = , Title = , Name = , Created_At = 0, Fitness_Discipline = None, Is_Outdoor = False, Ride = , End_Time = , Start_Time = 0, Total_Work = 0, Ftp_Info = , Movement_Tracker_Data =  })" />
    </UnitTest>
    <UnitTest name="Fit_Converter_Creates_Valid_Fit(&quot;running_workout_no_metrics&quot;,Class_Segments)" storage="/workspace/src/unittests/bin/debug/net9.0/unittests.dll" id="6364f89d-e9b5-09be-80f9-4b631b3c548e">
      <Execution id="30f6669d-ae71-4797-8aba-a687af7445d4" />
      <TestMethod codeBase="/workspace/src/UnitTests/bin/Debug/net9.0/UnitTests.dll" adapterTypeName="executor://nunit3testexecutor/" className="UnitTests.Conversion.FitConverterTests" name="Fit_Converter_Creates_Valid_Fit(&quot;running_workout_no_metrics&quot;,Class_Segments)" />
    </UnitTest>
    <UnitTest name="SignInAsync_WhenMfaRequired_ShouldReturnNeedMfaToken" storage="/workspace/src/unittests/bin/debug/net9.0/unittests.dll" id="4692bdef-824c-2da9-2b8f-73cf5e60e9b6">
      <Execution id="9f00c66b-2eb3-4358-a6d4-f716a1964e98" />
      <TestMethod codeBase="/workspace/src/UnitTests/bin/Debug/net9.0/UnitTests.dll" adapterTypeName="executor://nunit3testexecutor/" className="UnitTests.Garmin.GarminAuthenticationServiceTests" name="SignInAsync_WhenMfaRequired_ShouldReturnNeedMfaToken" />
    </UnitTest>
    <UnitTest name="GetHeartRateSummary_Metrics_ReturnsNull" storage="/workspace/src/unittests/bin/debug/net9.0/unittests.dll" id="76e0271b-85c4-90ea-aed2-72a6495ef213">
      <Execution id="7c196358-f000-446a-b2a2-50d95ba7dc20" />
      <TestMethod codeBase="/workspace/src/UnitTests/bin/Debug/net9.0/UnitTests.dll" adapterTypeName="executor://nunit3testexecutor/" className="UnitTests.Conversion.ConverterTests" name="GetHeartRateSummary_Metrics_ReturnsNull" />
    </UnitTest>
    <UnitTest name="GarminAuthTokenExistsAndIsValidAsync_WhenExpiredToken_ShouldReturnFalse" storage="/workspace/src/unittests/bin/debug/net9.0/unittests.dll" id="53bd1552-7549-7526-31ea-0d733217eee6">
      <Execution id="e1b3e18e-d759-4319-847a-834341cc2c93" />
      <TestMethod codeBase="/workspace/src/UnitTests/bin/Debug/net9.0/UnitTests.dll" adapterTypeName="executor://nunit3testexecutor/" className="UnitTests.Garmin.GarminAuthenticationServiceTests" name="GarminAuthTokenExistsAndIsValidAsync_WhenExpiredToken_ShouldReturnFalse" />
    </UnitTest>
    <UnitTest name="SendCredentialsAsync_WhenValidCredentials_ShouldReturnSuccess" storage="/workspace/src/unittests/bin/debug/net9.0/unittests.dll" id="a64dc5d1-fa73-43f2-6ecb-a8207ac84e2d">
      <Execution id="90832e61-1dda-45fe-914e-ce1a8cac4298" />
      <TestMethod codeBase="/workspace/src/UnitTests/bin/Debug/net9.0/UnitTests.dll" adapterTypeName="executor://nunit3testexecutor/" className="UnitTests.Garmin.GarminApiClientTests" name="SendCredentialsAsync_WhenValidCredentials_ShouldReturnSuccess" />
    </UnitTest>
    <UnitTest name="Fit_Converter_Creates_Valid_Fit(&quot;meditation_workout&quot;,Distance)" storage="/workspace/src/unittests/bin/debug/net9.0/unittests.dll" id="4e963c65-d36b-621f-1e27-b7f2f0cf1013">
      <Execution id="43af45d0-c309-4e2e-ae3b-91b235c67e5a" />
      <TestMethod codeBase="/workspace/src/UnitTests/bin/Debug/net9.0/UnitTests.dll" adapterTypeName="executor://nunit3testexecutor/" className="UnitTests.Conversion.FitConverterTests" name="Fit_Converter_Creates_Valid_Fit(&quot;meditation_workout&quot;,Distance)" />
    </UnitTest>
    <UnitTest name="GetOutputSummary_NullWorkoutSamples_ReturnsNull" storage="/workspace/src/unittests/bin/debug/net9.0/unittests.dll" id="268d93db-2570-34ff-4ac3-2be55c3fdd53">
      <Execution id="677908ba-a211-4b7b-b478-10743a529aa3" />
      <TestMethod codeBase="/workspace/src/UnitTests/bin/Debug/net9.0/UnitTests.dll" adapterTypeName="executor://nunit3testexecutor/" className="UnitTests.Conversion.ConverterTests" name="GetOutputSummary_NullWorkoutSamples_ReturnsNull" />
    </UnitTest>
    <UnitTest name="UploadActivity_WhenNetworkError_ShouldThrowException" storage="/workspace/src/unittests/bin/debug/net9.0/unittests.dll" id="765355bb-85aa-5089-57c0-fceb33f00719">
      <Execution id="7b3cb5eb-b5c5-48af-8b5e-a2489724f4de" />
      <TestMethod codeBase="/workspace/src/UnitTests/bin/Debug/net9.0/UnitTests.dll" adapterTypeName="executor://nunit3testexecutor/" className="UnitTests.Garmin.GarminApiClientTests" name="UploadActivity_WhenNetworkError_ShouldThrowException" />
    </UnitTest>
    <UnitTest name="GetTitle_Should_ReplaceInvalidChars(&quot;My*Title&quot;,&quot;Some*Instructor&quot;)" storage="/workspace/src/unittests/bin/debug/net9.0/unittests.dll" id="2110bc6e-fba0-1c6f-ec93-c31a40d8cfb6">
      <Execution id="8745e8b8-aeff-4c53-8810-ebee5a84bf04" />
      <TestMethod codeBase="/workspace/src/UnitTests/bin/Debug/net9.0/UnitTests.dll" adapterTypeName="executor://nunit3testexecutor/" className="UnitTests.Common.WorkoutHelperTests" name="GetTitle_Should_ReplaceInvalidChars(&quot;My*Title&quot;,&quot;Some*Instructor&quot;)" />
    </UnitTest>
    <UnitTest name="Constructor_ShouldInitializeCorrectly" storage="/workspace/src/unittests/bin/debug/net9.0/unittests.dll" id="a9cdeb2a-c214-4411-5768-e37d7c76a1f4">
      <Execution id="1aa036b1-dc94-48ff-8077-5e8df28b1ada" />
      <TestMethod codeBase="/workspace/src/UnitTests/bin/Debug/net9.0/UnitTests.dll" adapterTypeName="executor://nunit3testexecutor/" className="UnitTests.Garmin.GarminApiClientTests" name="Constructor_ShouldInitializeCorrectly" />
    </UnitTest>
    <UnitTest name="StrengthExerciseMappings_CurlVariations_ShouldMapToCurlCategory" storage="/workspace/src/unittests/bin/debug/net9.0/unittests.dll" id="4e0c6c25-d6c8-8ad0-b8d7-d624e6f7c604">
      <Execution id="b781c830-8ace-41b2-bdb5-fc426f922492" />
      <TestMethod codeBase="/workspace/src/UnitTests/bin/Debug/net9.0/UnitTests.dll" adapterTypeName="executor://nunit3testexecutor/" className="UnitTests.Conversion.ExerciseMappingTests" name="StrengthExerciseMappings_CurlVariations_ShouldMapToCurlCategory" />
    </UnitTest>
    <UnitTest name="DefaultConfigInit_Peloton_ShouldHaveDefaulValues" storage="/workspace/src/unittests/bin/debug/net9.0/unittests.dll" id="0153e39d-fc01-401a-b752-5ada10912238">
      <Execution id="a42e0659-5cff-40c3-a9c2-67dcee1a4344" />
      <TestMethod codeBase="/workspace/src/UnitTests/bin/Debug/net9.0/UnitTests.dll" adapterTypeName="executor://nunit3testexecutor/" className="UnitTests.Common.ConfigurationTests" name="DefaultConfigInit_Peloton_ShouldHaveDefaulValues" />
    </UnitTest>
    <UnitTest name="GetAsync_Returns_Results_SortedBy_MostRecentFirst" storage="/workspace/src/unittests/bin/debug/net9.0/unittests.dll" id="a1eae981-15fc-9585-9ce2-ccd29fa697b1">
      <Execution id="dec42c54-9c15-4552-b6c0-a09b21d7a8c1" />
      <TestMethod codeBase="/workspace/src/UnitTests/bin/Debug/net9.0/UnitTests.dll" adapterTypeName="executor://nunit3testexecutor/" className="UnitTests.Api.Controllers.PelotonWorkoutsControllerTests" name="GetAsync_Returns_Results_SortedBy_MostRecentFirst" />
    </UnitTest>
    <UnitTest name="ShouldConvert_ShouldOnly_Support_TCX(True,True,True)" storage="/workspace/src/unittests/bin/debug/net9.0/unittests.dll" id="738e5c98-030d-7775-230f-848afa42a22f">
      <Execution id="f6059f15-f977-4822-a0a8-9fffd7fd0777" />
      <TestMethod codeBase="/workspace/src/UnitTests/bin/Debug/net9.0/UnitTests.dll" adapterTypeName="executor://nunit3testexecutor/" className="UnitTests.Conversion.JsonConverterTests" name="ShouldConvert_ShouldOnly_Support_TCX(True,True,True)" />
    </UnitTest>
    <UnitTest name="ShouldConvert_ShouldOnly_Support_TCX(False,True,True)" storage="/workspace/src/unittests/bin/debug/net9.0/unittests.dll" id="1f4f2efb-76ac-0df0-4616-bcaedde445b7">
      <Execution id="40181c4f-5d11-4e5b-a893-c39cdc7f5f56" />
      <TestMethod codeBase="/workspace/src/UnitTests/bin/Debug/net9.0/UnitTests.dll" adapterTypeName="executor://nunit3testexecutor/" className="UnitTests.Conversion.TcxConverterTests" name="ShouldConvert_ShouldOnly_Support_TCX(False,True,True)" />
    </UnitTest>
    <UnitTest name="GetOutputSummary_NoCalorieSlug_ReturnsNull" storage="/workspace/src/unittests/bin/debug/net9.0/unittests.dll" id="69dea2dc-fad0-8685-5cf5-d563d03316ed">
      <Execution id="c27dba4a-e200-4f77-b873-8ca22471f7d0" />
      <TestMethod codeBase="/workspace/src/UnitTests/bin/Debug/net9.0/UnitTests.dll" adapterTypeName="executor://nunit3testexecutor/" className="UnitTests.Conversion.ConverterTests" name="GetOutputSummary_NoCalorieSlug_ReturnsNull" />
    </UnitTest>
    <UnitTest name="IsRest_WhenRestExerciseId_ShouldReturnTrue" storage="/workspace/src/unittests/bin/debug/net9.0/unittests.dll" id="c9206a37-69dd-d0c2-7817-2b9527b99edf">
      <Execution id="d1b36c36-a13a-4b42-838c-5b6efd3f505b" />
      <TestMethod codeBase="/workspace/src/UnitTests/bin/Debug/net9.0/UnitTests.dll" adapterTypeName="executor://nunit3testexecutor/" className="UnitTests.Conversion.ExerciseMappingTests" name="IsRest_WhenRestExerciseId_ShouldReturnTrue" />
    </UnitTest>
    <UnitTest name="StrengthExerciseMappings_OverheadMovements_ShouldMapToShoulderPress" storage="/workspace/src/unittests/bin/debug/net9.0/unittests.dll" id="ff1f8e51-22b6-57cc-4d3e-e50fee72f0ef">
      <Execution id="78388364-d2ca-4c94-b7f5-2d7e46b6677f" />
      <TestMethod codeBase="/workspace/src/UnitTests/bin/Debug/net9.0/UnitTests.dll" adapterTypeName="executor://nunit3testexecutor/" className="UnitTests.Conversion.ExerciseMappingTests" name="StrengthExerciseMappings_OverheadMovements_ShouldMapToShoulderPress" />
    </UnitTest>
    <UnitTest name="GarminExercise_Constructor_ShouldSetProperties" storage="/workspace/src/unittests/bin/debug/net9.0/unittests.dll" id="e5148d61-6a1f-4ceb-0ad8-fb67024b7aa1">
      <Execution id="b1a62805-727c-4f7e-a3a5-c3754bf65969" />
      <TestMethod codeBase="/workspace/src/UnitTests/bin/Debug/net9.0/UnitTests.dll" adapterTypeName="executor://nunit3testexecutor/" className="UnitTests.Conversion.ExerciseMappingTests" name="GarminExercise_Constructor_ShouldSetProperties" />
    </UnitTest>
    <UnitTest name="GetGarminAuthenticationAsync_WhenValidOAuth2Token_ShouldReturnCompleted" storage="/workspace/src/unittests/bin/debug/net9.0/unittests.dll" id="907383d2-f552-bfad-d91c-b70280b356e5">
      <Execution id="423205dd-7efc-44fa-883f-45232429b30d" />
      <TestMethod codeBase="/workspace/src/UnitTests/bin/Debug/net9.0/UnitTests.dll" adapterTypeName="executor://nunit3testexecutor/" className="UnitTests.Garmin.GarminAuthenticationServiceTests" name="GetGarminAuthenticationAsync_WhenValidOAuth2Token_ShouldReturnCompleted" />
    </UnitTest>
    <UnitTest name="GarminPost_With_PasswordChange_Should_Validate_Characters(&quot;a\\ads\\adf&quot;)" storage="/workspace/src/unittests/bin/debug/net9.0/unittests.dll" id="5a7fd466-b0ba-5fc7-6c23-ca33470220b2">
      <Execution id="3acc0258-e779-44ac-85f9-e2b87da0d723" />
      <TestMethod codeBase="/workspace/src/UnitTests/bin/Debug/net9.0/UnitTests.dll" adapterTypeName="executor://nunit3testexecutor/" className="UnitTests.Api.Service.SettingsUpdaterServiceTests" name="GarminPost_With_PasswordChange_Should_Validate_Characters(&quot;a\\ads\\adf&quot;)" />
    </UnitTest>
    <UnitTest name="ShouldConvert_ShouldOnly_Support_TCX(True,False,True)" storage="/workspace/src/unittests/bin/debug/net9.0/unittests.dll" id="97df3935-67e3-f4a9-e35f-d1185c26ea7e">
      <Execution id="28246597-dda9-4de1-a369-2758d99c0065" />
      <TestMethod codeBase="/workspace/src/UnitTests/bin/Debug/net9.0/UnitTests.dll" adapterTypeName="executor://nunit3testexecutor/" className="UnitTests.Conversion.TcxConverterTests" name="ShouldConvert_ShouldOnly_Support_TCX(True,False,True)" />
    </UnitTest>
    <UnitTest name="GetCyclingFtp_Should_PickCorrectValue(Workout { Id = , Status = , Title = , Name = , Created_At = 0, Fitness_Discipline = None, Is_Outdoor = False, Ride = , End_Time = , Start_Time = 0, Total_Work = 0, Ftp_Info = , Movement_Tracker_Data =  },UserData { Cycling_Ftp_Source = , Cycling_Workout_Ftp = 0, Cycling_Ftp_Workout_Id = , Cycling_Ftp = 0, Estimated_Cycling_Ftp = 0, Default_Max_Heart_Rate = 0, Customized_Max_Heart_Rate = 0, Weight = 0 },ushort.MinValue)" storage="/workspace/src/unittests/bin/debug/net9.0/unittests.dll" id="9b063be3-df40-a136-722a-1aebabe11579">
      <Execution id="acd05dd5-28e7-4347-953f-99a083b061f4" />
      <TestMethod codeBase="/workspace/src/UnitTests/bin/Debug/net9.0/UnitTests.dll" adapterTypeName="executor://nunit3testexecutor/" className="UnitTests.Conversion.ConverterTests" name="GetCyclingFtp_Should_PickCorrectValue(Workout { Id = , Status = , Title = , Name = , Created_At = 0, Fitness_Discipline = None, Is_Outdoor = False, Ride = , End_Time = , Start_Time = 0, Total_Work = 0, Ftp_Info = , Movement_Tracker_Data =  },UserData { Cycling_Ftp_Source = , Cycling_Workout_Ftp = 0, Cycling_Ftp_Workout_Id = , Cycling_Ftp = 0, Estimated_Cycling_Ftp = 0, Default_Max_Heart_Rate = 0, Customized_Max_Heart_Rate = 0, Weight = 0 },ushort.MinValue)" />
    </UnitTest>
    <UnitTest name="PagingResponseBase_Calculates_HasNext_Correctly(-1,0)" storage="/workspace/src/unittests/bin/debug/net9.0/unittests.dll" id="6be0c6cd-5df1-25b4-5146-441545fc3568">
      <Execution id="cb4588e6-1ce7-4838-bb67-6c422a6661c2" />
      <TestMethod codeBase="/workspace/src/UnitTests/bin/Debug/net9.0/UnitTests.dll" adapterTypeName="executor://nunit3testexecutor/" className="UnitTests.Common.Api.PagingTests" name="PagingResponseBase_Calculates_HasNext_Correctly(-1,0)" />
    </UnitTest>
    <UnitTest name="ShouldConvert_ShouldOnly_Support_TCX(False,False,True)" storage="/workspace/src/unittests/bin/debug/net9.0/unittests.dll" id="f2bcf158-9919-42e4-ef05-c6cf5779c5ea">
      <Execution id="370754e9-c4e8-4808-bc6e-4e85ad05b015" />
      <TestMethod codeBase="/workspace/src/UnitTests/bin/Debug/net9.0/UnitTests.dll" adapterTypeName="executor://nunit3testexecutor/" className="UnitTests.Conversion.TcxConverterTests" name="ShouldConvert_ShouldOnly_Support_TCX(False,False,True)" />
    </UnitTest>
    <UnitTest name="GetStartTimeTest" storage="/workspace/src/unittests/bin/debug/net9.0/unittests.dll" id="fb73e6b0-78d9-48e0-6e73-19a80dd43c81">
      <Execution id="919f912d-c6b9-4103-98df-5bd41252464f" />
      <TestMethod codeBase="/workspace/src/UnitTests/bin/Debug/net9.0/UnitTests.dll" adapterTypeName="executor://nunit3testexecutor/" className="UnitTests.Conversion.ConverterTests" name="GetStartTimeTest" />
    </UnitTest>
    <UnitTest name="PagingResponseBase_Calculates_HasNext_Correctly(100,5)" storage="/workspace/src/unittests/bin/debug/net9.0/unittests.dll" id="d33c3551-a2e2-8781-705e-8e05544431c0">
      <Execution id="7d70e851-7c28-48da-ab7d-2b5f2e7ce73e" />
      <TestMethod codeBase="/workspace/src/UnitTests/bin/Debug/net9.0/UnitTests.dll" adapterTypeName="executor://nunit3testexecutor/" className="UnitTests.Common.Api.PagingTests" name="PagingResponseBase_Calculates_HasNext_Correctly(100,5)" />
    </UnitTest>
    <UnitTest name="GarminAuthTokenExistsAndIsValidAsync_WhenOAuth1TokenExists_ShouldReturnTrue" storage="/workspace/src/unittests/bin/debug/net9.0/unittests.dll" id="444cca3b-2483-9d7e-d765-ff03f8236c9a">
      <Execution id="a50ca879-245b-4570-ac63-c5d1224c52f5" />
      <TestMethod codeBase="/workspace/src/UnitTests/bin/Debug/net9.0/UnitTests.dll" adapterTypeName="executor://nunit3testexecutor/" className="UnitTests.Garmin.GarminAuthenticationServiceTests" name="GarminAuthTokenExistsAndIsValidAsync_WhenOAuth1TokenExists_ShouldReturnTrue" />
    </UnitTest>
    <UnitTest name="GetCustomDeviceInfoAsync_Choose_CorrectDevice_For_WorkoutType(OutdoorWalking)" storage="/workspace/src/unittests/bin/debug/net9.0/unittests.dll" id="40d62d25-6314-3e34-3219-b1749d2933c4">
      <Execution id="55aa27ac-6249-459a-99f0-17fa09a6050c" />
      <TestMethod codeBase="/workspace/src/UnitTests/bin/Debug/net9.0/UnitTests.dll" adapterTypeName="executor://nunit3testexecutor/" className="UnitTests.Common.Service.SettingServiceTests" name="GetCustomDeviceInfoAsync_Choose_CorrectDevice_For_WorkoutType(OutdoorWalking)" />
    </UnitTest>
    <UnitTest name="PelotonPost_With_PasswordChange_Should_Validate_Characters(&quot;\\a&quot;)" storage="/workspace/src/unittests/bin/debug/net9.0/unittests.dll" id="998818fc-baf9-7ce7-23ed-afcf2f4bbd98">
      <Execution id="0d8b37e7-3aa8-4a0f-900c-ab449bef6c80" />
      <TestMethod codeBase="/workspace/src/UnitTests/bin/Debug/net9.0/UnitTests.dll" adapterTypeName="executor://nunit3testexecutor/" className="UnitTests.Api.Service.SettingsUpdaterServiceTests" name="PelotonPost_With_PasswordChange_Should_Validate_Characters(&quot;\\a&quot;)" />
    </UnitTest>
    <UnitTest name="Fit_Converter_Creates_Valid_Fit(&quot;rower_workout&quot;,Class_Segments)" storage="/workspace/src/unittests/bin/debug/net9.0/unittests.dll" id="23695267-b094-249b-9a8b-1f82094383de">
      <Execution id="81dde857-bdf9-41a1-b6ab-b85ed24b783b" />
      <TestMethod codeBase="/workspace/src/UnitTests/bin/Debug/net9.0/UnitTests.dll" adapterTypeName="executor://nunit3testexecutor/" className="UnitTests.Conversion.FitConverterTests" name="Fit_Converter_Creates_Valid_Fit(&quot;rower_workout&quot;,Class_Segments)" />
    </UnitTest>
    <UnitTest name="CombineMetricsData_When_WorkoutsToStack_Is_NullOrEmpty_NoOp" storage="/workspace/src/unittests/bin/debug/net9.0/unittests.dll" id="e1d0126b-b39a-acb2-ae40-940004ffe5c5">
      <Execution id="93c369cb-1861-4560-a368-e21bf7b0dd99" />
      <TestMethod codeBase="/workspace/src/UnitTests/bin/Debug/net9.0/UnitTests.dll" adapterTypeName="executor://nunit3testexecutor/" className="UnitTests.Sync.StackedWorkoutsCalculatorTests" name="CombineMetricsData_When_WorkoutsToStack_Is_NullOrEmpty_NoOp" />
    </UnitTest>
    <UnitTest name="GetCustomDeviceInfoAsync_Choose_CorrectDevice_For_WorkoutType(BikeBootcamp)" storage="/workspace/src/unittests/bin/debug/net9.0/unittests.dll" id="ceb0dffb-096a-12f4-eb83-b0c92e63c404">
      <Execution id="adcfae46-30d9-4fda-8ade-edb37bcc55eb" />
      <TestMethod codeBase="/workspace/src/UnitTests/bin/Debug/net9.0/UnitTests.dll" adapterTypeName="executor://nunit3testexecutor/" className="UnitTests.Common.Service.SettingServiceTests" name="GetCustomDeviceInfoAsync_Choose_CorrectDevice_For_WorkoutType(BikeBootcamp)" />
    </UnitTest>
    <UnitTest name="Fit_Converter_Creates_Valid_Fit(&quot;meditation_workout&quot;,Default)" storage="/workspace/src/unittests/bin/debug/net9.0/unittests.dll" id="4b7cc2b4-5fdb-804f-ca2f-d480cf61bf67">
      <Execution id="6c94c172-ab28-45e4-9025-37a5857eb4e9" />
      <TestMethod codeBase="/workspace/src/UnitTests/bin/Debug/net9.0/UnitTests.dll" adapterTypeName="executor://nunit3testexecutor/" className="UnitTests.Conversion.FitConverterTests" name="Fit_Converter_Creates_Valid_Fit(&quot;meditation_workout&quot;,Default)" />
    </UnitTest>
    <UnitTest name="SignInAsync_WhenValidCredentials_ShouldReturnAuthentication" storage="/workspace/src/unittests/bin/debug/net9.0/unittests.dll" id="1c161d40-6f81-55f6-2fc5-a2aaa91db134">
      <Execution id="c5f51f62-aff2-4dfa-9d7e-5376116b1899" />
      <TestMethod codeBase="/workspace/src/UnitTests/bin/Debug/net9.0/UnitTests.dll" adapterTypeName="executor://nunit3testexecutor/" className="UnitTests.Garmin.GarminAuthenticationServiceTests" name="SignInAsync_WhenValidCredentials_ShouldReturnAuthentication" />
    </UnitTest>
    <UnitTest name="SyncAsync_When_GarminUpload_StepFails_Should_ReturnCorrectResponse" storage="/workspace/src/unittests/bin/debug/net9.0/unittests.dll" id="d0f98705-cec5-e3e1-c3a7-f7355b9a5565">
      <Execution id="b1546e14-633c-4f99-b24b-93137ef980b2" />
      <TestMethod codeBase="/workspace/src/UnitTests/bin/Debug/net9.0/UnitTests.dll" adapterTypeName="executor://nunit3testexecutor/" className="UnitTests.Sync.SyncServiceTests" name="SyncAsync_When_GarminUpload_StepFails_Should_ReturnCorrectResponse" />
    </UnitTest>
    <UnitTest name="GetCsrfTokenAsync_WhenHttpRequestFails_ShouldThrowException" storage="/workspace/src/unittests/bin/debug/net9.0/unittests.dll" id="d4c769a8-aaf0-fc74-a370-7fe129616c88">
      <Execution id="39c83708-71d9-4f8e-80ca-7279544b2cae" />
      <TestMethod codeBase="/workspace/src/UnitTests/bin/Debug/net9.0/UnitTests.dll" adapterTypeName="executor://nunit3testexecutor/" className="UnitTests.Garmin.GarminApiClientTests" name="GetCsrfTokenAsync_WhenHttpRequestFails_ShouldThrowException" />
    </UnitTest>
    <UnitTest name="GetWorkoutType_Should_Map_Correctly(Strength,True)" storage="/workspace/src/unittests/bin/debug/net9.0/unittests.dll" id="3b0ea915-efb1-ed00-4aec-75ec27bae9e1">
      <Execution id="d1665d96-7c83-42ad-9997-64274873902f" />
      <TestMethod codeBase="/workspace/src/UnitTests/bin/Debug/net9.0/UnitTests.dll" adapterTypeName="executor://nunit3testexecutor/" className="UnitTests.Common.Dto.P2GWorkoutTests" name="GetWorkoutType_Should_Map_Correctly(Strength,True)" />
    </UnitTest>
    <UnitTest name="ShouldConvert_ShouldOnly_Support_TCX(False,True,False)" storage="/workspace/src/unittests/bin/debug/net9.0/unittests.dll" id="8016d13c-c026-4eab-3b1a-f6a102363f44">
      <Execution id="fe8f35c0-2c7c-4c04-9d97-3f7647a2b411" />
      <TestMethod codeBase="/workspace/src/UnitTests/bin/Debug/net9.0/UnitTests.dll" adapterTypeName="executor://nunit3testexecutor/" className="UnitTests.Conversion.JsonConverterTests" name="ShouldConvert_ShouldOnly_Support_TCX(False,True,False)" />
    </UnitTest>
    <UnitTest name="Fit_Converter_Creates_Valid_Fit(&quot;ride_based_on_distance&quot;,Class_Segments)" storage="/workspace/src/unittests/bin/debug/net9.0/unittests.dll" id="3bef546d-2c73-feb3-5bfb-b8193692e2ab">
      <Execution id="721e88cb-453f-49a9-a0d9-179d57959d6b" />
      <TestMethod codeBase="/workspace/src/UnitTests/bin/Debug/net9.0/UnitTests.dll" adapterTypeName="executor://nunit3testexecutor/" className="UnitTests.Conversion.FitConverterTests" name="Fit_Converter_Creates_Valid_Fit(&quot;ride_based_on_distance&quot;,Class_Segments)" />
    </UnitTest>
    <UnitTest name="GetWorkoutType_Should_Map_Correctly(Bike_Bootcamp,True)" storage="/workspace/src/unittests/bin/debug/net9.0/unittests.dll" id="500371e6-00d0-3056-c610-6225fcff441e">
      <Execution id="a8a7a5b3-eae6-4c9f-8d56-89ebf63e06b8" />
      <TestMethod codeBase="/workspace/src/UnitTests/bin/Debug/net9.0/UnitTests.dll" adapterTypeName="executor://nunit3testexecutor/" className="UnitTests.Common.Dto.P2GWorkoutTests" name="GetWorkoutType_Should_Map_Correctly(Bike_Bootcamp,True)" />
    </UnitTest>
    <UnitTest name="ShouldConvert_ShouldOnly_Support_TCX(True,True,True)" storage="/workspace/src/unittests/bin/debug/net9.0/unittests.dll" id="3edb81eb-4b7b-f4c8-2836-4f3b2107d7f6">
      <Execution id="d71f55dc-037b-4c07-b11e-b9e68a9b3c0c" />
      <TestMethod codeBase="/workspace/src/UnitTests/bin/Debug/net9.0/UnitTests.dll" adapterTypeName="executor://nunit3testexecutor/" className="UnitTests.Conversion.TcxConverterTests" name="ShouldConvert_ShouldOnly_Support_TCX(True,True,True)" />
    </UnitTest>
    <UnitTest name="StrengthExerciseMappings_ShouldContainValidMappings" storage="/workspace/src/unittests/bin/debug/net9.0/unittests.dll" id="73fd6b32-ad56-6164-485b-fa89df0af261">
      <Execution id="fa87797d-878c-4019-a22c-f31b8ed8fa57" />
      <TestMethod codeBase="/workspace/src/UnitTests/bin/Debug/net9.0/UnitTests.dll" adapterTypeName="executor://nunit3testexecutor/" className="UnitTests.Conversion.ExerciseMappingTests" name="StrengthExerciseMappings_ShouldContainValidMappings" />
    </UnitTest>
    <UnitTest name="GetHeartRateSummary_CalorieSlug_ReturnsSummary" storage="/workspace/src/unittests/bin/debug/net9.0/unittests.dll" id="f226df2c-240f-9fcd-e75b-e44c9a490cf6">
      <Execution id="bd1c0d89-a771-49b5-8600-0abd2be3fec8" />
      <TestMethod codeBase="/workspace/src/UnitTests/bin/Debug/net9.0/UnitTests.dll" adapterTypeName="executor://nunit3testexecutor/" className="UnitTests.Conversion.ConverterTests" name="GetHeartRateSummary_CalorieSlug_ReturnsSummary" />
    </UnitTest>
    <UnitTest name="ValidateConfig_Disabled_ShouldNotThrow" storage="/workspace/src/unittests/bin/debug/net9.0/unittests.dll" id="b6e623d2-bfed-d470-04c8-e1e9dee410eb">
      <Execution id="ce8e1463-5c65-4745-b0a6-80d741dd0b06" />
      <TestMethod codeBase="/workspace/src/UnitTests/bin/Debug/net9.0/UnitTests.dll" adapterTypeName="executor://nunit3testexecutor/" className="UnitTests.Common.MetricsTests" name="ValidateConfig_Disabled_ShouldNotThrow" />
    </UnitTest>
    <UnitTest name="ValidateConfig_WhenGarminSettingsIsNull_ShouldThrowException" storage="/workspace/src/unittests/bin/debug/net9.0/unittests.dll" id="53f6b12f-61bb-1cab-a25e-97d13b4340ec">
      <Execution id="9a784d9a-b23e-48a5-8512-6cdb4be0340a" />
      <TestMethod codeBase="/workspace/src/UnitTests/bin/Debug/net9.0/UnitTests.dll" adapterTypeName="executor://nunit3testexecutor/" className="UnitTests.Garmin.GarminUploaderTests" name="ValidateConfig_WhenGarminSettingsIsNull_ShouldThrowException" />
    </UnitTest>
    <UnitTest name="GetCustomDeviceInfoAsync_Choose_CorrectDevice_For_WorkoutType(TreadmillRunning)" storage="/workspace/src/unittests/bin/debug/net9.0/unittests.dll" id="adcba74b-8049-9f15-8f59-2b6a8504d81e">
      <Execution id="49a34820-4ad3-4e48-9450-7e23a68694c9" />
      <TestMethod codeBase="/workspace/src/UnitTests/bin/Debug/net9.0/UnitTests.dll" adapterTypeName="executor://nunit3testexecutor/" className="UnitTests.Common.Service.SettingServiceTests" name="GetCustomDeviceInfoAsync_Choose_CorrectDevice_For_WorkoutType(TreadmillRunning)" />
    </UnitTest>
    <UnitTest name="GetWorkoutType_Should_Map_Correctly(Walking,False)" storage="/workspace/src/unittests/bin/debug/net9.0/unittests.dll" id="559641db-6f13-a4c4-3c88-cd49a96de08b">
      <Execution id="3ed0179f-18ea-435d-8e30-33bd236bcfc5" />
      <TestMethod codeBase="/workspace/src/UnitTests/bin/Debug/net9.0/UnitTests.dll" adapterTypeName="executor://nunit3testexecutor/" className="UnitTests.Common.Dto.P2GWorkoutTests" name="GetWorkoutType_Should_Map_Correctly(Walking,False)" />
    </UnitTest>
    <UnitTest name="StrengthExerciseMappings_PlankVariations_ShouldMapToPlankCategory" storage="/workspace/src/unittests/bin/debug/net9.0/unittests.dll" id="b4199274-6c0f-e8b2-8529-712ee4a5b18e">
      <Execution id="3b6a01bd-6cc1-4a47-b86e-a5b4f318f7c9" />
      <TestMethod codeBase="/workspace/src/UnitTests/bin/Debug/net9.0/UnitTests.dll" adapterTypeName="executor://nunit3testexecutor/" className="UnitTests.Conversion.ExerciseMappingTests" name="StrengthExerciseMappings_PlankVariations_ShouldMapToPlankCategory" />
    </UnitTest>
    <UnitTest name="ShouldConvert_ShouldOnly_Support_Fit(True,False,False)" storage="/workspace/src/unittests/bin/debug/net9.0/unittests.dll" id="cf6a5e91-b6c6-bade-9fde-1592fb81767c">
      <Execution id="59fdce4c-f513-4190-b09a-c8822d7ed1ad" />
      <TestMethod codeBase="/workspace/src/UnitTests/bin/Debug/net9.0/UnitTests.dll" adapterTypeName="executor://nunit3testexecutor/" className="UnitTests.Conversion.FitConverterTests" name="ShouldConvert_ShouldOnly_Support_Fit(True,False,False)" />
    </UnitTest>
    <UnitTest name="GetTitle_Should_ReplaceInvalidChars(&quot;My Title&quot;,&quot;Some Instructor&quot;)" storage="/workspace/src/unittests/bin/debug/net9.0/unittests.dll" id="3ca99e82-4aeb-324f-c71a-0460d242731c">
      <Execution id="202080b8-2dcd-43d6-8f62-c38e54b92a1e" />
      <TestMethod codeBase="/workspace/src/UnitTests/bin/Debug/net9.0/UnitTests.dll" adapterTypeName="executor://nunit3testexecutor/" className="UnitTests.Common.WorkoutHelperTests" name="GetTitle_Should_ReplaceInvalidChars(&quot;My Title&quot;,&quot;Some Instructor&quot;)" />
    </UnitTest>
    <UnitTest name="ConvertToMetersPerSecondTest_Is_Converted_To_MetersPerSecond_ForRower(&quot;min/500m&quot;)" storage="/workspace/src/unittests/bin/debug/net9.0/unittests.dll" id="ab436d55-955b-4b55-54f7-5f3f2290fbcb">
      <Execution id="f737f5ac-779f-4512-879a-d8344ed27884" />
      <TestMethod codeBase="/workspace/src/UnitTests/bin/Debug/net9.0/UnitTests.dll" adapterTypeName="executor://nunit3testexecutor/" className="UnitTests.Conversion.ConverterTests" name="ConvertToMetersPerSecondTest_Is_Converted_To_MetersPerSecond_ForRower(&quot;min/500m&quot;)" />
    </UnitTest>
    <UnitTest name="GetMaxSpeedMetersPerSecond_MaxSpeed_Is_Converted(&quot;km&quot;)" storage="/workspace/src/unittests/bin/debug/net9.0/unittests.dll" id="ae69910e-29f6-c558-816f-f6c28287e89d">
      <Execution id="99e38f68-38fc-4834-81a5-59cf6da2fc4e" />
      <TestMethod codeBase="/workspace/src/UnitTests/bin/Debug/net9.0/UnitTests.dll" adapterTypeName="executor://nunit3testexecutor/" className="UnitTests.Conversion.ConverterTests" name="GetMaxSpeedMetersPerSecond_MaxSpeed_Is_Converted(&quot;km&quot;)" />
    </UnitTest>
    <UnitTest name="GarminPost_With_PasswordChange_Should_Validate_Characters(&quot;\\&quot;)" storage="/workspace/src/unittests/bin/debug/net9.0/unittests.dll" id="7713c70a-8768-620b-5c88-ff32f7ce1d34">
      <Execution id="0d539055-5d55-432d-913e-6088a4046c29" />
      <TestMethod codeBase="/workspace/src/UnitTests/bin/Debug/net9.0/UnitTests.dll" adapterTypeName="executor://nunit3testexecutor/" className="UnitTests.Api.Service.SettingsUpdaterServiceTests" name="GarminPost_With_PasswordChange_Should_Validate_Characters(&quot;\\&quot;)" />
    </UnitTest>
    <UnitTest name="SignInAsync_WhenInvalidCredentials_ShouldThrowException" storage="/workspace/src/unittests/bin/debug/net9.0/unittests.dll" id="fea81199-2eda-7cc0-5447-b8c7203b67c6">
      <Execution id="a67b5861-56b3-4a1e-816a-cd4bc611f79c" />
      <TestMethod codeBase="/workspace/src/UnitTests/bin/Debug/net9.0/UnitTests.dll" adapterTypeName="executor://nunit3testexecutor/" className="UnitTests.Garmin.GarminAuthenticationServiceTests" name="SignInAsync_WhenInvalidCredentials_ShouldThrowException" />
    </UnitTest>
    <UnitTest name="GetWorkoutType_Should_Map_Correctly(Running,False)" storage="/workspace/src/unittests/bin/debug/net9.0/unittests.dll" id="1a6ee4d5-7a68-7839-3fd0-d276f1ebf759">
      <Execution id="df53dba2-5039-4de4-b775-84665401040f" />
      <TestMethod codeBase="/workspace/src/UnitTests/bin/Debug/net9.0/UnitTests.dll" adapterTypeName="executor://nunit3testexecutor/" className="UnitTests.Common.Dto.P2GWorkoutTests" name="GetWorkoutType_Should_Map_Correctly(Running,False)" />
    </UnitTest>
    <UnitTest name="IsRest_WhenNotRestExerciseId_ShouldReturnFalse" storage="/workspace/src/unittests/bin/debug/net9.0/unittests.dll" id="aaaa3256-d978-8c2d-a1cb-bf2139c5503e">
      <Execution id="4acc1307-fe42-43d0-bcfb-2e4b524d0e04" />
      <TestMethod codeBase="/workspace/src/UnitTests/bin/Debug/net9.0/UnitTests.dll" adapterTypeName="executor://nunit3testexecutor/" className="UnitTests.Conversion.ExerciseMappingTests" name="IsRest_WhenNotRestExerciseId_ShouldReturnFalse" />
    </UnitTest>
    <UnitTest name="GetHeartRateSummary_NoCalorieSlug_ReturnsNull" storage="/workspace/src/unittests/bin/debug/net9.0/unittests.dll" id="4cc5da5f-c89a-cc41-1f0d-920ccf5f3e8d">
      <Execution id="de6c9e9a-9d68-46af-a720-a0fddf836dde" />
      <TestMethod codeBase="/workspace/src/UnitTests/bin/Debug/net9.0/UnitTests.dll" adapterTypeName="executor://nunit3testexecutor/" className="UnitTests.Conversion.ConverterTests" name="GetHeartRateSummary_NoCalorieSlug_ReturnsNull" />
    </UnitTest>
    <UnitTest name="GetRecentWorkoutsAsync_FetchesXNumberOfWorkoutsAcrossPages" storage="/workspace/src/unittests/bin/debug/net9.0/unittests.dll" id="0cb0438a-3990-4a3d-96bc-962401db1b65">
      <Execution id="17b5d025-ae40-4630-bbde-993b74d9306c" />
      <TestMethod codeBase="/workspace/src/UnitTests/bin/Debug/net9.0/UnitTests.dll" adapterTypeName="executor://nunit3testexecutor/" className="UnitTests.PelotonTests.PelotonServiceTests" name="GetRecentWorkoutsAsync_FetchesXNumberOfWorkoutsAcrossPages" />
    </UnitTest>
    <UnitTest name="SyncAsync_When_Should_Excluded_ExcludedWorkoutTypes" storage="/workspace/src/unittests/bin/debug/net9.0/unittests.dll" id="8bbb5536-e880-c232-5401-5ccf490f756c">
      <Execution id="36de29e8-5f09-4527-ac43-d2e6f2eb4274" />
      <TestMethod codeBase="/workspace/src/UnitTests/bin/Debug/net9.0/UnitTests.dll" adapterTypeName="executor://nunit3testexecutor/" className="UnitTests.Sync.SyncServiceTests" name="SyncAsync_When_Should_Excluded_ExcludedWorkoutTypes" />
    </UnitTest>
    <UnitTest name="GetMaxSpeedMetersPerSecond_MaxSpeed_Is_Converted(&quot;mph&quot;)" storage="/workspace/src/unittests/bin/debug/net9.0/unittests.dll" id="c5edfa28-98cf-2731-3e28-848ac5ce875c">
      <Execution id="aba88e40-1422-4a4f-929c-83208228b626" />
      <TestMethod codeBase="/workspace/src/UnitTests/bin/Debug/net9.0/UnitTests.dll" adapterTypeName="executor://nunit3testexecutor/" className="UnitTests.Conversion.ConverterTests" name="GetMaxSpeedMetersPerSecond_MaxSpeed_Is_Converted(&quot;mph&quot;)" />
    </UnitTest>
    <UnitTest name="GarminPost_With_PasswordChange_Should_Validate_Characters(&quot;a\\&quot;)" storage="/workspace/src/unittests/bin/debug/net9.0/unittests.dll" id="237b07d9-9785-5200-b185-5a6e10f8002a">
      <Execution id="bd650684-cd3e-4d06-84df-03746b0d0c0b" />
      <TestMethod codeBase="/workspace/src/UnitTests/bin/Debug/net9.0/UnitTests.dll" adapterTypeName="executor://nunit3testexecutor/" className="UnitTests.Api.Service.SettingsUpdaterServiceTests" name="GarminPost_With_PasswordChange_Should_Validate_Characters(&quot;a\\&quot;)" />
    </UnitTest>
    <UnitTest name="GetAsync_WhenRequest_Enriches_LatestVersionInfo" storage="/workspace/src/unittests/bin/debug/net9.0/unittests.dll" id="15d3c971-2e43-ba8e-f944-5da63daf7120">
      <Execution id="e1330764-7d24-4436-ad12-6fe2ea78f486" />
      <TestMethod codeBase="/workspace/src/UnitTests/bin/Debug/net9.0/UnitTests.dll" adapterTypeName="executor://nunit3testexecutor/" className="UnitTests.Api.Service.SystemInfoServiceTests" name="GetAsync_WhenRequest_Enriches_LatestVersionInfo" />
    </UnitTest>
    <UnitTest name="SyncAsync_WhenNoWorkouts_Should_NotThrow" storage="/workspace/src/unittests/bin/debug/net9.0/unittests.dll" id="e0e889ee-a9ce-4836-9adc-dcc5194648da">
      <Execution id="1f58b8ae-decf-4512-8d61-4add7857318e" />
      <TestMethod codeBase="/workspace/src/UnitTests/bin/Debug/net9.0/UnitTests.dll" adapterTypeName="executor://nunit3testexecutor/" className="UnitTests.Sync.SyncServiceTests" name="SyncAsync_WhenNoWorkouts_Should_NotThrow" />
    </UnitTest>
    <UnitTest name="ShouldConvert_ShouldOnly_Support_Fit(True,True,True)" storage="/workspace/src/unittests/bin/debug/net9.0/unittests.dll" id="e628d5a0-58b3-df88-8b9f-ebc0640b6406">
      <Execution id="a1ad3fbe-618b-48ef-a752-0f12ccfed45b" />
      <TestMethod codeBase="/workspace/src/UnitTests/bin/Debug/net9.0/UnitTests.dll" adapterTypeName="executor://nunit3testexecutor/" className="UnitTests.Conversion.FitConverterTests" name="ShouldConvert_ShouldOnly_Support_Fit(True,True,True)" />
    </UnitTest>
    <UnitTest name="GetRecentWorkoutsAsync_DoesNothing_WhenNoCount(-1)" storage="/workspace/src/unittests/bin/debug/net9.0/unittests.dll" id="a4c1e622-b9e9-1738-8d8d-b3c7003ffb3a">
      <Execution id="7e6fb7f2-a9c0-430c-b130-b9445c4d3f49" />
      <TestMethod codeBase="/workspace/src/UnitTests/bin/Debug/net9.0/UnitTests.dll" adapterTypeName="executor://nunit3testexecutor/" className="UnitTests.PelotonTests.PelotonServiceTests" name="GetRecentWorkoutsAsync_DoesNothing_WhenNoCount(-1)" />
    </UnitTest>
    <UnitTest name="SyncAsync_When_PelotonStep_Fails_Should_ReturnCorrectResponse" storage="/workspace/src/unittests/bin/debug/net9.0/unittests.dll" id="d9fddeff-7322-601b-7da9-5711e11f0fe5">
      <Execution id="52f5a650-ed4a-462f-90bc-e7cceec6f15a" />
      <TestMethod codeBase="/workspace/src/UnitTests/bin/Debug/net9.0/UnitTests.dll" adapterTypeName="executor://nunit3testexecutor/" className="UnitTests.Sync.SyncServiceTests" name="SyncAsync_When_PelotonStep_Fails_Should_ReturnCorrectResponse" />
    </UnitTest>
    <UnitTest name="TryDeserializeXml_ReturnsFalse_ForInvalidFile" storage="/workspace/src/unittests/bin/debug/net9.0/unittests.dll" id="1978ec45-4e84-e3eb-ebd3-2cd3bcac1f3f">
      <Execution id="33c24e24-225b-44fd-ab96-2d2626a38d97" />
      <TestMethod codeBase="/workspace/src/UnitTests/bin/Debug/net9.0/UnitTests.dll" adapterTypeName="executor://nunit3testexecutor/" className="UnitTests.Common.FileHandlingTests" name="TryDeserializeXml_ReturnsFalse_ForInvalidFile" />
    </UnitTest>
    <UnitTest name="ShouldConvert_ShouldOnly_Support_Fit(False,True,False)" storage="/workspace/src/unittests/bin/debug/net9.0/unittests.dll" id="06849b64-2154-b087-5109-18de9574906c">
      <Execution id="5e103b39-f0b0-42e7-b827-a14bebdd5134" />
      <TestMethod codeBase="/workspace/src/UnitTests/bin/Debug/net9.0/UnitTests.dll" adapterTypeName="executor://nunit3testexecutor/" className="UnitTests.Conversion.FitConverterTests" name="ShouldConvert_ShouldOnly_Support_Fit(False,True,False)" />
    </UnitTest>
    <UnitTest name="SyncAsync_WhenGarminMfaEnabled_AndNoAuthTokenYet_Returns401" storage="/workspace/src/unittests/bin/debug/net9.0/unittests.dll" id="1ca92fc7-e3c6-7524-0643-04b74c0f6f6b">
      <Execution id="308a5dec-7c18-449a-91b2-dc8fce5d92b8" />
      <TestMethod codeBase="/workspace/src/UnitTests/bin/Debug/net9.0/UnitTests.dll" adapterTypeName="executor://nunit3testexecutor/" className="UnitTests.Api.Controllers.SyncControllerTests" name="SyncAsync_WhenGarminMfaEnabled_AndNoAuthTokenYet_Returns401" />
    </UnitTest>
    <UnitTest name="Fit_Converter_Creates_Valid_Fit(&quot;meditation_workout&quot;,Class_Targets)" storage="/workspace/src/unittests/bin/debug/net9.0/unittests.dll" id="e2aa94f8-1c8d-1145-aae2-0911626908bc">
      <Execution id="54d82374-781d-4d59-8c32-1e131bfeac8c" />
      <TestMethod codeBase="/workspace/src/UnitTests/bin/Debug/net9.0/UnitTests.dll" adapterTypeName="executor://nunit3testexecutor/" className="UnitTests.Conversion.FitConverterTests" name="Fit_Converter_Creates_Valid_Fit(&quot;meditation_workout&quot;,Class_Targets)" />
    </UnitTest>
    <UnitTest name="GetCyclingFtp_Should_PickCorrectValue(null,UserData { Cycling_Ftp_Source = Ftp_Manual_Source, Cycling_Workout_Ftp = 2, Cycling_Ftp_Workout_Id = , Cycling_Ftp = 100, Estimated_Cycling_Ftp = 3, Default_Max_Heart_Rate = 0, Customized_Max_Heart_Rate = 0, Weight = 0 },95)" storage="/workspace/src/unittests/bin/debug/net9.0/unittests.dll" id="6fb834a5-79fd-9861-a797-b2a3f40a7fc1">
      <Execution id="75ee2036-a513-41cb-abd0-2597fa4894d7" />
      <TestMethod codeBase="/workspace/src/UnitTests/bin/Debug/net9.0/UnitTests.dll" adapterTypeName="executor://nunit3testexecutor/" className="UnitTests.Conversion.ConverterTests" name="GetCyclingFtp_Should_PickCorrectValue(null,UserData { Cycling_Ftp_Source = Ftp_Manual_Source, Cycling_Workout_Ftp = 2, Cycling_Ftp_Workout_Id = , Cycling_Ftp = 100, Estimated_Cycling_Ftp = 3, Default_Max_Heart_Rate = 0, Customized_Max_Heart_Rate = 0, Weight = 0 },95)" />
    </UnitTest>
    <UnitTest name="DefaultConfigInit_Observability_Prometheus_ShouldHaveDefaulValues" storage="/workspace/src/unittests/bin/debug/net9.0/unittests.dll" id="f3419d14-be7c-64f4-b8d0-70c944d70339">
      <Execution id="2c06691c-2786-4565-95ef-ab30d62b4a9d" />
      <TestMethod codeBase="/workspace/src/UnitTests/bin/Debug/net9.0/UnitTests.dll" adapterTypeName="executor://nunit3testexecutor/" className="UnitTests.Common.ConfigurationTests" name="DefaultConfigInit_Observability_Prometheus_ShouldHaveDefaulValues" />
    </UnitTest>
    <UnitTest name="Fit_Converter_Creates_Valid_Fit(&quot;ride_based_on_distance&quot;,Distance)" storage="/workspace/src/unittests/bin/debug/net9.0/unittests.dll" id="0d66b15b-c53e-6054-f5ef-9f189a66faee">
      <Execution id="8b0bbf63-bde4-42a3-ba4d-783ae7e47eeb" />
      <TestMethod codeBase="/workspace/src/UnitTests/bin/Debug/net9.0/UnitTests.dll" adapterTypeName="executor://nunit3testexecutor/" className="UnitTests.Conversion.FitConverterTests" name="Fit_Converter_Creates_Valid_Fit(&quot;ride_based_on_distance&quot;,Distance)" />
    </UnitTest>
    <UnitTest name="GetHeartRateSummary_NullWorkoutSamples_ReturnsNull" storage="/workspace/src/unittests/bin/debug/net9.0/unittests.dll" id="164043c1-8b89-4b90-060a-951aa3808268">
      <Execution id="59af843d-3ef7-4824-8e84-8b6faaf5ad2e" />
      <TestMethod codeBase="/workspace/src/UnitTests/bin/Debug/net9.0/UnitTests.dll" adapterTypeName="executor://nunit3testexecutor/" className="UnitTests.Conversion.ConverterTests" name="GetHeartRateSummary_NullWorkoutSamples_ReturnsNull" />
    </UnitTest>
    <UnitTest name="Fit_Converter_Creates_Valid_Fit(&quot;walking_outdoor_01&quot;,Default)" storage="/workspace/src/unittests/bin/debug/net9.0/unittests.dll" id="7c056526-87e1-0b1b-ae91-940a253edafa">
      <Execution id="0e17bcad-cc30-40ef-b662-4610a76f96f2" />
      <TestMethod codeBase="/workspace/src/UnitTests/bin/Debug/net9.0/UnitTests.dll" adapterTypeName="executor://nunit3testexecutor/" className="UnitTests.Conversion.FitConverterTests" name="Fit_Converter_Creates_Valid_Fit(&quot;walking_outdoor_01&quot;,Default)" />
    </UnitTest>
    <UnitTest name="PelotonPost_With_PasswordChange_Should_Validate_Characters(&quot;\\&quot;)" storage="/workspace/src/unittests/bin/debug/net9.0/unittests.dll" id="5bc5b8a2-aaeb-0ab7-986f-4a4ddf5047ca">
      <Execution id="cf17608d-3106-4e09-81a3-5495f4438cb5" />
      <TestMethod codeBase="/workspace/src/UnitTests/bin/Debug/net9.0/UnitTests.dll" adapterTypeName="executor://nunit3testexecutor/" className="UnitTests.Api.Service.SettingsUpdaterServiceTests" name="PelotonPost_With_PasswordChange_Should_Validate_Characters(&quot;\\&quot;)" />
    </UnitTest>
    <UnitTest name="Fit_Converter_Builds_Valid_DeviceInfoMesg(5,-1)" storage="/workspace/src/unittests/bin/debug/net9.0/unittests.dll" id="f74f384c-4e55-794f-cd70-dd0147c8016d">
      <Execution id="a1bde494-9904-4126-b32b-5f6f06831857" />
      <TestMethod codeBase="/workspace/src/UnitTests/bin/Debug/net9.0/UnitTests.dll" adapterTypeName="executor://nunit3testexecutor/" className="UnitTests.Conversion.FitConverterTests" name="Fit_Converter_Builds_Valid_DeviceInfoMesg(5,-1)" />
    </UnitTest>
    <UnitTest name="TryDeserializeXml_Validate_Async_ReadAccess" storage="/workspace/src/unittests/bin/debug/net9.0/unittests.dll" id="bb678a6e-ec56-e1f0-69a7-ebac1a815aec">
      <Execution id="d815b697-4526-4658-8ac6-b80991cd2969" />
      <TestMethod codeBase="/workspace/src/UnitTests/bin/Debug/net9.0/UnitTests.dll" adapterTypeName="executor://nunit3testexecutor/" className="UnitTests.Common.FileHandlingTests" name="TryDeserializeXml_Validate_Async_ReadAccess" />
    </UnitTest>
    <UnitTest name="GetHeartRateZone_NullSamples_ReturnsNull" storage="/workspace/src/unittests/bin/debug/net9.0/unittests.dll" id="77575707-3d28-ac61-4c32-8163231ff49a">
      <Execution id="6da2d1d7-b134-47ad-8372-fc77d3d4a668" />
      <TestMethod codeBase="/workspace/src/UnitTests/bin/Debug/net9.0/UnitTests.dll" adapterTypeName="executor://nunit3testexecutor/" className="UnitTests.Conversion.ConverterTests" name="GetHeartRateZone_NullSamples_ReturnsNull" />
    </UnitTest>
    <UnitTest name="GetStackedWorkouts_Should_Honor_TimeGap(100)" storage="/workspace/src/unittests/bin/debug/net9.0/unittests.dll" id="8295ddec-770c-14e6-b606-dce5449eaea6">
      <Execution id="818416be-4a6a-4f81-8481-8e8a002daf51" />
      <TestMethod codeBase="/workspace/src/UnitTests/bin/Debug/net9.0/UnitTests.dll" adapterTypeName="executor://nunit3testexecutor/" className="UnitTests.Sync.StackedWorkoutsCalculatorTests" name="GetStackedWorkouts_Should_Honor_TimeGap(100)" />
    </UnitTest>
    <UnitTest name="Fit_Converter_Creates_Valid_Fit(&quot;rower_workout&quot;,Default)" storage="/workspace/src/unittests/bin/debug/net9.0/unittests.dll" id="dcd7c3cc-bb2b-9867-81b5-778be618c95d">
      <Execution id="74e4d44b-ea95-4573-9adb-def07f58dcff" />
      <TestMethod codeBase="/workspace/src/UnitTests/bin/Debug/net9.0/UnitTests.dll" adapterTypeName="executor://nunit3testexecutor/" className="UnitTests.Conversion.FitConverterTests" name="Fit_Converter_Creates_Valid_Fit(&quot;rower_workout&quot;,Default)" />
    </UnitTest>
    <UnitTest name="GetAvgSpeedMetersPerSecond_MaxSpeed_Is_Converted(&quot;mi&quot;)" storage="/workspace/src/unittests/bin/debug/net9.0/unittests.dll" id="09942d98-1aaf-e6f8-8494-a5bbebc32f75">
      <Execution id="14e8d54d-e8c0-48b2-b862-f4e34147b2ce" />
      <TestMethod codeBase="/workspace/src/UnitTests/bin/Debug/net9.0/UnitTests.dll" adapterTypeName="executor://nunit3testexecutor/" className="UnitTests.Conversion.ConverterTests" name="GetAvgSpeedMetersPerSecond_MaxSpeed_Is_Converted(&quot;mi&quot;)" />
    </UnitTest>
    <UnitTest name="SendMfaCodeAsync_WhenValidCode_ShouldReturnSuccess" storage="/workspace/src/unittests/bin/debug/net9.0/unittests.dll" id="0a54ab5c-f771-0014-a799-08b773737ab1">
      <Execution id="4202ceb1-bfea-49fd-a590-44324433a40c" />
      <TestMethod codeBase="/workspace/src/UnitTests/bin/Debug/net9.0/UnitTests.dll" adapterTypeName="executor://nunit3testexecutor/" className="UnitTests.Garmin.GarminApiClientTests" name="SendMfaCodeAsync_WhenValidCode_ShouldReturnSuccess" />
    </UnitTest>
    <UnitTest name="ShouldConvert_ShouldOnly_Support_TCX(True,True,False)" storage="/workspace/src/unittests/bin/debug/net9.0/unittests.dll" id="5a65731b-e389-699c-d05f-1f40d4727ede">
      <Execution id="82ca4058-e14b-411f-8d2c-040669813dcc" />
      <TestMethod codeBase="/workspace/src/UnitTests/bin/Debug/net9.0/UnitTests.dll" adapterTypeName="executor://nunit3testexecutor/" className="UnitTests.Conversion.TcxConverterTests" name="ShouldConvert_ShouldOnly_Support_TCX(True,True,False)" />
    </UnitTest>
    <UnitTest name="GetTitle_Should_Handle_SpecialChars(&quot;My Title&quot;,&quot;é&quot;)" storage="/workspace/src/unittests/bin/debug/net9.0/unittests.dll" id="3a24be44-f3fb-d4d2-2b26-3ddbb95a0632">
      <Execution id="1c8ce03b-8aa0-45b3-9ad2-fa145778a10b" />
      <TestMethod codeBase="/workspace/src/UnitTests/bin/Debug/net9.0/UnitTests.dll" adapterTypeName="executor://nunit3testexecutor/" className="UnitTests.Common.WorkoutHelperTests" name="GetTitle_Should_Handle_SpecialChars(&quot;My Title&quot;,&quot;é&quot;)" />
    </UnitTest>
    <UnitTest name="SyncAsync_When_Service_Throws_Exception_Returns_BadRequest" storage="/workspace/src/unittests/bin/debug/net9.0/unittests.dll" id="e10d7093-8250-8624-4561-2fb755fc56c8">
      <Execution id="20d49b3a-26c2-43b2-90b9-45b7b1d3c169" />
      <TestMethod codeBase="/workspace/src/UnitTests/bin/Debug/net9.0/UnitTests.dll" adapterTypeName="executor://nunit3testexecutor/" className="UnitTests.Api.Controllers.SyncControllerTests" name="SyncAsync_When_Service_Throws_Exception_Returns_BadRequest" />
    </UnitTest>
    <UnitTest name="GarminAuthTokenExistsAndIsValidAsync_WhenValidToken_ShouldReturnTrue" storage="/workspace/src/unittests/bin/debug/net9.0/unittests.dll" id="0d5ea9a5-e766-e27c-62d6-1ab97d135490">
      <Execution id="09907598-98e6-486e-a4be-f03d7c50667d" />
      <TestMethod codeBase="/workspace/src/UnitTests/bin/Debug/net9.0/UnitTests.dll" adapterTypeName="executor://nunit3testexecutor/" className="UnitTests.Garmin.GarminAuthenticationServiceTests" name="GarminAuthTokenExistsAndIsValidAsync_WhenValidToken_ShouldReturnTrue" />
    </UnitTest>
    <UnitTest name="GetWorkoutType_Should_Map_Correctly(Caesar_Bootcamp,True)" storage="/workspace/src/unittests/bin/debug/net9.0/unittests.dll" id="9e40d7f7-182b-bab9-82e3-bb0dcbb731fc">
      <Execution id="ff5abbd6-4a41-41d8-a4e0-dc1f9020e758" />
      <TestMethod codeBase="/workspace/src/UnitTests/bin/Debug/net9.0/UnitTests.dll" adapterTypeName="executor://nunit3testexecutor/" className="UnitTests.Common.Dto.P2GWorkoutTests" name="GetWorkoutType_Should_Map_Correctly(Caesar_Bootcamp,True)" />
    </UnitTest>
    <UnitTest name="GetStackedWorkouts_When_Workouts_Is_NullOrEmpty_DoesNothing" storage="/workspace/src/unittests/bin/debug/net9.0/unittests.dll" id="41ba31c5-e015-3b58-b0d1-e862f9a31ff4">
      <Execution id="998fc513-aa66-4e5f-8eb6-27afe6381497" />
      <TestMethod codeBase="/workspace/src/UnitTests/bin/Debug/net9.0/UnitTests.dll" adapterTypeName="executor://nunit3testexecutor/" className="UnitTests.Sync.StackedWorkoutsCalculatorTests" name="GetStackedWorkouts_When_Workouts_Is_NullOrEmpty_DoesNothing" />
    </UnitTest>
    <UnitTest name="CompleteMFAAuthAsync_WhenInvalidCode_ShouldThrowException" storage="/workspace/src/unittests/bin/debug/net9.0/unittests.dll" id="92679e3d-d661-be15-cbdf-a3fbbc1fd13a">
      <Execution id="30ba4be9-1eef-42a5-b77e-dfdaae589870" />
      <TestMethod codeBase="/workspace/src/UnitTests/bin/Debug/net9.0/UnitTests.dll" adapterTypeName="executor://nunit3testexecutor/" className="UnitTests.Garmin.GarminAuthenticationServiceTests" name="CompleteMFAAuthAsync_WhenInvalidCode_ShouldThrowException" />
    </UnitTest>
    <UnitTest name="SyncAsync_With_DefaultRequest_Returns400" storage="/workspace/src/unittests/bin/debug/net9.0/unittests.dll" id="2c775ea8-6ee4-4ec5-2449-c81a0c078091">
      <Execution id="43ce56cd-3617-4be3-bc60-e9a16f71affa" />
      <TestMethod codeBase="/workspace/src/UnitTests/bin/Debug/net9.0/UnitTests.dll" adapterTypeName="executor://nunit3testexecutor/" className="UnitTests.Api.Controllers.SyncControllerTests" name="SyncAsync_With_DefaultRequest_Returns400" />
    </UnitTest>
    <UnitTest name="PagingResponseBase_Calculates_HasNext_Correctly(5,100)" storage="/workspace/src/unittests/bin/debug/net9.0/unittests.dll" id="9b4cb81b-5546-7c7c-51ec-7727370de86a">
      <Execution id="67bf6140-91df-41e4-b2ea-cf99a85a738e" />
      <TestMethod codeBase="/workspace/src/UnitTests/bin/Debug/net9.0/UnitTests.dll" adapterTypeName="executor://nunit3testexecutor/" className="UnitTests.Common.Api.PagingTests" name="PagingResponseBase_Calculates_HasNext_Correctly(5,100)" />
    </UnitTest>
    <UnitTest name="ValidateConfig_InvalidPort_Throws(-1)" storage="/workspace/src/unittests/bin/debug/net9.0/unittests.dll" id="14b4d962-f7f2-ac8b-cce5-4b1ed17e27f6">
      <Execution id="6de6df23-0817-4189-9aa9-26f81593d401" />
      <TestMethod codeBase="/workspace/src/UnitTests/bin/Debug/net9.0/UnitTests.dll" adapterTypeName="executor://nunit3testexecutor/" className="UnitTests.Common.TracingTests" name="ValidateConfig_InvalidPort_Throws(-1)" />
    </UnitTest>
    <UnitTest name="StrengthExerciseMappings_ShouldNotHaveDuplicateIds" storage="/workspace/src/unittests/bin/debug/net9.0/unittests.dll" id="bf4c9772-2cf2-1cd7-ab86-0f3e2d7a1134">
      <Execution id="8e48b5eb-97e5-415c-8e12-c63d2cc4e450" />
      <TestMethod codeBase="/workspace/src/UnitTests/bin/Debug/net9.0/UnitTests.dll" adapterTypeName="executor://nunit3testexecutor/" className="UnitTests.Conversion.ExerciseMappingTests" name="StrengthExerciseMappings_ShouldNotHaveDuplicateIds" />
    </UnitTest>
    <UnitTest name="UploadToGarminAsync_WhenSettingsServiceThrows_ShouldPropagateException" storage="/workspace/src/unittests/bin/debug/net9.0/unittests.dll" id="74ea4b73-2f76-e3b1-713c-9658c7474e5f">
      <Execution id="eb657029-b62b-4bc9-a39d-8d4c01638782" />
      <TestMethod codeBase="/workspace/src/UnitTests/bin/Debug/net9.0/UnitTests.dll" adapterTypeName="executor://nunit3testexecutor/" className="UnitTests.Garmin.GarminUploaderTests" name="UploadToGarminAsync_WhenSettingsServiceThrows_ShouldPropagateException" />
    </UnitTest>
    <UnitTest name="Fit_Converter_Creates_Valid_Fit(&quot;tread_run_workout&quot;,Default)" storage="/workspace/src/unittests/bin/debug/net9.0/unittests.dll" id="5d5662b6-d31d-32d3-84ac-9589078c82c3">
      <Execution id="f1d0f8c9-3d10-4d7d-b68c-f8d840af262c" />
      <TestMethod codeBase="/workspace/src/UnitTests/bin/Debug/net9.0/UnitTests.dll" adapterTypeName="executor://nunit3testexecutor/" className="UnitTests.Conversion.FitConverterTests" name="Fit_Converter_Creates_Valid_Fit(&quot;tread_run_workout&quot;,Default)" />
    </UnitTest>
    <UnitTest name="InitCookieJarAsync_WhenSettingsServiceThrows_ShouldPropagateException" storage="/workspace/src/unittests/bin/debug/net9.0/unittests.dll" id="90572729-ba69-9ea4-f91f-f49ccc8bd507">
      <Execution id="ea9ff2df-645a-410b-84d5-fe6194cd0cf4" />
      <TestMethod codeBase="/workspace/src/UnitTests/bin/Debug/net9.0/UnitTests.dll" adapterTypeName="executor://nunit3testexecutor/" className="UnitTests.Garmin.GarminApiClientTests" name="InitCookieJarAsync_WhenSettingsServiceThrows_ShouldPropagateException" />
    </UnitTest>
    <UnitTest name="GetStackedWorkouts_Should_Honor_TimeGap(300)" storage="/workspace/src/unittests/bin/debug/net9.0/unittests.dll" id="91230b95-4cc3-de7c-060a-759628c104c9">
      <Execution id="3146b9e2-33c8-4b0b-93de-890021663113" />
      <TestMethod codeBase="/workspace/src/UnitTests/bin/Debug/net9.0/UnitTests.dll" adapterTypeName="executor://nunit3testexecutor/" className="UnitTests.Sync.StackedWorkoutsCalculatorTests" name="GetStackedWorkouts_Should_Honor_TimeGap(300)" />
    </UnitTest>
    <UnitTest name="ShouldConvert_ShouldOnly_Support_TCX(False,False,True)" storage="/workspace/src/unittests/bin/debug/net9.0/unittests.dll" id="0ea8ad0c-ed07-87f6-0eb9-ade3155648fe">
      <Execution id="c82614ac-dae0-4ea9-b591-a490910d49b1" />
      <TestMethod codeBase="/workspace/src/UnitTests/bin/Debug/net9.0/UnitTests.dll" adapterTypeName="executor://nunit3testexecutor/" className="UnitTests.Conversion.JsonConverterTests" name="ShouldConvert_ShouldOnly_Support_TCX(False,False,True)" />
    </UnitTest>
    <UnitTest name="PagingResponseBase_Calculates_HasPrevious_Correctly(1)" storage="/workspace/src/unittests/bin/debug/net9.0/unittests.dll" id="55d81d83-ae6f-5c82-491d-0516e9bcf5dc">
      <Execution id="fc4992e4-8c65-4d29-84b6-8275290ce47a" />
      <TestMethod codeBase="/workspace/src/UnitTests/bin/Debug/net9.0/UnitTests.dll" adapterTypeName="executor://nunit3testexecutor/" className="UnitTests.Common.Api.PagingTests" name="PagingResponseBase_Calculates_HasPrevious_Correctly(1)" />
    </UnitTest>
    <UnitTest name="SignOutAsync_ShouldClearAllTokens" storage="/workspace/src/unittests/bin/debug/net9.0/unittests.dll" id="facbc2fa-2782-495e-b566-3c0160b941d0">
      <Execution id="2cd46245-d678-4864-a935-50bc7491211e" />
      <TestMethod codeBase="/workspace/src/UnitTests/bin/Debug/net9.0/UnitTests.dll" adapterTypeName="executor://nunit3testexecutor/" className="UnitTests.Garmin.GarminAuthenticationServiceTests" name="SignOutAsync_ShouldClearAllTokens" />
    </UnitTest>
    <UnitTest name="SyncAsync_With_NullRequest_Returns400" storage="/workspace/src/unittests/bin/debug/net9.0/unittests.dll" id="f71c24be-a83b-8f80-8fa8-303d407e89a5">
      <Execution id="923c4cef-d02d-48d0-9eeb-e82c301c51f7" />
      <TestMethod codeBase="/workspace/src/UnitTests/bin/Debug/net9.0/UnitTests.dll" adapterTypeName="executor://nunit3testexecutor/" className="UnitTests.Api.Controllers.SyncControllerTests" name="SyncAsync_With_NullRequest_Returns400" />
    </UnitTest>
    <UnitTest name="SyncAsync_WorkoutIds_Calls_CorrectMethod" storage="/workspace/src/unittests/bin/debug/net9.0/unittests.dll" id="95748184-2e23-34f4-f30a-ed8f0a761409">
      <Execution id="4565d302-ddca-42dd-82f2-04ab183972db" />
      <TestMethod codeBase="/workspace/src/UnitTests/bin/Debug/net9.0/UnitTests.dll" adapterTypeName="executor://nunit3testexecutor/" className="UnitTests.Api.Controllers.SyncControllerTests" name="SyncAsync_WorkoutIds_Calls_CorrectMethod" />
    </UnitTest>
    <UnitTest name="GetWorkoutType_Should_Map_Correctly(Running,True)" storage="/workspace/src/unittests/bin/debug/net9.0/unittests.dll" id="e89b8a9f-c780-da3a-7150-6e0f464d0bde">
      <Execution id="681f08dc-5d3e-4d17-897c-4439533e5de0" />
      <TestMethod codeBase="/workspace/src/UnitTests/bin/Debug/net9.0/UnitTests.dll" adapterTypeName="executor://nunit3testexecutor/" className="UnitTests.Common.Dto.P2GWorkoutTests" name="GetWorkoutType_Should_Map_Correctly(Running,True)" />
    </UnitTest>
    <UnitTest name="ConvertDistanceToMetersTest(&quot;unknown&quot;)" storage="/workspace/src/unittests/bin/debug/net9.0/unittests.dll" id="1f16eed6-5356-56da-0c8a-3d649af7e2b6">
      <Execution id="03aa6407-200c-4e0f-81aa-ef44a8326381" />
      <TestMethod codeBase="/workspace/src/UnitTests/bin/Debug/net9.0/UnitTests.dll" adapterTypeName="executor://nunit3testexecutor/" className="UnitTests.Conversion.ConverterTests" name="ConvertDistanceToMetersTest(&quot;unknown&quot;)" />
    </UnitTest>
    <UnitTest name="GetCyclingFtp_Should_PickCorrectValue(Workout { Id = , Status = , Title = , Name = , Created_At = 0, Fitness_Discipline = None, Is_Outdoor = False, Ride = , End_Time = , Start_Time = 0, Total_Work = 0, Ftp_Info = Common.Dto.Peloton.FTPInfo, Movement_Tracker_Data =  },UserData { Cycling_Ftp_Source = , Cycling_Workout_Ftp = 0, Cycling_Ftp_Workout_Id = , Cycling_Ftp = 0, Estimated_Cycling_Ftp = 0, Default_Max_Heart_Rate = 0, Customized_Max_Heart_Rate = 0, Weight = 0 },100)" storage="/workspace/src/unittests/bin/debug/net9.0/unittests.dll" id="d6dde4b8-a4fc-4b5b-9a35-fb6803cc084a">
      <Execution id="2864ca20-d74d-4555-83f7-e8d0852ad7a5" />
      <TestMethod codeBase="/workspace/src/UnitTests/bin/Debug/net9.0/UnitTests.dll" adapterTypeName="executor://nunit3testexecutor/" className="UnitTests.Conversion.ConverterTests" name="GetCyclingFtp_Should_PickCorrectValue(Workout { Id = , Status = , Title = , Name = , Created_At = 0, Fitness_Discipline = None, Is_Outdoor = False, Ride = , End_Time = , Start_Time = 0, Total_Work = 0, Ftp_Info = Common.Dto.Peloton.FTPInfo, Movement_Tracker_Data =  },UserData { Cycling_Ftp_Source = , Cycling_Workout_Ftp = 0, Cycling_Ftp_Workout_Id = , Cycling_Ftp = 0, Estimated_Cycling_Ftp = 0, Default_Max_Heart_Rate = 0, Customized_Max_Heart_Rate = 0, Weight = 0 },100)" />
    </UnitTest>
    <UnitTest name="GetAsync_WithInvalid_PageIndex_Returns400(-1)" storage="/workspace/src/unittests/bin/debug/net9.0/unittests.dll" id="92fda280-c4fb-442b-e883-7176a9e8efce">
      <Execution id="65f7e1e8-d947-4032-8b1b-150af485f99e" />
      <TestMethod codeBase="/workspace/src/UnitTests/bin/Debug/net9.0/UnitTests.dll" adapterTypeName="executor://nunit3testexecutor/" className="UnitTests.Api.Controllers.PelotonWorkoutsControllerTests" name="GetAsync_WithInvalid_PageIndex_Returns400(-1)" />
    </UnitTest>
    <UnitTest name="ValidateConfig_InvalidHost_Throws(null)" storage="/workspace/src/unittests/bin/debug/net9.0/unittests.dll" id="d2c0c821-8a66-4165-6497-58300a75a696">
      <Execution id="11745528-ed63-4c05-b413-fe8f6daa8dd2" />
      <TestMethod codeBase="/workspace/src/UnitTests/bin/Debug/net9.0/UnitTests.dll" adapterTypeName="executor://nunit3testexecutor/" className="UnitTests.Common.TracingTests" name="ValidateConfig_InvalidHost_Throws(null)" />
    </UnitTest>
    <UnitTest name="ConvertDistanceToMetersTest(&quot;km&quot;)" storage="/workspace/src/unittests/bin/debug/net9.0/unittests.dll" id="9e061af7-8969-3cb7-42ec-94f39bf5effb">
      <Execution id="d678d202-5204-4c93-96fc-744d95e4a89b" />
      <TestMethod codeBase="/workspace/src/UnitTests/bin/Debug/net9.0/UnitTests.dll" adapterTypeName="executor://nunit3testexecutor/" className="UnitTests.Conversion.ConverterTests" name="ConvertDistanceToMetersTest(&quot;km&quot;)" />
    </UnitTest>
    <UnitTest name="SyncAsync_When_SyncErrors_MapsErrorsCorrectly" storage="/workspace/src/unittests/bin/debug/net9.0/unittests.dll" id="a869e792-ca4e-5496-f380-4de04c793554">
      <Execution id="2fa4707c-faf2-4b36-85d5-233bfe0d0012" />
      <TestMethod codeBase="/workspace/src/UnitTests/bin/Debug/net9.0/UnitTests.dll" adapterTypeName="executor://nunit3testexecutor/" className="UnitTests.Api.Controllers.SyncControllerTests" name="SyncAsync_When_SyncErrors_MapsErrorsCorrectly" />
    </UnitTest>
    <UnitTest name="Fit_Converter_Creates_Valid_Fit(&quot;tread_run_workout&quot;,Distance)" storage="/workspace/src/unittests/bin/debug/net9.0/unittests.dll" id="50a50460-ef18-ddcc-6082-e5f270fa26bf">
      <Execution id="27ed9700-437e-4894-bbf3-637584c75ead" />
      <TestMethod codeBase="/workspace/src/UnitTests/bin/Debug/net9.0/UnitTests.dll" adapterTypeName="executor://nunit3testexecutor/" className="UnitTests.Conversion.FitConverterTests" name="Fit_Converter_Creates_Valid_Fit(&quot;tread_run_workout&quot;,Distance)" />
    </UnitTest>
    <UnitTest name="GetAsync_When_Service_Throws_ArgumentException_Returns_BadRequest" storage="/workspace/src/unittests/bin/debug/net9.0/unittests.dll" id="d6496406-25e6-4f95-dcc9-c044ad2f4af4">
      <Execution id="01c3e47d-12f3-48b0-bda1-eba3338cd647" />
      <TestMethod codeBase="/workspace/src/UnitTests/bin/Debug/net9.0/UnitTests.dll" adapterTypeName="executor://nunit3testexecutor/" className="UnitTests.Api.Controllers.PelotonWorkoutsControllerTests" name="GetAsync_When_Service_Throws_ArgumentException_Returns_BadRequest" />
    </UnitTest>
    <UnitTest name="GetTimeStampTest(0L)" storage="/workspace/src/unittests/bin/debug/net9.0/unittests.dll" id="68e2219d-c4aa-3dde-5711-40eee752b346">
      <Execution id="93c561c4-d742-4b30-b581-f3f6b068695b" />
      <TestMethod codeBase="/workspace/src/UnitTests/bin/Debug/net9.0/UnitTests.dll" adapterTypeName="executor://nunit3testexecutor/" className="UnitTests.Conversion.ConverterTests" name="GetTimeStampTest(0L)" />
    </UnitTest>
    <UnitTest name="GetStackedWorkouts_Should_Honor_TimeGap(301)" storage="/workspace/src/unittests/bin/debug/net9.0/unittests.dll" id="8541576e-161f-b1df-536b-bdaadface2bd">
      <Execution id="4bb8a308-696f-4f0c-b6da-f2104ac0095b" />
      <TestMethod codeBase="/workspace/src/UnitTests/bin/Debug/net9.0/UnitTests.dll" adapterTypeName="executor://nunit3testexecutor/" className="UnitTests.Sync.StackedWorkoutsCalculatorTests" name="GetStackedWorkouts_Should_Honor_TimeGap(301)" />
    </UnitTest>
    <UnitTest name="Fit_Converter_Creates_Valid_Fit(&quot;ride_based_on_distance&quot;,Default)" storage="/workspace/src/unittests/bin/debug/net9.0/unittests.dll" id="acbdaa04-ddd9-e76b-1250-10b38b5cdd74">
      <Execution id="de87c191-1f99-499d-9ce0-0934e15dcf29" />
      <TestMethod codeBase="/workspace/src/UnitTests/bin/Debug/net9.0/UnitTests.dll" adapterTypeName="executor://nunit3testexecutor/" className="UnitTests.Conversion.FitConverterTests" name="Fit_Converter_Creates_Valid_Fit(&quot;ride_based_on_distance&quot;,Default)" />
    </UnitTest>
    <UnitTest name="GarminPost_With_PasswordChange_Should_Validate_Characters(&quot;\\a&quot;)" storage="/workspace/src/unittests/bin/debug/net9.0/unittests.dll" id="1aa0862f-ff6f-1535-03c7-43b45799ab3f">
      <Execution id="49adf5aa-04d3-4d16-9e7c-af5cab0f4796" />
      <TestMethod codeBase="/workspace/src/UnitTests/bin/Debug/net9.0/UnitTests.dll" adapterTypeName="executor://nunit3testexecutor/" className="UnitTests.Api.Service.SettingsUpdaterServiceTests" name="GarminPost_With_PasswordChange_Should_Validate_Characters(&quot;\\a&quot;)" />
    </UnitTest>
    <UnitTest name="TryDeserializeXml_Deserializes" storage="/workspace/src/unittests/bin/debug/net9.0/unittests.dll" id="d8e78bed-195a-a7d5-9244-e8397f3f093b">
      <Execution id="2f67b82f-e8e1-4ada-be95-1d915e8767bd" />
      <TestMethod codeBase="/workspace/src/UnitTests/bin/Debug/net9.0/UnitTests.dll" adapterTypeName="executor://nunit3testexecutor/" className="UnitTests.Common.FileHandlingTests" name="TryDeserializeXml_Deserializes" />
    </UnitTest>
    <UnitTest name="GetStackedWorkouts_Should_Only_Group_By_Common_Type" storage="/workspace/src/unittests/bin/debug/net9.0/unittests.dll" id="f0978bc4-a6a0-b1ad-6bf2-490678e05fef">
      <Execution id="2a6191f3-4d35-409c-8ca8-6f52a0faa860" />
      <TestMethod codeBase="/workspace/src/UnitTests/bin/Debug/net9.0/UnitTests.dll" adapterTypeName="executor://nunit3testexecutor/" className="UnitTests.Sync.StackedWorkoutsCalculatorTests" name="GetStackedWorkouts_Should_Only_Group_By_Common_Type" />
    </UnitTest>
    <UnitTest name="ShouldConvert_ShouldOnly_Support_TCX(True,False,False)" storage="/workspace/src/unittests/bin/debug/net9.0/unittests.dll" id="4a5d5949-0c88-56fe-5e7c-a9326000123b">
      <Execution id="933b5b09-622b-40b5-a8e3-68bf24eff068" />
      <TestMethod codeBase="/workspace/src/UnitTests/bin/Debug/net9.0/UnitTests.dll" adapterTypeName="executor://nunit3testexecutor/" className="UnitTests.Conversion.TcxConverterTests" name="ShouldConvert_ShouldOnly_Support_TCX(True,False,False)" />
    </UnitTest>
    <UnitTest name="GetCustomDeviceInfoAsync_Choose_CorrectDevice_For_WorkoutType(TreadmillWalking)" storage="/workspace/src/unittests/bin/debug/net9.0/unittests.dll" id="8e3b671a-f12b-175f-1c6c-01e75fec10bf">
      <Execution id="f1b128d4-0ebe-45cb-96e1-eb5ea1729e24" />
      <TestMethod codeBase="/workspace/src/UnitTests/bin/Debug/net9.0/UnitTests.dll" adapterTypeName="executor://nunit3testexecutor/" className="UnitTests.Common.Service.SettingServiceTests" name="GetCustomDeviceInfoAsync_Choose_CorrectDevice_For_WorkoutType(TreadmillWalking)" />
    </UnitTest>
    <UnitTest name="GarminPost_With_NullRequest_Returns400" storage="/workspace/src/unittests/bin/debug/net9.0/unittests.dll" id="4d0a77b4-859e-e9eb-f096-7cc6da60780a">
      <Execution id="44c4572a-80d4-4b00-af05-76f054e5977b" />
      <TestMethod codeBase="/workspace/src/UnitTests/bin/Debug/net9.0/UnitTests.dll" adapterTypeName="executor://nunit3testexecutor/" className="UnitTests.Api.Service.SettingsUpdaterServiceTests" name="GarminPost_With_NullRequest_Returns400" />
    </UnitTest>
    <UnitTest name="Converter_Should_Provide_Formt_of_TCX" storage="/workspace/src/unittests/bin/debug/net9.0/unittests.dll" id="565ea594-4a42-bf6a-d49f-4c5ca7b4f7af">
      <Execution id="c3056464-20c0-4120-837d-27ef415bcbf8" />
      <TestMethod codeBase="/workspace/src/UnitTests/bin/Debug/net9.0/UnitTests.dll" adapterTypeName="executor://nunit3testexecutor/" className="UnitTests.Conversion.JsonConverterTests" name="Converter_Should_Provide_Formt_of_TCX" />
    </UnitTest>
    <UnitTest name="StrengthExerciseMappings_AllIdsShouldBeValidFormat" storage="/workspace/src/unittests/bin/debug/net9.0/unittests.dll" id="498cc7c3-1cb9-89e2-4405-01ada2bd05f7">
      <Execution id="73a63e57-1109-415c-bb8b-eb8a798ce6f1" />
      <TestMethod codeBase="/workspace/src/UnitTests/bin/Debug/net9.0/UnitTests.dll" adapterTypeName="executor://nunit3testexecutor/" className="UnitTests.Conversion.ExerciseMappingTests" name="StrengthExerciseMappings_AllIdsShouldBeValidFormat" />
    </UnitTest>
    <UnitTest name="MigrateToAdminUserAsync_When_LegacySettings_Migrates" storage="/workspace/src/unittests/bin/debug/net9.0/unittests.dll" id="1e9d0621-8305-7828-af7a-409a8880fdd4">
      <Execution id="86c91261-1d3c-41bc-b61a-92fb3b5c6185" />
      <TestMethod codeBase="/workspace/src/UnitTests/bin/Debug/net9.0/UnitTests.dll" adapterTypeName="executor://nunit3testexecutor/" className="UnitTests.Common.Database.DbMigrationsTests" name="MigrateToAdminUserAsync_When_LegacySettings_Migrates" />
    </UnitTest>
    <UnitTest name="GetCustomDeviceInfoAsync_Choose_CorrectDevice_For_WorkoutType(Circuit)" storage="/workspace/src/unittests/bin/debug/net9.0/unittests.dll" id="61a66b7d-f265-2ce8-5c72-363964efc937">
      <Execution id="8df13cc0-744b-4cba-8230-2f02f1639e03" />
      <TestMethod codeBase="/workspace/src/UnitTests/bin/Debug/net9.0/UnitTests.dll" adapterTypeName="executor://nunit3testexecutor/" className="UnitTests.Common.Service.SettingServiceTests" name="GetCustomDeviceInfoAsync_Choose_CorrectDevice_For_WorkoutType(Circuit)" />
    </UnitTest>
    <UnitTest name="GetWorkoutDetailsAsync_Should_Only_Enrich_ValidRideIds(&quot;00000000000000000000000000000000&quot;)" storage="/workspace/src/unittests/bin/debug/net9.0/unittests.dll" id="51ee4b4c-dd8d-e42d-eca5-b25bb54e0d3a">
      <Execution id="8a84de42-3011-4243-a2a1-199d896fc56d" />
      <TestMethod codeBase="/workspace/src/UnitTests/bin/Debug/net9.0/UnitTests.dll" adapterTypeName="executor://nunit3testexecutor/" className="UnitTests.PelotonTests.PelotonServiceTests" name="GetWorkoutDetailsAsync_Should_Only_Enrich_ValidRideIds(&quot;00000000000000000000000000000000&quot;)" />
    </UnitTest>
    <UnitTest name="Constructor_ShouldInitializeCorrectly" storage="/workspace/src/unittests/bin/debug/net9.0/unittests.dll" id="868c7be5-cfbd-065b-6f91-c374862a7a8b">
      <Execution id="e37259dd-5e0a-4d01-9ece-3cf88ff7d9d7" />
      <TestMethod codeBase="/workspace/src/UnitTests/bin/Debug/net9.0/UnitTests.dll" adapterTypeName="executor://nunit3testexecutor/" className="UnitTests.Garmin.GarminAuthenticationServiceTests" name="Constructor_ShouldInitializeCorrectly" />
    </UnitTest>
    <UnitTest name="UploadActivity_WhenValidFile_ShouldReturnUploadResponse" storage="/workspace/src/unittests/bin/debug/net9.0/unittests.dll" id="4e26259a-1b02-586b-082a-b53c071413ff">
      <Execution id="5f4240eb-e735-4861-b9f3-d1de69f5a9b2" />
      <TestMethod codeBase="/workspace/src/UnitTests/bin/Debug/net9.0/UnitTests.dll" adapterTypeName="executor://nunit3testexecutor/" className="UnitTests.Garmin.GarminApiClientTests" name="UploadActivity_WhenValidFile_ShouldReturnUploadResponse" />
    </UnitTest>
    <UnitTest name="GetWorkoutType_Should_Map_Correctly(Caesar,False)" storage="/workspace/src/unittests/bin/debug/net9.0/unittests.dll" id="0cc7f3aa-f0d7-1b81-ab81-fbb4b82c74b0">
      <Execution id="f9d820dd-9b2c-4944-97ed-c85291598fe3" />
      <TestMethod codeBase="/workspace/src/UnitTests/bin/Debug/net9.0/UnitTests.dll" adapterTypeName="executor://nunit3testexecutor/" className="UnitTests.Common.Dto.P2GWorkoutTests" name="GetWorkoutType_Should_Map_Correctly(Caesar,False)" />
    </UnitTest>
    <UnitTest name="CombineLocationData_When_WorkoutsToStack_Is_NullOrEmpty_NoOp" storage="/workspace/src/unittests/bin/debug/net9.0/unittests.dll" id="001eaa05-24de-1a6f-4796-a20a49ef55f6">
      <Execution id="2c6fc76c-e5dc-41ef-9c59-3c59d89a3f23" />
      <TestMethod codeBase="/workspace/src/UnitTests/bin/Debug/net9.0/UnitTests.dll" adapterTypeName="executor://nunit3testexecutor/" className="UnitTests.Sync.StackedWorkoutsCalculatorTests" name="CombineLocationData_When_WorkoutsToStack_Is_NullOrEmpty_NoOp" />
    </UnitTest>
    <UnitTest name="GetWorkoutDetailsAsync_Should_Only_Enrich_ValidRideIds(&quot;   &quot;)" storage="/workspace/src/unittests/bin/debug/net9.0/unittests.dll" id="dd67079e-4f7c-100f-b844-f26b3873901b">
      <Execution id="8d9f45fb-b73c-4051-bb5c-3e2668f9fc1f" />
      <TestMethod codeBase="/workspace/src/UnitTests/bin/Debug/net9.0/UnitTests.dll" adapterTypeName="executor://nunit3testexecutor/" className="UnitTests.PelotonTests.PelotonServiceTests" name="GetWorkoutDetailsAsync_Should_Only_Enrich_ValidRideIds(&quot;   &quot;)" />
    </UnitTest>
    <UnitTest name="UploadActivity_WhenInvalidFile_ShouldThrowException" storage="/workspace/src/unittests/bin/debug/net9.0/unittests.dll" id="d1d4a324-9577-ffbe-55b8-4af24ac0c077">
      <Execution id="ea3b1efe-a2e7-4177-908c-87f38068bb9b" />
      <TestMethod codeBase="/workspace/src/UnitTests/bin/Debug/net9.0/UnitTests.dll" adapterTypeName="executor://nunit3testexecutor/" className="UnitTests.Garmin.GarminApiClientTests" name="UploadActivity_WhenInvalidFile_ShouldThrowException" />
    </UnitTest>
    <UnitTest name="GetWorkoutType_Should_Map_Correctly(Caesar_Bootcamp,False)" storage="/workspace/src/unittests/bin/debug/net9.0/unittests.dll" id="faa5ccad-3cf9-51a2-6991-e547e18a1011">
      <Execution id="1a8381fa-f6ee-4055-84bf-5c58332bd5ad" />
      <TestMethod codeBase="/workspace/src/UnitTests/bin/Debug/net9.0/UnitTests.dll" adapterTypeName="executor://nunit3testexecutor/" className="UnitTests.Common.Dto.P2GWorkoutTests" name="GetWorkoutType_Should_Map_Correctly(Caesar_Bootcamp,False)" />
    </UnitTest>
    <UnitTest name="GetTitle_NullTemplate_ShouldReturn_DefaultTemplate" storage="/workspace/src/unittests/bin/debug/net9.0/unittests.dll" id="834688af-d948-b267-9d52-df9b13a0c676">
      <Execution id="9bbd7375-c773-4312-9582-9a5f0b30090a" />
      <TestMethod codeBase="/workspace/src/UnitTests/bin/Debug/net9.0/UnitTests.dll" adapterTypeName="executor://nunit3testexecutor/" className="UnitTests.Common.WorkoutHelperTests" name="GetTitle_NullTemplate_ShouldReturn_DefaultTemplate" />
    </UnitTest>
    <UnitTest name="GetCyclingFtp_Should_PickCorrectValue(null,UserData { Cycling_Ftp_Source = Ftp_Workout_Source, Cycling_Workout_Ftp = 0, Cycling_Ftp_Workout_Id = , Cycling_Ftp = 1, Estimated_Cycling_Ftp = 100, Default_Max_Heart_Rate = 0, Customized_Max_Heart_Rate = 0, Weight = 0 },100)" storage="/workspace/src/unittests/bin/debug/net9.0/unittests.dll" id="5ff971c1-c71d-1ccf-c287-9ba289350e84">
      <Execution id="59df9b1d-f710-44bf-a491-30118c8e70a3" />
      <TestMethod codeBase="/workspace/src/UnitTests/bin/Debug/net9.0/UnitTests.dll" adapterTypeName="executor://nunit3testexecutor/" className="UnitTests.Conversion.ConverterTests" name="GetCyclingFtp_Should_PickCorrectValue(null,UserData { Cycling_Ftp_Source = Ftp_Workout_Source, Cycling_Workout_Ftp = 0, Cycling_Ftp_Workout_Id = , Cycling_Ftp = 1, Estimated_Cycling_Ftp = 100, Default_Max_Heart_Rate = 0, Customized_Max_Heart_Rate = 0, Weight = 0 },100)" />
    </UnitTest>
    <UnitTest name="Fit_Converter_Creates_Valid_Fit(&quot;cycling_workout&quot;,Class_Segments)" storage="/workspace/src/unittests/bin/debug/net9.0/unittests.dll" id="024762ec-6de4-9e73-3e08-4415f864ad90">
      <Execution id="ba128dc5-9182-41e3-839f-31f3a3ebd928" />
      <TestMethod codeBase="/workspace/src/UnitTests/bin/Debug/net9.0/UnitTests.dll" adapterTypeName="executor://nunit3testexecutor/" className="UnitTests.Conversion.FitConverterTests" name="Fit_Converter_Creates_Valid_Fit(&quot;cycling_workout&quot;,Class_Segments)" />
    </UnitTest>
    <UnitTest name="GetStackedWorkouts_Should_Honor_TimeGap(0)" storage="/workspace/src/unittests/bin/debug/net9.0/unittests.dll" id="2c8f4979-1655-f332-06f6-53e805976a06">
      <Execution id="1aa7a705-439c-45d1-bb4e-51c7ef22b82f" />
      <TestMethod codeBase="/workspace/src/UnitTests/bin/Debug/net9.0/UnitTests.dll" adapterTypeName="executor://nunit3testexecutor/" className="UnitTests.Sync.StackedWorkoutsCalculatorTests" name="GetStackedWorkouts_Should_Honor_TimeGap(0)" />
    </UnitTest>
    <UnitTest name="ValidateConfig_InvalidPort_Throws(-1)" storage="/workspace/src/unittests/bin/debug/net9.0/unittests.dll" id="e0f99cbf-2d29-3c80-a624-7b6e13dd1390">
      <Execution id="ad5d5a25-9b12-4fdf-b93e-d93f3b973400" />
      <TestMethod codeBase="/workspace/src/UnitTests/bin/Debug/net9.0/UnitTests.dll" adapterTypeName="executor://nunit3testexecutor/" className="UnitTests.Common.MetricsTests" name="ValidateConfig_InvalidPort_Throws(-1)" />
    </UnitTest>
    <UnitTest name="GarminPost_With_EmailChange_Should_SignOut_of_Garmin" storage="/workspace/src/unittests/bin/debug/net9.0/unittests.dll" id="59ec3057-e73c-9bdc-c923-5de846e585bc">
      <Execution id="b8699ee2-23a5-4de9-bb74-5976876aa30d" />
      <TestMethod codeBase="/workspace/src/UnitTests/bin/Debug/net9.0/UnitTests.dll" adapterTypeName="executor://nunit3testexecutor/" className="UnitTests.Api.Service.SettingsUpdaterServiceTests" name="GarminPost_With_EmailChange_Should_SignOut_of_Garmin" />
    </UnitTest>
    <UnitTest name="UpdateAppSettingsAsync_With_NullRequest_Returns400" storage="/workspace/src/unittests/bin/debug/net9.0/unittests.dll" id="26eaa644-cba6-d67c-e436-0668796ca225">
      <Execution id="b454e641-f995-436f-bbd4-5eee3a2cfbd3" />
      <TestMethod codeBase="/workspace/src/UnitTests/bin/Debug/net9.0/UnitTests.dll" adapterTypeName="executor://nunit3testexecutor/" className="UnitTests.Api.Service.SettingsUpdaterServiceTests" name="UpdateAppSettingsAsync_With_NullRequest_Returns400" />
    </UnitTest>
    <UnitTest name="GetCyclingFtp_Should_PickCorrectValue(null,null,null)" storage="/workspace/src/unittests/bin/debug/net9.0/unittests.dll" id="a48d31d2-8b14-7fbe-3e20-68e8f8ee61d3">
      <Execution id="8920f44e-f7dc-4de6-aca0-7d5acd3777c7" />
      <TestMethod codeBase="/workspace/src/UnitTests/bin/Debug/net9.0/UnitTests.dll" adapterTypeName="executor://nunit3testexecutor/" className="UnitTests.Conversion.ConverterTests" name="GetCyclingFtp_Should_PickCorrectValue(null,null,null)" />
    </UnitTest>
    <UnitTest name="ConvertDistanceToMetersTest(&quot;m&quot;)" storage="/workspace/src/unittests/bin/debug/net9.0/unittests.dll" id="94bd48db-54a3-d63b-4c2b-1c89db1efaf3">
      <Execution id="1505c561-bbf9-453b-9d13-ff0e721ae228" />
      <TestMethod codeBase="/workspace/src/UnitTests/bin/Debug/net9.0/UnitTests.dll" adapterTypeName="executor://nunit3testexecutor/" className="UnitTests.Conversion.ConverterTests" name="ConvertDistanceToMetersTest(&quot;m&quot;)" />
    </UnitTest>
    <UnitTest name="GetConsumerCredentialsAsync_ShouldReturnValidCredentials" storage="/workspace/src/unittests/bin/debug/net9.0/unittests.dll" id="3f206ca6-da4d-81d4-4009-b17edef07e39">
      <Execution id="7dc0ca6b-b975-49ec-8625-5124e3ac1aee" />
      <TestMethod codeBase="/workspace/src/UnitTests/bin/Debug/net9.0/UnitTests.dll" adapterTypeName="executor://nunit3testexecutor/" className="UnitTests.Garmin.GarminApiClientTests" name="GetConsumerCredentialsAsync_ShouldReturnValidCredentials" />
    </UnitTest>
    <UnitTest name="GetCustomDeviceInfoAsync_Choose_CorrectDevice_For_WorkoutType(Yoga)" storage="/workspace/src/unittests/bin/debug/net9.0/unittests.dll" id="248d5f3f-97e6-5c8e-3113-984eb4fab62a">
      <Execution id="87a5cc09-73c6-440e-9b59-e778588161c8" />
      <TestMethod codeBase="/workspace/src/UnitTests/bin/Debug/net9.0/UnitTests.dll" adapterTypeName="executor://nunit3testexecutor/" className="UnitTests.Common.Service.SettingServiceTests" name="GetCustomDeviceInfoAsync_Choose_CorrectDevice_For_WorkoutType(Yoga)" />
    </UnitTest>
    <UnitTest name="CombineMetricsData_When_WorkoutSamples_Is_Null_SkipsEmpty" storage="/workspace/src/unittests/bin/debug/net9.0/unittests.dll" id="1292910c-c26a-af95-32b2-bbd8135a83bf">
      <Execution id="e922e4d4-7c30-4eb8-be6d-4343a9c9aa45" />
      <TestMethod codeBase="/workspace/src/UnitTests/bin/Debug/net9.0/UnitTests.dll" adapterTypeName="executor://nunit3testexecutor/" className="UnitTests.Sync.StackedWorkoutsCalculatorTests" name="CombineMetricsData_When_WorkoutSamples_Is_Null_SkipsEmpty" />
    </UnitTest>
    <UnitTest name="ShouldConvert_ShouldOnly_Support_TCX(True,False,True)" storage="/workspace/src/unittests/bin/debug/net9.0/unittests.dll" id="7fd77b4f-2865-307d-1d9d-9dbd8cb2a6ee">
      <Execution id="abed9648-f245-445c-9375-0f847e907d90" />
      <TestMethod codeBase="/workspace/src/UnitTests/bin/Debug/net9.0/UnitTests.dll" adapterTypeName="executor://nunit3testexecutor/" className="UnitTests.Conversion.JsonConverterTests" name="ShouldConvert_ShouldOnly_Support_TCX(True,False,True)" />
    </UnitTest>
    <UnitTest name="GetAvgSpeedMetersPerSecond_MaxSpeed_Is_Converted(&quot;kph&quot;)" storage="/workspace/src/unittests/bin/debug/net9.0/unittests.dll" id="26cb9a0c-9732-0e98-cfef-fd3942afbd88">
      <Execution id="83d47ac8-1efa-4173-b437-2e7948c81e43" />
      <TestMethod codeBase="/workspace/src/UnitTests/bin/Debug/net9.0/UnitTests.dll" adapterTypeName="executor://nunit3testexecutor/" className="UnitTests.Conversion.ConverterTests" name="GetAvgSpeedMetersPerSecond_MaxSpeed_Is_Converted(&quot;kph&quot;)" />
    </UnitTest>
    <UnitTest name="StrengthExerciseMappings_ShouldMapCorrectExerciseCategories" storage="/workspace/src/unittests/bin/debug/net9.0/unittests.dll" id="dfc0d184-cfcd-09fc-2e9c-a58966e86734">
      <Execution id="7e23faa7-db44-441a-8156-8a6973149ece" />
      <TestMethod codeBase="/workspace/src/UnitTests/bin/Debug/net9.0/UnitTests.dll" adapterTypeName="executor://nunit3testexecutor/" className="UnitTests.Conversion.ExerciseMappingTests" name="StrengthExerciseMappings_ShouldMapCorrectExerciseCategories" />
    </UnitTest>
    <UnitTest name="GetAvgSpeedMetersPerSecond_NullMetrics_Returns0" storage="/workspace/src/unittests/bin/debug/net9.0/unittests.dll" id="7d3f3bee-187c-5af5-8058-bf14cf827929">
      <Execution id="f5e1cf06-33cc-4c37-9ddc-3d69a7fb549d" />
      <TestMethod codeBase="/workspace/src/UnitTests/bin/Debug/net9.0/UnitTests.dll" adapterTypeName="executor://nunit3testexecutor/" className="UnitTests.Conversion.ConverterTests" name="GetAvgSpeedMetersPerSecond_NullMetrics_Returns0" />
    </UnitTest>
    <UnitTest name="GetWorkoutType_Should_Map_Correctly(Circuit,True)" storage="/workspace/src/unittests/bin/debug/net9.0/unittests.dll" id="9ee0eb13-c27d-9b0c-f2f4-4561c0a9350e">
      <Execution id="60f613f8-4d91-4800-9906-eae742b24316" />
      <TestMethod codeBase="/workspace/src/UnitTests/bin/Debug/net9.0/UnitTests.dll" adapterTypeName="executor://nunit3testexecutor/" className="UnitTests.Common.Dto.P2GWorkoutTests" name="GetWorkoutType_Should_Map_Correctly(Circuit,True)" />
    </UnitTest>
    <UnitTest name="PagingResponseBase_Calculates_HasNext_Correctly(-1,-1)" storage="/workspace/src/unittests/bin/debug/net9.0/unittests.dll" id="d673f751-f8e9-a52d-95f0-a6dc176b75a2">
      <Execution id="f83ce141-3f29-468c-9038-6fab412dee6d" />
      <TestMethod codeBase="/workspace/src/UnitTests/bin/Debug/net9.0/UnitTests.dll" adapterTypeName="executor://nunit3testexecutor/" className="UnitTests.Common.Api.PagingTests" name="PagingResponseBase_Calculates_HasNext_Correctly(-1,-1)" />
    </UnitTest>
    <UnitTest name="GetCustomDeviceInfoAsync_Choose_CorrectDevice_For_WorkoutType(Strength)" storage="/workspace/src/unittests/bin/debug/net9.0/unittests.dll" id="582f0edc-f793-49fc-2dc3-b59b6fef13d9">
      <Execution id="9bf47594-721e-462a-9b3f-451075203910" />
      <TestMethod codeBase="/workspace/src/UnitTests/bin/Debug/net9.0/UnitTests.dll" adapterTypeName="executor://nunit3testexecutor/" className="UnitTests.Common.Service.SettingServiceTests" name="GetCustomDeviceInfoAsync_Choose_CorrectDevice_For_WorkoutType(Strength)" />
    </UnitTest>
    <UnitTest name="Fit_Converter_Creates_Valid_Fit(&quot;cycling_just_ride&quot;,Class_Segments)" storage="/workspace/src/unittests/bin/debug/net9.0/unittests.dll" id="4b0481dc-3b3e-c8ad-e505-7f7ffc1d55a6">
      <Execution id="c105320d-23ab-4d96-824d-b9bc7700cdf0" />
      <TestMethod codeBase="/workspace/src/UnitTests/bin/Debug/net9.0/UnitTests.dll" adapterTypeName="executor://nunit3testexecutor/" className="UnitTests.Conversion.FitConverterTests" name="Fit_Converter_Creates_Valid_Fit(&quot;cycling_just_ride&quot;,Class_Segments)" />
    </UnitTest>
    <UnitTest name="GetAsync_WithInvalid_PageSize_Returns400(-1)" storage="/workspace/src/unittests/bin/debug/net9.0/unittests.dll" id="8c732e17-fb21-60bf-dc33-2081987c6946">
      <Execution id="d3996a64-032c-4806-88cc-e7602137039c" />
      <TestMethod codeBase="/workspace/src/UnitTests/bin/Debug/net9.0/UnitTests.dll" adapterTypeName="executor://nunit3testexecutor/" className="UnitTests.Api.Controllers.PelotonWorkoutsControllerTests" name="GetAsync_WithInvalid_PageSize_Returns400(-1)" />
    </UnitTest>
    <UnitTest name="GetWorkoutType_Should_Map_Correctly(Cardio,True)" storage="/workspace/src/unittests/bin/debug/net9.0/unittests.dll" id="d68ed5bd-39a3-6663-0efe-e41e95998d98">
      <Execution id="365d6775-3a7e-45a3-a55b-90af9d71480e" />
      <TestMethod codeBase="/workspace/src/UnitTests/bin/Debug/net9.0/UnitTests.dll" adapterTypeName="executor://nunit3testexecutor/" className="UnitTests.Common.Dto.P2GWorkoutTests" name="GetWorkoutType_Should_Map_Correctly(Cardio,True)" />
    </UnitTest>
    <UnitTest name="DefaultConfigInit_Garmin_ShouldHaveDefaulValues" storage="/workspace/src/unittests/bin/debug/net9.0/unittests.dll" id="0afa58fd-6240-6049-1c3f-87d4db08ddd5">
      <Execution id="0121220f-ceda-4c8e-bfb7-31d25f5718be" />
      <TestMethod codeBase="/workspace/src/UnitTests/bin/Debug/net9.0/UnitTests.dll" adapterTypeName="executor://nunit3testexecutor/" className="UnitTests.Common.ConfigurationTests" name="DefaultConfigInit_Garmin_ShouldHaveDefaulValues" />
    </UnitTest>
    <UnitTest name="FormatPost_With_NullRequest_Returns400" storage="/workspace/src/unittests/bin/debug/net9.0/unittests.dll" id="8e2f4b9a-aecb-c781-3dd2-d433cb480f63">
      <Execution id="c080019a-3603-4dcd-bd63-f66c75929b83" />
      <TestMethod codeBase="/workspace/src/UnitTests/bin/Debug/net9.0/UnitTests.dll" adapterTypeName="executor://nunit3testexecutor/" className="UnitTests.Api.Service.SettingsUpdaterServiceTests" name="FormatPost_With_NullRequest_Returns400" />
    </UnitTest>
    <UnitTest name="UploadToGarminAsync_WhenUploadDisabled_ShouldReturnWithoutProcessing" storage="/workspace/src/unittests/bin/debug/net9.0/unittests.dll" id="b57878e7-556e-88c0-047b-2a893a3bfaea">
      <Execution id="a187e51b-c602-42b1-9121-70c1cdfa5030" />
      <TestMethod codeBase="/workspace/src/UnitTests/bin/Debug/net9.0/UnitTests.dll" adapterTypeName="executor://nunit3testexecutor/" className="UnitTests.Garmin.GarminUploaderTests" name="UploadToGarminAsync_WhenUploadDisabled_ShouldReturnWithoutProcessing" />
    </UnitTest>
    <UnitTest name="GetTitle_NullInstructorName_ShouldReturn_EmptyInstructorName" storage="/workspace/src/unittests/bin/debug/net9.0/unittests.dll" id="53c94778-6304-3468-47d9-789a07277d4e">
      <Execution id="3a6527d2-4ab3-48b0-a2ff-c586c488df88" />
      <TestMethod codeBase="/workspace/src/UnitTests/bin/Debug/net9.0/UnitTests.dll" adapterTypeName="executor://nunit3testexecutor/" className="UnitTests.Common.WorkoutHelperTests" name="GetTitle_NullInstructorName_ShouldReturn_EmptyInstructorName" />
    </UnitTest>
    <UnitTest name="ShouldConvert_ShouldOnly_Support_Fit(False,False,True)" storage="/workspace/src/unittests/bin/debug/net9.0/unittests.dll" id="b8ee6749-5aa5-cfda-9c6a-3b65aefd2913">
      <Execution id="0d48787b-f746-445f-bd06-4419ba0f0aa2" />
      <TestMethod codeBase="/workspace/src/UnitTests/bin/Debug/net9.0/UnitTests.dll" adapterTypeName="executor://nunit3testexecutor/" className="UnitTests.Conversion.FitConverterTests" name="ShouldConvert_ShouldOnly_Support_Fit(False,False,True)" />
    </UnitTest>
    <UnitTest name="SendCredentialsAsync_WhenRedirected_ShouldCaptureRedirection" storage="/workspace/src/unittests/bin/debug/net9.0/unittests.dll" id="6f647fb1-f61a-98c6-9059-a1c0f49860db">
      <Execution id="0d47a210-3307-4c22-aafc-0ec50129f670" />
      <TestMethod codeBase="/workspace/src/UnitTests/bin/Debug/net9.0/UnitTests.dll" adapterTypeName="executor://nunit3testexecutor/" className="UnitTests.Garmin.GarminApiClientTests" name="SendCredentialsAsync_WhenRedirected_ShouldCaptureRedirection" />
    </UnitTest>
    <UnitTest name="Json_WithNullAvgVlaue_Can_Deserialzize_To_Metric" storage="/workspace/src/unittests/bin/debug/net9.0/unittests.dll" id="27b2cd73-6788-78c2-8f2b-b1d4688529a0">
      <Execution id="7fdd71ba-f027-409a-ad2a-cb2451eb67ee" />
      <TestMethod codeBase="/workspace/src/UnitTests/bin/Debug/net9.0/UnitTests.dll" adapterTypeName="executor://nunit3testexecutor/" className="UnitTests.Common.Dto.Peloton.MetricTests" name="Json_WithNullAvgVlaue_Can_Deserialzize_To_Metric" />
    </UnitTest>
    <UnitTest name="Fit_Converter_Creates_Valid_Fit(&quot;walking_outdoor_01&quot;,Distance)" storage="/workspace/src/unittests/bin/debug/net9.0/unittests.dll" id="dd674274-ba43-8940-2626-71ce4e04448c">
      <Execution id="9ba49233-21df-4408-a53d-d2b0854033e6" />
      <TestMethod codeBase="/workspace/src/UnitTests/bin/Debug/net9.0/UnitTests.dll" adapterTypeName="executor://nunit3testexecutor/" className="UnitTests.Conversion.FitConverterTests" name="Fit_Converter_Creates_Valid_Fit(&quot;walking_outdoor_01&quot;,Distance)" />
    </UnitTest>
    <UnitTest name="GetAvgSpeedMetersPerSecond_MaxSpeed_Is_Converted(&quot;ft&quot;)" storage="/workspace/src/unittests/bin/debug/net9.0/unittests.dll" id="daed5026-5f53-0768-97fa-2d38c9533a79">
      <Execution id="527cd2b8-7adb-4494-8092-343b81e93914" />
      <TestMethod codeBase="/workspace/src/UnitTests/bin/Debug/net9.0/UnitTests.dll" adapterTypeName="executor://nunit3testexecutor/" className="UnitTests.Conversion.ConverterTests" name="GetAvgSpeedMetersPerSecond_MaxSpeed_Is_Converted(&quot;ft&quot;)" />
    </UnitTest>
    <UnitTest name="Fit_Converter_Creates_Valid_Fit(&quot;cycling_just_ride&quot;,Default)" storage="/workspace/src/unittests/bin/debug/net9.0/unittests.dll" id="cc0e110a-7d43-3755-7ceb-38b0aafb5f26">
      <Execution id="15b03c9b-22e8-4b06-81fd-7f1464d34c9e" />
      <TestMethod codeBase="/workspace/src/UnitTests/bin/Debug/net9.0/UnitTests.dll" adapterTypeName="executor://nunit3testexecutor/" className="UnitTests.Conversion.FitConverterTests" name="Fit_Converter_Creates_Valid_Fit(&quot;cycling_just_ride&quot;,Default)" />
    </UnitTest>
    <UnitTest name="Fit_Converter_Builds_Valid_DeviceInfoMesg(5,3)" storage="/workspace/src/unittests/bin/debug/net9.0/unittests.dll" id="bd5aa7b1-246c-6dab-cbdf-cfe9b0823566">
      <Execution id="edfc6406-db96-4d02-80d8-1a470926cc45" />
      <TestMethod codeBase="/workspace/src/UnitTests/bin/Debug/net9.0/UnitTests.dll" adapterTypeName="executor://nunit3testexecutor/" className="UnitTests.Conversion.FitConverterTests" name="Fit_Converter_Builds_Valid_DeviceInfoMesg(5,3)" />
    </UnitTest>
    <UnitTest name="Fit_Converter_Creates_Valid_Fit(&quot;running_workout_no_metrics&quot;,Distance)" storage="/workspace/src/unittests/bin/debug/net9.0/unittests.dll" id="37b43e18-8176-d931-8f8a-96c2aeceb9ed">
      <Execution id="e2ad00de-6cdb-4e05-8195-49674cb83671" />
      <TestMethod codeBase="/workspace/src/UnitTests/bin/Debug/net9.0/UnitTests.dll" adapterTypeName="executor://nunit3testexecutor/" className="UnitTests.Conversion.FitConverterTests" name="Fit_Converter_Creates_Valid_Fit(&quot;running_workout_no_metrics&quot;,Distance)" />
    </UnitTest>
    <UnitTest name="SyncAsync_When_SyncUnsuccessful_OkResult_Returned" storage="/workspace/src/unittests/bin/debug/net9.0/unittests.dll" id="98523b04-0b64-512a-fc6b-20bcb74b8475">
      <Execution id="70f1a932-a5e4-4bb9-b6a4-1becb8a20d8a" />
      <TestMethod codeBase="/workspace/src/UnitTests/bin/Debug/net9.0/UnitTests.dll" adapterTypeName="executor://nunit3testexecutor/" className="UnitTests.Api.Controllers.SyncControllerTests" name="SyncAsync_When_SyncUnsuccessful_OkResult_Returned" />
    </UnitTest>
    <UnitTest name="GetAsync_When_Service_Throws_Exception_Returns_BadRequest" storage="/workspace/src/unittests/bin/debug/net9.0/unittests.dll" id="7f1783c7-cde5-f3ed-b4f8-1abce9f6cb6c">
      <Execution id="2e9562a6-df11-4282-96bc-d89536aa49d6" />
      <TestMethod codeBase="/workspace/src/UnitTests/bin/Debug/net9.0/UnitTests.dll" adapterTypeName="executor://nunit3testexecutor/" className="UnitTests.Api.Controllers.PelotonWorkoutsControllerTests" name="GetAsync_When_Service_Throws_Exception_Returns_BadRequest" />
    </UnitTest>
    <UnitTest name="ValidateConfig_ValidPort_ShouldNotThrow" storage="/workspace/src/unittests/bin/debug/net9.0/unittests.dll" id="eda327a8-43f0-eb29-46cf-6cdf168c607b">
      <Execution id="7b9dddb2-1685-439a-af52-664c077308de" />
      <TestMethod codeBase="/workspace/src/UnitTests/bin/Debug/net9.0/UnitTests.dll" adapterTypeName="executor://nunit3testexecutor/" className="UnitTests.Common.MetricsTests" name="ValidateConfig_ValidPort_ShouldNotThrow" />
    </UnitTest>
    <UnitTest name="GetAvgSpeedMetersPerSecond_MaxSpeed_Is_Converted_ForRower(&quot;min/500m&quot;)" storage="/workspace/src/unittests/bin/debug/net9.0/unittests.dll" id="c1342d3f-cfe5-2a38-0aa5-5bb1dded60d1">
      <Execution id="62f258b5-b54f-48c9-b149-6b4b4086968c" />
      <TestMethod codeBase="/workspace/src/UnitTests/bin/Debug/net9.0/UnitTests.dll" adapterTypeName="executor://nunit3testexecutor/" className="UnitTests.Conversion.ConverterTests" name="GetAvgSpeedMetersPerSecond_MaxSpeed_Is_Converted_ForRower(&quot;min/500m&quot;)" />
    </UnitTest>
    <UnitTest name="SignInAsync_WhenInitCookieJarFails_ShouldThrowAuthenticationError" storage="/workspace/src/unittests/bin/debug/net9.0/unittests.dll" id="f998499a-614e-ff27-ca3d-a560deec8923">
      <Execution id="dc23ccd3-7213-4072-b462-82fdb8ebce97" />
      <TestMethod codeBase="/workspace/src/UnitTests/bin/Debug/net9.0/UnitTests.dll" adapterTypeName="executor://nunit3testexecutor/" className="UnitTests.Garmin.GarminAuthenticationServiceTests" name="SignInAsync_WhenInitCookieJarFails_ShouldThrowAuthenticationError" />
    </UnitTest>
    <UnitTest name="GetCalorieSummary_ShouldPickCorrectValue(Common.Dto.Peloton.WorkoutSamples,10)" storage="/workspace/src/unittests/bin/debug/net9.0/unittests.dll" id="73d075be-fab1-ee80-0dd0-df090006c2e6">
      <Execution id="f6461836-16fb-4a51-a132-5f381803bd7e" />
      <TestMethod codeBase="/workspace/src/UnitTests/bin/Debug/net9.0/UnitTests.dll" adapterTypeName="executor://nunit3testexecutor/" className="UnitTests.Conversion.ConverterTests" name="GetCalorieSummary_ShouldPickCorrectValue(Common.Dto.Peloton.WorkoutSamples,10)" />
    </UnitTest>
    <UnitTest name="GetTimeStampTest(10L)" storage="/workspace/src/unittests/bin/debug/net9.0/unittests.dll" id="6bd02653-e5f0-d4ef-1cd6-21d55dd9399e">
      <Execution id="0ceb4980-ed49-4ac9-b900-49e10d730139" />
      <TestMethod codeBase="/workspace/src/UnitTests/bin/Debug/net9.0/UnitTests.dll" adapterTypeName="executor://nunit3testexecutor/" className="UnitTests.Conversion.ConverterTests" name="GetTimeStampTest(10L)" />
    </UnitTest>
    <UnitTest name="GetWorkoutDetailsAsync_Should_EnrichAllWorkouts" storage="/workspace/src/unittests/bin/debug/net9.0/unittests.dll" id="488459ee-d120-d7fc-1652-0d4582274b8e">
      <Execution id="3425f5ad-338f-42c4-a17f-64b822ddc5d0" />
      <TestMethod codeBase="/workspace/src/UnitTests/bin/Debug/net9.0/UnitTests.dll" adapterTypeName="executor://nunit3testexecutor/" className="UnitTests.PelotonTests.PelotonServiceTests" name="GetWorkoutDetailsAsync_Should_EnrichAllWorkouts" />
    </UnitTest>
    <UnitTest name="GetMaxSpeedMetersPerSecond_MaxSpeed_Is_Converted_ForRower(&quot;min/500m&quot;)" storage="/workspace/src/unittests/bin/debug/net9.0/unittests.dll" id="88ea8bc1-64c6-1ed7-dff7-6876c9743dc1">
      <Execution id="2e5b43fb-e9a2-4592-a7a2-c859568f5766" />
      <TestMethod codeBase="/workspace/src/UnitTests/bin/Debug/net9.0/UnitTests.dll" adapterTypeName="executor://nunit3testexecutor/" className="UnitTests.Conversion.ConverterTests" name="GetMaxSpeedMetersPerSecond_MaxSpeed_Is_Converted_ForRower(&quot;min/500m&quot;)" />
    </UnitTest>
    <UnitTest name="GetConsumerCredentialsAsync_WhenHttpRequestFails_ShouldThrowException" storage="/workspace/src/unittests/bin/debug/net9.0/unittests.dll" id="b70c1bfa-94e6-da8f-8633-1ff1ee7b484a">
      <Execution id="f2b627f1-4166-4ab9-ac5f-c8ef2bb0685c" />
      <TestMethod codeBase="/workspace/src/UnitTests/bin/Debug/net9.0/UnitTests.dll" adapterTypeName="executor://nunit3testexecutor/" className="UnitTests.Garmin.GarminApiClientTests" name="GetConsumerCredentialsAsync_WhenHttpRequestFails_ShouldThrowException" />
    </UnitTest>
    <UnitTest name="GetCustomDeviceInfoAsync_When_LegacyDeviceFile_Fails_And_NoNewSettings_FallsBackToDefaults" storage="/workspace/src/unittests/bin/debug/net9.0/unittests.dll" id="034c6664-ed87-1aef-6400-fd4f2563e44c">
      <Execution id="f2ed4659-72c1-4446-ba21-ea7faf2b653d" />
      <TestMethod codeBase="/workspace/src/UnitTests/bin/Debug/net9.0/UnitTests.dll" adapterTypeName="executor://nunit3testexecutor/" className="UnitTests.Common.Service.SettingServiceTests" name="GetCustomDeviceInfoAsync_When_LegacyDeviceFile_Fails_And_NoNewSettings_FallsBackToDefaults" />
    </UnitTest>
    <UnitTest name="CompleteMFAAuthAsync_WhenValidCode_ShouldCompleteAuth" storage="/workspace/src/unittests/bin/debug/net9.0/unittests.dll" id="cd12b41f-af21-0e72-d29b-99ed70de03ed">
      <Execution id="7d83db50-0069-4117-b928-ae1de65eaf2c" />
      <TestMethod codeBase="/workspace/src/UnitTests/bin/Debug/net9.0/UnitTests.dll" adapterTypeName="executor://nunit3testexecutor/" className="UnitTests.Garmin.GarminAuthenticationServiceTests" name="CompleteMFAAuthAsync_WhenValidCode_ShouldCompleteAuth" />
    </UnitTest>
    <UnitTest name="Constructor_WhenDependenciesAreNull_ShouldNotThrow" storage="/workspace/src/unittests/bin/debug/net9.0/unittests.dll" id="fbc32450-3db5-5196-df70-c2c3b3967d88">
      <Execution id="11ef9c52-8575-46ea-baa4-45fba311e535" />
      <TestMethod codeBase="/workspace/src/UnitTests/bin/Debug/net9.0/UnitTests.dll" adapterTypeName="executor://nunit3testexecutor/" className="UnitTests.Garmin.GarminAuthenticationServiceTests" name="Constructor_WhenDependenciesAreNull_ShouldNotThrow" />
    </UnitTest>
    <UnitTest name="ValidateConfig_WhenUploadEnabled_ShouldValidateCredentials" storage="/workspace/src/unittests/bin/debug/net9.0/unittests.dll" id="8109c158-c3a9-a310-516d-ab350523a443">
      <Execution id="5253cd31-f7e0-4831-8401-e485817fff58" />
      <TestMethod codeBase="/workspace/src/UnitTests/bin/Debug/net9.0/UnitTests.dll" adapterTypeName="executor://nunit3testexecutor/" className="UnitTests.Garmin.GarminUploaderTests" name="ValidateConfig_WhenUploadEnabled_ShouldValidateCredentials" />
    </UnitTest>
    <UnitTest name="ConvertDistanceToMetersTest(&quot;ft&quot;)" storage="/workspace/src/unittests/bin/debug/net9.0/unittests.dll" id="93235d72-eee4-13ad-92f8-ea702adf43f7">
      <Execution id="70f2f01a-a4a2-4d4c-b8de-35da69f22555" />
      <TestMethod codeBase="/workspace/src/UnitTests/bin/Debug/net9.0/UnitTests.dll" adapterTypeName="executor://nunit3testexecutor/" className="UnitTests.Conversion.ConverterTests" name="ConvertDistanceToMetersTest(&quot;ft&quot;)" />
    </UnitTest>
    <UnitTest name="Json_WithNullMaxVlaue_Can_Deserialzize_To_Metric" storage="/workspace/src/unittests/bin/debug/net9.0/unittests.dll" id="5531531b-3cdc-85ea-99dc-40236a3fb01d">
      <Execution id="cc2e3147-b792-4cc3-b0d6-8f4f5cebaab5" />
      <TestMethod codeBase="/workspace/src/UnitTests/bin/Debug/net9.0/UnitTests.dll" adapterTypeName="executor://nunit3testexecutor/" className="UnitTests.Common.Dto.Peloton.MetricTests" name="Json_WithNullMaxVlaue_Can_Deserialzize_To_Metric" />
    </UnitTest>
    <UnitTest name="Fit_Converter_Creates_Valid_Fit(&quot;cycling_just_ride&quot;,Class_Targets)" storage="/workspace/src/unittests/bin/debug/net9.0/unittests.dll" id="8d70e33e-8d60-77f4-1f3a-62d733fafa4b">
      <Execution id="848861b0-f33c-413c-bf15-5878c558e9b4" />
      <TestMethod codeBase="/workspace/src/UnitTests/bin/Debug/net9.0/UnitTests.dll" adapterTypeName="executor://nunit3testexecutor/" className="UnitTests.Conversion.FitConverterTests" name="Fit_Converter_Creates_Valid_Fit(&quot;cycling_just_ride&quot;,Class_Targets)" />
    </UnitTest>
    <UnitTest name="GetTotalDistanceTest_Distance_Is_Converted_To_Meters(&quot;km&quot;)" storage="/workspace/src/unittests/bin/debug/net9.0/unittests.dll" id="aeff62e9-8176-e437-7449-a9a85dfb783d">
      <Execution id="1de28123-2177-42b7-94dd-01c14913d334" />
      <TestMethod codeBase="/workspace/src/UnitTests/bin/Debug/net9.0/UnitTests.dll" adapterTypeName="executor://nunit3testexecutor/" className="UnitTests.Conversion.ConverterTests" name="GetTotalDistanceTest_Distance_Is_Converted_To_Meters(&quot;km&quot;)" />
    </UnitTest>
    <UnitTest name="GetUserMaxHeartRate_NullMetrics_ReturnsNull" storage="/workspace/src/unittests/bin/debug/net9.0/unittests.dll" id="1b1c81ec-4748-1ab4-a634-315a5e08abe0">
      <Execution id="da495b06-c695-47e6-936b-2cef1f3efe6b" />
      <TestMethod codeBase="/workspace/src/UnitTests/bin/Debug/net9.0/UnitTests.dll" adapterTypeName="executor://nunit3testexecutor/" className="UnitTests.Conversion.ConverterTests" name="GetUserMaxHeartRate_NullMetrics_ReturnsNull" />
    </UnitTest>
    <UnitTest name="Fit_Converter_Builds_Valid_DeviceInfoMesg(5,12)" storage="/workspace/src/unittests/bin/debug/net9.0/unittests.dll" id="63256dc5-2444-bcdb-2f15-307be7ebfed3">
      <Execution id="7e95dbb6-62e7-4774-8c0f-202bd16a3864" />
      <TestMethod codeBase="/workspace/src/UnitTests/bin/Debug/net9.0/UnitTests.dll" adapterTypeName="executor://nunit3testexecutor/" className="UnitTests.Conversion.FitConverterTests" name="Fit_Converter_Builds_Valid_DeviceInfoMesg(5,12)" />
    </UnitTest>
    <UnitTest name="Fit_Converter_Creates_Valid_Fit(&quot;row_bootcamp&quot;,Default)" storage="/workspace/src/unittests/bin/debug/net9.0/unittests.dll" id="7cd229c5-2548-c467-2e74-7fe0bb091375">
      <Execution id="b4920c8b-22d7-498f-bfa9-05f4be21c489" />
      <TestMethod codeBase="/workspace/src/UnitTests/bin/Debug/net9.0/UnitTests.dll" adapterTypeName="executor://nunit3testexecutor/" className="UnitTests.Conversion.FitConverterTests" name="Fit_Converter_Creates_Valid_Fit(&quot;row_bootcamp&quot;,Default)" />
    </UnitTest>
    <UnitTest name="GetOutputSummary_CalorieSlug_ReturnsSummary" storage="/workspace/src/unittests/bin/debug/net9.0/unittests.dll" id="ca2818e9-29c0-46dd-edf8-21d9bbaed850">
      <Execution id="826de25f-b375-4fc6-bd11-f08fd32330e5" />
      <TestMethod codeBase="/workspace/src/UnitTests/bin/Debug/net9.0/UnitTests.dll" adapterTypeName="executor://nunit3testexecutor/" className="UnitTests.Conversion.ConverterTests" name="GetOutputSummary_CalorieSlug_ReturnsSummary" />
    </UnitTest>
    <UnitTest name="GetCustomDeviceInfoAsync_Choose_CorrectDevice_For_WorkoutType(Cycling)" storage="/workspace/src/unittests/bin/debug/net9.0/unittests.dll" id="47acaf49-109d-c29f-0b5f-3e98c6129300">
      <Execution id="7c089c9a-4f40-4a12-ab3a-ab3aa72d79bb" />
      <TestMethod codeBase="/workspace/src/UnitTests/bin/Debug/net9.0/UnitTests.dll" adapterTypeName="executor://nunit3testexecutor/" className="UnitTests.Common.Service.SettingServiceTests" name="GetCustomDeviceInfoAsync_Choose_CorrectDevice_For_WorkoutType(Cycling)" />
    </UnitTest>
    <UnitTest name="ValidateConfig_WhenUploadDisabled_ShouldNotValidateCredentials" storage="/workspace/src/unittests/bin/debug/net9.0/unittests.dll" id="15d8f164-ed9b-0afc-af0e-42874a05e947">
      <Execution id="fd876467-170b-43a1-87d3-c38ac6a312b0" />
      <TestMethod codeBase="/workspace/src/UnitTests/bin/Debug/net9.0/UnitTests.dll" adapterTypeName="executor://nunit3testexecutor/" className="UnitTests.Garmin.GarminUploaderTests" name="ValidateConfig_WhenUploadDisabled_ShouldNotValidateCredentials" />
    </UnitTest>
    <UnitTest name="GetWorkoutType_Should_Map_Correctly(Meditation,True)" storage="/workspace/src/unittests/bin/debug/net9.0/unittests.dll" id="4de5a3ab-393d-8d27-6e98-fe3a6c94c715">
      <Execution id="07bcaf7a-b103-4a9a-ace7-4204f3084b1c" />
      <TestMethod codeBase="/workspace/src/UnitTests/bin/Debug/net9.0/UnitTests.dll" adapterTypeName="executor://nunit3testexecutor/" className="UnitTests.Common.Dto.P2GWorkoutTests" name="GetWorkoutType_Should_Map_Correctly(Meditation,True)" />
    </UnitTest>
    <UnitTest name="GetTitle_Should_ReplaceInvalidChars(&quot;My:Title&quot;,&quot;Some:Instructor&quot;)" storage="/workspace/src/unittests/bin/debug/net9.0/unittests.dll" id="d8d0fb80-4630-f911-4fbb-f279e3c0cfe1">
      <Execution id="1fe5694d-1a2a-4c02-b42e-a24e61d78cb9" />
      <TestMethod codeBase="/workspace/src/UnitTests/bin/Debug/net9.0/UnitTests.dll" adapterTypeName="executor://nunit3testexecutor/" className="UnitTests.Common.WorkoutHelperTests" name="GetTitle_Should_ReplaceInvalidChars(&quot;My:Title&quot;,&quot;Some:Instructor&quot;)" />
    </UnitTest>
    <UnitTest name="CombineMetricData_When_Metrics_Is_Null_SkipsEmpty" storage="/workspace/src/unittests/bin/debug/net9.0/unittests.dll" id="3d20861b-d0b1-5b12-a559-4328bdcf8447">
      <Execution id="20a61562-cddd-4f09-afaa-93c2b7317e4f" />
      <TestMethod codeBase="/workspace/src/UnitTests/bin/Debug/net9.0/UnitTests.dll" adapterTypeName="executor://nunit3testexecutor/" className="UnitTests.Sync.StackedWorkoutsCalculatorTests" name="CombineMetricData_When_Metrics_Is_Null_SkipsEmpty" />
    </UnitTest>
    <UnitTest name="GetWorkoutType_Should_Map_Correctly(Cardio,False)" storage="/workspace/src/unittests/bin/debug/net9.0/unittests.dll" id="2a9f7fbb-1357-fa53-4ff4-d260cac31c15">
      <Execution id="7042f5e7-f405-43df-a11f-e8970b267a1a" />
      <TestMethod codeBase="/workspace/src/UnitTests/bin/Debug/net9.0/UnitTests.dll" adapterTypeName="executor://nunit3testexecutor/" className="UnitTests.Common.Dto.P2GWorkoutTests" name="GetWorkoutType_Should_Map_Correctly(Cardio,False)" />
    </UnitTest>
    <UnitTest name="CombineLocationData_Calculates_Correctly" storage="/workspace/src/unittests/bin/debug/net9.0/unittests.dll" id="4544cee2-8917-8868-ee21-101be734537c">
      <Execution id="4c65606e-249b-44a0-a0d4-b41390022953" />
      <TestMethod codeBase="/workspace/src/UnitTests/bin/Debug/net9.0/UnitTests.dll" adapterTypeName="executor://nunit3testexecutor/" className="UnitTests.Sync.StackedWorkoutsCalculatorTests" name="CombineLocationData_Calculates_Correctly" />
    </UnitTest>
    <UnitTest name="GetWorkoutDetailsAsync_Should_Only_Enrich_ValidRideIds(null)" storage="/workspace/src/unittests/bin/debug/net9.0/unittests.dll" id="bf5d0f26-4b57-cc96-473d-c81ac6338dbd">
      <Execution id="f6a6e70b-af76-4bcf-b7bd-041f846731cd" />
      <TestMethod codeBase="/workspace/src/UnitTests/bin/Debug/net9.0/UnitTests.dll" adapterTypeName="executor://nunit3testexecutor/" className="UnitTests.PelotonTests.PelotonServiceTests" name="GetWorkoutDetailsAsync_Should_Only_Enrich_ValidRideIds(null)" />
    </UnitTest>
    <UnitTest name="GetCustomDeviceInfoAsync_Choose_CorrectDevice_For_WorkoutType(OutdoorCycling)" storage="/workspace/src/unittests/bin/debug/net9.0/unittests.dll" id="3d8547d6-8c33-ee82-ce77-fd4ee3e3fb05">
      <Execution id="d67c79e6-2e51-49b8-9a6f-e71638bee76e" />
      <TestMethod codeBase="/workspace/src/UnitTests/bin/Debug/net9.0/UnitTests.dll" adapterTypeName="executor://nunit3testexecutor/" className="UnitTests.Common.Service.SettingServiceTests" name="GetCustomDeviceInfoAsync_Choose_CorrectDevice_For_WorkoutType(OutdoorCycling)" />
    </UnitTest>
    <UnitTest name="Fit_Converter_Creates_Valid_Fit(&quot;meditation_workout&quot;,Class_Segments)" storage="/workspace/src/unittests/bin/debug/net9.0/unittests.dll" id="56d0afaf-76a6-7c86-ed21-bf77bbeda613">
      <Execution id="4cbc846b-3199-4b1d-9693-dcc6aba3888f" />
      <TestMethod codeBase="/workspace/src/UnitTests/bin/Debug/net9.0/UnitTests.dll" adapterTypeName="executor://nunit3testexecutor/" className="UnitTests.Conversion.FitConverterTests" name="Fit_Converter_Creates_Valid_Fit(&quot;meditation_workout&quot;,Class_Segments)" />
    </UnitTest>
    <UnitTest name="UpdatePelotonSettingsAsync_With_NullRequest_ReturnsError" storage="/workspace/src/unittests/bin/debug/net9.0/unittests.dll" id="b8aad2c7-2eba-e5db-6418-6d64439beb70">
      <Execution id="d985c2c3-690a-4adb-bbca-b9d666b488a4" />
      <TestMethod codeBase="/workspace/src/UnitTests/bin/Debug/net9.0/UnitTests.dll" adapterTypeName="executor://nunit3testexecutor/" className="UnitTests.Api.Service.SettingsUpdaterServiceTests" name="UpdatePelotonSettingsAsync_With_NullRequest_ReturnsError" />
    </UnitTest>
    <UnitTest name="GetMaxSpeedMetersPerSecond_MaxSpeed_Is_Converted(&quot;ft&quot;)" storage="/workspace/src/unittests/bin/debug/net9.0/unittests.dll" id="63862178-9990-7cdb-ac9b-379cf4160859">
      <Execution id="624669c5-6c23-48d4-85e8-9b8742604034" />
      <TestMethod codeBase="/workspace/src/UnitTests/bin/Debug/net9.0/UnitTests.dll" adapterTypeName="executor://nunit3testexecutor/" className="UnitTests.Conversion.ConverterTests" name="GetMaxSpeedMetersPerSecond_MaxSpeed_Is_Converted(&quot;ft&quot;)" />
    </UnitTest>
    <UnitTest name="GetCustomDeviceInfoAsync_Choose_CorrectDevice_For_WorkoutType(Rowing)" storage="/workspace/src/unittests/bin/debug/net9.0/unittests.dll" id="aebb9ddd-1d97-2234-36d0-61927d26000e">
      <Execution id="4e4bc0ff-3cdf-44f5-bf61-682636d911f1" />
      <TestMethod codeBase="/workspace/src/UnitTests/bin/Debug/net9.0/UnitTests.dll" adapterTypeName="executor://nunit3testexecutor/" className="UnitTests.Common.Service.SettingServiceTests" name="GetCustomDeviceInfoAsync_Choose_CorrectDevice_For_WorkoutType(Rowing)" />
    </UnitTest>
    <UnitTest name="UpdatePelotonSettingsAsync_With_Invalid_NumWorkoutsToDownload_And_PollingEnabled_ReturnsError" storage="/workspace/src/unittests/bin/debug/net9.0/unittests.dll" id="33a938f8-788a-de06-241a-889d0de1de0c">
      <Execution id="55a09223-6bce-448b-8efa-b6cf35edd798" />
      <TestMethod codeBase="/workspace/src/UnitTests/bin/Debug/net9.0/UnitTests.dll" adapterTypeName="executor://nunit3testexecutor/" className="UnitTests.Api.Service.SettingsUpdaterServiceTests" name="UpdatePelotonSettingsAsync_With_Invalid_NumWorkoutsToDownload_And_PollingEnabled_ReturnsError" />
    </UnitTest>
    <UnitTest name="Converter_Should_Provide_Formt_of_FIT" storage="/workspace/src/unittests/bin/debug/net9.0/unittests.dll" id="caaa3f69-f586-8e5d-689c-9d77330d313a">
      <Execution id="88899872-769e-4a8e-932c-cdabb0170273" />
      <TestMethod codeBase="/workspace/src/UnitTests/bin/Debug/net9.0/UnitTests.dll" adapterTypeName="executor://nunit3testexecutor/" className="UnitTests.Conversion.FitConverterTests" name="Converter_Should_Provide_Formt_of_FIT" />
    </UnitTest>
    <UnitTest name="SignInAsync_WhenGetCsrfTokenFails_ShouldThrowAuthenticationError" storage="/workspace/src/unittests/bin/debug/net9.0/unittests.dll" id="0029f72a-8851-6727-0ba3-2f8c2439bbd9">
      <Execution id="a9a3f3ce-67f8-41ba-9984-b7db62a5c886" />
      <TestMethod codeBase="/workspace/src/UnitTests/bin/Debug/net9.0/UnitTests.dll" adapterTypeName="executor://nunit3testexecutor/" className="UnitTests.Garmin.GarminAuthenticationServiceTests" name="SignInAsync_WhenGetCsrfTokenFails_ShouldThrowAuthenticationError" />
    </UnitTest>
    <UnitTest name="GetGarminAuthenticationAsync_WhenNoTokens_ShouldSignIn" storage="/workspace/src/unittests/bin/debug/net9.0/unittests.dll" id="d7a6f086-e375-76ac-3b77-3efb22d2def2">
      <Execution id="3b10deab-23cb-47a5-b063-5613bc2c43c7" />
      <TestMethod codeBase="/workspace/src/UnitTests/bin/Debug/net9.0/UnitTests.dll" adapterTypeName="executor://nunit3testexecutor/" className="UnitTests.Garmin.GarminAuthenticationServiceTests" name="GetGarminAuthenticationAsync_WhenNoTokens_ShouldSignIn" />
    </UnitTest>
    <UnitTest name="ValidateConfig_InvalidPort_Throws(0)" storage="/workspace/src/unittests/bin/debug/net9.0/unittests.dll" id="ffebe071-ab50-b14b-0678-517287e48214">
      <Execution id="b2ebadf7-b87c-48bc-a222-d1f224a1b5c6" />
      <TestMethod codeBase="/workspace/src/UnitTests/bin/Debug/net9.0/UnitTests.dll" adapterTypeName="executor://nunit3testexecutor/" className="UnitTests.Common.TracingTests" name="ValidateConfig_InvalidPort_Throws(0)" />
    </UnitTest>
    <UnitTest name="GetStackedWorkouts_When_OneWorkout_Returns_One" storage="/workspace/src/unittests/bin/debug/net9.0/unittests.dll" id="351c592c-fc72-5a82-9817-d79a90df7614">
      <Execution id="beb94a04-f1dc-4198-83df-90b57216f39f" />
      <TestMethod codeBase="/workspace/src/UnitTests/bin/Debug/net9.0/UnitTests.dll" adapterTypeName="executor://nunit3testexecutor/" className="UnitTests.Sync.StackedWorkoutsCalculatorTests" name="GetStackedWorkouts_When_OneWorkout_Returns_One" />
    </UnitTest>
    <UnitTest name="SyncAsync_When_SyncSuccessful_CreatedResult_Returned" storage="/workspace/src/unittests/bin/debug/net9.0/unittests.dll" id="66af6f1d-987a-6930-1999-0967188f94d7">
      <Execution id="756f413f-a6c8-4769-a557-cae564ec2a5e" />
      <TestMethod codeBase="/workspace/src/UnitTests/bin/Debug/net9.0/UnitTests.dll" adapterTypeName="executor://nunit3testexecutor/" className="UnitTests.Api.Controllers.SyncControllerTests" name="SyncAsync_When_SyncSuccessful_CreatedResult_Returned" />
    </UnitTest>
    <UnitTest name="PelotonPost_With_PasswordChange_Should_Validate_Characters(&quot;a\\ads\\adf&quot;)" storage="/workspace/src/unittests/bin/debug/net9.0/unittests.dll" id="b85c7baf-4670-5ecd-1ba1-7b3cc41cf1dd">
      <Execution id="2733adc2-3220-4094-a514-93aa7a83ad0e" />
      <TestMethod codeBase="/workspace/src/UnitTests/bin/Debug/net9.0/UnitTests.dll" adapterTypeName="executor://nunit3testexecutor/" className="UnitTests.Api.Service.SettingsUpdaterServiceTests" name="PelotonPost_With_PasswordChange_Should_Validate_Characters(&quot;a\\ads\\adf&quot;)" />
    </UnitTest>
    <UnitTest name="GetAsync_When_Service_Throws_PelotonAuthenticationException_Returns_BadRequest" storage="/workspace/src/unittests/bin/debug/net9.0/unittests.dll" id="74b68762-823f-575b-a235-3b1eb9197fe7">
      <Execution id="05ca1dbc-464b-4a43-8967-327bc8cecf8c" />
      <TestMethod codeBase="/workspace/src/UnitTests/bin/Debug/net9.0/UnitTests.dll" adapterTypeName="executor://nunit3testexecutor/" className="UnitTests.Api.Controllers.PelotonWorkoutsControllerTests" name="GetAsync_When_Service_Throws_PelotonAuthenticationException_Returns_BadRequest" />
    </UnitTest>
    <UnitTest name="GetCyclingFtp_Should_PickCorrectValue(Workout { Id = , Status = , Title = , Name = , Created_At = 0, Fitness_Discipline = None, Is_Outdoor = False, Ride = , End_Time = , Start_Time = 0, Total_Work = 0, Ftp_Info = Common.Dto.Peloton.FTPInfo, Movement_Tracker_Data =  },UserData { Cycling_Ftp_Source = , Cycling_Workout_Ftp = 0, Cycling_Ftp_Workout_Id = , Cycling_Ftp = 0, Estimated_Cycling_Ftp = 0, Default_Max_Heart_Rate = 0, Customized_Max_Heart_Rate = 0, Weight = 0 },ushort.MinValue)" storage="/workspace/src/unittests/bin/debug/net9.0/unittests.dll" id="8070e7f7-7d02-726a-bebc-3ef7eedf5c14">
      <Execution id="b6b43108-6745-4ed8-899e-13dea4a9f292" />
      <TestMethod codeBase="/workspace/src/UnitTests/bin/Debug/net9.0/UnitTests.dll" adapterTypeName="executor://nunit3testexecutor/" className="UnitTests.Conversion.ConverterTests" name="GetCyclingFtp_Should_PickCorrectValue(Workout { Id = , Status = , Title = , Name = , Created_At = 0, Fitness_Discipline = None, Is_Outdoor = False, Ride = , End_Time = , Start_Time = 0, Total_Work = 0, Ftp_Info = Common.Dto.Peloton.FTPInfo, Movement_Tracker_Data =  },UserData { Cycling_Ftp_Source = , Cycling_Workout_Ftp = 0, Cycling_Ftp_Workout_Id = , Cycling_Ftp = 0, Estimated_Cycling_Ftp = 0, Default_Max_Heart_Rate = 0, Customized_Max_Heart_Rate = 0, Weight = 0 },ushort.MinValue)" />
    </UnitTest>
    <UnitTest name="IgnoredPelotonExercises_ShouldContainExpectedExercises" storage="/workspace/src/unittests/bin/debug/net9.0/unittests.dll" id="e6378227-686b-8b9c-533e-6cebe496380d">
      <Execution id="debd920d-9c89-4848-96d1-4878bac93682" />
      <TestMethod codeBase="/workspace/src/UnitTests/bin/Debug/net9.0/UnitTests.dll" adapterTypeName="executor://nunit3testexecutor/" className="UnitTests.Conversion.ExerciseMappingTests" name="IgnoredPelotonExercises_ShouldContainExpectedExercises" />
    </UnitTest>
    <UnitTest name="GetEndTimeTest" storage="/workspace/src/unittests/bin/debug/net9.0/unittests.dll" id="1ee5a8be-7fbf-b2a3-f39d-41d7dc6a8265">
      <Execution id="44e940fb-7767-4272-a0f3-561ad4e83b4f" />
      <TestMethod codeBase="/workspace/src/UnitTests/bin/Debug/net9.0/UnitTests.dll" adapterTypeName="executor://nunit3testexecutor/" className="UnitTests.Conversion.ConverterTests" name="GetEndTimeTest" />
    </UnitTest>
    <UnitTest name="GetAvgSpeedMetersPerSecond_MaxSpeed_Is_Converted(&quot;m&quot;)" storage="/workspace/src/unittests/bin/debug/net9.0/unittests.dll" id="1b490480-fb95-34e0-b8f3-6d49e41cd490">
      <Execution id="410be227-0294-41a1-96ff-1f641dcc6004" />
      <TestMethod codeBase="/workspace/src/UnitTests/bin/Debug/net9.0/UnitTests.dll" adapterTypeName="executor://nunit3testexecutor/" className="UnitTests.Conversion.ConverterTests" name="GetAvgSpeedMetersPerSecond_MaxSpeed_Is_Converted(&quot;m&quot;)" />
    </UnitTest>
    <UnitTest name="GetAllAsync_Honors_WorkoutStatusFilter_Flag(Completed)" storage="/workspace/src/unittests/bin/debug/net9.0/unittests.dll" id="0c199377-2588-d3ea-29a5-336cfe047b76">
      <Execution id="9d65630c-42fd-417e-b513-43d7fbc3e04d" />
      <TestMethod codeBase="/workspace/src/UnitTests/bin/Debug/net9.0/UnitTests.dll" adapterTypeName="executor://nunit3testexecutor/" className="UnitTests.Api.Controllers.PelotonWorkoutsControllerTests" name="GetAllAsync_Honors_WorkoutStatusFilter_Flag(Completed)" />
    </UnitTest>
    <UnitTest name="SendMfaCodeAsync_WhenInvalidCode_ShouldThrowException" storage="/workspace/src/unittests/bin/debug/net9.0/unittests.dll" id="bba5c36e-9b94-e7a8-f0cc-f969ff0bc7b3">
      <Execution id="3b7eb2ad-fa99-4a64-918d-4a04d3678f04" />
      <TestMethod codeBase="/workspace/src/UnitTests/bin/Debug/net9.0/UnitTests.dll" adapterTypeName="executor://nunit3testexecutor/" className="UnitTests.Garmin.GarminApiClientTests" name="SendMfaCodeAsync_WhenInvalidCode_ShouldThrowException" />
    </UnitTest>
    <UnitTest name="UploadToGarminAsync_WhenNoFilesToUpload_ShouldReturnEarlyWithoutAuthentication" storage="/workspace/src/unittests/bin/debug/net9.0/unittests.dll" id="e0cfa7c3-0342-5af7-1497-7d11fdf8076c">
      <Execution id="74bad233-a123-4a16-920f-67ac3588b03e" />
      <TestMethod codeBase="/workspace/src/UnitTests/bin/Debug/net9.0/UnitTests.dll" adapterTypeName="executor://nunit3testexecutor/" className="UnitTests.Garmin.GarminUploaderTests" name="UploadToGarminAsync_WhenNoFilesToUpload_ShouldReturnEarlyWithoutAuthentication" />
    </UnitTest>
    <UnitTest name="ShouldConvert_ShouldOnly_Support_TCX(False,True,False)" storage="/workspace/src/unittests/bin/debug/net9.0/unittests.dll" id="37ef04ad-f698-694b-d165-3e43c8009b4c">
      <Execution id="4eb60293-256c-487a-ad36-99fce7aa9154" />
      <TestMethod codeBase="/workspace/src/UnitTests/bin/Debug/net9.0/UnitTests.dll" adapterTypeName="executor://nunit3testexecutor/" className="UnitTests.Conversion.TcxConverterTests" name="ShouldConvert_ShouldOnly_Support_TCX(False,True,False)" />
    </UnitTest>
    <UnitTest name="GetCustomDeviceInfoAsync_Choose_CorrectDevice_For_WorkoutType(None)" storage="/workspace/src/unittests/bin/debug/net9.0/unittests.dll" id="5f6a6389-07d6-acb2-15d5-0ce5fd448a5f">
      <Execution id="02371e5c-9e92-4ad2-9a9f-adbf0bc091c5" />
      <TestMethod codeBase="/workspace/src/UnitTests/bin/Debug/net9.0/UnitTests.dll" adapterTypeName="executor://nunit3testexecutor/" className="UnitTests.Common.Service.SettingServiceTests" name="GetCustomDeviceInfoAsync_Choose_CorrectDevice_For_WorkoutType(None)" />
    </UnitTest>
    <UnitTest name="GetWorkoutType_Should_Map_Correctly(Caesar,True)" storage="/workspace/src/unittests/bin/debug/net9.0/unittests.dll" id="1a5feea8-36a4-66bc-8126-a667fcdb403e">
      <Execution id="f58ef331-ceb9-40d1-8fa7-bf74d6e127fa" />
      <TestMethod codeBase="/workspace/src/UnitTests/bin/Debug/net9.0/UnitTests.dll" adapterTypeName="executor://nunit3testexecutor/" className="UnitTests.Common.Dto.P2GWorkoutTests" name="GetWorkoutType_Should_Map_Correctly(Caesar,True)" />
    </UnitTest>
    <UnitTest name="GetTotalDistanceTest_NoDistanceSlug_Should_Return0" storage="/workspace/src/unittests/bin/debug/net9.0/unittests.dll" id="ba6dc699-f2a6-3e2a-a2d0-2b8a2fe9e579">
      <Execution id="159beec1-7096-4af4-bc3d-e2b95dd08028" />
      <TestMethod codeBase="/workspace/src/UnitTests/bin/Debug/net9.0/UnitTests.dll" adapterTypeName="executor://nunit3testexecutor/" className="UnitTests.Conversion.ConverterTests" name="GetTotalDistanceTest_NoDistanceSlug_Should_Return0" />
    </UnitTest>
    <UnitTest name="RowingWorkout_CanBe_Deserialized_To_Workout" storage="/workspace/src/unittests/bin/debug/net9.0/unittests.dll" id="bd753835-4ced-3abd-66ef-28cdb1c1718b">
      <Execution id="250741cd-689e-4516-b374-da710f097141" />
      <TestMethod codeBase="/workspace/src/UnitTests/bin/Debug/net9.0/UnitTests.dll" adapterTypeName="executor://nunit3testexecutor/" className="UnitTests.PelotonTests.ApiClientTests" name="RowingWorkout_CanBe_Deserialized_To_Workout" />
    </UnitTest>
    <UnitTest name="GetOAuth2TokenAsync_WhenOAuth1TokenInvalid_ShouldThrowException" storage="/workspace/src/unittests/bin/debug/net9.0/unittests.dll" id="4d66612e-0dae-f6e0-6b25-f37ccd8acd95">
      <Execution id="84e49fe1-e713-49da-acc2-e5c6ac923051" />
      <TestMethod codeBase="/workspace/src/UnitTests/bin/Debug/net9.0/UnitTests.dll" adapterTypeName="executor://nunit3testexecutor/" className="UnitTests.Garmin.GarminApiClientTests" name="GetOAuth2TokenAsync_WhenOAuth1TokenInvalid_ShouldThrowException" />
    </UnitTest>
    <UnitTest name="GetCalorieSummary_ShouldPickCorrectValue(null,null)" storage="/workspace/src/unittests/bin/debug/net9.0/unittests.dll" id="42f03ffa-f437-f05c-45e6-84b2cd5c6369">
      <Execution id="82e80be2-dbf4-443e-9fb2-f20cbb3ba7bf" />
      <TestMethod codeBase="/workspace/src/UnitTests/bin/Debug/net9.0/UnitTests.dll" adapterTypeName="executor://nunit3testexecutor/" className="UnitTests.Conversion.ConverterTests" name="GetCalorieSummary_ShouldPickCorrectValue(null,null)" />
    </UnitTest>
    <UnitTest name="PagingResponseBase_Calculates_HasPrevious_Correctly(0)" storage="/workspace/src/unittests/bin/debug/net9.0/unittests.dll" id="8716127c-0e51-41f8-96b4-cad13ac9e6a4">
      <Execution id="19720db4-2ed7-4c6f-86d1-fc91ac6c2d21" />
      <TestMethod codeBase="/workspace/src/UnitTests/bin/Debug/net9.0/UnitTests.dll" adapterTypeName="executor://nunit3testexecutor/" className="UnitTests.Common.Api.PagingTests" name="PagingResponseBase_Calculates_HasPrevious_Correctly(0)" />
    </UnitTest>
    <UnitTest name="GetWorkoutType_Should_Map_Correctly(Cycling,True)" storage="/workspace/src/unittests/bin/debug/net9.0/unittests.dll" id="ca884c7e-f0a7-5df6-48da-a7247125fe65">
      <Execution id="9de6be12-4adb-4710-8873-9716853f3508" />
      <TestMethod codeBase="/workspace/src/UnitTests/bin/Debug/net9.0/UnitTests.dll" adapterTypeName="executor://nunit3testexecutor/" className="UnitTests.Common.Dto.P2GWorkoutTests" name="GetWorkoutType_Should_Map_Correctly(Cycling,True)" />
    </UnitTest>
    <UnitTest name="PelotonPost_With_PasswordChange_Should_Validate_Characters(&quot;valid&quot;)" storage="/workspace/src/unittests/bin/debug/net9.0/unittests.dll" id="6ebc6db2-aa69-5a98-6493-31ef150933b1">
      <Execution id="b4b17ffc-40bf-46db-b77c-1e223ba4c95c" />
      <TestMethod codeBase="/workspace/src/UnitTests/bin/Debug/net9.0/UnitTests.dll" adapterTypeName="executor://nunit3testexecutor/" className="UnitTests.Api.Service.SettingsUpdaterServiceTests" name="PelotonPost_With_PasswordChange_Should_Validate_Characters(&quot;valid&quot;)" />
    </UnitTest>
    <UnitTest name="Fit_Converter_Builds_Valid_DeviceInfoMesg(5,0)" storage="/workspace/src/unittests/bin/debug/net9.0/unittests.dll" id="1f11f397-ee55-128c-cbfe-d24a76ba64fc">
      <Execution id="225087bc-b7f1-4cae-ac66-59ff8e9eb347" />
      <TestMethod codeBase="/workspace/src/UnitTests/bin/Debug/net9.0/UnitTests.dll" adapterTypeName="executor://nunit3testexecutor/" className="UnitTests.Conversion.FitConverterTests" name="Fit_Converter_Builds_Valid_DeviceInfoMesg(5,0)" />
    </UnitTest>
    <UnitTest name="GarminPost_With_PasswordChange_Should_Validate_Characters(&quot;valid&quot;)" storage="/workspace/src/unittests/bin/debug/net9.0/unittests.dll" id="84af200d-9d36-ed38-e025-4b0e8e917d1d">
      <Execution id="ebf5720e-dce4-415d-a750-3076d5cb8a86" />
      <TestMethod codeBase="/workspace/src/UnitTests/bin/Debug/net9.0/UnitTests.dll" adapterTypeName="executor://nunit3testexecutor/" className="UnitTests.Api.Service.SettingsUpdaterServiceTests" name="GarminPost_With_PasswordChange_Should_Validate_Characters(&quot;valid&quot;)" />
    </UnitTest>
    <UnitTest name="SyncAsync_Should_ExcludeInProgress" storage="/workspace/src/unittests/bin/debug/net9.0/unittests.dll" id="c0b2bc39-7ebb-c64d-db6c-e437ca6d26eb">
      <Execution id="e571908d-2803-4b37-a1db-05fdc2f4e55e" />
      <TestMethod codeBase="/workspace/src/UnitTests/bin/Debug/net9.0/UnitTests.dll" adapterTypeName="executor://nunit3testexecutor/" className="UnitTests.Sync.SyncServiceTests" name="SyncAsync_Should_ExcludeInProgress" />
    </UnitTest>
    <UnitTest name="StrengthExerciseMappings_ShouldHaveSpecificExercises" storage="/workspace/src/unittests/bin/debug/net9.0/unittests.dll" id="8f5bf70f-be13-6e2e-64a8-60d4a77e8f0b">
      <Execution id="35230cc7-68b9-4185-9132-e5cba0bedbd8" />
      <TestMethod codeBase="/workspace/src/UnitTests/bin/Debug/net9.0/UnitTests.dll" adapterTypeName="executor://nunit3testexecutor/" className="UnitTests.Conversion.ExerciseMappingTests" name="StrengthExerciseMappings_ShouldHaveSpecificExercises" />
    </UnitTest>
    <UnitTest name="GetCustomDeviceInfoAsync_Choose_CorrectDevice_For_WorkoutType(Stretching)" storage="/workspace/src/unittests/bin/debug/net9.0/unittests.dll" id="299f546a-84bb-aad8-e7a0-66ce90d400fc">
      <Execution id="94a9c1e0-80a4-4db6-a08d-3749507e4ca5" />
      <TestMethod codeBase="/workspace/src/UnitTests/bin/Debug/net9.0/UnitTests.dll" adapterTypeName="executor://nunit3testexecutor/" className="UnitTests.Common.Service.SettingServiceTests" name="GetCustomDeviceInfoAsync_Choose_CorrectDevice_For_WorkoutType(Stretching)" />
    </UnitTest>
    <UnitTest name="Fit_Converter_Creates_Valid_Fit(&quot;cycling_workout&quot;,Default)" storage="/workspace/src/unittests/bin/debug/net9.0/unittests.dll" id="2bb9876a-467f-f530-c09d-3a5b987e6e41">
      <Execution id="bbf8376a-48bc-49e0-a834-f01b9bc162e6" />
      <TestMethod codeBase="/workspace/src/UnitTests/bin/Debug/net9.0/UnitTests.dll" adapterTypeName="executor://nunit3testexecutor/" className="UnitTests.Conversion.FitConverterTests" name="Fit_Converter_Creates_Valid_Fit(&quot;cycling_workout&quot;,Default)" />
    </UnitTest>
    <UnitTest name="CombineLocationData_When_WorkoutSamples_Is_Null_SkipsEmpty" storage="/workspace/src/unittests/bin/debug/net9.0/unittests.dll" id="325e81e6-f19d-b36c-9db6-e10f9c478eae">
      <Execution id="fe3c6166-ff79-4076-aa3c-f6beaf5bf3c5" />
      <TestMethod codeBase="/workspace/src/UnitTests/bin/Debug/net9.0/UnitTests.dll" adapterTypeName="executor://nunit3testexecutor/" className="UnitTests.Sync.StackedWorkoutsCalculatorTests" name="CombineLocationData_When_WorkoutSamples_Is_Null_SkipsEmpty" />
    </UnitTest>
    <UnitTest name="GetOAuth2TokenAsync_ShouldExchangeOAuth1ForOAuth2" storage="/workspace/src/unittests/bin/debug/net9.0/unittests.dll" id="ee24efa4-f2cd-2850-47c0-4f8efb4efbda">
      <Execution id="138f9435-c776-4a9e-8757-e03852ca0146" />
      <TestMethod codeBase="/workspace/src/UnitTests/bin/Debug/net9.0/UnitTests.dll" adapterTypeName="executor://nunit3testexecutor/" className="UnitTests.Garmin.GarminApiClientTests" name="GetOAuth2TokenAsync_ShouldExchangeOAuth1ForOAuth2" />
    </UnitTest>
    <UnitTest name="Fit_Converter_Creates_Valid_Fit(&quot;walking_outdoor_01&quot;,Class_Segments)" storage="/workspace/src/unittests/bin/debug/net9.0/unittests.dll" id="71aea8d5-c18d-517a-2cea-5643906a4fa3">
      <Execution id="20c7beda-a477-43b8-8374-dd2bbfb1c8db" />
      <TestMethod codeBase="/workspace/src/UnitTests/bin/Debug/net9.0/UnitTests.dll" adapterTypeName="executor://nunit3testexecutor/" className="UnitTests.Conversion.FitConverterTests" name="Fit_Converter_Creates_Valid_Fit(&quot;walking_outdoor_01&quot;,Class_Segments)" />
    </UnitTest>
    <UnitTest name="PelotonPost_With_PasswordChange_Should_Validate_Characters(&quot;a\\a&quot;)" storage="/workspace/src/unittests/bin/debug/net9.0/unittests.dll" id="fbcd2a36-e717-107e-8eb0-27790465b365">
      <Execution id="efcffef7-6faa-4e9e-8353-ccd659657f67" />
      <TestMethod codeBase="/workspace/src/UnitTests/bin/Debug/net9.0/UnitTests.dll" adapterTypeName="executor://nunit3testexecutor/" className="UnitTests.Api.Service.SettingsUpdaterServiceTests" name="PelotonPost_With_PasswordChange_Should_Validate_Characters(&quot;a\\a&quot;)" />
    </UnitTest>
    <UnitTest name="GetExercisesTrackedByMovementTracker_WhenNoData(Workout { Id = , Status = , Title = , Name = , Created_At = 0, Fitness_Discipline = None, Is_Outdoor = False, Ride = , End_Time = , Start_Time = 0, Total_Work = 0, Ftp_Info = , Movement_Tracker_Data = MovementTrackerData { Completed_Movements_Summary_Data = CompletedMovementsSummaryData { Repetition_Summary_Data =  } } })" storage="/workspace/src/unittests/bin/debug/net9.0/unittests.dll" id="158d33c8-f8b3-d476-4077-60af83bd7d25">
      <Execution id="241938ae-2ed7-498c-8728-711d1d122063" />
      <TestMethod codeBase="/workspace/src/UnitTests/bin/Debug/net9.0/UnitTests.dll" adapterTypeName="executor://nunit3testexecutor/" className="UnitTests.PelotonTests.P2GWorkoutExerciseMapperTests" name="GetExercisesTrackedByMovementTracker_WhenNoData(Workout { Id = , Status = , Title = , Name = , Created_At = 0, Fitness_Discipline = None, Is_Outdoor = False, Ride = , End_Time = , Start_Time = 0, Total_Work = 0, Ftp_Info = , Movement_Tracker_Data = MovementTrackerData { Completed_Movements_Summary_Data = CompletedMovementsSummaryData { Repetition_Summary_Data =  } } })" />
    </UnitTest>
    <UnitTest name="GetCyclingFtp_Should_PickCorrectValue(null,UserData { Cycling_Ftp_Source = Ftp_Workout_Source, Cycling_Workout_Ftp = 100, Cycling_Ftp_Workout_Id = , Cycling_Ftp = 1, Estimated_Cycling_Ftp = 3, Default_Max_Heart_Rate = 0, Customized_Max_Heart_Rate = 0, Weight = 0 },100)" storage="/workspace/src/unittests/bin/debug/net9.0/unittests.dll" id="aaac0e7d-5f4a-069f-757e-76df0280cff4">
      <Execution id="da406d41-a098-4809-9eba-45f7e312cf82" />
      <TestMethod codeBase="/workspace/src/UnitTests/bin/Debug/net9.0/UnitTests.dll" adapterTypeName="executor://nunit3testexecutor/" className="UnitTests.Conversion.ConverterTests" name="GetCyclingFtp_Should_PickCorrectValue(null,UserData { Cycling_Ftp_Source = Ftp_Workout_Source, Cycling_Workout_Ftp = 100, Cycling_Ftp_Workout_Id = , Cycling_Ftp = 1, Estimated_Cycling_Ftp = 3, Default_Max_Heart_Rate = 0, Customized_Max_Heart_Rate = 0, Weight = 0 },100)" />
    </UnitTest>
    <UnitTest name="Json_Can_Deserialzize_To_Metric" storage="/workspace/src/unittests/bin/debug/net9.0/unittests.dll" id="679ffb1f-722e-7511-f018-537de05ea402">
      <Execution id="e30f2736-3ac8-4fb6-a91a-329bc2a61358" />
      <TestMethod codeBase="/workspace/src/UnitTests/bin/Debug/net9.0/UnitTests.dll" adapterTypeName="executor://nunit3testexecutor/" className="UnitTests.Common.Dto.Peloton.MetricTests" name="Json_Can_Deserialzize_To_Metric" />
    </UnitTest>
    <UnitTest name="GetWorkoutType_Should_Map_Correctly(Meditation,False)" storage="/workspace/src/unittests/bin/debug/net9.0/unittests.dll" id="6e4b6c2a-3582-c29a-4c4c-dbd15b49106a">
      <Execution id="fdbc0248-ba34-4516-b97e-abc9ca1d49d9" />
      <TestMethod codeBase="/workspace/src/UnitTests/bin/Debug/net9.0/UnitTests.dll" adapterTypeName="executor://nunit3testexecutor/" className="UnitTests.Common.Dto.P2GWorkoutTests" name="GetWorkoutType_Should_Map_Correctly(Meditation,False)" />
    </UnitTest>
    <UnitTest name="CombineLocationData_When_Coordinates_Is_NullOrEmpty_SkipsEmpty" storage="/workspace/src/unittests/bin/debug/net9.0/unittests.dll" id="eab8ebf0-54b4-13a2-2fb5-0a38dd3299e0">
      <Execution id="05588efe-0462-4225-96bf-8b8a51e1d66d" />
      <TestMethod codeBase="/workspace/src/UnitTests/bin/Debug/net9.0/UnitTests.dll" adapterTypeName="executor://nunit3testexecutor/" className="UnitTests.Sync.StackedWorkoutsCalculatorTests" name="CombineLocationData_When_Coordinates_Is_NullOrEmpty_SkipsEmpty" />
    </UnitTest>
    <UnitTest name="DefaultConfigInit_Observability_Jaeger_ShouldHaveDefaulValues" storage="/workspace/src/unittests/bin/debug/net9.0/unittests.dll" id="d2f7c43b-7a15-5c56-1100-64ce930e11ad">
      <Execution id="55e84c63-317e-4f6d-a798-db69761d5a61" />
      <TestMethod codeBase="/workspace/src/UnitTests/bin/Debug/net9.0/UnitTests.dll" adapterTypeName="executor://nunit3testexecutor/" className="UnitTests.Common.ConfigurationTests" name="DefaultConfigInit_Observability_Jaeger_ShouldHaveDefaulValues" />
    </UnitTest>
    <UnitTest name="ValidateConfig_InvalidHost_Throws(&quot;&quot;)" storage="/workspace/src/unittests/bin/debug/net9.0/unittests.dll" id="35465844-54ba-2a46-45af-ba78c3783273">
      <Execution id="489f129f-b192-4bcc-943c-6d59835de4d2" />
      <TestMethod codeBase="/workspace/src/UnitTests/bin/Debug/net9.0/UnitTests.dll" adapterTypeName="executor://nunit3testexecutor/" className="UnitTests.Common.TracingTests" name="ValidateConfig_InvalidHost_Throws(&quot;&quot;)" />
    </UnitTest>
    <UnitTest name="GetTotalDistanceTest_Distance_Is_Converted_To_Meters(&quot;m&quot;)" storage="/workspace/src/unittests/bin/debug/net9.0/unittests.dll" id="64fe6d76-4be3-fbf9-7fa1-b2e98e27e97a">
      <Execution id="bb174fc5-ecad-40c0-b710-fe7493b2ff13" />
      <TestMethod codeBase="/workspace/src/UnitTests/bin/Debug/net9.0/UnitTests.dll" adapterTypeName="executor://nunit3testexecutor/" className="UnitTests.Conversion.ConverterTests" name="GetTotalDistanceTest_Distance_Is_Converted_To_Meters(&quot;m&quot;)" />
    </UnitTest>
    <UnitTest name="Fit_Converter_Creates_Valid_Fit(&quot;running_workout_no_metrics&quot;,Default)" storage="/workspace/src/unittests/bin/debug/net9.0/unittests.dll" id="6571bba8-1418-4317-2ad2-4f9436176ce5">
      <Execution id="13a40050-3068-4cf3-9bce-9a1bdebb391a" />
      <TestMethod codeBase="/workspace/src/UnitTests/bin/Debug/net9.0/UnitTests.dll" adapterTypeName="executor://nunit3testexecutor/" className="UnitTests.Conversion.FitConverterTests" name="Fit_Converter_Creates_Valid_Fit(&quot;running_workout_no_metrics&quot;,Default)" />
    </UnitTest>
    <UnitTest name="GetWorkoutType_Should_Map_Correctly(Stretching,False)" storage="/workspace/src/unittests/bin/debug/net9.0/unittests.dll" id="5dc5ff5a-2b01-503e-5d7e-47330abf8c64">
      <Execution id="99f6c29e-eecb-4c06-93e8-32258efc5495" />
      <TestMethod codeBase="/workspace/src/UnitTests/bin/Debug/net9.0/UnitTests.dll" adapterTypeName="executor://nunit3testexecutor/" className="UnitTests.Common.Dto.P2GWorkoutTests" name="GetWorkoutType_Should_Map_Correctly(Stretching,False)" />
    </UnitTest>
    <UnitTest name="UploadToGarminAsync_WhenUploadDirectoryDoesNotExist_ShouldReturnWithoutProcessing" storage="/workspace/src/unittests/bin/debug/net9.0/unittests.dll" id="a178e1ae-b739-289c-cb62-4f110533d67d">
      <Execution id="165a61ee-29db-4490-943a-9dffd80402bd" />
      <TestMethod codeBase="/workspace/src/UnitTests/bin/Debug/net9.0/UnitTests.dll" adapterTypeName="executor://nunit3testexecutor/" className="UnitTests.Garmin.GarminUploaderTests" name="UploadToGarminAsync_WhenUploadDirectoryDoesNotExist_ShouldReturnWithoutProcessing" />
    </UnitTest>
    <UnitTest name="GetMaxSpeedMetersPerSecond_MaxSpeed_Is_Converted(&quot;mi&quot;)" storage="/workspace/src/unittests/bin/debug/net9.0/unittests.dll" id="de7c1bd0-e537-ab61-88d4-75704e53fc67">
      <Execution id="74adf389-a761-4593-8ff8-9c84e25f258b" />
      <TestMethod codeBase="/workspace/src/UnitTests/bin/Debug/net9.0/UnitTests.dll" adapterTypeName="executor://nunit3testexecutor/" className="UnitTests.Conversion.ConverterTests" name="GetMaxSpeedMetersPerSecond_MaxSpeed_Is_Converted(&quot;mi&quot;)" />
    </UnitTest>
    <UnitTest name="Fit_Converter_Creates_Valid_Fit(&quot;rower_workout&quot;,Distance)" storage="/workspace/src/unittests/bin/debug/net9.0/unittests.dll" id="c209169f-c260-b2d7-77d6-1ccf7f97823e">
      <Execution id="dae228f0-f852-4e03-bc20-8fdea1fcef48" />
      <TestMethod codeBase="/workspace/src/UnitTests/bin/Debug/net9.0/UnitTests.dll" adapterTypeName="executor://nunit3testexecutor/" className="UnitTests.Conversion.FitConverterTests" name="Fit_Converter_Creates_Valid_Fit(&quot;rower_workout&quot;,Distance)" />
    </UnitTest>
    <UnitTest name="Fit_Converter_Creates_Valid_Fit(&quot;cycling_just_ride&quot;,Distance)" storage="/workspace/src/unittests/bin/debug/net9.0/unittests.dll" id="2d3d484c-8b55-579a-c941-c9464c7510dc">
      <Execution id="1943d921-ef89-49bb-a667-cc233454cf25" />
      <TestMethod codeBase="/workspace/src/UnitTests/bin/Debug/net9.0/UnitTests.dll" adapterTypeName="executor://nunit3testexecutor/" className="UnitTests.Conversion.FitConverterTests" name="Fit_Converter_Creates_Valid_Fit(&quot;cycling_just_ride&quot;,Distance)" />
    </UnitTest>
    <UnitTest name="MigrateToAdminUserAsync_When_FailsToMigrate_DoesNotThrow" storage="/workspace/src/unittests/bin/debug/net9.0/unittests.dll" id="66ce8a3b-e460-c668-203e-af4091fa629b">
      <Execution id="411462cc-b976-4daf-81f2-47b71b3dff93" />
      <TestMethod codeBase="/workspace/src/UnitTests/bin/Debug/net9.0/UnitTests.dll" adapterTypeName="executor://nunit3testexecutor/" className="UnitTests.Common.Database.DbMigrationsTests" name="MigrateToAdminUserAsync_When_FailsToMigrate_DoesNotThrow" />
    </UnitTest>
    <UnitTest name="GetCyclingFtp_Should_PickCorrectValue(Workout { Id = , Status = , Title = , Name = , Created_At = 0, Fitness_Discipline = None, Is_Outdoor = False, Ride = , End_Time = , Start_Time = 0, Total_Work = 0, Ftp_Info = Common.Dto.Peloton.FTPInfo, Movement_Tracker_Data =  },UserData { Cycling_Ftp_Source = , Cycling_Workout_Ftp = 0, Cycling_Ftp_Workout_Id = , Cycling_Ftp = 0, Estimated_Cycling_Ftp = 0, Default_Max_Heart_Rate = 0, Customized_Max_Heart_Rate = 0, Weight = 0 },95)" storage="/workspace/src/unittests/bin/debug/net9.0/unittests.dll" id="b5d17ff9-7f52-3054-c3e2-54c143047f1e">
      <Execution id="0abecd5b-7449-4c98-bd80-302d93ff00ab" />
      <TestMethod codeBase="/workspace/src/UnitTests/bin/Debug/net9.0/UnitTests.dll" adapterTypeName="executor://nunit3testexecutor/" className="UnitTests.Conversion.ConverterTests" name="GetCyclingFtp_Should_PickCorrectValue(Workout { Id = , Status = , Title = , Name = , Created_At = 0, Fitness_Discipline = None, Is_Outdoor = False, Ride = , End_Time = , Start_Time = 0, Total_Work = 0, Ftp_Info = Common.Dto.Peloton.FTPInfo, Movement_Tracker_Data =  },UserData { Cycling_Ftp_Source = , Cycling_Workout_Ftp = 0, Cycling_Ftp_Workout_Id = , Cycling_Ftp = 0, Estimated_Cycling_Ftp = 0, Default_Max_Heart_Rate = 0, Customized_Max_Heart_Rate = 0, Weight = 0 },95)" />
    </UnitTest>
    <UnitTest name="ShouldConvert_ShouldOnly_Support_TCX(False,True,True)" storage="/workspace/src/unittests/bin/debug/net9.0/unittests.dll" id="58cdaa47-7c03-80e7-00da-9551217f776a">
      <Execution id="d4d7c1e0-7583-4c3d-af69-64206b7530c1" />
      <TestMethod codeBase="/workspace/src/UnitTests/bin/Debug/net9.0/UnitTests.dll" adapterTypeName="executor://nunit3testexecutor/" className="UnitTests.Conversion.JsonConverterTests" name="ShouldConvert_ShouldOnly_Support_TCX(False,True,True)" />
    </UnitTest>
    <UnitTest name="ConvertDistanceToMetersTest(&quot;min/500m&quot;)" storage="/workspace/src/unittests/bin/debug/net9.0/unittests.dll" id="ca807f2f-686e-8ee2-2c5d-8bb89b2618ca">
      <Execution id="a88cc347-423f-4f12-bc34-9f3d1a9c5aaf" />
      <TestMethod codeBase="/workspace/src/UnitTests/bin/Debug/net9.0/UnitTests.dll" adapterTypeName="executor://nunit3testexecutor/" className="UnitTests.Conversion.ConverterTests" name="ConvertDistanceToMetersTest(&quot;min/500m&quot;)" />
    </UnitTest>
    <UnitTest name="SignInAsync_WhenCloudflareBlocked_ShouldThrowCloudflareException" storage="/workspace/src/unittests/bin/debug/net9.0/unittests.dll" id="9d2b5957-4f8f-fc22-f57e-f9eaded782e7">
      <Execution id="049882c1-578e-4369-a587-58efd122c283" />
      <TestMethod codeBase="/workspace/src/UnitTests/bin/Debug/net9.0/UnitTests.dll" adapterTypeName="executor://nunit3testexecutor/" className="UnitTests.Garmin.GarminAuthenticationServiceTests" name="SignInAsync_WhenCloudflareBlocked_ShouldThrowCloudflareException" />
    </UnitTest>
    <UnitTest name="GetCyclingFtp_Should_PickCorrectValue(null,UserData { Cycling_Ftp_Source = , Cycling_Workout_Ftp = 2, Cycling_Ftp_Workout_Id = , Cycling_Ftp = 1, Estimated_Cycling_Ftp = 100, Default_Max_Heart_Rate = 0, Customized_Max_Heart_Rate = 0, Weight = 0 },100)" storage="/workspace/src/unittests/bin/debug/net9.0/unittests.dll" id="88565869-d507-5001-a0f5-5eb3f9e4be26">
      <Execution id="9b5db04f-a52e-44b6-bb1d-3cd402d0f4c4" />
      <TestMethod codeBase="/workspace/src/UnitTests/bin/Debug/net9.0/UnitTests.dll" adapterTypeName="executor://nunit3testexecutor/" className="UnitTests.Conversion.ConverterTests" name="GetCyclingFtp_Should_PickCorrectValue(null,UserData { Cycling_Ftp_Source = , Cycling_Workout_Ftp = 2, Cycling_Ftp_Workout_Id = , Cycling_Ftp = 1, Estimated_Cycling_Ftp = 100, Default_Max_Heart_Rate = 0, Customized_Max_Heart_Rate = 0, Weight = 0 },100)" />
    </UnitTest>
    <UnitTest name="GetTotalDistanceTest_Distance_Is_Converted_To_Meters(&quot;mi&quot;)" storage="/workspace/src/unittests/bin/debug/net9.0/unittests.dll" id="16d66a0a-e4b5-459c-2bd6-a4f61ac608f2">
      <Execution id="92e61c45-b156-4d95-9148-90a5a4c87100" />
      <TestMethod codeBase="/workspace/src/UnitTests/bin/Debug/net9.0/UnitTests.dll" adapterTypeName="executor://nunit3testexecutor/" className="UnitTests.Conversion.ConverterTests" name="GetTotalDistanceTest_Distance_Is_Converted_To_Meters(&quot;mi&quot;)" />
    </UnitTest>
    <UnitTest name="GetWorkoutType_Should_Map_Correctly(None,False)" storage="/workspace/src/unittests/bin/debug/net9.0/unittests.dll" id="7f277a8c-7e2d-1c06-dc02-1584eb3f68df">
      <Execution id="da3d4cb7-b092-4213-be3a-f8e9f980fbeb" />
      <TestMethod codeBase="/workspace/src/UnitTests/bin/Debug/net9.0/UnitTests.dll" adapterTypeName="executor://nunit3testexecutor/" className="UnitTests.Common.Dto.P2GWorkoutTests" name="GetWorkoutType_Should_Map_Correctly(None,False)" />
    </UnitTest>
    <UnitTest name="GetCustomDeviceInfoAsync_Choose_CorrectDevice_For_WorkoutType(OutdoorRunning)" storage="/workspace/src/unittests/bin/debug/net9.0/unittests.dll" id="1ae52073-2009-2389-a5ed-134b4adf8ca2">
      <Execution id="167989dd-f19d-4c40-85d9-b8bf8f423295" />
      <TestMethod codeBase="/workspace/src/UnitTests/bin/Debug/net9.0/UnitTests.dll" adapterTypeName="executor://nunit3testexecutor/" className="UnitTests.Common.Service.SettingServiceTests" name="GetCustomDeviceInfoAsync_Choose_CorrectDevice_For_WorkoutType(OutdoorRunning)" />
    </UnitTest>
    <UnitTest name="GetTotalDistanceTest_Distance_Is_Converted_To_Meters(&quot;min/500m&quot;)" storage="/workspace/src/unittests/bin/debug/net9.0/unittests.dll" id="8e269da5-325f-ca5e-095b-9a4d9a0d799a">
      <Execution id="19802e0d-0637-4a6a-a4b2-1582de7ba98d" />
      <TestMethod codeBase="/workspace/src/UnitTests/bin/Debug/net9.0/UnitTests.dll" adapterTypeName="executor://nunit3testexecutor/" className="UnitTests.Conversion.ConverterTests" name="GetTotalDistanceTest_Distance_Is_Converted_To_Meters(&quot;min/500m&quot;)" />
    </UnitTest>
    <UnitTest name="ShouldConvert_ShouldOnly_Support_Fit(False,False,False)" storage="/workspace/src/unittests/bin/debug/net9.0/unittests.dll" id="ec4a38ab-b6b1-9e77-4589-e9d18b49bb44">
      <Execution id="087a757d-968b-4832-b324-16d81489d150" />
      <TestMethod codeBase="/workspace/src/UnitTests/bin/Debug/net9.0/UnitTests.dll" adapterTypeName="executor://nunit3testexecutor/" className="UnitTests.Conversion.FitConverterTests" name="ShouldConvert_ShouldOnly_Support_Fit(False,False,False)" />
    </UnitTest>
    <UnitTest name="Fit_Converter_Creates_Valid_Fit(&quot;tread_run_workout&quot;,Class_Targets)" storage="/workspace/src/unittests/bin/debug/net9.0/unittests.dll" id="223ce6d6-386c-bd46-6969-3d7c017e6938">
      <Execution id="e0331801-bde3-42fe-be6e-b348723054d6" />
      <TestMethod codeBase="/workspace/src/UnitTests/bin/Debug/net9.0/UnitTests.dll" adapterTypeName="executor://nunit3testexecutor/" className="UnitTests.Conversion.FitConverterTests" name="Fit_Converter_Creates_Valid_Fit(&quot;tread_run_workout&quot;,Class_Targets)" />
    </UnitTest>
    <UnitTest name="ValidateConfig_InvalidPort_Throws(0)" storage="/workspace/src/unittests/bin/debug/net9.0/unittests.dll" id="52dc1c81-0736-57d7-96a9-ac2ac0cb058d">
      <Execution id="90b57a2b-bc4c-442b-b75d-2d1b293a9d44" />
      <TestMethod codeBase="/workspace/src/UnitTests/bin/Debug/net9.0/UnitTests.dll" adapterTypeName="executor://nunit3testexecutor/" className="UnitTests.Common.MetricsTests" name="ValidateConfig_InvalidPort_Throws(0)" />
    </UnitTest>
    <UnitTest name="GetTitle_Should_Handle_SpecialChars(&quot;My Title&quot;,&quot;ä&quot;)" storage="/workspace/src/unittests/bin/debug/net9.0/unittests.dll" id="18bde04b-4c73-eda8-82d0-6d3ca2a04781">
      <Execution id="d2fa45cd-0c41-4e5a-8adc-09e4a1f91171" />
      <TestMethod codeBase="/workspace/src/UnitTests/bin/Debug/net9.0/UnitTests.dll" adapterTypeName="executor://nunit3testexecutor/" className="UnitTests.Common.WorkoutHelperTests" name="GetTitle_Should_Handle_SpecialChars(&quot;My Title&quot;,&quot;ä&quot;)" />
    </UnitTest>
    <UnitTest name="CombineLocationData_When_LocatioNData_Is_NullOrEmpty_SkipsEmpty" storage="/workspace/src/unittests/bin/debug/net9.0/unittests.dll" id="e3e00204-60e4-4696-1d7f-3694c2df1c99">
      <Execution id="4ecd36f9-48d1-4d0f-af3c-d2866eb32341" />
      <TestMethod codeBase="/workspace/src/UnitTests/bin/Debug/net9.0/UnitTests.dll" adapterTypeName="executor://nunit3testexecutor/" className="UnitTests.Sync.StackedWorkoutsCalculatorTests" name="CombineLocationData_When_LocatioNData_Is_NullOrEmpty_SkipsEmpty" />
    </UnitTest>
    <UnitTest name="Fit_Converter_Creates_Valid_Fit(&quot;running_workout_no_metrics&quot;,Class_Targets)" storage="/workspace/src/unittests/bin/debug/net9.0/unittests.dll" id="4ffa1572-3a75-3e1d-b438-49c773bd05f6">
      <Execution id="4a6ccd2f-0ad5-4a9a-af81-10656c2d705a" />
      <TestMethod codeBase="/workspace/src/UnitTests/bin/Debug/net9.0/UnitTests.dll" adapterTypeName="executor://nunit3testexecutor/" className="UnitTests.Conversion.FitConverterTests" name="Fit_Converter_Creates_Valid_Fit(&quot;running_workout_no_metrics&quot;,Class_Targets)" />
    </UnitTest>
    <UnitTest name="GetRecentWorkoutsAsync_StopsCallingPelotonWhenNoMoreWorkouts" storage="/workspace/src/unittests/bin/debug/net9.0/unittests.dll" id="61583b3e-2333-6fd6-de7d-c1cef5681ceb">
      <Execution id="f51e9f09-614a-475c-bdba-6f82d35fd2c8" />
      <TestMethod codeBase="/workspace/src/UnitTests/bin/Debug/net9.0/UnitTests.dll" adapterTypeName="executor://nunit3testexecutor/" className="UnitTests.PelotonTests.PelotonServiceTests" name="GetRecentWorkoutsAsync_StopsCallingPelotonWhenNoMoreWorkouts" />
    </UnitTest>
    <UnitTest name="ValidateConfig_WhenConfigIsNull_ShouldThrowException" storage="/workspace/src/unittests/bin/debug/net9.0/unittests.dll" id="0f29f4e4-be56-e99f-0bcd-8a56163a2b98">
      <Execution id="68ab3ea5-9ded-4abf-92e4-18c6b269c0d1" />
      <TestMethod codeBase="/workspace/src/UnitTests/bin/Debug/net9.0/UnitTests.dll" adapterTypeName="executor://nunit3testexecutor/" className="UnitTests.Garmin.GarminUploaderTests" name="ValidateConfig_WhenConfigIsNull_ShouldThrowException" />
    </UnitTest>
    <UnitTest name="ShouldConvert_ShouldOnly_Support_TCX(True,True,False)" storage="/workspace/src/unittests/bin/debug/net9.0/unittests.dll" id="fb28f6cb-0e0f-b5bd-5e90-b786682a6b3b">
      <Execution id="0b9feb13-da37-4504-9982-54bd6b3582d2" />
      <TestMethod codeBase="/workspace/src/UnitTests/bin/Debug/net9.0/UnitTests.dll" adapterTypeName="executor://nunit3testexecutor/" className="UnitTests.Conversion.JsonConverterTests" name="ShouldConvert_ShouldOnly_Support_TCX(True,True,False)" />
    </UnitTest>
    <UnitTest name="GetAvgSpeedMetersPerSecond_MaxSpeed_Is_Converted(&quot;mph&quot;)" storage="/workspace/src/unittests/bin/debug/net9.0/unittests.dll" id="bb8ee3f0-1f27-6383-b591-238dc1e9f78f">
      <Execution id="7abba757-dcec-48bb-86bf-8a6c61f7f4e1" />
      <TestMethod codeBase="/workspace/src/UnitTests/bin/Debug/net9.0/UnitTests.dll" adapterTypeName="executor://nunit3testexecutor/" className="UnitTests.Conversion.ConverterTests" name="GetAvgSpeedMetersPerSecond_MaxSpeed_Is_Converted(&quot;mph&quot;)" />
    </UnitTest>
    <UnitTest name="ShouldConvert_ShouldOnly_Support_Fit(True,False,True)" storage="/workspace/src/unittests/bin/debug/net9.0/unittests.dll" id="87f4e6d4-66fb-500c-9d11-749fffc87395">
      <Execution id="a2b90f3f-7d99-41d0-af2e-dc4f380d22cd" />
      <TestMethod codeBase="/workspace/src/UnitTests/bin/Debug/net9.0/UnitTests.dll" adapterTypeName="executor://nunit3testexecutor/" className="UnitTests.Conversion.FitConverterTests" name="ShouldConvert_ShouldOnly_Support_Fit(True,False,True)" />
    </UnitTest>
  </TestDefinitions>
  <TestEntries>
    <TestEntry testId="2bb9876a-467f-f530-c09d-3a5b987e6e41" executionId="bbf8376a-48bc-49e0-a834-f01b9bc162e6" testListId="8c84fa94-04c1-424b-9868-57a2d4851a1d" />
    <TestEntry testId="dcd7c3cc-bb2b-9867-81b5-778be618c95d" executionId="74e4d44b-ea95-4573-9adb-def07f58dcff" testListId="8c84fa94-04c1-424b-9868-57a2d4851a1d" />
    <TestEntry testId="5bc5b8a2-aaeb-0ab7-986f-4a4ddf5047ca" executionId="cf17608d-3106-4e09-81a3-5495f4438cb5" testListId="8c84fa94-04c1-424b-9868-57a2d4851a1d" />
    <TestEntry testId="9bf7aecf-f67c-5735-4db0-dc505b7fb305" executionId="5ebc7e67-7090-4897-9686-1b9b688d5526" testListId="8c84fa94-04c1-424b-9868-57a2d4851a1d" />
    <TestEntry testId="c6b40543-f253-b0b7-9aa5-954faa77faae" executionId="d87b5c03-d0ac-4b7a-8a57-e527faccc5a6" testListId="8c84fa94-04c1-424b-9868-57a2d4851a1d" />
    <TestEntry testId="a1eae981-15fc-9585-9ce2-ccd29fa697b1" executionId="dec42c54-9c15-4552-b6c0-a09b21d7a8c1" testListId="8c84fa94-04c1-424b-9868-57a2d4851a1d" />
    <TestEntry testId="75253478-58a0-bb8b-60af-f2e03b85edc6" executionId="f49b815b-1f2b-4151-8ab2-49dc70cc4e2d" testListId="8c84fa94-04c1-424b-9868-57a2d4851a1d" />
    <TestEntry testId="1f16eed6-5356-56da-0c8a-3d649af7e2b6" executionId="03aa6407-200c-4e0f-81aa-ef44a8326381" testListId="8c84fa94-04c1-424b-9868-57a2d4851a1d" />
    <TestEntry testId="40d62d25-6314-3e34-3219-b1749d2933c4" executionId="55aa27ac-6249-459a-99f0-17fa09a6050c" testListId="8c84fa94-04c1-424b-9868-57a2d4851a1d" />
    <TestEntry testId="92fda280-c4fb-442b-e883-7176a9e8efce" executionId="65f7e1e8-d947-4032-8b1b-150af485f99e" testListId="8c84fa94-04c1-424b-9868-57a2d4851a1d" />
    <TestEntry testId="ec4a38ab-b6b1-9e77-4589-e9d18b49bb44" executionId="087a757d-968b-4832-b324-16d81489d150" testListId="8c84fa94-04c1-424b-9868-57a2d4851a1d" />
    <TestEntry testId="8f0a30f1-398f-c971-4923-3f66a5a73c2d" executionId="02e9718f-6f93-4a06-a368-29cc1751ddc6" testListId="8c84fa94-04c1-424b-9868-57a2d4851a1d" />
    <TestEntry testId="f3419d14-be7c-64f4-b8d0-70c944d70339" executionId="2c06691c-2786-4565-95ef-ab30d62b4a9d" testListId="8c84fa94-04c1-424b-9868-57a2d4851a1d" />
    <TestEntry testId="0029f72a-8851-6727-0ba3-2f8c2439bbd9" executionId="a9a3f3ce-67f8-41ba-9984-b7db62a5c886" testListId="8c84fa94-04c1-424b-9868-57a2d4851a1d" />
    <TestEntry testId="64fe6d76-4be3-fbf9-7fa1-b2e98e27e97a" executionId="bb174fc5-ecad-40c0-b710-fe7493b2ff13" testListId="8c84fa94-04c1-424b-9868-57a2d4851a1d" />
    <TestEntry testId="94bd48db-54a3-d63b-4c2b-1c89db1efaf3" executionId="1505c561-bbf9-453b-9d13-ff0e721ae228" testListId="8c84fa94-04c1-424b-9868-57a2d4851a1d" />
    <TestEntry testId="35465844-54ba-2a46-45af-ba78c3783273" executionId="489f129f-b192-4bcc-943c-6d59835de4d2" testListId="8c84fa94-04c1-424b-9868-57a2d4851a1d" />
    <TestEntry testId="3ca99e82-4aeb-324f-c71a-0460d242731c" executionId="202080b8-2dcd-43d6-8f62-c38e54b92a1e" testListId="8c84fa94-04c1-424b-9868-57a2d4851a1d" />
    <TestEntry testId="7f1783c7-cde5-f3ed-b4f8-1abce9f6cb6c" executionId="2e9562a6-df11-4282-96bc-d89536aa49d6" testListId="8c84fa94-04c1-424b-9868-57a2d4851a1d" />
    <TestEntry testId="738e5c98-030d-7775-230f-848afa42a22f" executionId="f6059f15-f977-4822-a0a8-9fffd7fd0777" testListId="8c84fa94-04c1-424b-9868-57a2d4851a1d" />
    <TestEntry testId="268d93db-2570-34ff-4ac3-2be55c3fdd53" executionId="677908ba-a211-4b7b-b478-10743a529aa3" testListId="8c84fa94-04c1-424b-9868-57a2d4851a1d" />
    <TestEntry testId="d2c0c821-8a66-4165-6497-58300a75a696" executionId="11745528-ed63-4c05-b413-fe8f6daa8dd2" testListId="8c84fa94-04c1-424b-9868-57a2d4851a1d" />
    <TestEntry testId="b5d17ff9-7f52-3054-c3e2-54c143047f1e" executionId="0abecd5b-7449-4c98-bd80-302d93ff00ab" testListId="8c84fa94-04c1-424b-9868-57a2d4851a1d" />
    <TestEntry testId="3284b07a-7571-dcf3-ead1-d8814491e90e" executionId="11400e0b-215d-46ea-9b70-1d40f0082a12" testListId="8c84fa94-04c1-424b-9868-57a2d4851a1d" />
    <TestEntry testId="aeff62e9-8176-e437-7449-a9a85dfb783d" executionId="1de28123-2177-42b7-94dd-01c14913d334" testListId="8c84fa94-04c1-424b-9868-57a2d4851a1d" />
    <TestEntry testId="3edb81eb-4b7b-f4c8-2836-4f3b2107d7f6" executionId="d71f55dc-037b-4c07-b11e-b9e68a9b3c0c" testListId="8c84fa94-04c1-424b-9868-57a2d4851a1d" />
    <TestEntry testId="e3e00204-60e4-4696-1d7f-3694c2df1c99" executionId="4ecd36f9-48d1-4d0f-af3c-d2866eb32341" testListId="8c84fa94-04c1-424b-9868-57a2d4851a1d" />
    <TestEntry testId="e6378227-686b-8b9c-533e-6cebe496380d" executionId="debd920d-9c89-4848-96d1-4878bac93682" testListId="8c84fa94-04c1-424b-9868-57a2d4851a1d" />
    <TestEntry testId="95748184-2e23-34f4-f30a-ed8f0a761409" executionId="4565d302-ddca-42dd-82f2-04ab183972db" testListId="8c84fa94-04c1-424b-9868-57a2d4851a1d" />
    <TestEntry testId="8bbb5536-e880-c232-5401-5ccf490f756c" executionId="36de29e8-5f09-4527-ac43-d2e6f2eb4274" testListId="8c84fa94-04c1-424b-9868-57a2d4851a1d" />
    <TestEntry testId="8295ddec-770c-14e6-b606-dce5449eaea6" executionId="818416be-4a6a-4f81-8481-8e8a002daf51" testListId="8c84fa94-04c1-424b-9868-57a2d4851a1d" />
    <TestEntry testId="b57878e7-556e-88c0-047b-2a893a3bfaea" executionId="a187e51b-c602-42b1-9121-70c1cdfa5030" testListId="8c84fa94-04c1-424b-9868-57a2d4851a1d" />
    <TestEntry testId="4d66612e-0dae-f6e0-6b25-f37ccd8acd95" executionId="84e49fe1-e713-49da-acc2-e5c6ac923051" testListId="8c84fa94-04c1-424b-9868-57a2d4851a1d" />
    <TestEntry testId="62bf0dc9-a343-a0de-bd40-7ad06d05a1d9" executionId="e6787983-eb08-4a78-8e95-416fe6606502" testListId="8c84fa94-04c1-424b-9868-57a2d4851a1d" />
    <TestEntry testId="d68ed5bd-39a3-6663-0efe-e41e95998d98" executionId="365d6775-3a7e-45a3-a55b-90af9d71480e" testListId="8c84fa94-04c1-424b-9868-57a2d4851a1d" />
    <TestEntry testId="9c7301e8-474b-ab11-2708-80b36a1ddada" executionId="1fb3c6ae-43bc-460e-a51d-75eb930839ab" testListId="8c84fa94-04c1-424b-9868-57a2d4851a1d" />
    <TestEntry testId="53f6b12f-61bb-1cab-a25e-97d13b4340ec" executionId="9a784d9a-b23e-48a5-8512-6cdb4be0340a" testListId="8c84fa94-04c1-424b-9868-57a2d4851a1d" />
    <TestEntry testId="41ba31c5-e015-3b58-b0d1-e862f9a31ff4" executionId="998fc513-aa66-4e5f-8eb6-27afe6381497" testListId="8c84fa94-04c1-424b-9868-57a2d4851a1d" />
    <TestEntry testId="8e2f4b9a-aecb-c781-3dd2-d433cb480f63" executionId="c080019a-3603-4dcd-bd63-f66c75929b83" testListId="8c84fa94-04c1-424b-9868-57a2d4851a1d" />
    <TestEntry testId="e4abb676-de72-0ff0-7009-aaa86158224c" executionId="0a31117c-5d50-4f75-b181-22ced7536d2a" testListId="8c84fa94-04c1-424b-9868-57a2d4851a1d" />
    <TestEntry testId="a64dc5d1-fa73-43f2-6ecb-a8207ac84e2d" executionId="90832e61-1dda-45fe-914e-ce1a8cac4298" testListId="8c84fa94-04c1-424b-9868-57a2d4851a1d" />
    <TestEntry testId="63862178-9990-7cdb-ac9b-379cf4160859" executionId="624669c5-6c23-48d4-85e8-9b8742604034" testListId="8c84fa94-04c1-424b-9868-57a2d4851a1d" />
    <TestEntry testId="91230b95-4cc3-de7c-060a-759628c104c9" executionId="3146b9e2-33c8-4b0b-93de-890021663113" testListId="8c84fa94-04c1-424b-9868-57a2d4851a1d" />
    <TestEntry testId="2b942204-73d5-5e1a-b900-79a487486712" executionId="9d43f70c-3da6-4562-81af-02e537ccefce" testListId="8c84fa94-04c1-424b-9868-57a2d4851a1d" />
    <TestEntry testId="15d8f164-ed9b-0afc-af0e-42874a05e947" executionId="fd876467-170b-43a1-87d3-c38ac6a312b0" testListId="8c84fa94-04c1-424b-9868-57a2d4851a1d" />
    <TestEntry testId="77575707-3d28-ac61-4c32-8163231ff49a" executionId="6da2d1d7-b134-47ad-8372-fc77d3d4a668" testListId="8c84fa94-04c1-424b-9868-57a2d4851a1d" />
    <TestEntry testId="fb73e6b0-78d9-48e0-6e73-19a80dd43c81" executionId="919f912d-c6b9-4103-98df-5bd41252464f" testListId="8c84fa94-04c1-424b-9868-57a2d4851a1d" />
    <TestEntry testId="14b4d962-f7f2-ac8b-cce5-4b1ed17e27f6" executionId="6de6df23-0817-4189-9aa9-26f81593d401" testListId="8c84fa94-04c1-424b-9868-57a2d4851a1d" />
    <TestEntry testId="73d075be-fab1-ee80-0dd0-df090006c2e6" executionId="f6461836-16fb-4a51-a132-5f381803bd7e" testListId="8c84fa94-04c1-424b-9868-57a2d4851a1d" />
    <TestEntry testId="fec7dedc-c946-c21e-b247-b1399ec429d4" executionId="eec62169-0825-4c2a-b177-907ceb29e61c" testListId="8c84fa94-04c1-424b-9868-57a2d4851a1d" />
    <TestEntry testId="aaac0e7d-5f4a-069f-757e-76df0280cff4" executionId="da406d41-a098-4809-9eba-45f7e312cf82" testListId="8c84fa94-04c1-424b-9868-57a2d4851a1d" />
    <TestEntry testId="50a50460-ef18-ddcc-6082-e5f270fa26bf" executionId="27ed9700-437e-4894-bbf3-637584c75ead" testListId="8c84fa94-04c1-424b-9868-57a2d4851a1d" />
    <TestEntry testId="0c199377-2588-d3ea-29a5-336cfe047b76" executionId="9d65630c-42fd-417e-b513-43d7fbc3e04d" testListId="8c84fa94-04c1-424b-9868-57a2d4851a1d" />
    <TestEntry testId="a45b0da2-eb2b-b9b6-85db-5a1df2e22596" executionId="9cfbdfdc-5d69-4bfc-9340-2550c2e9aee8" testListId="8c84fa94-04c1-424b-9868-57a2d4851a1d" />
    <TestEntry testId="3a24be44-f3fb-d4d2-2b26-3ddbb95a0632" executionId="1c8ce03b-8aa0-45b3-9ad2-fa145778a10b" testListId="8c84fa94-04c1-424b-9868-57a2d4851a1d" />
    <TestEntry testId="cd12b41f-af21-0e72-d29b-99ed70de03ed" executionId="7d83db50-0069-4117-b928-ae1de65eaf2c" testListId="8c84fa94-04c1-424b-9868-57a2d4851a1d" />
    <TestEntry testId="c9206a37-69dd-d0c2-7817-2b9527b99edf" executionId="d1b36c36-a13a-4b42-838c-5b6efd3f505b" testListId="8c84fa94-04c1-424b-9868-57a2d4851a1d" />
    <TestEntry testId="b1fdbb99-a491-6f58-9cd4-a32d3381e20e" executionId="3742b173-24d7-48c9-90c8-bbe9bab55147" testListId="8c84fa94-04c1-424b-9868-57a2d4851a1d" />
    <TestEntry testId="3007729f-a613-5805-213d-0cebf02b0e3e" executionId="8e749e4a-dd28-4902-9204-6bc33d60b27a" testListId="8c84fa94-04c1-424b-9868-57a2d4851a1d" />
    <TestEntry testId="68e2219d-c4aa-3dde-5711-40eee752b346" executionId="93c561c4-d742-4b30-b581-f3f6b068695b" testListId="8c84fa94-04c1-424b-9868-57a2d4851a1d" />
    <TestEntry testId="f01466b1-9eed-a834-70fe-05694dcd6329" executionId="449c1496-f967-4901-b9fa-0e09e0de8bb2" testListId="8c84fa94-04c1-424b-9868-57a2d4851a1d" />
    <TestEntry testId="bd5aa7b1-246c-6dab-cbdf-cfe9b0823566" executionId="edfc6406-db96-4d02-80d8-1a470926cc45" testListId="8c84fa94-04c1-424b-9868-57a2d4851a1d" />
    <TestEntry testId="fa1aff09-89e9-c9c9-8e43-3435185dc5da" executionId="4ded8e1d-091a-4c36-86f9-cff601f5bcf4" testListId="8c84fa94-04c1-424b-9868-57a2d4851a1d" />
    <TestEntry testId="dc78183a-3301-6d2f-bfc2-96017ddfdaab" executionId="f921786d-2db4-44aa-946e-47688f1f20e0" testListId="8c84fa94-04c1-424b-9868-57a2d4851a1d" />
    <TestEntry testId="ff1f8e51-22b6-57cc-4d3e-e50fee72f0ef" executionId="78388364-d2ca-4c94-b7f5-2d7e46b6677f" testListId="8c84fa94-04c1-424b-9868-57a2d4851a1d" />
    <TestEntry testId="a9511aab-7b33-fc7f-f075-d2b592ca1492" executionId="db3c1948-2f28-4baa-8842-bf73c7dcd00d" testListId="8c84fa94-04c1-424b-9868-57a2d4851a1d" />
    <TestEntry testId="d41d09d9-47e4-6a0e-3520-bb2673be8aa2" executionId="f8641025-d9f5-4b55-85b5-84962125ce33" testListId="8c84fa94-04c1-424b-9868-57a2d4851a1d" />
    <TestEntry testId="5a7fd466-b0ba-5fc7-6c23-ca33470220b2" executionId="3acc0258-e779-44ac-85f9-e2b87da0d723" testListId="8c84fa94-04c1-424b-9868-57a2d4851a1d" />
    <TestEntry testId="adcba74b-8049-9f15-8f59-2b6a8504d81e" executionId="49a34820-4ad3-4e48-9450-7e23a68694c9" testListId="8c84fa94-04c1-424b-9868-57a2d4851a1d" />
    <TestEntry testId="acbdaa04-ddd9-e76b-1250-10b38b5cdd74" executionId="de87c191-1f99-499d-9ce0-0934e15dcf29" testListId="8c84fa94-04c1-424b-9868-57a2d4851a1d" />
    <TestEntry testId="2ad365a4-7690-f909-9b00-353a5ed34e80" executionId="5a129656-0223-4c73-8a40-6557a7bc224f" testListId="8c84fa94-04c1-424b-9868-57a2d4851a1d" />
    <TestEntry testId="2c8f4979-1655-f332-06f6-53e805976a06" executionId="1aa7a705-439c-45d1-bb4e-51c7ef22b82f" testListId="8c84fa94-04c1-424b-9868-57a2d4851a1d" />
    <TestEntry testId="abbd0d1a-0c6a-24b3-6949-2c8175ceb910" executionId="c96c6bc0-7bae-4d87-88c0-b8ed8412ae1b" testListId="8c84fa94-04c1-424b-9868-57a2d4851a1d" />
    <TestEntry testId="834688af-d948-b267-9d52-df9b13a0c676" executionId="9bbd7375-c773-4312-9582-9a5f0b30090a" testListId="8c84fa94-04c1-424b-9868-57a2d4851a1d" />
    <TestEntry testId="024762ec-6de4-9e73-3e08-4415f864ad90" executionId="ba128dc5-9182-41e3-839f-31f3a3ebd928" testListId="8c84fa94-04c1-424b-9868-57a2d4851a1d" />
    <TestEntry testId="59ec3057-e73c-9bdc-c923-5de846e585bc" executionId="b8699ee2-23a5-4de9-bb74-5976876aa30d" testListId="8c84fa94-04c1-424b-9868-57a2d4851a1d" />
    <TestEntry testId="52dc1c81-0736-57d7-96a9-ac2ac0cb058d" executionId="90b57a2b-bc4c-442b-b75d-2d1b293a9d44" testListId="8c84fa94-04c1-424b-9868-57a2d4851a1d" />
    <TestEntry testId="6bb117d1-94e5-51e3-6903-da2e2b9dba3c" executionId="a84a9d05-0e17-4cc1-896f-7944e5829e21" testListId="8c84fa94-04c1-424b-9868-57a2d4851a1d" />
    <TestEntry testId="74b68762-823f-575b-a235-3b1eb9197fe7" executionId="05ca1dbc-464b-4a43-8967-327bc8cecf8c" testListId="8c84fa94-04c1-424b-9868-57a2d4851a1d" />
    <TestEntry testId="1a6ee4d5-7a68-7839-3fd0-d276f1ebf759" executionId="df53dba2-5039-4de4-b775-84665401040f" testListId="8c84fa94-04c1-424b-9868-57a2d4851a1d" />
    <TestEntry testId="26eaa644-cba6-d67c-e436-0668796ca225" executionId="b454e641-f995-436f-bbd4-5eee3a2cfbd3" testListId="8c84fa94-04c1-424b-9868-57a2d4851a1d" />
    <TestEntry testId="db858c54-5ca6-5112-334f-1a2074085872" executionId="8ac801b9-aee3-493f-b749-b674c98f49f3" testListId="8c84fa94-04c1-424b-9868-57a2d4851a1d" />
    <TestEntry testId="990d39b7-12eb-a43b-a0d1-e7000c4a3239" executionId="a09a3cec-3c4c-453c-9315-7d2e037e8c49" testListId="8c84fa94-04c1-424b-9868-57a2d4851a1d" />
    <TestEntry testId="5531531b-3cdc-85ea-99dc-40236a3fb01d" executionId="cc2e3147-b792-4cc3-b0d6-8f4f5cebaab5" testListId="8c84fa94-04c1-424b-9868-57a2d4851a1d" />
    <TestEntry testId="299f546a-84bb-aad8-e7a0-66ce90d400fc" executionId="94a9c1e0-80a4-4db6-a08d-3749507e4ca5" testListId="8c84fa94-04c1-424b-9868-57a2d4851a1d" />
    <TestEntry testId="8016d13c-c026-4eab-3b1a-f6a102363f44" executionId="fe8f35c0-2c7c-4c04-9d97-3f7647a2b411" testListId="8c84fa94-04c1-424b-9868-57a2d4851a1d" />
    <TestEntry testId="d549615e-37a6-5b86-fd01-48e9c51b024a" executionId="d5925b51-065f-44f3-987b-c90c49286e09" testListId="8c84fa94-04c1-424b-9868-57a2d4851a1d" />
    <TestEntry testId="5dc5ff5a-2b01-503e-5d7e-47330abf8c64" executionId="99f6c29e-eecb-4c06-93e8-32258efc5495" testListId="8c84fa94-04c1-424b-9868-57a2d4851a1d" />
    <TestEntry testId="d33c3551-a2e2-8781-705e-8e05544431c0" executionId="7d70e851-7c28-48da-ab7d-2b5f2e7ce73e" testListId="8c84fa94-04c1-424b-9868-57a2d4851a1d" />
    <TestEntry testId="bcb59029-4013-44e5-44e0-773cef3135ff" executionId="657fbeb3-0a1d-4327-85a1-0fae6af56702" testListId="8c84fa94-04c1-424b-9868-57a2d4851a1d" />
    <TestEntry testId="61583b3e-2333-6fd6-de7d-c1cef5681ceb" executionId="f51e9f09-614a-475c-bdba-6f82d35fd2c8" testListId="8c84fa94-04c1-424b-9868-57a2d4851a1d" />
    <TestEntry testId="b70c1bfa-94e6-da8f-8633-1ff1ee7b484a" executionId="f2b627f1-4166-4ab9-ac5f-c8ef2bb0685c" testListId="8c84fa94-04c1-424b-9868-57a2d4851a1d" />
    <TestEntry testId="88ea8bc1-64c6-1ed7-dff7-6876c9743dc1" executionId="2e5b43fb-e9a2-4592-a7a2-c859568f5766" testListId="8c84fa94-04c1-424b-9868-57a2d4851a1d" />
    <TestEntry testId="18bde04b-4c73-eda8-82d0-6d3ca2a04781" executionId="d2fa45cd-0c41-4e5a-8adc-09e4a1f91171" testListId="8c84fa94-04c1-424b-9868-57a2d4851a1d" />
    <TestEntry testId="dd67079e-4f7c-100f-b844-f26b3873901b" executionId="8d9f45fb-b73c-4051-bb5c-3e2668f9fc1f" testListId="8c84fa94-04c1-424b-9868-57a2d4851a1d" />
    <TestEntry testId="e2aa94f8-1c8d-1145-aae2-0911626908bc" executionId="54d82374-781d-4d59-8c32-1e131bfeac8c" testListId="8c84fa94-04c1-424b-9868-57a2d4851a1d" />
    <TestEntry testId="92679e3d-d661-be15-cbdf-a3fbbc1fd13a" executionId="30ba4be9-1eef-42a5-b77e-dfdaae589870" testListId="8c84fa94-04c1-424b-9868-57a2d4851a1d" />
    <TestEntry testId="c98e2074-ed27-4fc7-d66c-9637e2cbb509" executionId="59c39428-57d0-42c2-8dd9-698fb2fff01e" testListId="8c84fa94-04c1-424b-9868-57a2d4851a1d" />
    <TestEntry testId="eda327a8-43f0-eb29-46cf-6cdf168c607b" executionId="7b9dddb2-1685-439a-af52-664c077308de" testListId="8c84fa94-04c1-424b-9868-57a2d4851a1d" />
    <TestEntry testId="b8aad2c7-2eba-e5db-6418-6d64439beb70" executionId="d985c2c3-690a-4adb-bbca-b9d666b488a4" testListId="8c84fa94-04c1-424b-9868-57a2d4851a1d" />
    <TestEntry testId="5d5662b6-d31d-32d3-84ac-9589078c82c3" executionId="f1d0f8c9-3d10-4d7d-b68c-f8d840af262c" testListId="8c84fa94-04c1-424b-9868-57a2d4851a1d" />
    <TestEntry testId="69dea2dc-fad0-8685-5cf5-d563d03316ed" executionId="c27dba4a-e200-4f77-b873-8ca22471f7d0" testListId="8c84fa94-04c1-424b-9868-57a2d4851a1d" />
    <TestEntry testId="e0e889ee-a9ce-4836-9adc-dcc5194648da" executionId="1f58b8ae-decf-4512-8d61-4add7857318e" testListId="8c84fa94-04c1-424b-9868-57a2d4851a1d" />
    <TestEntry testId="3bef546d-2c73-feb3-5bfb-b8193692e2ab" executionId="721e88cb-453f-49a9-a0d9-179d57959d6b" testListId="8c84fa94-04c1-424b-9868-57a2d4851a1d" />
    <TestEntry testId="53bd1552-7549-7526-31ea-0d733217eee6" executionId="e1b3e18e-d759-4319-847a-834341cc2c93" testListId="8c84fa94-04c1-424b-9868-57a2d4851a1d" />
    <TestEntry testId="6ebc6db2-aa69-5a98-6493-31ef150933b1" executionId="b4b17ffc-40bf-46db-b77c-1e223ba4c95c" testListId="8c84fa94-04c1-424b-9868-57a2d4851a1d" />
    <TestEntry testId="351c592c-fc72-5a82-9817-d79a90df7614" executionId="beb94a04-f1dc-4198-83df-90b57216f39f" testListId="8c84fa94-04c1-424b-9868-57a2d4851a1d" />
    <TestEntry testId="a7b99d22-ee3f-ab47-ab68-89dfe253a5a4" executionId="1fe197fe-56cd-4979-9e5b-f0efe8edd360" testListId="8c84fa94-04c1-424b-9868-57a2d4851a1d" />
    <TestEntry testId="e0f99cbf-2d29-3c80-a624-7b6e13dd1390" executionId="ad5d5a25-9b12-4fdf-b93e-d93f3b973400" testListId="8c84fa94-04c1-424b-9868-57a2d4851a1d" />
    <TestEntry testId="60123ba9-8c0d-8a64-f91a-5e13ce5ae077" executionId="40a57a3a-ae28-4699-ae89-4ac940318d07" testListId="8c84fa94-04c1-424b-9868-57a2d4851a1d" />
    <TestEntry testId="ae4de01a-1d12-e7d6-986b-cf06269c1d43" executionId="336e2778-6319-4bcb-ba80-237e041dc02d" testListId="8c84fa94-04c1-424b-9868-57a2d4851a1d" />
    <TestEntry testId="f462a461-4209-1e5e-3555-ae640f044d96" executionId="65de2ace-738f-4994-94f7-c5c029d0412b" testListId="8c84fa94-04c1-424b-9868-57a2d4851a1d" />
    <TestEntry testId="d1d4a324-9577-ffbe-55b8-4af24ac0c077" executionId="ea3b1efe-a2e7-4177-908c-87f38068bb9b" testListId="8c84fa94-04c1-424b-9868-57a2d4851a1d" />
    <TestEntry testId="237b07d9-9785-5200-b185-5a6e10f8002a" executionId="bd650684-cd3e-4d06-84df-03746b0d0c0b" testListId="8c84fa94-04c1-424b-9868-57a2d4851a1d" />
    <TestEntry testId="0cb0438a-3990-4a3d-96bc-962401db1b65" executionId="17b5d025-ae40-4630-bbde-993b74d9306c" testListId="8c84fa94-04c1-424b-9868-57a2d4851a1d" />
    <TestEntry testId="266acd3f-05f0-7f05-925e-96206b985b98" executionId="566aaa43-de65-4d9e-a79f-ceee6c6fd6ee" testListId="8c84fa94-04c1-424b-9868-57a2d4851a1d" />
    <TestEntry testId="4cc5da5f-c89a-cc41-1f0d-920ccf5f3e8d" executionId="de6c9e9a-9d68-46af-a720-a0fddf836dde" testListId="8c84fa94-04c1-424b-9868-57a2d4851a1d" />
    <TestEntry testId="8ffd8b18-d6d0-548c-74c2-04f1656b2a67" executionId="cb22a9ca-38ad-4e40-a723-261c3ae5f7a2" testListId="8c84fa94-04c1-424b-9868-57a2d4851a1d" />
    <TestEntry testId="096b064d-1428-b9d8-fa26-d57393951678" executionId="88aabc48-6bc5-4149-ad18-7e1c2c293c78" testListId="8c84fa94-04c1-424b-9868-57a2d4851a1d" />
    <TestEntry testId="f0978bc4-a6a0-b1ad-6bf2-490678e05fef" executionId="2a6191f3-4d35-409c-8ca8-6f52a0faa860" testListId="8c84fa94-04c1-424b-9868-57a2d4851a1d" />
    <TestEntry testId="d6496406-25e6-4f95-dcc9-c044ad2f4af4" executionId="01c3e47d-12f3-48b0-bda1-eba3338cd647" testListId="8c84fa94-04c1-424b-9868-57a2d4851a1d" />
    <TestEntry testId="ea26bba9-26a9-f3ea-e08a-46ddb2f7a2e3" executionId="9894a58d-8689-42dd-86af-40b98eb187b0" testListId="8c84fa94-04c1-424b-9868-57a2d4851a1d" />
    <TestEntry testId="90572729-ba69-9ea4-f91f-f49ccc8bd507" executionId="ea9ff2df-645a-410b-84d5-fe6194cd0cf4" testListId="8c84fa94-04c1-424b-9868-57a2d4851a1d" />
    <TestEntry testId="73fd6b32-ad56-6164-485b-fa89df0af261" executionId="fa87797d-878c-4019-a22c-f31b8ed8fa57" testListId="8c84fa94-04c1-424b-9868-57a2d4851a1d" />
    <TestEntry testId="fea81199-2eda-7cc0-5447-b8c7203b67c6" executionId="a67b5861-56b3-4a1e-816a-cd4bc611f79c" testListId="8c84fa94-04c1-424b-9868-57a2d4851a1d" />
    <TestEntry testId="59f38d5a-b192-9bd3-715f-90c810db1fc2" executionId="976a800f-49d0-46f5-93f6-8e7a4dd64b8b" testListId="8c84fa94-04c1-424b-9868-57a2d4851a1d" />
    <TestEntry testId="1b490480-fb95-34e0-b8f3-6d49e41cd490" executionId="410be227-0294-41a1-96ff-1f641dcc6004" testListId="8c84fa94-04c1-424b-9868-57a2d4851a1d" />
    <TestEntry testId="ca2818e9-29c0-46dd-edf8-21d9bbaed850" executionId="826de25f-b375-4fc6-bd11-f08fd32330e5" testListId="8c84fa94-04c1-424b-9868-57a2d4851a1d" />
    <TestEntry testId="4b7cc2b4-5fdb-804f-ca2f-d480cf61bf67" executionId="6c94c172-ab28-45e4-9025-37a5857eb4e9" testListId="8c84fa94-04c1-424b-9868-57a2d4851a1d" />
    <TestEntry testId="2d3d484c-8b55-579a-c941-c9464c7510dc" executionId="1943d921-ef89-49bb-a667-cc233454cf25" testListId="8c84fa94-04c1-424b-9868-57a2d4851a1d" />
    <TestEntry testId="728f4fce-f778-2925-5f0d-e4e53c001ad6" executionId="208eca59-f356-4a95-b8e2-afbac94999e0" testListId="8c84fa94-04c1-424b-9868-57a2d4851a1d" />
    <TestEntry testId="66af6f1d-987a-6930-1999-0967188f94d7" executionId="756f413f-a6c8-4769-a557-cae564ec2a5e" testListId="8c84fa94-04c1-424b-9868-57a2d4851a1d" />
    <TestEntry testId="7cd229c5-2548-c467-2e74-7fe0bb091375" executionId="b4920c8b-22d7-498f-bfa9-05f4be21c489" testListId="8c84fa94-04c1-424b-9868-57a2d4851a1d" />
    <TestEntry testId="a869e792-ca4e-5496-f380-4de04c793554" executionId="2fa4707c-faf2-4b36-85d5-233bfe0d0012" testListId="8c84fa94-04c1-424b-9868-57a2d4851a1d" />
    <TestEntry testId="6fb834a5-79fd-9861-a797-b2a3f40a7fc1" executionId="75ee2036-a513-41cb-abd0-2597fa4894d7" testListId="8c84fa94-04c1-424b-9868-57a2d4851a1d" />
    <TestEntry testId="1ae52073-2009-2389-a5ed-134b4adf8ca2" executionId="167989dd-f19d-4c40-85d9-b8bf8f423295" testListId="8c84fa94-04c1-424b-9868-57a2d4851a1d" />
    <TestEntry testId="1978ec45-4e84-e3eb-ebd3-2cd3bcac1f3f" executionId="33c24e24-225b-44fd-ab96-2d2626a38d97" testListId="8c84fa94-04c1-424b-9868-57a2d4851a1d" />
    <TestEntry testId="5f6a6389-07d6-acb2-15d5-0ce5fd448a5f" executionId="02371e5c-9e92-4ad2-9a9f-adbf0bc091c5" testListId="8c84fa94-04c1-424b-9868-57a2d4851a1d" />
    <TestEntry testId="bc5b7814-7239-6a17-05e6-e4323f646ac3" executionId="12d1f1fd-667b-418f-9c5f-3f2525c5e201" testListId="8c84fa94-04c1-424b-9868-57a2d4851a1d" />
    <TestEntry testId="a9cdeb2a-c214-4411-5768-e37d7c76a1f4" executionId="1aa036b1-dc94-48ff-8077-5e8df28b1ada" testListId="8c84fa94-04c1-424b-9868-57a2d4851a1d" />
    <TestEntry testId="f07ec14b-f484-ba9b-8269-66d16c50ab95" executionId="b15b391d-8588-4f6a-a19d-474b5844d1c6" testListId="8c84fa94-04c1-424b-9868-57a2d4851a1d" />
    <TestEntry testId="565ea594-4a42-bf6a-d49f-4c5ca7b4f7af" executionId="c3056464-20c0-4120-837d-27ef415bcbf8" testListId="8c84fa94-04c1-424b-9868-57a2d4851a1d" />
    <TestEntry testId="d3e023bb-a976-a14d-a18c-f7444af4c631" executionId="48731575-b03c-498a-aad2-ec7a65005451" testListId="8c84fa94-04c1-424b-9868-57a2d4851a1d" />
    <TestEntry testId="429fc958-a7fd-e403-2f76-5f49eab150a7" executionId="eb5185a5-97e2-4246-a83c-9d77efe255bf" testListId="8c84fa94-04c1-424b-9868-57a2d4851a1d" />
    <TestEntry testId="d1c64d1a-1824-50d1-0539-5ceed713d1a6" executionId="72951f01-3863-4a28-b821-3cd0107c6ebd" testListId="8c84fa94-04c1-424b-9868-57a2d4851a1d" />
    <TestEntry testId="37ef04ad-f698-694b-d165-3e43c8009b4c" executionId="4eb60293-256c-487a-ad36-99fce7aa9154" testListId="8c84fa94-04c1-424b-9868-57a2d4851a1d" />
    <TestEntry testId="fbcd2a36-e717-107e-8eb0-27790465b365" executionId="efcffef7-6faa-4e9e-8353-ccd659657f67" testListId="8c84fa94-04c1-424b-9868-57a2d4851a1d" />
    <TestEntry testId="4de5a3ab-393d-8d27-6e98-fe3a6c94c715" executionId="07bcaf7a-b103-4a9a-ace7-4204f3084b1c" testListId="8c84fa94-04c1-424b-9868-57a2d4851a1d" />
    <TestEntry testId="f71c24be-a83b-8f80-8fa8-303d407e89a5" executionId="923c4cef-d02d-48d0-9eeb-e82c301c51f7" testListId="8c84fa94-04c1-424b-9868-57a2d4851a1d" />
    <TestEntry testId="53c94778-6304-3468-47d9-789a07277d4e" executionId="3a6527d2-4ab3-48b0-a2ff-c586c488df88" testListId="8c84fa94-04c1-424b-9868-57a2d4851a1d" />
    <TestEntry testId="4ffa1572-3a75-3e1d-b438-49c773bd05f6" executionId="4a6ccd2f-0ad5-4a9a-af81-10656c2d705a" testListId="8c84fa94-04c1-424b-9868-57a2d4851a1d" />
    <TestEntry testId="daed5026-5f53-0768-97fa-2d38c9533a79" executionId="527cd2b8-7adb-4494-8092-343b81e93914" testListId="8c84fa94-04c1-424b-9868-57a2d4851a1d" />
    <TestEntry testId="1ca92fc7-e3c6-7524-0643-04b74c0f6f6b" executionId="308a5dec-7c18-449a-91b2-dc8fce5d92b8" testListId="8c84fa94-04c1-424b-9868-57a2d4851a1d" />
    <TestEntry testId="ceb0dffb-096a-12f4-eb83-b0c92e63c404" executionId="adcfae46-30d9-4fda-8ade-edb37bcc55eb" testListId="8c84fa94-04c1-424b-9868-57a2d4851a1d" />
    <TestEntry testId="9d2b5957-4f8f-fc22-f57e-f9eaded782e7" executionId="049882c1-578e-4369-a587-58efd122c283" testListId="8c84fa94-04c1-424b-9868-57a2d4851a1d" />
    <TestEntry testId="6f647fb1-f61a-98c6-9059-a1c0f49860db" executionId="0d47a210-3307-4c22-aafc-0ec50129f670" testListId="8c84fa94-04c1-424b-9868-57a2d4851a1d" />
    <TestEntry testId="47afcd5b-fcc7-5518-3629-dc9b20fc97f8" executionId="f7f5f455-cbba-4314-8e26-360c6d3f4da0" testListId="8c84fa94-04c1-424b-9868-57a2d4851a1d" />
    <TestEntry testId="2a9f7fbb-1357-fa53-4ff4-d260cac31c15" executionId="7042f5e7-f405-43df-a11f-e8970b267a1a" testListId="8c84fa94-04c1-424b-9868-57a2d4851a1d" />
    <TestEntry testId="0d5ea9a5-e766-e27c-62d6-1ab97d135490" executionId="09907598-98e6-486e-a4be-f03d7c50667d" testListId="8c84fa94-04c1-424b-9868-57a2d4851a1d" />
    <TestEntry testId="8e3b671a-f12b-175f-1c6c-01e75fec10bf" executionId="f1b128d4-0ebe-45cb-96e1-eb5ea1729e24" testListId="8c84fa94-04c1-424b-9868-57a2d4851a1d" />
    <TestEntry testId="dfc0d184-cfcd-09fc-2e9c-a58966e86734" executionId="7e23faa7-db44-441a-8156-8a6973149ece" testListId="8c84fa94-04c1-424b-9868-57a2d4851a1d" />
    <TestEntry testId="0949149e-7a9e-de1f-a0b7-532e339c1eb4" executionId="4001e521-846c-4227-9e64-04e6729eb2d3" testListId="8c84fa94-04c1-424b-9868-57a2d4851a1d" />
    <TestEntry testId="488459ee-d120-d7fc-1652-0d4582274b8e" executionId="3425f5ad-338f-42c4-a17f-64b822ddc5d0" testListId="8c84fa94-04c1-424b-9868-57a2d4851a1d" />
    <TestEntry testId="2363ee34-a01c-6457-3c08-71994bc97ae6" executionId="25e421a5-b5fe-4084-ba74-aed7c308a855" testListId="8c84fa94-04c1-424b-9868-57a2d4851a1d" />
    <TestEntry testId="998818fc-baf9-7ce7-23ed-afcf2f4bbd98" executionId="0d8b37e7-3aa8-4a0f-900c-ab449bef6c80" testListId="8c84fa94-04c1-424b-9868-57a2d4851a1d" />
    <TestEntry testId="66ce8a3b-e460-c668-203e-af4091fa629b" executionId="411462cc-b976-4daf-81f2-47b71b3dff93" testListId="8c84fa94-04c1-424b-9868-57a2d4851a1d" />
    <TestEntry testId="c5edfa28-98cf-2731-3e28-848ac5ce875c" executionId="aba88e40-1422-4a4f-929c-83208228b626" testListId="8c84fa94-04c1-424b-9868-57a2d4851a1d" />
    <TestEntry testId="1aa0862f-ff6f-1535-03c7-43b45799ab3f" executionId="49adf5aa-04d3-4d16-9e7c-af5cab0f4796" testListId="8c84fa94-04c1-424b-9868-57a2d4851a1d" />
    <TestEntry testId="ee24efa4-f2cd-2850-47c0-4f8efb4efbda" executionId="138f9435-c776-4a9e-8757-e03852ca0146" testListId="8c84fa94-04c1-424b-9868-57a2d4851a1d" />
    <TestEntry testId="32b482d6-93d8-7c20-38aa-1450f325d87f" executionId="d2f97a41-ca88-4d1f-9086-61491f032484" testListId="8c84fa94-04c1-424b-9868-57a2d4851a1d" />
    <TestEntry testId="bb1a317a-f603-fd34-847e-2a6fecc00af2" executionId="a27f811a-e401-4fcc-a957-2a6a787414b8" testListId="8c84fa94-04c1-424b-9868-57a2d4851a1d" />
    <TestEntry testId="720849a8-818b-65b4-5ac1-bd570d4477a9" executionId="664bcd3a-9d75-4b0a-a4c6-e82a5f5e74a5" testListId="8c84fa94-04c1-424b-9868-57a2d4851a1d" />
    <TestEntry testId="ca884c7e-f0a7-5df6-48da-a7247125fe65" executionId="9de6be12-4adb-4710-8873-9716853f3508" testListId="8c84fa94-04c1-424b-9868-57a2d4851a1d" />
    <TestEntry testId="e6206494-1fd5-7cce-b12d-03dc2164d6bc" executionId="41efb21c-3128-4442-a5c7-e95b89a72013" testListId="8c84fa94-04c1-424b-9868-57a2d4851a1d" />
    <TestEntry testId="ac39fe87-b406-baf4-1ead-02ee0e9490f2" executionId="0776aee7-46fe-4ea3-a47e-df42992255e6" testListId="8c84fa94-04c1-424b-9868-57a2d4851a1d" />
    <TestEntry testId="e5148d61-6a1f-4ceb-0ad8-fb67024b7aa1" executionId="b1a62805-727c-4f7e-a3a5-c3754bf65969" testListId="8c84fa94-04c1-424b-9868-57a2d4851a1d" />
    <TestEntry testId="1b1c81ec-4748-1ab4-a634-315a5e08abe0" executionId="da495b06-c695-47e6-936b-2cef1f3efe6b" testListId="8c84fa94-04c1-424b-9868-57a2d4851a1d" />
    <TestEntry testId="8d70e33e-8d60-77f4-1f3a-62d733fafa4b" executionId="848861b0-f33c-413c-bf15-5878c558e9b4" testListId="8c84fa94-04c1-424b-9868-57a2d4851a1d" />
    <TestEntry testId="7c056526-87e1-0b1b-ae91-940a253edafa" executionId="0e17bcad-cc30-40ef-b662-4610a76f96f2" testListId="8c84fa94-04c1-424b-9868-57a2d4851a1d" />
    <TestEntry testId="c0b2bc39-7ebb-c64d-db6c-e437ca6d26eb" executionId="e571908d-2803-4b37-a1db-05fdc2f4e55e" testListId="8c84fa94-04c1-424b-9868-57a2d4851a1d" />
    <TestEntry testId="1292910c-c26a-af95-32b2-bbd8135a83bf" executionId="e922e4d4-7c30-4eb8-be6d-4343a9c9aa45" testListId="8c84fa94-04c1-424b-9868-57a2d4851a1d" />
    <TestEntry testId="6be0c6cd-5df1-25b4-5146-441545fc3568" executionId="cb4588e6-1ce7-4838-bb67-6c422a6661c2" testListId="8c84fa94-04c1-424b-9868-57a2d4851a1d" />
    <TestEntry testId="3d8547d6-8c33-ee82-ce77-fd4ee3e3fb05" executionId="d67c79e6-2e51-49b8-9a6f-e71638bee76e" testListId="8c84fa94-04c1-424b-9868-57a2d4851a1d" />
    <TestEntry testId="dd674274-ba43-8940-2626-71ce4e04448c" executionId="9ba49233-21df-4408-a53d-d2b0854033e6" testListId="8c84fa94-04c1-424b-9868-57a2d4851a1d" />
    <TestEntry testId="ef799867-ba48-b99a-3202-edf0b6a86be1" executionId="8b89e200-c73a-4fd3-b0cd-128f96d25ad4" testListId="8c84fa94-04c1-424b-9868-57a2d4851a1d" />
    <TestEntry testId="97df3935-67e3-f4a9-e35f-d1185c26ea7e" executionId="28246597-dda9-4de1-a369-2758d99c0065" testListId="8c84fa94-04c1-424b-9868-57a2d4851a1d" />
    <TestEntry testId="500371e6-00d0-3056-c610-6225fcff441e" executionId="a8a7a5b3-eae6-4c9f-8d56-89ebf63e06b8" testListId="8c84fa94-04c1-424b-9868-57a2d4851a1d" />
    <TestEntry testId="1c7e864b-0b3e-da32-5ffc-4127262e13c9" executionId="c92038e1-c7b6-4813-a5ac-9a8559c6f5d5" testListId="8c84fa94-04c1-424b-9868-57a2d4851a1d" />
    <TestEntry testId="41a07f2f-0104-f308-07d3-837b632e4333" executionId="d774ff51-905b-4e9a-ad7b-926fb5ed7247" testListId="8c84fa94-04c1-424b-9868-57a2d4851a1d" />
    <TestEntry testId="fbc32450-3db5-5196-df70-c2c3b3967d88" executionId="11ef9c52-8575-46ea-baa4-45fba311e535" testListId="8c84fa94-04c1-424b-9868-57a2d4851a1d" />
    <TestEntry testId="98523b04-0b64-512a-fc6b-20bcb74b8475" executionId="70f1a932-a5e4-4bb9-b6a4-1becb8a20d8a" testListId="8c84fa94-04c1-424b-9868-57a2d4851a1d" />
    <TestEntry testId="164e0ece-2885-3623-f5c8-0b1879247307" executionId="5314d446-641e-4ed3-b766-50d369e78c03" testListId="8c84fa94-04c1-424b-9868-57a2d4851a1d" />
    <TestEntry testId="88565869-d507-5001-a0f5-5eb3f9e4be26" executionId="9b5db04f-a52e-44b6-bb1d-3cd402d0f4c4" testListId="8c84fa94-04c1-424b-9868-57a2d4851a1d" />
    <TestEntry testId="0afa58fd-6240-6049-1c3f-87d4db08ddd5" executionId="0121220f-ceda-4c8e-bfb7-31d25f5718be" testListId="8c84fa94-04c1-424b-9868-57a2d4851a1d" />
    <TestEntry testId="d4c769a8-aaf0-fc74-a370-7fe129616c88" executionId="39c83708-71d9-4f8e-80ca-7279544b2cae" testListId="8c84fa94-04c1-424b-9868-57a2d4851a1d" />
    <TestEntry testId="3c993e2f-53f1-5efe-dae0-a0fe5a9dd2ce" executionId="e1fc8ba3-dd90-4f0b-b3a7-8221aed121af" testListId="8c84fa94-04c1-424b-9868-57a2d4851a1d" />
    <TestEntry testId="27b2cd73-6788-78c2-8f2b-b1d4688529a0" executionId="7fdd71ba-f027-409a-ad2a-cb2451eb67ee" testListId="8c84fa94-04c1-424b-9868-57a2d4851a1d" />
    <TestEntry testId="bbc1ffe3-9214-8c97-a7b1-dc448d582233" executionId="090f9ae2-d4b7-421b-9fd2-c5243c4e8855" testListId="8c84fa94-04c1-424b-9868-57a2d4851a1d" />
    <TestEntry testId="76e0271b-85c4-90ea-aed2-72a6495ef213" executionId="7c196358-f000-446a-b2a2-50d95ba7dc20" testListId="8c84fa94-04c1-424b-9868-57a2d4851a1d" />
    <TestEntry testId="ba6dc699-f2a6-3e2a-a2d0-2b8a2fe9e579" executionId="159beec1-7096-4af4-bc3d-e2b95dd08028" testListId="8c84fa94-04c1-424b-9868-57a2d4851a1d" />
    <TestEntry testId="b8ee6749-5aa5-cfda-9c6a-3b65aefd2913" executionId="0d48787b-f746-445f-bd06-4419ba0f0aa2" testListId="8c84fa94-04c1-424b-9868-57a2d4851a1d" />
    <TestEntry testId="2110bc6e-fba0-1c6f-ec93-c31a40d8cfb6" executionId="8745e8b8-aeff-4c53-8810-ebee5a84bf04" testListId="8c84fa94-04c1-424b-9868-57a2d4851a1d" />
    <TestEntry testId="51ee4b4c-dd8d-e42d-eca5-b25bb54e0d3a" executionId="8a84de42-3011-4243-a2a1-199d896fc56d" testListId="8c84fa94-04c1-424b-9868-57a2d4851a1d" />
    <TestEntry testId="a48d31d2-8b14-7fbe-3e20-68e8f8ee61d3" executionId="8920f44e-f7dc-4de6-aca0-7d5acd3777c7" testListId="8c84fa94-04c1-424b-9868-57a2d4851a1d" />
    <TestEntry testId="9e061af7-8969-3cb7-42ec-94f39bf5effb" executionId="d678d202-5204-4c93-96fc-744d95e4a89b" testListId="8c84fa94-04c1-424b-9868-57a2d4851a1d" />
    <TestEntry testId="9b4cb81b-5546-7c7c-51ec-7727370de86a" executionId="67bf6140-91df-41e4-b2ea-cf99a85a738e" testListId="8c84fa94-04c1-424b-9868-57a2d4851a1d" />
    <TestEntry testId="73d075be-fab1-ee80-0dd0-df090006c2e6" executionId="2a882b48-c316-4992-9ca4-98c5d9459d1f" testListId="8c84fa94-04c1-424b-9868-57a2d4851a1d" />
    <TestEntry testId="1a5feea8-36a4-66bc-8126-a667fcdb403e" executionId="f58ef331-ceb9-40d1-8fa7-bf74d6e127fa" testListId="8c84fa94-04c1-424b-9868-57a2d4851a1d" />
    <TestEntry testId="bf4c9772-2cf2-1cd7-ab86-0f3e2d7a1134" executionId="8e48b5eb-97e5-415c-8e12-c63d2cc4e450" testListId="8c84fa94-04c1-424b-9868-57a2d4851a1d" />
    <TestEntry testId="93c5c585-3908-44b4-b7b1-3a7e9e7c4d26" executionId="d3e1e695-bd11-4c24-8fa3-c1e2f15263aa" testListId="8c84fa94-04c1-424b-9868-57a2d4851a1d" />
    <TestEntry testId="8109c158-c3a9-a310-516d-ab350523a443" executionId="5253cd31-f7e0-4831-8401-e485817fff58" testListId="8c84fa94-04c1-424b-9868-57a2d4851a1d" />
    <TestEntry testId="bd753835-4ced-3abd-66ef-28cdb1c1718b" executionId="250741cd-689e-4516-b374-da710f097141" testListId="8c84fa94-04c1-424b-9868-57a2d4851a1d" />
    <TestEntry testId="2c775ea8-6ee4-4ec5-2449-c81a0c078091" executionId="43ce56cd-3617-4be3-bc60-e9a16f71affa" testListId="8c84fa94-04c1-424b-9868-57a2d4851a1d" />
    <TestEntry testId="9b063be3-df40-a136-722a-1aebabe11579" executionId="acd05dd5-28e7-4347-953f-99a083b061f4" testListId="8c84fa94-04c1-424b-9868-57a2d4851a1d" />
    <TestEntry testId="ae69910e-29f6-c558-816f-f6c28287e89d" executionId="99e38f68-38fc-4834-81a5-59cf6da2fc4e" testListId="8c84fa94-04c1-424b-9868-57a2d4851a1d" />
    <TestEntry testId="4692bdef-824c-2da9-2b8f-73cf5e60e9b6" executionId="9f00c66b-2eb3-4358-a6d4-f716a1964e98" testListId="8c84fa94-04c1-424b-9868-57a2d4851a1d" />
    <TestEntry testId="93235d72-eee4-13ad-92f8-ea702adf43f7" executionId="70f2f01a-a4a2-4d4c-b8de-35da69f22555" testListId="8c84fa94-04c1-424b-9868-57a2d4851a1d" />
    <TestEntry testId="ff20ad51-3fe7-1bec-294d-76f7ead9492d" executionId="196c08c5-3d94-48ed-ba7b-d1421d731577" testListId="8c84fa94-04c1-424b-9868-57a2d4851a1d" />
    <TestEntry testId="cedf5e26-eb4c-4ff4-1c76-8686f05baa27" executionId="c6d76287-481a-4438-9d83-06bcd2c52bb2" testListId="8c84fa94-04c1-424b-9868-57a2d4851a1d" />
    <TestEntry testId="6888598b-cb60-477f-2c20-bf0224fd9c36" executionId="c9e92d9c-541e-4867-9d55-0a639c35c38f" testListId="8c84fa94-04c1-424b-9868-57a2d4851a1d" />
    <TestEntry testId="4e0c6c25-d6c8-8ad0-b8d7-d624e6f7c604" executionId="b781c830-8ace-41b2-bdb5-fc426f922492" testListId="8c84fa94-04c1-424b-9868-57a2d4851a1d" />
    <TestEntry testId="b4818bdb-9721-29a3-8561-8e9504a3d80a" executionId="e4578fe4-b82f-4163-8bb9-6d2771d5fc44" testListId="8c84fa94-04c1-424b-9868-57a2d4851a1d" />
    <TestEntry testId="868c7be5-cfbd-065b-6f91-c374862a7a8b" executionId="e37259dd-5e0a-4d01-9ece-3cf88ff7d9d7" testListId="8c84fa94-04c1-424b-9868-57a2d4851a1d" />
    <TestEntry testId="9e40d7f7-182b-bab9-82e3-bb0dcbb731fc" executionId="ff5abbd6-4a41-41d8-a4e0-dc1f9020e758" testListId="8c84fa94-04c1-424b-9868-57a2d4851a1d" />
    <TestEntry testId="e0cfa7c3-0342-5af7-1497-7d11fdf8076c" executionId="74bad233-a123-4a16-920f-67ac3588b03e" testListId="8c84fa94-04c1-424b-9868-57a2d4851a1d" />
    <TestEntry testId="3c82cb38-7fe0-9ca0-9a54-46ea4405b331" executionId="266af59e-8657-4cf2-9a7d-7e1a9b155778" testListId="8c84fa94-04c1-424b-9868-57a2d4851a1d" />
    <TestEntry testId="0117e8c7-9c5a-58e6-feed-262bdb64bb58" executionId="bf40eab6-6ff2-44a6-9e4c-3d3655909b9e" testListId="8c84fa94-04c1-424b-9868-57a2d4851a1d" />
    <TestEntry testId="26cb9a0c-9732-0e98-cfef-fd3942afbd88" executionId="83d47ac8-1efa-4173-b437-2e7948c81e43" testListId="8c84fa94-04c1-424b-9868-57a2d4851a1d" />
    <TestEntry testId="4544cee2-8917-8868-ee21-101be734537c" executionId="4c65606e-249b-44a0-a0d4-b41390022953" testListId="8c84fa94-04c1-424b-9868-57a2d4851a1d" />
    <TestEntry testId="6364f89d-e9b5-09be-80f9-4b631b3c548e" executionId="30f6669d-ae71-4797-8aba-a687af7445d4" testListId="8c84fa94-04c1-424b-9868-57a2d4851a1d" />
    <TestEntry testId="0a54ab5c-f771-0014-a799-08b773737ab1" executionId="4202ceb1-bfea-49fd-a590-44324433a40c" testListId="8c84fa94-04c1-424b-9868-57a2d4851a1d" />
    <TestEntry testId="4a5d5949-0c88-56fe-5e7c-a9326000123b" executionId="933b5b09-622b-40b5-a8e3-68bf24eff068" testListId="8c84fa94-04c1-424b-9868-57a2d4851a1d" />
    <TestEntry testId="d2f7c43b-7a15-5c56-1100-64ce930e11ad" executionId="55e84c63-317e-4f6d-a798-db69761d5a61" testListId="8c84fa94-04c1-424b-9868-57a2d4851a1d" />
    <TestEntry testId="e89b8a9f-c780-da3a-7150-6e0f464d0bde" executionId="681f08dc-5d3e-4d17-897c-4439533e5de0" testListId="8c84fa94-04c1-424b-9868-57a2d4851a1d" />
    <TestEntry testId="9fd31870-93ad-2d9b-0aaa-ad125f5392cb" executionId="9abb03cc-4616-4e92-be65-07e6ad19de5a" testListId="8c84fa94-04c1-424b-9868-57a2d4851a1d" />
    <TestEntry testId="b4199274-6c0f-e8b2-8529-712ee4a5b18e" executionId="3b6a01bd-6cc1-4a47-b86e-a5b4f318f7c9" testListId="8c84fa94-04c1-424b-9868-57a2d4851a1d" />
    <TestEntry testId="7f277a8c-7e2d-1c06-dc02-1584eb3f68df" executionId="da3d4cb7-b092-4213-be3a-f8e9f980fbeb" testListId="8c84fa94-04c1-424b-9868-57a2d4851a1d" />
    <TestEntry testId="aaaa3256-d978-8c2d-a1cb-bf2139c5503e" executionId="4acc1307-fe42-43d0-bcfb-2e4b524d0e04" testListId="8c84fa94-04c1-424b-9868-57a2d4851a1d" />
    <TestEntry testId="9e4a166f-9dd6-6fc3-0366-061d8403a00e" executionId="c40884e2-62c7-43c6-94e4-9c1cb12c77f5" testListId="8c84fa94-04c1-424b-9868-57a2d4851a1d" />
    <TestEntry testId="18d8a376-60f0-190d-ba44-a72a1cd79b63" executionId="0027f2b0-7372-4d50-b89d-5ce210cc4a8e" testListId="8c84fa94-04c1-424b-9868-57a2d4851a1d" />
    <TestEntry testId="356f89fb-8a90-5da8-902f-888a6aa96117" executionId="41c0c417-314b-4a63-8b48-7dd3198b8522" testListId="8c84fa94-04c1-424b-9868-57a2d4851a1d" />
    <TestEntry testId="facbc2fa-2782-495e-b566-3c0160b941d0" executionId="2cd46245-d678-4864-a935-50bc7491211e" testListId="8c84fa94-04c1-424b-9868-57a2d4851a1d" />
    <TestEntry testId="ecf23342-08d1-9743-912b-4dd2ea8bbf0d" executionId="63c034e1-72fa-4bcc-aed0-781e81f594ce" testListId="8c84fa94-04c1-424b-9868-57a2d4851a1d" />
    <TestEntry testId="498cc7c3-1cb9-89e2-4405-01ada2bd05f7" executionId="73a63e57-1109-415c-bb8b-eb8a798ce6f1" testListId="8c84fa94-04c1-424b-9868-57a2d4851a1d" />
    <TestEntry testId="f227a819-2a67-8cc4-9f97-0d0e685c0f0f" executionId="0cc11a4f-2c5c-4cca-a956-3bb69244f031" testListId="8c84fa94-04c1-424b-9868-57a2d4851a1d" />
    <TestEntry testId="590353f7-0343-b410-3784-f9ebd31c91c3" executionId="cfffc06e-9c64-4bb4-af86-9b7307bf868a" testListId="8c84fa94-04c1-424b-9868-57a2d4851a1d" />
    <TestEntry testId="1f4f2efb-76ac-0df0-4616-bcaedde445b7" executionId="40181c4f-5d11-4e5b-a893-c39cdc7f5f56" testListId="8c84fa94-04c1-424b-9868-57a2d4851a1d" />
    <TestEntry testId="42f03ffa-f437-f05c-45e6-84b2cd5c6369" executionId="82e80be2-dbf4-443e-9fb2-f20cbb3ba7bf" testListId="8c84fa94-04c1-424b-9868-57a2d4851a1d" />
    <TestEntry testId="6571bba8-1418-4317-2ad2-4f9436176ce5" executionId="13a40050-3068-4cf3-9bce-9a1bdebb391a" testListId="8c84fa94-04c1-424b-9868-57a2d4851a1d" />
    <TestEntry testId="001eaa05-24de-1a6f-4796-a20a49ef55f6" executionId="2c6fc76c-e5dc-41ef-9c59-3c59d89a3f23" testListId="8c84fa94-04c1-424b-9868-57a2d4851a1d" />
    <TestEntry testId="3d20861b-d0b1-5b12-a559-4328bdcf8447" executionId="20a61562-cddd-4f09-afaa-93c2b7317e4f" testListId="8c84fa94-04c1-424b-9868-57a2d4851a1d" />
    <TestEntry testId="09942d98-1aaf-e6f8-8494-a5bbebc32f75" executionId="14e8d54d-e8c0-48b2-b862-f4e34147b2ce" testListId="8c84fa94-04c1-424b-9868-57a2d4851a1d" />
    <TestEntry testId="8541576e-161f-b1df-536b-bdaadface2bd" executionId="4bb8a308-696f-4f0c-b6da-f2104ac0095b" testListId="8c84fa94-04c1-424b-9868-57a2d4851a1d" />
    <TestEntry testId="164043c1-8b89-4b90-060a-951aa3808268" executionId="59af843d-3ef7-4824-8e84-8b6faaf5ad2e" testListId="8c84fa94-04c1-424b-9868-57a2d4851a1d" />
    <TestEntry testId="caaa3f69-f586-8e5d-689c-9d77330d313a" executionId="88899872-769e-4a8e-932c-cdabb0170273" testListId="8c84fa94-04c1-424b-9868-57a2d4851a1d" />
    <TestEntry testId="378e2b9b-70a1-9c7c-76e4-7abd17042b3d" executionId="9be47107-3197-4f07-adb0-8f7180eb950c" testListId="8c84fa94-04c1-424b-9868-57a2d4851a1d" />
    <TestEntry testId="cc790c13-d14d-9b1a-bf16-cdb2f3f7a571" executionId="9a3eb6fd-6469-4c83-819f-799e53434f69" testListId="8c84fa94-04c1-424b-9868-57a2d4851a1d" />
    <TestEntry testId="559641db-6f13-a4c4-3c88-cd49a96de08b" executionId="3ed0179f-18ea-435d-8e30-33bd236bcfc5" testListId="8c84fa94-04c1-424b-9868-57a2d4851a1d" />
    <TestEntry testId="3b0ea915-efb1-ed00-4aec-75ec27bae9e1" executionId="d1665d96-7c83-42ad-9997-64274873902f" testListId="8c84fa94-04c1-424b-9868-57a2d4851a1d" />
    <TestEntry testId="3f206ca6-da4d-81d4-4009-b17edef07e39" executionId="7dc0ca6b-b975-49ec-8625-5124e3ac1aee" testListId="8c84fa94-04c1-424b-9868-57a2d4851a1d" />
    <TestEntry testId="d9fddeff-7322-601b-7da9-5711e11f0fe5" executionId="52f5a650-ed4a-462f-90bc-e7cceec6f15a" testListId="8c84fa94-04c1-424b-9868-57a2d4851a1d" />
    <TestEntry testId="bb8ee3f0-1f27-6383-b591-238dc1e9f78f" executionId="7abba757-dcec-48bb-86bf-8a6c61f7f4e1" testListId="8c84fa94-04c1-424b-9868-57a2d4851a1d" />
    <TestEntry testId="e98034a5-c706-60a8-e0ab-cefc246c9ed1" executionId="88a2db9d-da49-4b25-b955-f55ba81aea0c" testListId="8c84fa94-04c1-424b-9868-57a2d4851a1d" />
    <TestEntry testId="52f2e7d1-05f8-a8b3-72fb-8fb8b6080a9f" executionId="8f73ad92-8762-4db4-977e-23e74d5a966f" testListId="8c84fa94-04c1-424b-9868-57a2d4851a1d" />
    <TestEntry testId="679ffb1f-722e-7511-f018-537de05ea402" executionId="e30f2736-3ac8-4fb6-a91a-329bc2a61358" testListId="8c84fa94-04c1-424b-9868-57a2d4851a1d" />
    <TestEntry testId="55d81d83-ae6f-5c82-491d-0516e9bcf5dc" executionId="fc4992e4-8c65-4d29-84b6-8275290ce47a" testListId="8c84fa94-04c1-424b-9868-57a2d4851a1d" />
    <TestEntry testId="e1d0126b-b39a-acb2-ae40-940004ffe5c5" executionId="93c369cb-1861-4560-a368-e21bf7b0dd99" testListId="8c84fa94-04c1-424b-9868-57a2d4851a1d" />
    <TestEntry testId="cf6a5e91-b6c6-bade-9fde-1592fb81767c" executionId="59fdce4c-f513-4190-b09a-c8822d7ed1ad" testListId="8c84fa94-04c1-424b-9868-57a2d4851a1d" />
    <TestEntry testId="bf5d0f26-4b57-cc96-473d-c81ac6338dbd" executionId="f6a6e70b-af76-4bcf-b7bd-041f846731cd" testListId="8c84fa94-04c1-424b-9868-57a2d4851a1d" />
    <TestEntry testId="ea068faa-b980-f2dc-c742-45ace51c445c" executionId="82437819-315c-47a8-a55c-31a17bfc0901" testListId="8c84fa94-04c1-424b-9868-57a2d4851a1d" />
    <TestEntry testId="a1d5e58e-a3ed-a811-2f4a-39a63b26814e" executionId="c7b76b71-1b0a-45d1-94c4-7a6721d42531" testListId="8c84fa94-04c1-424b-9868-57a2d4851a1d" />
    <TestEntry testId="71aea8d5-c18d-517a-2cea-5643906a4fa3" executionId="20c7beda-a477-43b8-8374-dd2bbfb1c8db" testListId="8c84fa94-04c1-424b-9868-57a2d4851a1d" />
    <TestEntry testId="87f4e6d4-66fb-500c-9d11-749fffc87395" executionId="a2b90f3f-7d99-41d0-af2e-dc4f380d22cd" testListId="8c84fa94-04c1-424b-9868-57a2d4851a1d" />
    <TestEntry testId="bb678a6e-ec56-e1f0-69a7-ebac1a815aec" executionId="d815b697-4526-4658-8ac6-b80991cd2969" testListId="8c84fa94-04c1-424b-9868-57a2d4851a1d" />
    <TestEntry testId="a178e1ae-b739-289c-cb62-4f110533d67d" executionId="165a61ee-29db-4490-943a-9dffd80402bd" testListId="8c84fa94-04c1-424b-9868-57a2d4851a1d" />
    <TestEntry testId="9ee0eb13-c27d-9b0c-f2f4-4561c0a9350e" executionId="60f613f8-4d91-4800-9906-eae742b24316" testListId="8c84fa94-04c1-424b-9868-57a2d4851a1d" />
    <TestEntry testId="56d0afaf-76a6-7c86-ed21-bf77bbeda613" executionId="4cbc846b-3199-4b1d-9693-dcc6aba3888f" testListId="8c84fa94-04c1-424b-9868-57a2d4851a1d" />
    <TestEntry testId="f2bcf158-9919-42e4-ef05-c6cf5779c5ea" executionId="370754e9-c4e8-4808-bc6e-4e85ad05b015" testListId="8c84fa94-04c1-424b-9868-57a2d4851a1d" />
    <TestEntry testId="d6dde4b8-a4fc-4b5b-9a35-fb6803cc084a" executionId="2864ca20-d74d-4555-83f7-e8d0852ad7a5" testListId="8c84fa94-04c1-424b-9868-57a2d4851a1d" />
    <TestEntry testId="158d33c8-f8b3-d476-4077-60af83bd7d25" executionId="241938ae-2ed7-498c-8728-711d1d122063" testListId="8c84fa94-04c1-424b-9868-57a2d4851a1d" />
    <TestEntry testId="47afcd5b-fcc7-5518-3629-dc9b20fc97f8" executionId="36e79a73-2880-4e16-9092-8afcb2b6be4b" testListId="8c84fa94-04c1-424b-9868-57a2d4851a1d" />
    <TestEntry testId="4e963c65-d36b-621f-1e27-b7f2f0cf1013" executionId="43af45d0-c309-4e2e-ae3b-91b235c67e5a" testListId="8c84fa94-04c1-424b-9868-57a2d4851a1d" />
    <TestEntry testId="15d3c971-2e43-ba8e-f944-5da63daf7120" executionId="e1330764-7d24-4436-ad12-6fe2ea78f486" testListId="8c84fa94-04c1-424b-9868-57a2d4851a1d" />
    <TestEntry testId="7e6b377b-da80-8660-0cbe-f8207030359e" executionId="8047eec7-c862-45f4-b967-552b86447cd6" testListId="8c84fa94-04c1-424b-9868-57a2d4851a1d" />
    <TestEntry testId="aebb9ddd-1d97-2234-36d0-61927d26000e" executionId="4e4bc0ff-3cdf-44f5-bf61-682636d911f1" testListId="8c84fa94-04c1-424b-9868-57a2d4851a1d" />
    <TestEntry testId="c209169f-c260-b2d7-77d6-1ccf7f97823e" executionId="dae228f0-f852-4e03-bc20-8fdea1fcef48" testListId="8c84fa94-04c1-424b-9868-57a2d4851a1d" />
    <TestEntry testId="47acaf49-109d-c29f-0b5f-3e98c6129300" executionId="7c089c9a-4f40-4a12-ab3a-ab3aa72d79bb" testListId="8c84fa94-04c1-424b-9868-57a2d4851a1d" />
    <TestEntry testId="6e4b6c2a-3582-c29a-4c4c-dbd15b49106a" executionId="fdbc0248-ba34-4516-b97e-abc9ca1d49d9" testListId="8c84fa94-04c1-424b-9868-57a2d4851a1d" />
    <TestEntry testId="cb68c355-6bfa-b011-745e-3a9f50b6a807" executionId="e1d5199e-ec5b-45b6-9b3d-ffe57466bdef" testListId="8c84fa94-04c1-424b-9868-57a2d4851a1d" />
    <TestEntry testId="23695267-b094-249b-9a8b-1f82094383de" executionId="81dde857-bdf9-41a1-b6ab-b85ed24b783b" testListId="8c84fa94-04c1-424b-9868-57a2d4851a1d" />
    <TestEntry testId="f226df2c-240f-9fcd-e75b-e44c9a490cf6" executionId="bd1c0d89-a771-49b5-8600-0abd2be3fec8" testListId="8c84fa94-04c1-424b-9868-57a2d4851a1d" />
    <TestEntry testId="444cca3b-2483-9d7e-d765-ff03f8236c9a" executionId="a50ca879-245b-4570-ac63-c5d1224c52f5" testListId="8c84fa94-04c1-424b-9868-57a2d4851a1d" />
    <TestEntry testId="1e9d0621-8305-7828-af7a-409a8880fdd4" executionId="86c91261-1d3c-41bc-b61a-92fb3b5c6185" testListId="8c84fa94-04c1-424b-9868-57a2d4851a1d" />
    <TestEntry testId="0fab622d-92a1-c592-acf0-a508c8f3d4d8" executionId="0a011b6d-c2cf-4470-8c00-b5bcee7ebdc7" testListId="8c84fa94-04c1-424b-9868-57a2d4851a1d" />
    <TestEntry testId="f998499a-614e-ff27-ca3d-a560deec8923" executionId="dc23ccd3-7213-4072-b462-82fdb8ebce97" testListId="8c84fa94-04c1-424b-9868-57a2d4851a1d" />
    <TestEntry testId="248d5f3f-97e6-5c8e-3113-984eb4fab62a" executionId="87a5cc09-73c6-440e-9b59-e778588161c8" testListId="8c84fa94-04c1-424b-9868-57a2d4851a1d" />
    <TestEntry testId="37b43e18-8176-d931-8f8a-96c2aeceb9ed" executionId="e2ad00de-6cdb-4e05-8195-49674cb83671" testListId="8c84fa94-04c1-424b-9868-57a2d4851a1d" />
    <TestEntry testId="0153e39d-fc01-401a-b752-5ada10912238" executionId="a42e0659-5cff-40c3-a9c2-67dcee1a4344" testListId="8c84fa94-04c1-424b-9868-57a2d4851a1d" />
    <TestEntry testId="de7c1bd0-e537-ab61-88d4-75704e53fc67" executionId="74adf389-a761-4593-8ff8-9c84e25f258b" testListId="8c84fa94-04c1-424b-9868-57a2d4851a1d" />
    <TestEntry testId="8070e7f7-7d02-726a-bebc-3ef7eedf5c14" executionId="b6b43108-6745-4ed8-899e-13dea4a9f292" testListId="8c84fa94-04c1-424b-9868-57a2d4851a1d" />
    <TestEntry testId="d8e78bed-195a-a7d5-9244-e8397f3f093b" executionId="2f67b82f-e8e1-4ada-be95-1d915e8767bd" testListId="8c84fa94-04c1-424b-9868-57a2d4851a1d" />
    <TestEntry testId="325e81e6-f19d-b36c-9db6-e10f9c478eae" executionId="fe3c6166-ff79-4076-aa3c-f6beaf5bf3c5" testListId="8c84fa94-04c1-424b-9868-57a2d4851a1d" />
    <TestEntry testId="47afcd5b-fcc7-5518-3629-dc9b20fc97f8" executionId="5865332d-8c23-4c3d-9585-6526df0f5be3" testListId="8c84fa94-04c1-424b-9868-57a2d4851a1d" />
    <TestEntry testId="d673f751-f8e9-a52d-95f0-a6dc176b75a2" executionId="f83ce141-3f29-468c-9038-6fab412dee6d" testListId="8c84fa94-04c1-424b-9868-57a2d4851a1d" />
    <TestEntry testId="0cc7f3aa-f0d7-1b81-ab81-fbb4b82c74b0" executionId="f9d820dd-9b2c-4944-97ed-c85291598fe3" testListId="8c84fa94-04c1-424b-9868-57a2d4851a1d" />
    <TestEntry testId="907383d2-f552-bfad-d91c-b70280b356e5" executionId="423205dd-7efc-44fa-883f-45232429b30d" testListId="8c84fa94-04c1-424b-9868-57a2d4851a1d" />
    <TestEntry testId="eab8ebf0-54b4-13a2-2fb5-0a38dd3299e0" executionId="05588efe-0462-4225-96bf-8b8a51e1d66d" testListId="8c84fa94-04c1-424b-9868-57a2d4851a1d" />
    <TestEntry testId="0d49088f-ad55-4dcc-dc87-46d098412d72" executionId="a13a8172-ec0f-4615-b20f-f7aed46c58b2" testListId="8c84fa94-04c1-424b-9868-57a2d4851a1d" />
    <TestEntry testId="f74f384c-4e55-794f-cd70-dd0147c8016d" executionId="a1bde494-9904-4126-b32b-5f6f06831857" testListId="8c84fa94-04c1-424b-9868-57a2d4851a1d" />
    <TestEntry testId="8e269da5-325f-ca5e-095b-9a4d9a0d799a" executionId="19802e0d-0637-4a6a-a4b2-1582de7ba98d" testListId="8c84fa94-04c1-424b-9868-57a2d4851a1d" />
    <TestEntry testId="16d66a0a-e4b5-459c-2bd6-a4f61ac608f2" executionId="92e61c45-b156-4d95-9148-90a5a4c87100" testListId="8c84fa94-04c1-424b-9868-57a2d4851a1d" />
    <TestEntry testId="8f5bf70f-be13-6e2e-64a8-60d4a77e8f0b" executionId="35230cc7-68b9-4185-9132-e5cba0bedbd8" testListId="8c84fa94-04c1-424b-9868-57a2d4851a1d" />
    <TestEntry testId="d26bb60f-4042-678a-8d98-9cd1fa6f6343" executionId="5ba9d136-94c8-46c0-9d07-fb5f0d986d62" testListId="8c84fa94-04c1-424b-9868-57a2d4851a1d" />
    <TestEntry testId="d0f98705-cec5-e3e1-c3a7-f7355b9a5565" executionId="b1546e14-633c-4f99-b24b-93137ef980b2" testListId="8c84fa94-04c1-424b-9868-57a2d4851a1d" />
    <TestEntry testId="a4c1e622-b9e9-1738-8d8d-b3c7003ffb3a" executionId="7e6fb7f2-a9c0-430c-b130-b9445c4d3f49" testListId="8c84fa94-04c1-424b-9868-57a2d4851a1d" />
    <TestEntry testId="4b0481dc-3b3e-c8ad-e505-7f7ffc1d55a6" executionId="c105320d-23ab-4d96-824d-b9bc7700cdf0" testListId="8c84fa94-04c1-424b-9868-57a2d4851a1d" />
    <TestEntry testId="e10d7093-8250-8624-4561-2fb755fc56c8" executionId="20d49b3a-26c2-43b2-90b9-45b7b1d3c169" testListId="8c84fa94-04c1-424b-9868-57a2d4851a1d" />
    <TestEntry testId="61a66b7d-f265-2ce8-5c72-363964efc937" executionId="8df13cc0-744b-4cba-8230-2f02f1639e03" testListId="8c84fa94-04c1-424b-9868-57a2d4851a1d" />
    <TestEntry testId="0ea8ad0c-ed07-87f6-0eb9-ade3155648fe" executionId="c82614ac-dae0-4ea9-b591-a490910d49b1" testListId="8c84fa94-04c1-424b-9868-57a2d4851a1d" />
    <TestEntry testId="8716127c-0e51-41f8-96b4-cad13ac9e6a4" executionId="19720db4-2ed7-4c6f-86d1-fc91ac6c2d21" testListId="8c84fa94-04c1-424b-9868-57a2d4851a1d" />
    <TestEntry testId="d8d0fb80-4630-f911-4fbb-f279e3c0cfe1" executionId="1fe5694d-1a2a-4c02-b42e-a24e61d78cb9" testListId="8c84fa94-04c1-424b-9868-57a2d4851a1d" />
    <TestEntry testId="5a65731b-e389-699c-d05f-1f40d4727ede" executionId="82ca4058-e14b-411f-8d2c-040669813dcc" testListId="8c84fa94-04c1-424b-9868-57a2d4851a1d" />
    <TestEntry testId="582f0edc-f793-49fc-2dc3-b59b6fef13d9" executionId="9bf47594-721e-462a-9b3f-451075203910" testListId="8c84fa94-04c1-424b-9868-57a2d4851a1d" />
    <TestEntry testId="33a938f8-788a-de06-241a-889d0de1de0c" executionId="55a09223-6bce-448b-8efa-b6cf35edd798" testListId="8c84fa94-04c1-424b-9868-57a2d4851a1d" />
    <TestEntry testId="14118ba1-3e16-0557-a7d6-67329481bdad" executionId="c119f61f-4ac2-4cad-b800-8ea3c68ddd4c" testListId="8c84fa94-04c1-424b-9868-57a2d4851a1d" />
    <TestEntry testId="1c161d40-6f81-55f6-2fc5-a2aaa91db134" executionId="c5f51f62-aff2-4dfa-9d7e-5376116b1899" testListId="8c84fa94-04c1-424b-9868-57a2d4851a1d" />
    <TestEntry testId="84af200d-9d36-ed38-e025-4b0e8e917d1d" executionId="ebf5720e-dce4-415d-a750-3076d5cb8a86" testListId="8c84fa94-04c1-424b-9868-57a2d4851a1d" />
    <TestEntry testId="4e26259a-1b02-586b-082a-b53c071413ff" executionId="5f4240eb-e735-4861-b9f3-d1de69f5a9b2" testListId="8c84fa94-04c1-424b-9868-57a2d4851a1d" />
    <TestEntry testId="d6ffb23b-d252-950e-a23f-43e134c5b351" executionId="abe46976-c8aa-4131-96fe-e8e024ca6262" testListId="8c84fa94-04c1-424b-9868-57a2d4851a1d" />
    <TestEntry testId="b6e623d2-bfed-d470-04c8-e1e9dee410eb" executionId="ce8e1463-5c65-4745-b0a6-80d741dd0b06" testListId="8c84fa94-04c1-424b-9868-57a2d4851a1d" />
    <TestEntry testId="0f29f4e4-be56-e99f-0bcd-8a56163a2b98" executionId="68ab3ea5-9ded-4abf-92e4-18c6b269c0d1" testListId="8c84fa94-04c1-424b-9868-57a2d4851a1d" />
    <TestEntry testId="7cafaab9-88ea-6550-36c3-d0f55dd10b21" executionId="024f9670-0b90-429d-8829-e147b762e966" testListId="8c84fa94-04c1-424b-9868-57a2d4851a1d" />
    <TestEntry testId="74ea4b73-2f76-e3b1-713c-9658c7474e5f" executionId="eb657029-b62b-4bc9-a39d-8d4c01638782" testListId="8c84fa94-04c1-424b-9868-57a2d4851a1d" />
    <TestEntry testId="28fe3ef7-2f7a-190c-208d-bca61bfd040b" executionId="04224fc6-1a6a-4228-983d-efff089e77bf" testListId="8c84fa94-04c1-424b-9868-57a2d4851a1d" />
    <TestEntry testId="6bd02653-e5f0-d4ef-1cd6-21d55dd9399e" executionId="0ceb4980-ed49-4ac9-b900-49e10d730139" testListId="8c84fa94-04c1-424b-9868-57a2d4851a1d" />
    <TestEntry testId="b5e89cb9-a5d1-e7dc-d10c-4ca766a33e40" executionId="ce264d96-8b47-4956-a023-0deff74cb8b8" testListId="8c84fa94-04c1-424b-9868-57a2d4851a1d" />
    <TestEntry testId="fb28f6cb-0e0f-b5bd-5e90-b786682a6b3b" executionId="0b9feb13-da37-4504-9982-54bd6b3582d2" testListId="8c84fa94-04c1-424b-9868-57a2d4851a1d" />
    <TestEntry testId="ca9219fd-27b5-f98f-69d6-f4a236265e4f" executionId="02b6a1a0-093d-4ee4-901b-0277d9554316" testListId="8c84fa94-04c1-424b-9868-57a2d4851a1d" />
    <TestEntry testId="b85c7baf-4670-5ecd-1ba1-7b3cc41cf1dd" executionId="2733adc2-3220-4094-a514-93aa7a83ad0e" testListId="8c84fa94-04c1-424b-9868-57a2d4851a1d" />
    <TestEntry testId="7d3f3bee-187c-5af5-8058-bf14cf827929" executionId="f5e1cf06-33cc-4c37-9ddc-3d69a7fb549d" testListId="8c84fa94-04c1-424b-9868-57a2d4851a1d" />
    <TestEntry testId="d7a6f086-e375-76ac-3b77-3efb22d2def2" executionId="3b10deab-23cb-47a5-b063-5613bc2c43c7" testListId="8c84fa94-04c1-424b-9868-57a2d4851a1d" />
    <TestEntry testId="63256dc5-2444-bcdb-2f15-307be7ebfed3" executionId="7e95dbb6-62e7-4774-8c0f-202bd16a3864" testListId="8c84fa94-04c1-424b-9868-57a2d4851a1d" />
    <TestEntry testId="35f78f67-27d9-c541-c70a-00c7dcd82935" executionId="5192c89c-9394-40df-9d39-b9800a9c43c1" testListId="8c84fa94-04c1-424b-9868-57a2d4851a1d" />
    <TestEntry testId="06849b64-2154-b087-5109-18de9574906c" executionId="5e103b39-f0b0-42e7-b827-a14bebdd5134" testListId="8c84fa94-04c1-424b-9868-57a2d4851a1d" />
    <TestEntry testId="1f11f397-ee55-128c-cbfe-d24a76ba64fc" executionId="225087bc-b7f1-4cae-ac66-59ff8e9eb347" testListId="8c84fa94-04c1-424b-9868-57a2d4851a1d" />
    <TestEntry testId="2f7de2c0-2199-52d5-03cd-31fe9d35742e" executionId="96eda3a0-8de7-4180-82b6-cf1eb74818e2" testListId="8c84fa94-04c1-424b-9868-57a2d4851a1d" />
    <TestEntry testId="b3d2bc06-5cb0-6cbe-2dac-a17793a45748" executionId="51532f44-afaf-4ac5-b3f0-a44d35146ea3" testListId="8c84fa94-04c1-424b-9868-57a2d4851a1d" />
    <TestEntry testId="37e94512-8bbc-a900-5e2e-69ba1c2e30ce" executionId="3707a729-d3f5-4ded-9137-60c1cdafa219" testListId="8c84fa94-04c1-424b-9868-57a2d4851a1d" />
    <TestEntry testId="249fb9cf-a2bf-c28f-b9d5-4ef4a23d459c" executionId="c30b0205-a4be-4b21-88ab-ce3c6f2d1b35" testListId="8c84fa94-04c1-424b-9868-57a2d4851a1d" />
    <TestEntry testId="034c6664-ed87-1aef-6400-fd4f2563e44c" executionId="f2ed4659-72c1-4446-ba21-ea7faf2b653d" testListId="8c84fa94-04c1-424b-9868-57a2d4851a1d" />
    <TestEntry testId="4c5deca3-bfe9-0cf7-1731-7958d4bb8efe" executionId="9f533514-02b3-4cc5-b125-2ff6f1b6b267" testListId="8c84fa94-04c1-424b-9868-57a2d4851a1d" />
    <TestEntry testId="f71539d0-9988-91d1-71c5-d86493ed2948" executionId="a0d5d3eb-c420-4ce2-9adc-d37834362157" testListId="8c84fa94-04c1-424b-9868-57a2d4851a1d" />
    <TestEntry testId="5ff971c1-c71d-1ccf-c287-9ba289350e84" executionId="59df9b1d-f710-44bf-a491-30118c8e70a3" testListId="8c84fa94-04c1-424b-9868-57a2d4851a1d" />
    <TestEntry testId="e501a9f8-54f7-a0b0-cbb5-51ae0bc08f12" executionId="0091fd41-e839-4913-9aaf-e88c3e74907e" testListId="8c84fa94-04c1-424b-9868-57a2d4851a1d" />
    <TestEntry testId="e628d5a0-58b3-df88-8b9f-ebc0640b6406" executionId="a1ad3fbe-618b-48ef-a752-0f12ccfed45b" testListId="8c84fa94-04c1-424b-9868-57a2d4851a1d" />
    <TestEntry testId="c1342d3f-cfe5-2a38-0aa5-5bb1dded60d1" executionId="62f258b5-b54f-48c9-b149-6b4b4086968c" testListId="8c84fa94-04c1-424b-9868-57a2d4851a1d" />
    <TestEntry testId="faa5ccad-3cf9-51a2-6991-e547e18a1011" executionId="1a8381fa-f6ee-4055-84bf-5c58332bd5ad" testListId="8c84fa94-04c1-424b-9868-57a2d4851a1d" />
    <TestEntry testId="765355bb-85aa-5089-57c0-fceb33f00719" executionId="7b3cb5eb-b5c5-48af-8b5e-a2489724f4de" testListId="8c84fa94-04c1-424b-9868-57a2d4851a1d" />
    <TestEntry testId="8c732e17-fb21-60bf-dc33-2081987c6946" executionId="d3996a64-032c-4806-88cc-e7602137039c" testListId="8c84fa94-04c1-424b-9868-57a2d4851a1d" />
    <TestEntry testId="223ce6d6-386c-bd46-6969-3d7c017e6938" executionId="e0331801-bde3-42fe-be6e-b348723054d6" testListId="8c84fa94-04c1-424b-9868-57a2d4851a1d" />
    <TestEntry testId="0d66b15b-c53e-6054-f5ef-9f189a66faee" executionId="8b0bbf63-bde4-42a3-ba4d-783ae7e47eeb" testListId="8c84fa94-04c1-424b-9868-57a2d4851a1d" />
    <TestEntry testId="7fd77b4f-2865-307d-1d9d-9dbd8cb2a6ee" executionId="abed9648-f245-445c-9375-0f847e907d90" testListId="8c84fa94-04c1-424b-9868-57a2d4851a1d" />
    <TestEntry testId="ffebe071-ab50-b14b-0678-517287e48214" executionId="b2ebadf7-b87c-48bc-a222-d1f224a1b5c6" testListId="8c84fa94-04c1-424b-9868-57a2d4851a1d" />
    <TestEntry testId="860c9fe0-b7f0-10e4-c793-826181732116" executionId="b0f9984f-f7fc-4ea4-8427-e2012fd4f985" testListId="8c84fa94-04c1-424b-9868-57a2d4851a1d" />
    <TestEntry testId="ca807f2f-686e-8ee2-2c5d-8bb89b2618ca" executionId="a88cc347-423f-4f12-bc34-9f3d1a9c5aaf" testListId="8c84fa94-04c1-424b-9868-57a2d4851a1d" />
    <TestEntry testId="ab436d55-955b-4b55-54f7-5f3f2290fbcb" executionId="f737f5ac-779f-4512-879a-d8344ed27884" testListId="8c84fa94-04c1-424b-9868-57a2d4851a1d" />
    <TestEntry testId="7713c70a-8768-620b-5c88-ff32f7ce1d34" executionId="0d539055-5d55-432d-913e-6088a4046c29" testListId="8c84fa94-04c1-424b-9868-57a2d4851a1d" />
    <TestEntry testId="4d0a77b4-859e-e9eb-f096-7cc6da60780a" executionId="44c4572a-80d4-4b00-af05-76f054e5977b" testListId="8c84fa94-04c1-424b-9868-57a2d4851a1d" />
    <TestEntry testId="bba5c36e-9b94-e7a8-f0cc-f969ff0bc7b3" executionId="3b7eb2ad-fa99-4a64-918d-4a04d3678f04" testListId="8c84fa94-04c1-424b-9868-57a2d4851a1d" />
    <TestEntry testId="58cdaa47-7c03-80e7-00da-9551217f776a" executionId="d4d7c1e0-7583-4c3d-af69-64206b7530c1" testListId="8c84fa94-04c1-424b-9868-57a2d4851a1d" />
    <TestEntry testId="cc0e110a-7d43-3755-7ceb-38b0aafb5f26" executionId="15b03c9b-22e8-4b06-81fd-7f1464d34c9e" testListId="8c84fa94-04c1-424b-9868-57a2d4851a1d" />
    <TestEntry testId="1ee5a8be-7fbf-b2a3-f39d-41d7dc6a8265" executionId="44e940fb-7767-4272-a0f3-561ad4e83b4f" testListId="8c84fa94-04c1-424b-9868-57a2d4851a1d" />
  </TestEntries>
  <TestLists>
    <TestList name="Results Not in a List" id="8c84fa94-04c1-424b-9868-57a2d4851a1d" />
    <TestList name="All Loaded Results" id="19431567-8539-422a-85d7-44ee4e166bda" />
  </TestLists>
  <ResultSummary outcome="Completed">
    <Counters total="372" executed="368" passed="368" failed="0" error="0" timeout="0" aborted="0" inconclusive="0" passedButRunAborted="0" notRunnable="0" notExecuted="0" disconnected="0" warning="0" completed="0" inProgress="0" pending="0" />
    <Output>
      <StdOut>NUnit Adapter 5.0.0.0: Test execution started
Running all tests in /workspace/src/UnitTests/bin/Debug/net9.0/UnitTests.dll
   NUnit3TestExecutor discovered 372 of 372 NUnit test cases using Current Discovery mode, Non-Explicit run
     Warning:
     The component "Fluent Assertions" is governed by the rules defined in the Xceed License Agreement and
     the Xceed Fluent Assertions Community License. You may use Fluent Assertions free of charge for
     non-commercial use only. An active subscription is required to use Fluent Assertions for commercial use.

     Please contact Xceed Sales mailto:sales@xceed.com to acquire a subscription at a very low cost.

     A paid commercial license supports the development and continued increasing support of
     Fluent Assertions users under both commercial and community licenses. Help us
     keep Fluent Assertions at the forefront of unit testing.

     For more information, visit https://xceed.com/products/unit-testing/fluent-assertions/

GetTitle_Should_ReplaceInvalidChars("My Title","Some Instructor"): OneTimeSetUp: Not supported on Unix,Linux,MacOSX
GetTitle_Should_ReplaceInvalidChars("My/Title","Some/Instructor"): OneTimeSetUp: Not supported on Unix,Linux,MacOSX
GetTitle_Should_ReplaceInvalidChars("My:Title","Some:Instructor"): OneTimeSetUp: Not supported on Unix,Linux,MacOSX
GetTitle_Should_ReplaceInvalidChars("My*Title","Some*Instructor"): OneTimeSetUp: Not supported on Unix,Linux,MacOSX
NUnit Adapter 5.0.0.0: Test execution complete
</StdOut>
    </Output>
  </ResultSummary>
</TestRun>